[1.102s] DEBUG:colcon:Command line arguments: ['/usr/bin/colcon', 'build', '--symlink-install']
[1.102s] DEBUG:colcon:Parsed command line arguments: Namespace(allow_overriding=[], ament_cmake_args=None, base_paths=['.'], build_base='build', catkin_cmake_args=None, catkin_skip_building_tests=False, cmake_args=None, cmake_clean_cache=False, cmake_clean_first=False, cmake_force_configure=False, cmake_target=None, cmake_target_skip_unavailable=False, continue_on_error=False, event_handlers=None, executor='parallel', ignore_user_meta=False, install_base='install', log_base=None, log_level=None, main=<bound method BuildVerb.main of <colcon_core.verb.build.BuildVerb object at 0x7f8501f54b50>>, merge_install=False, metas=['./colcon.meta'], packages_above=None, packages_above_and_dependencies=None, packages_above_depth=None, packages_end=None, packages_ignore=None, packages_ignore_regex=None, packages_select=None, packages_select_build_failed=False, packages_select_by_dep=None, packages_select_regex=None, packages_select_test_failures=False, packages_skip=None, packages_skip_build_finished=False, packages_skip_by_dep=None, packages_skip_regex=None, packages_skip_test_passed=False, packages_skip_up_to=None, packages_start=None, packages_up_to=None, packages_up_to_regex=None, parallel_workers=12, paths=None, symlink_install=True, test_result_base=None, verb_extension=<colcon_core.verb.build.BuildVerb object at 0x7f8501f54b50>, verb_name='build', verb_parser=<colcon_defaults.argument_parser.defaults.DefaultArgumentsDecorator object at 0x7f8501d8f4c0>)
[1.159s] Level 1:colcon.colcon_core.package_discovery:discover_packages(colcon_meta) check parameters
[1.159s] Level 1:colcon.colcon_core.package_discovery:discover_packages(recursive) check parameters
[1.159s] Level 1:colcon.colcon_core.package_discovery:discover_packages(ignore) check parameters
[1.159s] Level 1:colcon.colcon_core.package_discovery:discover_packages(path) check parameters
[1.159s] Level 1:colcon.colcon_core.package_discovery:discover_packages(colcon_meta) discover
[1.159s] Level 1:colcon.colcon_core.package_discovery:discover_packages(recursive) discover
[1.159s] INFO:colcon.colcon_core.package_discovery:Crawling recursively for packages in '/home/zhe/code/soccer_b_ws'
[1.159s] Level 1:colcon.colcon_core.package_identification:_identify(.) by extensions ['ignore', 'ignore_ament_install']
[1.159s] Level 1:colcon.colcon_core.package_identification:_identify(.) by extension 'ignore'
[1.159s] Level 1:colcon.colcon_core.package_identification:_identify(.) by extension 'ignore_ament_install'
[1.159s] Level 1:colcon.colcon_core.package_identification:_identify(.) by extensions ['colcon_pkg']
[1.159s] Level 1:colcon.colcon_core.package_identification:_identify(.) by extension 'colcon_pkg'
[1.159s] Level 1:colcon.colcon_core.package_identification:_identify(.) by extensions ['colcon_meta']
[1.159s] Level 1:colcon.colcon_core.package_identification:_identify(.) by extension 'colcon_meta'
[1.159s] Level 1:colcon.colcon_core.package_identification:_identify(.) by extensions ['ros']
[1.159s] Level 1:colcon.colcon_core.package_identification:_identify(.) by extension 'ros'
[1.166s] Level 1:colcon.colcon_core.package_identification:_identify(.) by extensions ['cmake', 'python']
[1.166s] Level 1:colcon.colcon_core.package_identification:_identify(.) by extension 'cmake'
[1.166s] Level 1:colcon.colcon_core.package_identification:_identify(.) by extension 'python'
[1.166s] Level 1:colcon.colcon_core.package_identification:_identify(.) by extensions ['python_setup_py']
[1.166s] Level 1:colcon.colcon_core.package_identification:_identify(.) by extension 'python_setup_py'
[1.166s] Level 1:colcon.colcon_core.package_identification:_identify(build) by extensions ['ignore', 'ignore_ament_install']
[1.166s] Level 1:colcon.colcon_core.package_identification:_identify(build) by extension 'ignore'
[1.166s] Level 1:colcon.colcon_core.package_identification:_identify(build) ignored
[1.166s] Level 1:colcon.colcon_core.package_identification:_identify(install) by extensions ['ignore', 'ignore_ament_install']
[1.166s] Level 1:colcon.colcon_core.package_identification:_identify(install) by extension 'ignore'
[1.166s] Level 1:colcon.colcon_core.package_identification:_identify(install) ignored
[1.166s] Level 1:colcon.colcon_core.package_identification:_identify(log) by extensions ['ignore', 'ignore_ament_install']
[1.166s] Level 1:colcon.colcon_core.package_identification:_identify(log) by extension 'ignore'
[1.166s] Level 1:colcon.colcon_core.package_identification:_identify(log) ignored
[1.166s] Level 1:colcon.colcon_core.package_identification:_identify(src) by extensions ['ignore', 'ignore_ament_install']
[1.166s] Level 1:colcon.colcon_core.package_identification:_identify(src) by extension 'ignore'
[1.166s] Level 1:colcon.colcon_core.package_identification:_identify(src) by extension 'ignore_ament_install'
[1.166s] Level 1:colcon.colcon_core.package_identification:_identify(src) by extensions ['colcon_pkg']
[1.166s] Level 1:colcon.colcon_core.package_identification:_identify(src) by extension 'colcon_pkg'
[1.166s] Level 1:colcon.colcon_core.package_identification:_identify(src) by extensions ['colcon_meta']
[1.166s] Level 1:colcon.colcon_core.package_identification:_identify(src) by extension 'colcon_meta'
[1.166s] Level 1:colcon.colcon_core.package_identification:_identify(src) by extensions ['ros']
[1.166s] Level 1:colcon.colcon_core.package_identification:_identify(src) by extension 'ros'
[1.166s] Level 1:colcon.colcon_core.package_identification:_identify(src) by extensions ['cmake', 'python']
[1.166s] Level 1:colcon.colcon_core.package_identification:_identify(src) by extension 'cmake'
[1.166s] Level 1:colcon.colcon_core.package_identification:_identify(src) by extension 'python'
[1.166s] Level 1:colcon.colcon_core.package_identification:_identify(src) by extensions ['python_setup_py']
[1.166s] Level 1:colcon.colcon_core.package_identification:_identify(src) by extension 'python_setup_py'
[1.166s] Level 1:colcon.colcon_core.package_identification:_identify(src/ros2_interfaces) by extensions ['ignore', 'ignore_ament_install']
[1.167s] Level 1:colcon.colcon_core.package_identification:_identify(src/ros2_interfaces) by extension 'ignore'
[1.167s] Level 1:colcon.colcon_core.package_identification:_identify(src/ros2_interfaces) by extension 'ignore_ament_install'
[1.167s] Level 1:colcon.colcon_core.package_identification:_identify(src/ros2_interfaces) by extensions ['colcon_pkg']
[1.167s] Level 1:colcon.colcon_core.package_identification:_identify(src/ros2_interfaces) by extension 'colcon_pkg'
[1.167s] Level 1:colcon.colcon_core.package_identification:_identify(src/ros2_interfaces) by extensions ['colcon_meta']
[1.167s] Level 1:colcon.colcon_core.package_identification:_identify(src/ros2_interfaces) by extension 'colcon_meta'
[1.167s] Level 1:colcon.colcon_core.package_identification:_identify(src/ros2_interfaces) by extensions ['ros']
[1.167s] Level 1:colcon.colcon_core.package_identification:_identify(src/ros2_interfaces) by extension 'ros'
[1.168s] DEBUG:colcon.colcon_core.package_identification:Package 'src/ros2_interfaces' with type 'ros.ament_cmake' and name 'ros2_interfaces'
[1.168s] Level 1:colcon.colcon_core.package_identification:_identify(src/test_package) by extensions ['ignore', 'ignore_ament_install']
[1.168s] Level 1:colcon.colcon_core.package_identification:_identify(src/test_package) by extension 'ignore'
[1.168s] Level 1:colcon.colcon_core.package_identification:_identify(src/test_package) by extension 'ignore_ament_install'
[1.168s] Level 1:colcon.colcon_core.package_identification:_identify(src/test_package) by extensions ['colcon_pkg']
[1.168s] Level 1:colcon.colcon_core.package_identification:_identify(src/test_package) by extension 'colcon_pkg'
[1.168s] Level 1:colcon.colcon_core.package_identification:_identify(src/test_package) by extensions ['colcon_meta']
[1.168s] Level 1:colcon.colcon_core.package_identification:_identify(src/test_package) by extension 'colcon_meta'
[1.168s] Level 1:colcon.colcon_core.package_identification:_identify(src/test_package) by extensions ['ros']
[1.168s] Level 1:colcon.colcon_core.package_identification:_identify(src/test_package) by extension 'ros'
[1.169s] DEBUG:colcon.colcon_core.package_identification:Package 'src/test_package' with type 'ros.ament_python' and name 'test_package'
[1.169s] Level 1:colcon.colcon_core.package_identification:_identify(src/vision_test) by extensions ['ignore', 'ignore_ament_install']
[1.169s] Level 1:colcon.colcon_core.package_identification:_identify(src/vision_test) by extension 'ignore'
[1.169s] Level 1:colcon.colcon_core.package_identification:_identify(src/vision_test) by extension 'ignore_ament_install'
[1.169s] Level 1:colcon.colcon_core.package_identification:_identify(src/vision_test) by extensions ['colcon_pkg']
[1.169s] Level 1:colcon.colcon_core.package_identification:_identify(src/vision_test) by extension 'colcon_pkg'
[1.169s] Level 1:colcon.colcon_core.package_identification:_identify(src/vision_test) by extensions ['colcon_meta']
[1.169s] Level 1:colcon.colcon_core.package_identification:_identify(src/vision_test) by extension 'colcon_meta'
[1.169s] Level 1:colcon.colcon_core.package_identification:_identify(src/vision_test) by extensions ['ros']
[1.169s] Level 1:colcon.colcon_core.package_identification:_identify(src/vision_test) by extension 'ros'
[1.169s] DEBUG:colcon.colcon_core.package_identification:Package 'src/vision_test' with type 'ros.ament_python' and name 'vision_test'
[1.169s] Level 1:colcon.colcon_core.package_discovery:discover_packages(recursive) using defaults
[1.169s] Level 1:colcon.colcon_core.package_discovery:discover_packages(ignore) discover
[1.169s] Level 1:colcon.colcon_core.package_discovery:discover_packages(ignore) using defaults
[1.169s] Level 1:colcon.colcon_core.package_discovery:discover_packages(path) discover
[1.169s] Level 1:colcon.colcon_core.package_discovery:discover_packages(path) using defaults
[1.275s] Level 1:colcon.colcon_core.package_discovery:discover_packages(prefix_path) check parameters
[1.275s] Level 1:colcon.colcon_core.package_discovery:discover_packages(prefix_path) discover
[1.313s] DEBUG:colcon.colcon_installed_package_information.package_discovery:Found 3 installed packages in /home/zhe/code/soccer_b_ws/install
[1.331s] DEBUG:colcon.colcon_installed_package_information.package_discovery:Found 2 installed packages in /home/zhe/code/ffmpeg_msg/install
[1.350s] DEBUG:colcon.colcon_installed_package_information.package_discovery:Found 14 installed packages in /home/zhe/code/gy_ws/install
[1.373s] DEBUG:colcon.colcon_installed_package_information.package_discovery:Found 3 installed packages in /home/zhe/code/rm_ws/install
[1.391s] DEBUG:colcon.colcon_installed_package_information.package_discovery:Found 2 installed packages in /home/zhe/code/ffmpeg/install
[1.410s] DEBUG:colcon.colcon_installed_package_information.package_discovery:Found 311 installed packages in /opt/ros/galactic
[1.411s] Level 1:colcon.colcon_core.package_discovery:discover_packages(prefix_path) using defaults
[1.488s] Level 5:colcon.colcon_core.verb:set package 'ros2_interfaces' build argument 'cmake_args' from command line to 'None'
[1.488s] Level 5:colcon.colcon_core.verb:set package 'ros2_interfaces' build argument 'cmake_target' from command line to 'None'
[1.488s] Level 5:colcon.colcon_core.verb:set package 'ros2_interfaces' build argument 'cmake_target_skip_unavailable' from command line to 'False'
[1.488s] Level 5:colcon.colcon_core.verb:set package 'ros2_interfaces' build argument 'cmake_clean_cache' from command line to 'False'
[1.488s] Level 5:colcon.colcon_core.verb:set package 'ros2_interfaces' build argument 'cmake_clean_first' from command line to 'False'
[1.488s] Level 5:colcon.colcon_core.verb:set package 'ros2_interfaces' build argument 'cmake_force_configure' from command line to 'False'
[1.488s] Level 5:colcon.colcon_core.verb:set package 'ros2_interfaces' build argument 'ament_cmake_args' from command line to 'None'
[1.488s] Level 5:colcon.colcon_core.verb:set package 'ros2_interfaces' build argument 'catkin_cmake_args' from command line to 'None'
[1.488s] Level 5:colcon.colcon_core.verb:set package 'ros2_interfaces' build argument 'catkin_skip_building_tests' from command line to 'False'
[1.488s] DEBUG:colcon.colcon_core.verb:Building package 'ros2_interfaces' with the following arguments: {'ament_cmake_args': None, 'build_base': '/home/zhe/code/soccer_b_ws/build/ros2_interfaces', 'catkin_cmake_args': None, 'catkin_skip_building_tests': False, 'cmake_args': None, 'cmake_clean_cache': False, 'cmake_clean_first': False, 'cmake_force_configure': False, 'cmake_target': None, 'cmake_target_skip_unavailable': False, 'install_base': '/home/zhe/code/soccer_b_ws/install/ros2_interfaces', 'merge_install': False, 'path': '/home/zhe/code/soccer_b_ws/src/ros2_interfaces', 'symlink_install': True, 'test_result_base': None}
[1.506s] Level 5:colcon.colcon_core.verb:set package 'vision_test' build argument 'cmake_args' from command line to 'None'
[1.506s] Level 5:colcon.colcon_core.verb:set package 'vision_test' build argument 'cmake_target' from command line to 'None'
[1.506s] Level 5:colcon.colcon_core.verb:set package 'vision_test' build argument 'cmake_target_skip_unavailable' from command line to 'False'
[1.506s] Level 5:colcon.colcon_core.verb:set package 'vision_test' build argument 'cmake_clean_cache' from command line to 'False'
[1.506s] Level 5:colcon.colcon_core.verb:set package 'vision_test' build argument 'cmake_clean_first' from command line to 'False'
[1.506s] Level 5:colcon.colcon_core.verb:set package 'vision_test' build argument 'cmake_force_configure' from command line to 'False'
[1.506s] Level 5:colcon.colcon_core.verb:set package 'vision_test' build argument 'ament_cmake_args' from command line to 'None'
[1.506s] Level 5:colcon.colcon_core.verb:set package 'vision_test' build argument 'catkin_cmake_args' from command line to 'None'
[1.506s] Level 5:colcon.colcon_core.verb:set package 'vision_test' build argument 'catkin_skip_building_tests' from command line to 'False'
[1.506s] DEBUG:colcon.colcon_core.verb:Building package 'vision_test' with the following arguments: {'ament_cmake_args': None, 'build_base': '/home/zhe/code/soccer_b_ws/build/vision_test', 'catkin_cmake_args': None, 'catkin_skip_building_tests': False, 'cmake_args': None, 'cmake_clean_cache': False, 'cmake_clean_first': False, 'cmake_force_configure': False, 'cmake_target': None, 'cmake_target_skip_unavailable': False, 'install_base': '/home/zhe/code/soccer_b_ws/install/vision_test', 'merge_install': False, 'path': '/home/zhe/code/soccer_b_ws/src/vision_test', 'symlink_install': True, 'test_result_base': None}
[1.525s] Level 5:colcon.colcon_core.verb:set package 'test_package' build argument 'cmake_args' from command line to 'None'
[1.525s] Level 5:colcon.colcon_core.verb:set package 'test_package' build argument 'cmake_target' from command line to 'None'
[1.525s] Level 5:colcon.colcon_core.verb:set package 'test_package' build argument 'cmake_target_skip_unavailable' from command line to 'False'
[1.525s] Level 5:colcon.colcon_core.verb:set package 'test_package' build argument 'cmake_clean_cache' from command line to 'False'
[1.525s] Level 5:colcon.colcon_core.verb:set package 'test_package' build argument 'cmake_clean_first' from command line to 'False'
[1.525s] Level 5:colcon.colcon_core.verb:set package 'test_package' build argument 'cmake_force_configure' from command line to 'False'
[1.525s] Level 5:colcon.colcon_core.verb:set package 'test_package' build argument 'ament_cmake_args' from command line to 'None'
[1.525s] Level 5:colcon.colcon_core.verb:set package 'test_package' build argument 'catkin_cmake_args' from command line to 'None'
[1.525s] Level 5:colcon.colcon_core.verb:set package 'test_package' build argument 'catkin_skip_building_tests' from command line to 'False'
[1.525s] DEBUG:colcon.colcon_core.verb:Building package 'test_package' with the following arguments: {'ament_cmake_args': None, 'build_base': '/home/zhe/code/soccer_b_ws/build/test_package', 'catkin_cmake_args': None, 'catkin_skip_building_tests': False, 'cmake_args': None, 'cmake_clean_cache': False, 'cmake_clean_first': False, 'cmake_force_configure': False, 'cmake_target': None, 'cmake_target_skip_unavailable': False, 'install_base': '/home/zhe/code/soccer_b_ws/install/test_package', 'merge_install': False, 'path': '/home/zhe/code/soccer_b_ws/src/test_package', 'symlink_install': True, 'test_result_base': None}
[1.543s] INFO:colcon.colcon_core.executor:Executing jobs using 'parallel' executor
[1.562s] DEBUG:colcon.colcon_parallel_executor.executor.parallel:run_until_complete
[1.562s] INFO:colcon.colcon_ros.task.ament_cmake.build:Building ROS package in '/home/zhe/code/soccer_b_ws/src/ros2_interfaces' with build type 'ament_cmake'
[1.562s] INFO:colcon.colcon_cmake.task.cmake.build:Building CMake package in '/home/zhe/code/soccer_b_ws/src/ros2_interfaces'
[1.587s] INFO:colcon.colcon_core.plugin_system:Skipping extension 'colcon_core.shell.bat': Not used on non-Windows systems
[1.587s] INFO:colcon.colcon_core.shell:Skip shell extension 'powershell' for command environment: Not usable outside of PowerShell
[1.587s] DEBUG:colcon.colcon_core.shell:Skip shell extension 'dsv' for command environment
[1.727s] INFO:colcon.colcon_ros.task.ament_python.build:Building ROS package in '/home/zhe/code/soccer_b_ws/src/vision_test' with build type 'ament_python'
[1.727s] Level 1:colcon.colcon_core.shell:create_environment_hook('vision_test', 'ament_prefix_path')
[1.749s] INFO:colcon.colcon_core.shell:Creating environment hook '/home/zhe/code/soccer_b_ws/install/vision_test/share/vision_test/hook/ament_prefix_path.ps1'
[1.749s] INFO:colcon.colcon_core.shell:Creating environment descriptor '/home/zhe/code/soccer_b_ws/install/vision_test/share/vision_test/hook/ament_prefix_path.dsv'
[1.749s] INFO:colcon.colcon_core.shell:Creating environment hook '/home/zhe/code/soccer_b_ws/install/vision_test/share/vision_test/hook/ament_prefix_path.sh'
[1.770s] INFO:colcon.colcon_core.shell:Skip shell extension 'powershell' for command environment: Not usable outside of PowerShell
[1.770s] DEBUG:colcon.colcon_core.shell:Skip shell extension 'dsv' for command environment
[1.914s] DEBUG:colcon.colcon_core.event_handler.log_command:Invoking command in '/home/zhe/code/soccer_b_ws/build/ros2_interfaces': CMAKE_PREFIX_PATH=${CMAKE_PREFIX_PATH}:/home/zhe/code/soccer_b_ws/install/test_package:/home/zhe/code/soccer_b_ws/install/vision_test:/home/zhe/code/rm_ws/install/robomaster_ros:/home/zhe/code/gy_ws/install/learning_urdf:/home/zhe/code/gy_ws/install/learning_topic:/home/zhe/code/gy_ws/install/learning_tf:/home/zhe/code/gy_ws/install/learning_service:/home/zhe/code/gy_ws/install/learning_qos:/home/zhe/code/gy_ws/install/learning_pkg_python:/home/zhe/code/gy_ws/install/learning_parameter:/home/zhe/code/gy_ws/install/learning_node:/home/zhe/code/gy_ws/install/learning_launch:/home/zhe/code/gy_ws/install/learning_action:/home/zhe/code/gy_ws/install/learning_gazebo:/home/zhe/code/gy_ws/install/learning_cv:/opt/ros/galactic /usr/bin/cmake --build /home/zhe/code/soccer_b_ws/build/ros2_interfaces -- -j12 -l12
[2.049s] INFO:colcon.colcon_core.task.python.build:Building Python package in '/home/zhe/code/soccer_b_ws/src/vision_test'
[2.070s] INFO:colcon.colcon_core.shell:Skip shell extension 'powershell' for command environment: Not usable outside of PowerShell
[2.071s] DEBUG:colcon.colcon_core.shell:Skip shell extension 'dsv' for command environment
[2.438s] DEBUG:colcon.colcon_core.event_handler.log_command:Invoking command in '/home/zhe/code/soccer_b_ws/build/vision_test': PYTHONPATH=/home/zhe/code/soccer_b_ws/build/vision_test/prefix_override:/home/zhe/code/soccer_b_ws/install/vision_test/lib/python3.8/site-packages:${PYTHONPATH} /usr/bin/python3 setup.py develop --editable --build-directory /home/zhe/code/soccer_b_ws/build/vision_test/build --no-deps install_data
[2.708s] Level 1:colcon.colcon_core.shell:create_environment_hook('vision_test', 'pythonpath_develop')
[2.708s] DEBUG:colcon.colcon_core.event_handler.log_command:Invoked command in '/home/zhe/code/soccer_b_ws/build/vision_test' returned '0': PYTHONPATH=/home/zhe/code/soccer_b_ws/build/vision_test/prefix_override:/home/zhe/code/soccer_b_ws/install/vision_test/lib/python3.8/site-packages:${PYTHONPATH} /usr/bin/python3 setup.py develop --editable --build-directory /home/zhe/code/soccer_b_ws/build/vision_test/build --no-deps install_data
[2.730s] INFO:colcon.colcon_core.shell:Creating environment hook '/home/zhe/code/soccer_b_ws/build/vision_test/share/vision_test/hook/pythonpath_develop.ps1'
[2.730s] INFO:colcon.colcon_core.shell:Creating environment descriptor '/home/zhe/code/soccer_b_ws/build/vision_test/share/vision_test/hook/pythonpath_develop.dsv'
[2.730s] INFO:colcon.colcon_core.shell:Creating environment hook '/home/zhe/code/soccer_b_ws/build/vision_test/share/vision_test/hook/pythonpath_develop.sh'
[2.752s] Level 1:colcon.colcon_core.environment:checking '/home/zhe/code/soccer_b_ws/install/vision_test' for CMake module files
[2.753s] Level 1:colcon.colcon_core.environment:checking '/home/zhe/code/soccer_b_ws/install/vision_test' for CMake config files
[2.753s] Level 1:colcon.colcon_core.environment:checking '/home/zhe/code/soccer_b_ws/install/vision_test/lib'
[2.753s] Level 1:colcon.colcon_core.environment:checking '/home/zhe/code/soccer_b_ws/install/vision_test/bin'
[2.753s] Level 1:colcon.colcon_core.environment:checking '/home/zhe/code/soccer_b_ws/install/vision_test/lib/pkgconfig/vision_test.pc'
[2.753s] Level 1:colcon.colcon_core.environment:checking '/home/zhe/code/soccer_b_ws/install/vision_test/lib/python3.8/site-packages'
[2.753s] Level 1:colcon.colcon_core.shell:create_environment_hook('vision_test', 'pythonpath')
[2.777s] INFO:colcon.colcon_core.shell:Creating environment hook '/home/zhe/code/soccer_b_ws/install/vision_test/share/vision_test/hook/pythonpath.ps1'
[2.777s] INFO:colcon.colcon_core.shell:Creating environment descriptor '/home/zhe/code/soccer_b_ws/install/vision_test/share/vision_test/hook/pythonpath.dsv'
[2.777s] INFO:colcon.colcon_core.shell:Creating environment hook '/home/zhe/code/soccer_b_ws/install/vision_test/share/vision_test/hook/pythonpath.sh'
[2.778s] Level 1:colcon.colcon_core.environment:checking '/home/zhe/code/soccer_b_ws/install/vision_test/bin'
[2.778s] Level 1:colcon.colcon_core.environment:create_environment_scripts_only(vision_test)
[2.800s] INFO:colcon.colcon_core.shell:Creating package script '/home/zhe/code/soccer_b_ws/install/vision_test/share/vision_test/package.ps1'
[2.801s] INFO:colcon.colcon_core.shell:Creating package descriptor '/home/zhe/code/soccer_b_ws/install/vision_test/share/vision_test/package.dsv'
[2.801s] INFO:colcon.colcon_core.shell:Creating package script '/home/zhe/code/soccer_b_ws/install/vision_test/share/vision_test/package.sh'
[2.801s] INFO:colcon.colcon_core.shell:Creating package script '/home/zhe/code/soccer_b_ws/install/vision_test/share/vision_test/package.bash'
[2.802s] INFO:colcon.colcon_core.shell:Creating package script '/home/zhe/code/soccer_b_ws/install/vision_test/share/vision_test/package.zsh'
[2.802s] Level 1:colcon.colcon_core.environment:create_file_with_runtime_dependencies(/home/zhe/code/soccer_b_ws/install/vision_test/share/colcon-core/packages/vision_test)
[4.025s] DEBUG:colcon.colcon_core.event_handler.log_command:Invoked command in '/home/zhe/code/soccer_b_ws/build/ros2_interfaces' returned '0': CMAKE_PREFIX_PATH=${CMAKE_PREFIX_PATH}:/home/zhe/code/soccer_b_ws/install/test_package:/home/zhe/code/soccer_b_ws/install/vision_test:/home/zhe/code/rm_ws/install/robomaster_ros:/home/zhe/code/gy_ws/install/learning_urdf:/home/zhe/code/gy_ws/install/learning_topic:/home/zhe/code/gy_ws/install/learning_tf:/home/zhe/code/gy_ws/install/learning_service:/home/zhe/code/gy_ws/install/learning_qos:/home/zhe/code/gy_ws/install/learning_pkg_python:/home/zhe/code/gy_ws/install/learning_parameter:/home/zhe/code/gy_ws/install/learning_node:/home/zhe/code/gy_ws/install/learning_launch:/home/zhe/code/gy_ws/install/learning_action:/home/zhe/code/gy_ws/install/learning_gazebo:/home/zhe/code/gy_ws/install/learning_cv:/opt/ros/galactic /usr/bin/cmake --build /home/zhe/code/soccer_b_ws/build/ros2_interfaces -- -j12 -l12
[4.059s] DEBUG:colcon.colcon_core.event_handler.log_command:Invoking command in '/home/zhe/code/soccer_b_ws/build/ros2_interfaces': CMAKE_PREFIX_PATH=${CMAKE_PREFIX_PATH}:/home/zhe/code/soccer_b_ws/install/test_package:/home/zhe/code/soccer_b_ws/install/vision_test:/home/zhe/code/rm_ws/install/robomaster_ros:/home/zhe/code/gy_ws/install/learning_urdf:/home/zhe/code/gy_ws/install/learning_topic:/home/zhe/code/gy_ws/install/learning_tf:/home/zhe/code/gy_ws/install/learning_service:/home/zhe/code/gy_ws/install/learning_qos:/home/zhe/code/gy_ws/install/learning_pkg_python:/home/zhe/code/gy_ws/install/learning_parameter:/home/zhe/code/gy_ws/install/learning_node:/home/zhe/code/gy_ws/install/learning_launch:/home/zhe/code/gy_ws/install/learning_action:/home/zhe/code/gy_ws/install/learning_gazebo:/home/zhe/code/gy_ws/install/learning_cv:/opt/ros/galactic /usr/bin/cmake --install /home/zhe/code/soccer_b_ws/build/ros2_interfaces
[4.113s] Level 1:colcon.colcon_core.environment:create_environment_scripts_only(ros2_interfaces)
[4.113s] DEBUG:colcon.colcon_core.event_handler.log_command:Invoked command in '/home/zhe/code/soccer_b_ws/build/ros2_interfaces' returned '0': CMAKE_PREFIX_PATH=${CMAKE_PREFIX_PATH}:/home/zhe/code/soccer_b_ws/install/test_package:/home/zhe/code/soccer_b_ws/install/vision_test:/home/zhe/code/rm_ws/install/robomaster_ros:/home/zhe/code/gy_ws/install/learning_urdf:/home/zhe/code/gy_ws/install/learning_topic:/home/zhe/code/gy_ws/install/learning_tf:/home/zhe/code/gy_ws/install/learning_service:/home/zhe/code/gy_ws/install/learning_qos:/home/zhe/code/gy_ws/install/learning_pkg_python:/home/zhe/code/gy_ws/install/learning_parameter:/home/zhe/code/gy_ws/install/learning_node:/home/zhe/code/gy_ws/install/learning_launch:/home/zhe/code/gy_ws/install/learning_action:/home/zhe/code/gy_ws/install/learning_gazebo:/home/zhe/code/gy_ws/install/learning_cv:/opt/ros/galactic /usr/bin/cmake --install /home/zhe/code/soccer_b_ws/build/ros2_interfaces
[4.135s] Level 1:colcon.colcon_core.environment:checking '/home/zhe/code/soccer_b_ws/install/ros2_interfaces' for CMake module files
[4.135s] Level 1:colcon.colcon_core.environment:checking '/home/zhe/code/soccer_b_ws/install/ros2_interfaces' for CMake config files
[4.135s] Level 1:colcon.colcon_core.shell:create_environment_hook('ros2_interfaces', 'cmake_prefix_path')
[4.155s] INFO:colcon.colcon_core.shell:Creating environment hook '/home/zhe/code/soccer_b_ws/install/ros2_interfaces/share/ros2_interfaces/hook/cmake_prefix_path.ps1'
[4.155s] INFO:colcon.colcon_core.shell:Creating environment descriptor '/home/zhe/code/soccer_b_ws/install/ros2_interfaces/share/ros2_interfaces/hook/cmake_prefix_path.dsv'
[4.155s] INFO:colcon.colcon_core.shell:Creating environment hook '/home/zhe/code/soccer_b_ws/install/ros2_interfaces/share/ros2_interfaces/hook/cmake_prefix_path.sh'
[4.155s] Level 1:colcon.colcon_core.environment:checking '/home/zhe/code/soccer_b_ws/install/ros2_interfaces/lib'
[4.155s] Level 1:colcon.colcon_core.shell:create_environment_hook('ros2_interfaces', 'ld_library_path_lib')
[4.175s] INFO:colcon.colcon_core.shell:Creating environment hook '/home/zhe/code/soccer_b_ws/install/ros2_interfaces/share/ros2_interfaces/hook/ld_library_path_lib.ps1'
[4.176s] INFO:colcon.colcon_core.shell:Creating environment descriptor '/home/zhe/code/soccer_b_ws/install/ros2_interfaces/share/ros2_interfaces/hook/ld_library_path_lib.dsv'
[4.176s] INFO:colcon.colcon_core.shell:Creating environment hook '/home/zhe/code/soccer_b_ws/install/ros2_interfaces/share/ros2_interfaces/hook/ld_library_path_lib.sh'
[4.176s] Level 1:colcon.colcon_core.environment:checking '/home/zhe/code/soccer_b_ws/install/ros2_interfaces/bin'
[4.176s] Level 1:colcon.colcon_core.environment:checking '/home/zhe/code/soccer_b_ws/install/ros2_interfaces/lib/pkgconfig/ros2_interfaces.pc'
[4.176s] Level 1:colcon.colcon_core.environment:checking '/home/zhe/code/soccer_b_ws/install/ros2_interfaces/lib/python3.8/site-packages'
[4.176s] Level 1:colcon.colcon_core.shell:create_environment_hook('ros2_interfaces', 'pythonpath')
[4.195s] INFO:colcon.colcon_core.shell:Creating environment hook '/home/zhe/code/soccer_b_ws/install/ros2_interfaces/share/ros2_interfaces/hook/pythonpath.ps1'
[4.195s] INFO:colcon.colcon_core.shell:Creating environment descriptor '/home/zhe/code/soccer_b_ws/install/ros2_interfaces/share/ros2_interfaces/hook/pythonpath.dsv'
[4.195s] INFO:colcon.colcon_core.shell:Creating environment hook '/home/zhe/code/soccer_b_ws/install/ros2_interfaces/share/ros2_interfaces/hook/pythonpath.sh'
[4.196s] Level 1:colcon.colcon_core.environment:checking '/home/zhe/code/soccer_b_ws/install/ros2_interfaces/bin'
[4.214s] INFO:colcon.colcon_core.shell:Creating package script '/home/zhe/code/soccer_b_ws/install/ros2_interfaces/share/ros2_interfaces/package.ps1'
[4.215s] INFO:colcon.colcon_core.shell:Creating package descriptor '/home/zhe/code/soccer_b_ws/install/ros2_interfaces/share/ros2_interfaces/package.dsv'
[4.215s] INFO:colcon.colcon_core.shell:Creating package script '/home/zhe/code/soccer_b_ws/install/ros2_interfaces/share/ros2_interfaces/package.sh'
[4.215s] INFO:colcon.colcon_core.shell:Creating package script '/home/zhe/code/soccer_b_ws/install/ros2_interfaces/share/ros2_interfaces/package.bash'
[4.215s] INFO:colcon.colcon_core.shell:Creating package script '/home/zhe/code/soccer_b_ws/install/ros2_interfaces/share/ros2_interfaces/package.zsh'
[4.215s] Level 1:colcon.colcon_core.environment:create_file_with_runtime_dependencies(/home/zhe/code/soccer_b_ws/install/ros2_interfaces/share/colcon-core/packages/ros2_interfaces)
[4.261s] Level 1:colcon.colcon_core.environment:create_environment_scripts_only(ros2_interfaces)
[4.281s] Level 1:colcon.colcon_core.environment:checking '/home/zhe/code/soccer_b_ws/install/ros2_interfaces' for CMake module files
[4.281s] Level 1:colcon.colcon_core.environment:checking '/home/zhe/code/soccer_b_ws/install/ros2_interfaces' for CMake config files
[4.281s] Level 1:colcon.colcon_core.shell:create_environment_hook('ros2_interfaces', 'cmake_prefix_path')
[4.300s] INFO:colcon.colcon_core.shell:Creating environment hook '/home/zhe/code/soccer_b_ws/install/ros2_interfaces/share/ros2_interfaces/hook/cmake_prefix_path.ps1'
[4.300s] INFO:colcon.colcon_core.shell:Creating environment descriptor '/home/zhe/code/soccer_b_ws/install/ros2_interfaces/share/ros2_interfaces/hook/cmake_prefix_path.dsv'
[4.300s] INFO:colcon.colcon_core.shell:Creating environment hook '/home/zhe/code/soccer_b_ws/install/ros2_interfaces/share/ros2_interfaces/hook/cmake_prefix_path.sh'
[4.301s] Level 1:colcon.colcon_core.environment:checking '/home/zhe/code/soccer_b_ws/install/ros2_interfaces/lib'
[4.301s] Level 1:colcon.colcon_core.shell:create_environment_hook('ros2_interfaces', 'ld_library_path_lib')
[4.320s] INFO:colcon.colcon_core.shell:Creating environment hook '/home/zhe/code/soccer_b_ws/install/ros2_interfaces/share/ros2_interfaces/hook/ld_library_path_lib.ps1'
[4.320s] INFO:colcon.colcon_core.shell:Creating environment descriptor '/home/zhe/code/soccer_b_ws/install/ros2_interfaces/share/ros2_interfaces/hook/ld_library_path_lib.dsv'
[4.320s] INFO:colcon.colcon_core.shell:Creating environment hook '/home/zhe/code/soccer_b_ws/install/ros2_interfaces/share/ros2_interfaces/hook/ld_library_path_lib.sh'
[4.320s] Level 1:colcon.colcon_core.environment:checking '/home/zhe/code/soccer_b_ws/install/ros2_interfaces/bin'
[4.320s] Level 1:colcon.colcon_core.environment:checking '/home/zhe/code/soccer_b_ws/install/ros2_interfaces/lib/pkgconfig/ros2_interfaces.pc'
[4.320s] Level 1:colcon.colcon_core.environment:checking '/home/zhe/code/soccer_b_ws/install/ros2_interfaces/lib/python3.8/site-packages'
[4.320s] Level 1:colcon.colcon_core.shell:create_environment_hook('ros2_interfaces', 'pythonpath')
[4.339s] INFO:colcon.colcon_core.shell:Creating environment hook '/home/zhe/code/soccer_b_ws/install/ros2_interfaces/share/ros2_interfaces/hook/pythonpath.ps1'
[4.339s] INFO:colcon.colcon_core.shell:Creating environment descriptor '/home/zhe/code/soccer_b_ws/install/ros2_interfaces/share/ros2_interfaces/hook/pythonpath.dsv'
[4.339s] INFO:colcon.colcon_core.shell:Creating environment hook '/home/zhe/code/soccer_b_ws/install/ros2_interfaces/share/ros2_interfaces/hook/pythonpath.sh'
[4.340s] Level 1:colcon.colcon_core.environment:checking '/home/zhe/code/soccer_b_ws/install/ros2_interfaces/bin'
[4.359s] INFO:colcon.colcon_core.shell:Creating package script '/home/zhe/code/soccer_b_ws/install/ros2_interfaces/share/ros2_interfaces/package.ps1'
[4.359s] INFO:colcon.colcon_core.shell:Creating package descriptor '/home/zhe/code/soccer_b_ws/install/ros2_interfaces/share/ros2_interfaces/package.dsv'
[4.359s] INFO:colcon.colcon_core.shell:Creating package script '/home/zhe/code/soccer_b_ws/install/ros2_interfaces/share/ros2_interfaces/package.sh'
[4.359s] INFO:colcon.colcon_core.shell:Creating package script '/home/zhe/code/soccer_b_ws/install/ros2_interfaces/share/ros2_interfaces/package.bash'
[4.359s] INFO:colcon.colcon_core.shell:Creating package script '/home/zhe/code/soccer_b_ws/install/ros2_interfaces/share/ros2_interfaces/package.zsh'
[4.360s] Level 1:colcon.colcon_core.environment:create_file_with_runtime_dependencies(/home/zhe/code/soccer_b_ws/install/ros2_interfaces/share/colcon-core/packages/ros2_interfaces)
[4.360s] INFO:colcon.colcon_ros.task.ament_python.build:Building ROS package in '/home/zhe/code/soccer_b_ws/src/test_package' with build type 'ament_python'
[4.360s] Level 1:colcon.colcon_core.shell:create_environment_hook('test_package', 'ament_prefix_path')
[4.380s] INFO:colcon.colcon_core.shell:Creating environment hook '/home/zhe/code/soccer_b_ws/install/test_package/share/test_package/hook/ament_prefix_path.ps1'
[4.380s] INFO:colcon.colcon_core.shell:Creating environment descriptor '/home/zhe/code/soccer_b_ws/install/test_package/share/test_package/hook/ament_prefix_path.dsv'
[4.380s] INFO:colcon.colcon_core.shell:Creating environment hook '/home/zhe/code/soccer_b_ws/install/test_package/share/test_package/hook/ament_prefix_path.sh'
[4.400s] INFO:colcon.colcon_core.shell:Skip shell extension 'powershell' for command environment: Not usable outside of PowerShell
[4.400s] DEBUG:colcon.colcon_core.shell:Skip shell extension 'dsv' for command environment
[4.663s] INFO:colcon.colcon_core.task.python.build:Building Python package in '/home/zhe/code/soccer_b_ws/src/test_package'
[4.689s] INFO:colcon.colcon_core.shell:Skip shell extension 'powershell' for command environment: Not usable outside of PowerShell
[4.689s] DEBUG:colcon.colcon_core.shell:Skip shell extension 'dsv' for command environment
[5.037s] DEBUG:colcon.colcon_core.event_handler.log_command:Invoking command in '/home/zhe/code/soccer_b_ws/build/test_package': PYTHONPATH=/home/zhe/code/soccer_b_ws/build/test_package/prefix_override:/home/zhe/code/soccer_b_ws/install/test_package/lib/python3.8/site-packages:/home/zhe/code/soccer_b_ws/install/ros2_interfaces/lib/python3.8/site-packages:/home/zhe/code/soccer_b_ws/build/test_package:/home/zhe/code/soccer_b_ws/install/test_package/lib/python3.8/site-packages:/home/zhe/code/soccer_b_ws/build/motion_capture:/home/zhe/code/soccer_b_ws/install/interfaces/lib/python3.8/site-packages:/home/zhe/code/soccer_b_ws/install/motion_capture/lib/python3.8/site-packages:/home/zhe/code/soccer_b_ws/build/vision_test:/home/zhe/code/soccer_b_ws/install/vision_test/lib/python3.8/site-packages:/home/zhe/code/ffmpeg_msg/install/ffmpeg_image_transport_msgs/lib/python3.8/site-packages:/home/zhe/code/ffmpeg/install/ffmpeg_image_transport_msgs/lib/python3.8/site-packages:/home/zhe/code/rm_ws/build/robomaster_ros:/home/zhe/code/rm_ws/install/robomaster_ros/lib/python3.8/site-packages:/home/zhe/code/rm_ws/install/robomaster_msgs/lib/python3.8/site-packages:/home/zhe/code/gy_ws/build/learning_urdf:/home/zhe/code/gy_ws/install/learning_urdf/lib/python3.8/site-packages:/home/zhe/code/gy_ws/build/learning_topic:/home/zhe/code/gy_ws/install/learning_topic/lib/python3.8/site-packages:/home/zhe/code/gy_ws/build/learning_tf:/home/zhe/code/gy_ws/install/learning_tf/lib/python3.8/site-packages:/home/zhe/code/gy_ws/build/learning_service:/home/zhe/code/gy_ws/install/learning_service/lib/python3.8/site-packages:/home/zhe/code/gy_ws/build/learning_qos:/home/zhe/code/gy_ws/install/learning_qos/lib/python3.8/site-packages:/home/zhe/code/gy_ws/build/learning_pkg_python:/home/zhe/code/gy_ws/install/learning_pkg_python/lib/python3.8/site-packages:/home/zhe/code/gy_ws/build/learning_parameter:/home/zhe/code/gy_ws/install/learning_parameter/lib/python3.8/site-packages:/home/zhe/code/gy_ws/build/learning_node:/home/zhe/code/gy_ws/install/learning_node/lib/python3.8/site-packages:/home/zhe/code/gy_ws/build/learning_launch:/home/zhe/code/gy_ws/install/learning_launch/lib/python3.8/site-packages:/home/zhe/code/gy_ws/build/learning_action:/home/zhe/code/gy_ws/install/learning_action/lib/python3.8/site-packages:/home/zhe/code/gy_ws/install/learning_interface/lib/python3.8/site-packages:/home/zhe/code/gy_ws/build/learning_gazebo:/home/zhe/code/gy_ws/install/learning_gazebo/lib/python3.8/site-packages:/home/zhe/code/gy_ws/build/learning_cv:/home/zhe/code/gy_ws/install/learning_cv/lib/python3.8/site-packages:/opt/ros/galactic/lib/python3.8/site-packages /usr/bin/python3 setup.py develop --editable --build-directory /home/zhe/code/soccer_b_ws/build/test_package/build --no-deps install_data
[5.287s] Level 1:colcon.colcon_core.shell:create_environment_hook('test_package', 'pythonpath_develop')
[5.287s] DEBUG:colcon.colcon_core.event_handler.log_command:Invoked command in '/home/zhe/code/soccer_b_ws/build/test_package' returned '0': PYTHONPATH=/home/zhe/code/soccer_b_ws/build/test_package/prefix_override:/home/zhe/code/soccer_b_ws/install/test_package/lib/python3.8/site-packages:/home/zhe/code/soccer_b_ws/install/ros2_interfaces/lib/python3.8/site-packages:/home/zhe/code/soccer_b_ws/build/test_package:/home/zhe/code/soccer_b_ws/install/test_package/lib/python3.8/site-packages:/home/zhe/code/soccer_b_ws/build/motion_capture:/home/zhe/code/soccer_b_ws/install/interfaces/lib/python3.8/site-packages:/home/zhe/code/soccer_b_ws/install/motion_capture/lib/python3.8/site-packages:/home/zhe/code/soccer_b_ws/build/vision_test:/home/zhe/code/soccer_b_ws/install/vision_test/lib/python3.8/site-packages:/home/zhe/code/ffmpeg_msg/install/ffmpeg_image_transport_msgs/lib/python3.8/site-packages:/home/zhe/code/ffmpeg/install/ffmpeg_image_transport_msgs/lib/python3.8/site-packages:/home/zhe/code/rm_ws/build/robomaster_ros:/home/zhe/code/rm_ws/install/robomaster_ros/lib/python3.8/site-packages:/home/zhe/code/rm_ws/install/robomaster_msgs/lib/python3.8/site-packages:/home/zhe/code/gy_ws/build/learning_urdf:/home/zhe/code/gy_ws/install/learning_urdf/lib/python3.8/site-packages:/home/zhe/code/gy_ws/build/learning_topic:/home/zhe/code/gy_ws/install/learning_topic/lib/python3.8/site-packages:/home/zhe/code/gy_ws/build/learning_tf:/home/zhe/code/gy_ws/install/learning_tf/lib/python3.8/site-packages:/home/zhe/code/gy_ws/build/learning_service:/home/zhe/code/gy_ws/install/learning_service/lib/python3.8/site-packages:/home/zhe/code/gy_ws/build/learning_qos:/home/zhe/code/gy_ws/install/learning_qos/lib/python3.8/site-packages:/home/zhe/code/gy_ws/build/learning_pkg_python:/home/zhe/code/gy_ws/install/learning_pkg_python/lib/python3.8/site-packages:/home/zhe/code/gy_ws/build/learning_parameter:/home/zhe/code/gy_ws/install/learning_parameter/lib/python3.8/site-packages:/home/zhe/code/gy_ws/build/learning_node:/home/zhe/code/gy_ws/install/learning_node/lib/python3.8/site-packages:/home/zhe/code/gy_ws/build/learning_launch:/home/zhe/code/gy_ws/install/learning_launch/lib/python3.8/site-packages:/home/zhe/code/gy_ws/build/learning_action:/home/zhe/code/gy_ws/install/learning_action/lib/python3.8/site-packages:/home/zhe/code/gy_ws/install/learning_interface/lib/python3.8/site-packages:/home/zhe/code/gy_ws/build/learning_gazebo:/home/zhe/code/gy_ws/install/learning_gazebo/lib/python3.8/site-packages:/home/zhe/code/gy_ws/build/learning_cv:/home/zhe/code/gy_ws/install/learning_cv/lib/python3.8/site-packages:/opt/ros/galactic/lib/python3.8/site-packages /usr/bin/python3 setup.py develop --editable --build-directory /home/zhe/code/soccer_b_ws/build/test_package/build --no-deps install_data
[5.307s] INFO:colcon.colcon_core.shell:Creating environment hook '/home/zhe/code/soccer_b_ws/build/test_package/share/test_package/hook/pythonpath_develop.ps1'
[5.307s] INFO:colcon.colcon_core.shell:Creating environment descriptor '/home/zhe/code/soccer_b_ws/build/test_package/share/test_package/hook/pythonpath_develop.dsv'
[5.307s] INFO:colcon.colcon_core.shell:Creating environment hook '/home/zhe/code/soccer_b_ws/build/test_package/share/test_package/hook/pythonpath_develop.sh'
[5.326s] Level 1:colcon.colcon_core.environment:checking '/home/zhe/code/soccer_b_ws/install/test_package' for CMake module files
[5.326s] Level 1:colcon.colcon_core.environment:checking '/home/zhe/code/soccer_b_ws/install/test_package' for CMake config files
[5.327s] Level 1:colcon.colcon_core.environment:checking '/home/zhe/code/soccer_b_ws/install/test_package/lib'
[5.327s] Level 1:colcon.colcon_core.environment:checking '/home/zhe/code/soccer_b_ws/install/test_package/bin'
[5.327s] Level 1:colcon.colcon_core.environment:checking '/home/zhe/code/soccer_b_ws/install/test_package/lib/pkgconfig/test_package.pc'
[5.327s] Level 1:colcon.colcon_core.environment:checking '/home/zhe/code/soccer_b_ws/install/test_package/lib/python3.8/site-packages'
[5.327s] Level 1:colcon.colcon_core.shell:create_environment_hook('test_package', 'pythonpath')
[5.345s] INFO:colcon.colcon_core.shell:Creating environment hook '/home/zhe/code/soccer_b_ws/install/test_package/share/test_package/hook/pythonpath.ps1'
[5.346s] INFO:colcon.colcon_core.shell:Creating environment descriptor '/home/zhe/code/soccer_b_ws/install/test_package/share/test_package/hook/pythonpath.dsv'
[5.346s] INFO:colcon.colcon_core.shell:Creating environment hook '/home/zhe/code/soccer_b_ws/install/test_package/share/test_package/hook/pythonpath.sh'
[5.346s] Level 1:colcon.colcon_core.environment:checking '/home/zhe/code/soccer_b_ws/install/test_package/bin'
[5.346s] Level 1:colcon.colcon_core.environment:create_environment_scripts_only(test_package)
[5.365s] INFO:colcon.colcon_core.shell:Creating package script '/home/zhe/code/soccer_b_ws/install/test_package/share/test_package/package.ps1'
[5.365s] INFO:colcon.colcon_core.shell:Creating package descriptor '/home/zhe/code/soccer_b_ws/install/test_package/share/test_package/package.dsv'
[5.365s] INFO:colcon.colcon_core.shell:Creating package script '/home/zhe/code/soccer_b_ws/install/test_package/share/test_package/package.sh'
[5.365s] INFO:colcon.colcon_core.shell:Creating package script '/home/zhe/code/soccer_b_ws/install/test_package/share/test_package/package.bash'
[5.366s] INFO:colcon.colcon_core.shell:Creating package script '/home/zhe/code/soccer_b_ws/install/test_package/share/test_package/package.zsh'
[5.366s] Level 1:colcon.colcon_core.environment:create_file_with_runtime_dependencies(/home/zhe/code/soccer_b_ws/install/test_package/share/colcon-core/packages/test_package)
[5.366s] DEBUG:colcon.colcon_parallel_executor.executor.parallel:closing loop
[5.366s] DEBUG:colcon.colcon_parallel_executor.executor.parallel:loop closed
[5.366s] DEBUG:colcon.colcon_parallel_executor.executor.parallel:run_until_complete finished with '0'
[5.366s] DEBUG:colcon.colcon_core.event_reactor:joining thread
[5.390s] INFO:colcon.colcon_core.plugin_system:Skipping extension 'colcon_notification.desktop_notification.terminal_notifier': Not used on non-Darwin systems
[5.390s] INFO:colcon.colcon_core.plugin_system:Skipping extension 'colcon_notification.desktop_notification.win32': Not used on non-Windows systems
[5.390s] INFO:colcon.colcon_notification.desktop_notification:Sending desktop notification using 'notify2'
[5.398s] DEBUG:colcon.colcon_core.event_reactor:joined thread
[5.421s] INFO:colcon.colcon_core.shell:Creating prefix script '/home/zhe/code/soccer_b_ws/install/local_setup.ps1'
[5.421s] INFO:colcon.colcon_core.shell:Creating prefix util module '/home/zhe/code/soccer_b_ws/install/_local_setup_util_ps1.py'
[5.422s] INFO:colcon.colcon_core.shell:Creating prefix chain script '/home/zhe/code/soccer_b_ws/install/setup.ps1'
[5.442s] INFO:colcon.colcon_core.shell:Creating prefix script '/home/zhe/code/soccer_b_ws/install/local_setup.sh'
[5.442s] INFO:colcon.colcon_core.shell:Creating prefix util module '/home/zhe/code/soccer_b_ws/install/_local_setup_util_sh.py'
[5.443s] INFO:colcon.colcon_core.shell:Creating prefix chain script '/home/zhe/code/soccer_b_ws/install/setup.sh'
[5.463s] INFO:colcon.colcon_core.shell:Creating prefix script '/home/zhe/code/soccer_b_ws/install/local_setup.bash'
[5.463s] INFO:colcon.colcon_core.shell:Creating prefix chain script '/home/zhe/code/soccer_b_ws/install/setup.bash'
[5.483s] INFO:colcon.colcon_core.shell:Creating prefix script '/home/zhe/code/soccer_b_ws/install/local_setup.zsh'
[5.483s] INFO:colcon.colcon_core.shell:Creating prefix chain script '/home/zhe/code/soccer_b_ws/install/setup.zsh'
