[0.512s] Invoking command in '/home/zhe/code/soccer_b_ws/build/ros2_interfaces': CMAKE_PREFIX_PATH=${CMAKE_PREFIX_PATH}:/home/zhe/code/soccer_b_ws/install/vision_test:/home/zhe/code/soccer_b_ws/install/test_package:/home/zhe/code/soccer_b_ws/install/rm_control:/home/zhe/code/soccer_b_ws/install/motion_capture:/home/zhe/code/tf2tut/install/learning_tf2_py:/home/zhe/code/rm_ws/install/robomaster_ros:/home/zhe/code/gy_ws/install/learning_urdf:/home/zhe/code/gy_ws/install/learning_topic:/home/zhe/code/gy_ws/install/learning_tf:/home/zhe/code/gy_ws/install/learning_service:/home/zhe/code/gy_ws/install/learning_qos:/home/zhe/code/gy_ws/install/learning_pkg_python:/home/zhe/code/gy_ws/install/learning_parameter:/home/zhe/code/gy_ws/install/learning_node:/home/zhe/code/gy_ws/install/learning_launch:/home/zhe/code/gy_ws/install/learning_action:/home/zhe/code/gy_ws/install/learning_gazebo:/home/zhe/code/gy_ws/install/learning_cv:/opt/ros/galactic /usr/bin/cmake --build /home/zhe/code/soccer_b_ws/build/ros2_interfaces -- -j12 -l12
[0.544s] [  2%] Built target ros2_interfaces__cpp
[0.547s] [ 12%] Built target ros2_interfaces__rosidl_generator_c
[0.564s] [ 23%] Built target ros2_interfaces__rosidl_typesupport_introspection_cpp
[0.564s] [ 34%] Built target ros2_interfaces__rosidl_typesupport_cpp
[0.566s] [ 44%] Built target ros2_interfaces__rosidl_typesupport_introspection_c
[0.567s] [ 55%] Built target ros2_interfaces__rosidl_typesupport_c
[0.568s] [ 65%] Built target ros2_interfaces__rosidl_typesupport_fastrtps_cpp
[0.587s] [ 76%] Built target ros2_interfaces__rosidl_typesupport_fastrtps_c
[0.599s] [ 76%] Built target ros2_interfaces
[0.611s] [ 78%] Built target ros2_interfaces__py
[0.629s] [ 87%] Built target ros2_interfaces__python
[0.648s] [ 91%] Built target ros2_interfaces__rosidl_typesupport_c__pyext
[0.649s] [ 95%] Built target ros2_interfaces__rosidl_typesupport_fastrtps_c__pyext
[0.650s] [100%] Built target ros2_interfaces__rosidl_typesupport_introspection_c__pyext
[0.939s] Invoked command in '/home/zhe/code/soccer_b_ws/build/ros2_interfaces' returned '0': CMAKE_PREFIX_PATH=${CMAKE_PREFIX_PATH}:/home/zhe/code/soccer_b_ws/install/vision_test:/home/zhe/code/soccer_b_ws/install/test_package:/home/zhe/code/soccer_b_ws/install/rm_control:/home/zhe/code/soccer_b_ws/install/motion_capture:/home/zhe/code/tf2tut/install/learning_tf2_py:/home/zhe/code/rm_ws/install/robomaster_ros:/home/zhe/code/gy_ws/install/learning_urdf:/home/zhe/code/gy_ws/install/learning_topic:/home/zhe/code/gy_ws/install/learning_tf:/home/zhe/code/gy_ws/install/learning_service:/home/zhe/code/gy_ws/install/learning_qos:/home/zhe/code/gy_ws/install/learning_pkg_python:/home/zhe/code/gy_ws/install/learning_parameter:/home/zhe/code/gy_ws/install/learning_node:/home/zhe/code/gy_ws/install/learning_launch:/home/zhe/code/gy_ws/install/learning_action:/home/zhe/code/gy_ws/install/learning_gazebo:/home/zhe/code/gy_ws/install/learning_cv:/opt/ros/galactic /usr/bin/cmake --build /home/zhe/code/soccer_b_ws/build/ros2_interfaces -- -j12 -l12
[0.992s] Invoking command in '/home/zhe/code/soccer_b_ws/build/ros2_interfaces': CMAKE_PREFIX_PATH=${CMAKE_PREFIX_PATH}:/home/zhe/code/soccer_b_ws/install/vision_test:/home/zhe/code/soccer_b_ws/install/test_package:/home/zhe/code/soccer_b_ws/install/rm_control:/home/zhe/code/soccer_b_ws/install/motion_capture:/home/zhe/code/tf2tut/install/learning_tf2_py:/home/zhe/code/rm_ws/install/robomaster_ros:/home/zhe/code/gy_ws/install/learning_urdf:/home/zhe/code/gy_ws/install/learning_topic:/home/zhe/code/gy_ws/install/learning_tf:/home/zhe/code/gy_ws/install/learning_service:/home/zhe/code/gy_ws/install/learning_qos:/home/zhe/code/gy_ws/install/learning_pkg_python:/home/zhe/code/gy_ws/install/learning_parameter:/home/zhe/code/gy_ws/install/learning_node:/home/zhe/code/gy_ws/install/learning_launch:/home/zhe/code/gy_ws/install/learning_action:/home/zhe/code/gy_ws/install/learning_gazebo:/home/zhe/code/gy_ws/install/learning_cv:/opt/ros/galactic /usr/bin/cmake --install /home/zhe/code/soccer_b_ws/build/ros2_interfaces
[0.997s] -- Install configuration: ""
[0.998s] -- Execute custom install script
[0.998s] -- Up-to-date symlink: /home/zhe/code/soccer_b_ws/install/ros2_interfaces/share/ament_index/resource_index/rosidl_interfaces/ros2_interfaces
[0.998s] -- Up-to-date symlink: /home/zhe/code/soccer_b_ws/install/ros2_interfaces/include/ros2_interfaces/msg/detail/robot_pose__functions.h
[0.999s] -- Up-to-date symlink: /home/zhe/code/soccer_b_ws/install/ros2_interfaces/include/ros2_interfaces/msg/detail/robot_pose__struct.h
[0.999s] -- Up-to-date symlink: /home/zhe/code/soccer_b_ws/install/ros2_interfaces/include/ros2_interfaces/msg/detail/robot_pose__type_support.h
[0.999s] -- Up-to-date symlink: /home/zhe/code/soccer_b_ws/install/ros2_interfaces/include/ros2_interfaces/msg/detail/robot_twist2_d__functions.h
[0.999s] -- Up-to-date symlink: /home/zhe/code/soccer_b_ws/install/ros2_interfaces/include/ros2_interfaces/msg/detail/robot_twist2_d__struct.h
[0.999s] -- Up-to-date symlink: /home/zhe/code/soccer_b_ws/install/ros2_interfaces/include/ros2_interfaces/msg/detail/robot_twist2_d__type_support.h
[0.999s] -- Up-to-date symlink: /home/zhe/code/soccer_b_ws/install/ros2_interfaces/include/ros2_interfaces/msg/detail/robot_twist__functions.h
[0.999s] -- Up-to-date symlink: /home/zhe/code/soccer_b_ws/install/ros2_interfaces/include/ros2_interfaces/msg/detail/robot_twist__struct.h
[0.999s] -- Up-to-date symlink: /home/zhe/code/soccer_b_ws/install/ros2_interfaces/include/ros2_interfaces/msg/detail/robot_twist__type_support.h
[0.999s] -- Up-to-date symlink: /home/zhe/code/soccer_b_ws/install/ros2_interfaces/include/ros2_interfaces/msg/robot_pose.h
[0.999s] -- Up-to-date symlink: /home/zhe/code/soccer_b_ws/install/ros2_interfaces/include/ros2_interfaces/msg/robot_twist.h
[0.999s] -- Up-to-date symlink: /home/zhe/code/soccer_b_ws/install/ros2_interfaces/include/ros2_interfaces/msg/robot_twist2_d.h
[1.000s] -- Up-to-date symlink: /home/zhe/code/soccer_b_ws/install/ros2_interfaces/include/ros2_interfaces/msg/rosidl_generator_c__visibility_control.h
[1.000s] -- Up-to-date symlink: /home/zhe/code/soccer_b_ws/install/ros2_interfaces/include/ros2_interfaces/srv/control.h
[1.000s] -- Up-to-date symlink: /home/zhe/code/soccer_b_ws/install/ros2_interfaces/include/ros2_interfaces/srv/detail/control__functions.h
[1.000s] -- Up-to-date symlink: /home/zhe/code/soccer_b_ws/install/ros2_interfaces/include/ros2_interfaces/srv/detail/control__struct.h
[1.000s] -- Up-to-date symlink: /home/zhe/code/soccer_b_ws/install/ros2_interfaces/include/ros2_interfaces/srv/detail/control__type_support.h
[1.000s] -- Up-to-date symlink: /home/zhe/code/soccer_b_ws/install/ros2_interfaces/share/ros2_interfaces/environment/library_path.sh
[1.000s] -- Up-to-date symlink: /home/zhe/code/soccer_b_ws/install/ros2_interfaces/share/ros2_interfaces/environment/library_path.dsv
[1.001s] -- Up-to-date symlink: /home/zhe/code/soccer_b_ws/install/ros2_interfaces/include/ros2_interfaces/msg/detail/robot_pose__rosidl_typesupport_fastrtps_c.h
[1.001s] -- Up-to-date symlink: /home/zhe/code/soccer_b_ws/install/ros2_interfaces/include/ros2_interfaces/msg/detail/robot_twist2_d__rosidl_typesupport_fastrtps_c.h
[1.001s] -- Up-to-date symlink: /home/zhe/code/soccer_b_ws/install/ros2_interfaces/include/ros2_interfaces/msg/detail/robot_twist__rosidl_typesupport_fastrtps_c.h
[1.001s] -- Up-to-date symlink: /home/zhe/code/soccer_b_ws/install/ros2_interfaces/include/ros2_interfaces/msg/rosidl_typesupport_fastrtps_c__visibility_control.h
[1.001s] -- Up-to-date symlink: /home/zhe/code/soccer_b_ws/install/ros2_interfaces/include/ros2_interfaces/srv/detail/control__rosidl_typesupport_fastrtps_c.h
[1.001s] -- Up-to-date symlink: /home/zhe/code/soccer_b_ws/install/ros2_interfaces/lib/libros2_interfaces__rosidl_typesupport_fastrtps_c.so
[1.002s] -- Up-to-date symlink: /home/zhe/code/soccer_b_ws/install/ros2_interfaces/include/ros2_interfaces/msg/detail/robot_pose__rosidl_typesupport_fastrtps_cpp.hpp
[1.002s] -- Up-to-date symlink: /home/zhe/code/soccer_b_ws/install/ros2_interfaces/include/ros2_interfaces/msg/detail/robot_twist2_d__rosidl_typesupport_fastrtps_cpp.hpp
[1.002s] -- Up-to-date symlink: /home/zhe/code/soccer_b_ws/install/ros2_interfaces/include/ros2_interfaces/msg/detail/robot_twist__rosidl_typesupport_fastrtps_cpp.hpp
[1.002s] -- Up-to-date symlink: /home/zhe/code/soccer_b_ws/install/ros2_interfaces/include/ros2_interfaces/msg/rosidl_typesupport_fastrtps_cpp__visibility_control.h
[1.002s] -- Up-to-date symlink: /home/zhe/code/soccer_b_ws/install/ros2_interfaces/include/ros2_interfaces/srv/detail/control__rosidl_typesupport_fastrtps_cpp.hpp
[1.002s] -- Up-to-date symlink: /home/zhe/code/soccer_b_ws/install/ros2_interfaces/lib/libros2_interfaces__rosidl_typesupport_fastrtps_cpp.so
[1.002s] -- Up-to-date symlink: /home/zhe/code/soccer_b_ws/install/ros2_interfaces/include/ros2_interfaces/msg/detail/robot_pose__rosidl_typesupport_introspection_c.h
[1.002s] -- Up-to-date symlink: /home/zhe/code/soccer_b_ws/install/ros2_interfaces/include/ros2_interfaces/msg/detail/robot_twist2_d__rosidl_typesupport_introspection_c.h
[1.003s] -- Up-to-date symlink: /home/zhe/code/soccer_b_ws/install/ros2_interfaces/include/ros2_interfaces/msg/detail/robot_twist__rosidl_typesupport_introspection_c.h
[1.003s] -- Up-to-date symlink: /home/zhe/code/soccer_b_ws/install/ros2_interfaces/include/ros2_interfaces/msg/rosidl_typesupport_introspection_c__visibility_control.h
[1.003s] -- Up-to-date symlink: /home/zhe/code/soccer_b_ws/install/ros2_interfaces/include/ros2_interfaces/srv/detail/control__rosidl_typesupport_introspection_c.h
[1.003s] -- Up-to-date symlink: /home/zhe/code/soccer_b_ws/install/ros2_interfaces/include/ros2_interfaces/msg/detail/robot_pose__builder.hpp
[1.003s] -- Up-to-date symlink: /home/zhe/code/soccer_b_ws/install/ros2_interfaces/include/ros2_interfaces/msg/detail/robot_pose__struct.hpp
[1.003s] -- Up-to-date symlink: /home/zhe/code/soccer_b_ws/install/ros2_interfaces/include/ros2_interfaces/msg/detail/robot_pose__traits.hpp
[1.003s] -- Up-to-date symlink: /home/zhe/code/soccer_b_ws/install/ros2_interfaces/include/ros2_interfaces/msg/detail/robot_twist2_d__builder.hpp
[1.004s] -- Up-to-date symlink: /home/zhe/code/soccer_b_ws/install/ros2_interfaces/include/ros2_interfaces/msg/detail/robot_twist2_d__struct.hpp
[1.004s] -- Up-to-date symlink: /home/zhe/code/soccer_b_ws/install/ros2_interfaces/include/ros2_interfaces/msg/detail/robot_twist2_d__traits.hpp
[1.004s] -- Up-to-date symlink: /home/zhe/code/soccer_b_ws/install/ros2_interfaces/include/ros2_interfaces/msg/detail/robot_twist__builder.hpp
[1.004s] -- Up-to-date symlink: /home/zhe/code/soccer_b_ws/install/ros2_interfaces/include/ros2_interfaces/msg/detail/robot_twist__struct.hpp
[1.004s] -- Up-to-date symlink: /home/zhe/code/soccer_b_ws/install/ros2_interfaces/include/ros2_interfaces/msg/detail/robot_twist__traits.hpp
[1.004s] -- Up-to-date symlink: /home/zhe/code/soccer_b_ws/install/ros2_interfaces/include/ros2_interfaces/msg/robot_pose.hpp
[1.004s] -- Up-to-date symlink: /home/zhe/code/soccer_b_ws/install/ros2_interfaces/include/ros2_interfaces/msg/robot_twist.hpp
[1.004s] -- Up-to-date symlink: /home/zhe/code/soccer_b_ws/install/ros2_interfaces/include/ros2_interfaces/msg/robot_twist2_d.hpp
[1.004s] -- Up-to-date symlink: /home/zhe/code/soccer_b_ws/install/ros2_interfaces/include/ros2_interfaces/srv/control.hpp
[1.004s] -- Up-to-date symlink: /home/zhe/code/soccer_b_ws/install/ros2_interfaces/include/ros2_interfaces/srv/detail/control__builder.hpp
[1.004s] -- Up-to-date symlink: /home/zhe/code/soccer_b_ws/install/ros2_interfaces/include/ros2_interfaces/srv/detail/control__struct.hpp
[1.005s] -- Up-to-date symlink: /home/zhe/code/soccer_b_ws/install/ros2_interfaces/include/ros2_interfaces/srv/detail/control__traits.hpp
[1.005s] -- Up-to-date symlink: /home/zhe/code/soccer_b_ws/install/ros2_interfaces/include/ros2_interfaces/msg/detail/robot_pose__rosidl_typesupport_introspection_cpp.hpp
[1.005s] -- Up-to-date symlink: /home/zhe/code/soccer_b_ws/install/ros2_interfaces/include/ros2_interfaces/msg/detail/robot_twist2_d__rosidl_typesupport_introspection_cpp.hpp
[1.005s] -- Up-to-date symlink: /home/zhe/code/soccer_b_ws/install/ros2_interfaces/include/ros2_interfaces/msg/detail/robot_twist__rosidl_typesupport_introspection_cpp.hpp
[1.005s] -- Up-to-date symlink: /home/zhe/code/soccer_b_ws/install/ros2_interfaces/include/ros2_interfaces/srv/detail/control__rosidl_typesupport_introspection_cpp.hpp
[1.005s] -- Up-to-date symlink: /home/zhe/code/soccer_b_ws/install/ros2_interfaces/share/ros2_interfaces/environment/pythonpath.sh
[1.006s] -- Up-to-date symlink: /home/zhe/code/soccer_b_ws/install/ros2_interfaces/share/ros2_interfaces/environment/pythonpath.dsv
[1.006s] -- Up-to-date symlink: /home/zhe/code/soccer_b_ws/install/ros2_interfaces/lib/python3.8/site-packages/ros2_interfaces/__init__.py
[1.006s] -- Up-to-date symlink: /home/zhe/code/soccer_b_ws/install/ros2_interfaces/lib/python3.8/site-packages/ros2_interfaces/srv/__init__.py
[1.006s] -- Up-to-date symlink: /home/zhe/code/soccer_b_ws/install/ros2_interfaces/lib/python3.8/site-packages/ros2_interfaces/srv/_control.py
[1.006s] -- Up-to-date symlink: /home/zhe/code/soccer_b_ws/install/ros2_interfaces/lib/python3.8/site-packages/ros2_interfaces/msg/__init__.py
[1.006s] -- Up-to-date symlink: /home/zhe/code/soccer_b_ws/install/ros2_interfaces/lib/python3.8/site-packages/ros2_interfaces/msg/_robot_pose.py
[1.006s] -- Up-to-date symlink: /home/zhe/code/soccer_b_ws/install/ros2_interfaces/lib/python3.8/site-packages/ros2_interfaces/msg/_robot_twist.py
[1.007s] -- Up-to-date symlink: /home/zhe/code/soccer_b_ws/install/ros2_interfaces/lib/python3.8/site-packages/ros2_interfaces/msg/_robot_twist2_d.py
[1.007s] -- Up-to-date symlink: /home/zhe/code/soccer_b_ws/install/ros2_interfaces/lib/python3.8/site-packages/ros2_interfaces/ros2_interfaces_s__rosidl_typesupport_fastrtps_c.cpython-38-x86_64-linux-gnu.so
[1.007s] -- Up-to-date symlink: /home/zhe/code/soccer_b_ws/install/ros2_interfaces/lib/python3.8/site-packages/ros2_interfaces/ros2_interfaces_s__rosidl_typesupport_introspection_c.cpython-38-x86_64-linux-gnu.so
[1.007s] -- Up-to-date symlink: /home/zhe/code/soccer_b_ws/install/ros2_interfaces/lib/python3.8/site-packages/ros2_interfaces/ros2_interfaces_s__rosidl_typesupport_c.cpython-38-x86_64-linux-gnu.so
[1.007s] -- Up-to-date symlink: /home/zhe/code/soccer_b_ws/install/ros2_interfaces/lib/libros2_interfaces__python.so
[1.008s] -- Up-to-date symlink: /home/zhe/code/soccer_b_ws/install/ros2_interfaces/share/ros2_interfaces/srv/Control.idl
[1.008s] -- Up-to-date symlink: /home/zhe/code/soccer_b_ws/install/ros2_interfaces/share/ros2_interfaces/msg/RobotPose.idl
[1.008s] -- Up-to-date symlink: /home/zhe/code/soccer_b_ws/install/ros2_interfaces/share/ros2_interfaces/msg/RobotTwist2D.idl
[1.008s] -- Up-to-date symlink: /home/zhe/code/soccer_b_ws/install/ros2_interfaces/share/ros2_interfaces/srv/Control.srv
[1.008s] -- Up-to-date symlink: /home/zhe/code/soccer_b_ws/install/ros2_interfaces/share/ros2_interfaces/srv/Control_Request.msg
[1.008s] -- Up-to-date symlink: /home/zhe/code/soccer_b_ws/install/ros2_interfaces/share/ros2_interfaces/srv/Control_Response.msg
[1.008s] -- Up-to-date symlink: /home/zhe/code/soccer_b_ws/install/ros2_interfaces/share/ros2_interfaces/msg/RobotPose.msg
[1.009s] -- Up-to-date symlink: /home/zhe/code/soccer_b_ws/install/ros2_interfaces/share/ros2_interfaces/msg/RobotTwist2D.msg
[1.009s] -- Up-to-date symlink: /home/zhe/code/soccer_b_ws/install/ros2_interfaces/share/ament_index/resource_index/package_run_dependencies/ros2_interfaces
[1.009s] -- Up-to-date symlink: /home/zhe/code/soccer_b_ws/install/ros2_interfaces/share/ament_index/resource_index/parent_prefix_path/ros2_interfaces
[1.009s] -- Up-to-date symlink: /home/zhe/code/soccer_b_ws/install/ros2_interfaces/share/ros2_interfaces/environment/ament_prefix_path.sh
[1.009s] -- Up-to-date symlink: /home/zhe/code/soccer_b_ws/install/ros2_interfaces/share/ros2_interfaces/environment/ament_prefix_path.dsv
[1.009s] -- Up-to-date symlink: /home/zhe/code/soccer_b_ws/install/ros2_interfaces/share/ros2_interfaces/environment/path.sh
[1.010s] -- Up-to-date symlink: /home/zhe/code/soccer_b_ws/install/ros2_interfaces/share/ros2_interfaces/environment/path.dsv
[1.010s] -- Up-to-date symlink: /home/zhe/code/soccer_b_ws/install/ros2_interfaces/share/ros2_interfaces/local_setup.bash
[1.010s] -- Up-to-date symlink: /home/zhe/code/soccer_b_ws/install/ros2_interfaces/share/ros2_interfaces/local_setup.sh
[1.010s] -- Up-to-date symlink: /home/zhe/code/soccer_b_ws/install/ros2_interfaces/share/ros2_interfaces/local_setup.zsh
[1.010s] -- Up-to-date symlink: /home/zhe/code/soccer_b_ws/install/ros2_interfaces/share/ros2_interfaces/local_setup.dsv
[1.010s] -- Symlinking: /home/zhe/code/soccer_b_ws/install/ros2_interfaces/share/ros2_interfaces/package.dsv
[1.017s] -- Up-to-date symlink: /home/zhe/code/soccer_b_ws/install/ros2_interfaces/share/ament_index/resource_index/packages/ros2_interfaces
[1.017s] -- Up-to-date symlink: /home/zhe/code/soccer_b_ws/install/ros2_interfaces/share/ros2_interfaces/cmake/rosidl_cmake-extras.cmake
[1.017s] -- Up-to-date symlink: /home/zhe/code/soccer_b_ws/install/ros2_interfaces/share/ros2_interfaces/cmake/ament_cmake_export_dependencies-extras.cmake
[1.017s] -- Up-to-date symlink: /home/zhe/code/soccer_b_ws/install/ros2_interfaces/share/ros2_interfaces/cmake/ament_cmake_export_libraries-extras.cmake
[1.018s] -- Up-to-date symlink: /home/zhe/code/soccer_b_ws/install/ros2_interfaces/share/ros2_interfaces/cmake/ament_cmake_export_targets-extras.cmake
[1.018s] -- Up-to-date symlink: /home/zhe/code/soccer_b_ws/install/ros2_interfaces/share/ros2_interfaces/cmake/ament_cmake_export_include_directories-extras.cmake
[1.018s] -- Up-to-date symlink: /home/zhe/code/soccer_b_ws/install/ros2_interfaces/share/ros2_interfaces/cmake/rosidl_cmake_export_typesupport_libraries-extras.cmake
[1.018s] -- Up-to-date symlink: /home/zhe/code/soccer_b_ws/install/ros2_interfaces/share/ros2_interfaces/cmake/rosidl_cmake_export_typesupport_targets-extras.cmake
[1.018s] -- Up-to-date symlink: /home/zhe/code/soccer_b_ws/install/ros2_interfaces/share/ros2_interfaces/cmake/ros2_interfacesConfig.cmake
[1.019s] -- Up-to-date symlink: /home/zhe/code/soccer_b_ws/install/ros2_interfaces/share/ros2_interfaces/cmake/ros2_interfacesConfig-version.cmake
[1.019s] -- Up-to-date symlink: /home/zhe/code/soccer_b_ws/install/ros2_interfaces/share/ros2_interfaces/package.xml
[1.019s] -- Up-to-date: /home/zhe/code/soccer_b_ws/install/ros2_interfaces/lib/libros2_interfaces__rosidl_generator_c.so
[1.019s] -- Up-to-date: /home/zhe/code/soccer_b_ws/install/ros2_interfaces/lib/libros2_interfaces__rosidl_typesupport_introspection_c.so
[1.020s] -- Up-to-date: /home/zhe/code/soccer_b_ws/install/ros2_interfaces/lib/libros2_interfaces__rosidl_typesupport_c.so
[1.020s] -- Up-to-date: /home/zhe/code/soccer_b_ws/install/ros2_interfaces/lib/libros2_interfaces__rosidl_typesupport_introspection_cpp.so
[1.020s] -- Up-to-date: /home/zhe/code/soccer_b_ws/install/ros2_interfaces/lib/libros2_interfaces__rosidl_typesupport_cpp.so
[1.061s] -- Up-to-date: /home/zhe/code/soccer_b_ws/install/ros2_interfaces/share/ros2_interfaces/cmake/ros2_interfaces__rosidl_generator_cExport.cmake
[1.061s] -- Up-to-date: /home/zhe/code/soccer_b_ws/install/ros2_interfaces/share/ros2_interfaces/cmake/ros2_interfaces__rosidl_generator_cExport-noconfig.cmake
[1.061s] -- Up-to-date: /home/zhe/code/soccer_b_ws/install/ros2_interfaces/share/ros2_interfaces/cmake/ros2_interfaces__rosidl_typesupport_introspection_cExport.cmake
[1.061s] -- Up-to-date: /home/zhe/code/soccer_b_ws/install/ros2_interfaces/share/ros2_interfaces/cmake/ros2_interfaces__rosidl_typesupport_introspection_cExport-noconfig.cmake
[1.061s] -- Up-to-date: /home/zhe/code/soccer_b_ws/install/ros2_interfaces/share/ros2_interfaces/cmake/ros2_interfaces__rosidl_typesupport_cExport.cmake
[1.061s] -- Up-to-date: /home/zhe/code/soccer_b_ws/install/ros2_interfaces/share/ros2_interfaces/cmake/ros2_interfaces__rosidl_typesupport_cExport-noconfig.cmake
[1.061s] -- Up-to-date: /home/zhe/code/soccer_b_ws/install/ros2_interfaces/share/ros2_interfaces/cmake/ros2_interfaces__rosidl_generator_cppExport.cmake
[1.062s] -- Up-to-date: /home/zhe/code/soccer_b_ws/install/ros2_interfaces/share/ros2_interfaces/cmake/ros2_interfaces__rosidl_typesupport_introspection_cppExport.cmake
[1.062s] -- Up-to-date: /home/zhe/code/soccer_b_ws/install/ros2_interfaces/share/ros2_interfaces/cmake/ros2_interfaces__rosidl_typesupport_introspection_cppExport-noconfig.cmake
[1.062s] -- Up-to-date: /home/zhe/code/soccer_b_ws/install/ros2_interfaces/share/ros2_interfaces/cmake/ros2_interfaces__rosidl_typesupport_cppExport.cmake
[1.062s] -- Up-to-date: /home/zhe/code/soccer_b_ws/install/ros2_interfaces/share/ros2_interfaces/cmake/ros2_interfaces__rosidl_typesupport_cppExport-noconfig.cmake
[1.064s] Invoked command in '/home/zhe/code/soccer_b_ws/build/ros2_interfaces' returned '0': CMAKE_PREFIX_PATH=${CMAKE_PREFIX_PATH}:/home/zhe/code/soccer_b_ws/install/vision_test:/home/zhe/code/soccer_b_ws/install/test_package:/home/zhe/code/soccer_b_ws/install/rm_control:/home/zhe/code/soccer_b_ws/install/motion_capture:/home/zhe/code/tf2tut/install/learning_tf2_py:/home/zhe/code/rm_ws/install/robomaster_ros:/home/zhe/code/gy_ws/install/learning_urdf:/home/zhe/code/gy_ws/install/learning_topic:/home/zhe/code/gy_ws/install/learning_tf:/home/zhe/code/gy_ws/install/learning_service:/home/zhe/code/gy_ws/install/learning_qos:/home/zhe/code/gy_ws/install/learning_pkg_python:/home/zhe/code/gy_ws/install/learning_parameter:/home/zhe/code/gy_ws/install/learning_node:/home/zhe/code/gy_ws/install/learning_launch:/home/zhe/code/gy_ws/install/learning_action:/home/zhe/code/gy_ws/install/learning_gazebo:/home/zhe/code/gy_ws/install/learning_cv:/opt/ros/galactic /usr/bin/cmake --install /home/zhe/code/soccer_b_ws/build/ros2_interfaces
