running develop
running egg_info
creating motion_capture.egg-info
writing motion_capture.egg-info/PKG-INFO
writing dependency_links to motion_capture.egg-info/dependency_links.txt
writing entry points to motion_capture.egg-info/entry_points.txt
writing requirements to motion_capture.egg-info/requires.txt
writing top-level names to motion_capture.egg-info/top_level.txt
writing manifest file 'motion_capture.egg-info/SOURCES.txt'
reading manifest file 'motion_capture.egg-info/SOURCES.txt'
writing manifest file 'motion_capture.egg-info/SOURCES.txt'
running build_ext
Creating /home/zhe/code/soccer_b_ws/src/install/motion_capture/lib/python3.8/site-packages/site.py
Creating /home/zhe/code/soccer_b_ws/src/install/motion_capture/lib/python3.8/site-packages/motion-capture.egg-link (link to .)

Installed /home/zhe/code/soccer_b_ws/src/build/motion_capture
running install_data
creating /home/zhe/code/soccer_b_ws/src/install/motion_capture/share/ament_index
creating /home/zhe/code/soccer_b_ws/src/install/motion_capture/share/ament_index/resource_index
creating /home/zhe/code/soccer_b_ws/src/install/motion_capture/share/ament_index/resource_index/packages
copying resource/motion_capture -> /home/zhe/code/soccer_b_ws/src/install/motion_capture/share/ament_index/resource_index/packages
copying package.xml -> /home/zhe/code/soccer_b_ws/src/install/motion_capture/share/motion_capture
