[0.350s] Invoking command in '/home/zhe/code/soccer_b_ws/build/ros2_interfaces': CMAKE_PREFIX_PATH=${CMAKE_PREFIX_PATH}:/home/zhe/code/soccer_b_ws/install/test_package:/home/zhe/code/soccer_b_ws/install/vision_test:/home/zhe/code/rm_ws/install/robomaster_ros:/home/zhe/code/gy_ws/install/learning_urdf:/home/zhe/code/gy_ws/install/learning_topic:/home/zhe/code/gy_ws/install/learning_tf:/home/zhe/code/gy_ws/install/learning_service:/home/zhe/code/gy_ws/install/learning_qos:/home/zhe/code/gy_ws/install/learning_pkg_python:/home/zhe/code/gy_ws/install/learning_parameter:/home/zhe/code/gy_ws/install/learning_node:/home/zhe/code/gy_ws/install/learning_launch:/home/zhe/code/gy_ws/install/learning_action:/home/zhe/code/gy_ws/install/learning_gazebo:/home/zhe/code/gy_ws/install/learning_cv:/opt/ros/galactic /usr/bin/cmake --build /home/zhe/code/soccer_b_ws/build/ros2_interfaces -- -j12 -l12
[0.378s] [  3%] Built target ros2_interfaces__cpp
[0.379s] [ 12%] Built target ros2_interfaces__rosidl_generator_c
[0.392s] [ 38%] Built target ros2_interfaces__rosidl_typesupport_introspection_cpp
[0.392s] [ 38%] Built target ros2_interfaces__rosidl_typesupport_c
[0.392s] [ 41%] Built target ros2_interfaces__rosidl_typesupport_cpp
[0.392s] [ 51%] Built target ros2_interfaces__rosidl_typesupport_introspection_c
[0.393s] [ 61%] Built target ros2_interfaces__rosidl_typesupport_fastrtps_cpp
[0.408s] [ 70%] Built target ros2_interfaces__rosidl_typesupport_fastrtps_c
[0.418s] [ 70%] Built target ros2_interfaces
[0.430s] [ 74%] Built target ros2_interfaces__py
[0.443s] [ 80%] Built target ros2_interfaces__python
[0.458s] [ 93%] Built target ros2_interfaces__rosidl_typesupport_introspection_c__pyext
[0.458s] [ 93%] Built target ros2_interfaces__rosidl_typesupport_c__pyext
[0.458s] [100%] Built target ros2_interfaces__rosidl_typesupport_fastrtps_c__pyext
[0.650s] Invoked command in '/home/zhe/code/soccer_b_ws/build/ros2_interfaces' returned '0': CMAKE_PREFIX_PATH=${CMAKE_PREFIX_PATH}:/home/zhe/code/soccer_b_ws/install/test_package:/home/zhe/code/soccer_b_ws/install/vision_test:/home/zhe/code/rm_ws/install/robomaster_ros:/home/zhe/code/gy_ws/install/learning_urdf:/home/zhe/code/gy_ws/install/learning_topic:/home/zhe/code/gy_ws/install/learning_tf:/home/zhe/code/gy_ws/install/learning_service:/home/zhe/code/gy_ws/install/learning_qos:/home/zhe/code/gy_ws/install/learning_pkg_python:/home/zhe/code/gy_ws/install/learning_parameter:/home/zhe/code/gy_ws/install/learning_node:/home/zhe/code/gy_ws/install/learning_launch:/home/zhe/code/gy_ws/install/learning_action:/home/zhe/code/gy_ws/install/learning_gazebo:/home/zhe/code/gy_ws/install/learning_cv:/opt/ros/galactic /usr/bin/cmake --build /home/zhe/code/soccer_b_ws/build/ros2_interfaces -- -j12 -l12
[0.682s] Invoking command in '/home/zhe/code/soccer_b_ws/build/ros2_interfaces': CMAKE_PREFIX_PATH=${CMAKE_PREFIX_PATH}:/home/zhe/code/soccer_b_ws/install/test_package:/home/zhe/code/soccer_b_ws/install/vision_test:/home/zhe/code/rm_ws/install/robomaster_ros:/home/zhe/code/gy_ws/install/learning_urdf:/home/zhe/code/gy_ws/install/learning_topic:/home/zhe/code/gy_ws/install/learning_tf:/home/zhe/code/gy_ws/install/learning_service:/home/zhe/code/gy_ws/install/learning_qos:/home/zhe/code/gy_ws/install/learning_pkg_python:/home/zhe/code/gy_ws/install/learning_parameter:/home/zhe/code/gy_ws/install/learning_node:/home/zhe/code/gy_ws/install/learning_launch:/home/zhe/code/gy_ws/install/learning_action:/home/zhe/code/gy_ws/install/learning_gazebo:/home/zhe/code/gy_ws/install/learning_cv:/opt/ros/galactic /usr/bin/cmake --install /home/zhe/code/soccer_b_ws/build/ros2_interfaces
[0.687s] -- Install configuration: ""
[0.687s] -- Execute custom install script
[0.688s] -- Up-to-date symlink: /home/zhe/code/soccer_b_ws/install/ros2_interfaces/share/ament_index/resource_index/rosidl_interfaces/ros2_interfaces
[0.688s] -- Up-to-date symlink: /home/zhe/code/soccer_b_ws/install/ros2_interfaces/include/ros2_interfaces/msg/detail/robot_pose__functions.h
[0.688s] -- Up-to-date symlink: /home/zhe/code/soccer_b_ws/install/ros2_interfaces/include/ros2_interfaces/msg/detail/robot_pose__struct.h
[0.688s] -- Up-to-date symlink: /home/zhe/code/soccer_b_ws/install/ros2_interfaces/include/ros2_interfaces/msg/detail/robot_pose__type_support.h
[0.688s] -- Up-to-date symlink: /home/zhe/code/soccer_b_ws/install/ros2_interfaces/include/ros2_interfaces/msg/robot_pose.h
[0.688s] -- Up-to-date symlink: /home/zhe/code/soccer_b_ws/install/ros2_interfaces/include/ros2_interfaces/msg/rosidl_generator_c__visibility_control.h
[0.688s] -- Up-to-date symlink: /home/zhe/code/soccer_b_ws/install/ros2_interfaces/share/ros2_interfaces/environment/library_path.sh
[0.688s] -- Up-to-date symlink: /home/zhe/code/soccer_b_ws/install/ros2_interfaces/share/ros2_interfaces/environment/library_path.dsv
[0.689s] -- Up-to-date symlink: /home/zhe/code/soccer_b_ws/install/ros2_interfaces/include/ros2_interfaces/msg/detail/robot_pose__rosidl_typesupport_fastrtps_c.h
[0.689s] -- Up-to-date symlink: /home/zhe/code/soccer_b_ws/install/ros2_interfaces/include/ros2_interfaces/msg/rosidl_typesupport_fastrtps_c__visibility_control.h
[0.689s] -- Up-to-date symlink: /home/zhe/code/soccer_b_ws/install/ros2_interfaces/lib/libros2_interfaces__rosidl_typesupport_fastrtps_c.so
[0.689s] -- Up-to-date symlink: /home/zhe/code/soccer_b_ws/install/ros2_interfaces/include/ros2_interfaces/msg/detail/robot_pose__rosidl_typesupport_fastrtps_cpp.hpp
[0.689s] -- Up-to-date symlink: /home/zhe/code/soccer_b_ws/install/ros2_interfaces/include/ros2_interfaces/msg/rosidl_typesupport_fastrtps_cpp__visibility_control.h
[0.690s] -- Up-to-date symlink: /home/zhe/code/soccer_b_ws/install/ros2_interfaces/lib/libros2_interfaces__rosidl_typesupport_fastrtps_cpp.so
[0.690s] -- Up-to-date symlink: /home/zhe/code/soccer_b_ws/install/ros2_interfaces/include/ros2_interfaces/msg/detail/robot_pose__rosidl_typesupport_introspection_c.h
[0.690s] -- Up-to-date symlink: /home/zhe/code/soccer_b_ws/install/ros2_interfaces/include/ros2_interfaces/msg/rosidl_typesupport_introspection_c__visibility_control.h
[0.690s] -- Up-to-date symlink: /home/zhe/code/soccer_b_ws/install/ros2_interfaces/include/ros2_interfaces/msg/detail/robot_pose__builder.hpp
[0.690s] -- Up-to-date symlink: /home/zhe/code/soccer_b_ws/install/ros2_interfaces/include/ros2_interfaces/msg/detail/robot_pose__struct.hpp
[0.690s] -- Up-to-date symlink: /home/zhe/code/soccer_b_ws/install/ros2_interfaces/include/ros2_interfaces/msg/detail/robot_pose__traits.hpp
[0.690s] -- Up-to-date symlink: /home/zhe/code/soccer_b_ws/install/ros2_interfaces/include/ros2_interfaces/msg/robot_pose.hpp
[0.691s] -- Up-to-date symlink: /home/zhe/code/soccer_b_ws/install/ros2_interfaces/include/ros2_interfaces/msg/detail/robot_pose__rosidl_typesupport_introspection_cpp.hpp
[0.691s] -- Up-to-date symlink: /home/zhe/code/soccer_b_ws/install/ros2_interfaces/share/ros2_interfaces/environment/pythonpath.sh
[0.691s] -- Up-to-date symlink: /home/zhe/code/soccer_b_ws/install/ros2_interfaces/share/ros2_interfaces/environment/pythonpath.dsv
[0.691s] -- Up-to-date symlink: /home/zhe/code/soccer_b_ws/install/ros2_interfaces/lib/python3.8/site-packages/ros2_interfaces/__init__.py
[0.691s] -- Up-to-date symlink: /home/zhe/code/soccer_b_ws/install/ros2_interfaces/lib/python3.8/site-packages/ros2_interfaces/msg/__init__.py
[0.691s] -- Up-to-date symlink: /home/zhe/code/soccer_b_ws/install/ros2_interfaces/lib/python3.8/site-packages/ros2_interfaces/msg/_robot_pose.py
[0.692s] -- Up-to-date symlink: /home/zhe/code/soccer_b_ws/install/ros2_interfaces/lib/python3.8/site-packages/ros2_interfaces/ros2_interfaces_s__rosidl_typesupport_fastrtps_c.cpython-38-x86_64-linux-gnu.so
[0.692s] -- Up-to-date symlink: /home/zhe/code/soccer_b_ws/install/ros2_interfaces/lib/python3.8/site-packages/ros2_interfaces/ros2_interfaces_s__rosidl_typesupport_introspection_c.cpython-38-x86_64-linux-gnu.so
[0.692s] -- Up-to-date symlink: /home/zhe/code/soccer_b_ws/install/ros2_interfaces/lib/python3.8/site-packages/ros2_interfaces/ros2_interfaces_s__rosidl_typesupport_c.cpython-38-x86_64-linux-gnu.so
[0.692s] -- Up-to-date symlink: /home/zhe/code/soccer_b_ws/install/ros2_interfaces/lib/libros2_interfaces__python.so
[0.692s] -- Up-to-date symlink: /home/zhe/code/soccer_b_ws/install/ros2_interfaces/share/ros2_interfaces/msg/RobotPose.idl
[0.692s] -- Up-to-date symlink: /home/zhe/code/soccer_b_ws/install/ros2_interfaces/share/ros2_interfaces/msg/RobotPose.msg
[0.693s] -- Up-to-date symlink: /home/zhe/code/soccer_b_ws/install/ros2_interfaces/share/ament_index/resource_index/package_run_dependencies/ros2_interfaces
[0.693s] -- Up-to-date symlink: /home/zhe/code/soccer_b_ws/install/ros2_interfaces/share/ament_index/resource_index/parent_prefix_path/ros2_interfaces
[0.693s] -- Up-to-date symlink: /home/zhe/code/soccer_b_ws/install/ros2_interfaces/share/ros2_interfaces/environment/ament_prefix_path.sh
[0.693s] -- Up-to-date symlink: /home/zhe/code/soccer_b_ws/install/ros2_interfaces/share/ros2_interfaces/environment/ament_prefix_path.dsv
[0.693s] -- Up-to-date symlink: /home/zhe/code/soccer_b_ws/install/ros2_interfaces/share/ros2_interfaces/environment/path.sh
[0.693s] -- Up-to-date symlink: /home/zhe/code/soccer_b_ws/install/ros2_interfaces/share/ros2_interfaces/environment/path.dsv
[0.693s] -- Up-to-date symlink: /home/zhe/code/soccer_b_ws/install/ros2_interfaces/share/ros2_interfaces/local_setup.bash
[0.693s] -- Up-to-date symlink: /home/zhe/code/soccer_b_ws/install/ros2_interfaces/share/ros2_interfaces/local_setup.sh
[0.694s] -- Up-to-date symlink: /home/zhe/code/soccer_b_ws/install/ros2_interfaces/share/ros2_interfaces/local_setup.zsh
[0.694s] -- Up-to-date symlink: /home/zhe/code/soccer_b_ws/install/ros2_interfaces/share/ros2_interfaces/local_setup.dsv
[0.694s] -- Symlinking: /home/zhe/code/soccer_b_ws/install/ros2_interfaces/share/ros2_interfaces/package.dsv
[0.699s] -- Up-to-date symlink: /home/zhe/code/soccer_b_ws/install/ros2_interfaces/share/ament_index/resource_index/packages/ros2_interfaces
[0.699s] -- Up-to-date symlink: /home/zhe/code/soccer_b_ws/install/ros2_interfaces/share/ros2_interfaces/cmake/rosidl_cmake-extras.cmake
[0.699s] -- Up-to-date symlink: /home/zhe/code/soccer_b_ws/install/ros2_interfaces/share/ros2_interfaces/cmake/ament_cmake_export_dependencies-extras.cmake
[0.699s] -- Up-to-date symlink: /home/zhe/code/soccer_b_ws/install/ros2_interfaces/share/ros2_interfaces/cmake/ament_cmake_export_libraries-extras.cmake
[0.699s] -- Up-to-date symlink: /home/zhe/code/soccer_b_ws/install/ros2_interfaces/share/ros2_interfaces/cmake/ament_cmake_export_targets-extras.cmake
[0.700s] -- Up-to-date symlink: /home/zhe/code/soccer_b_ws/install/ros2_interfaces/share/ros2_interfaces/cmake/ament_cmake_export_include_directories-extras.cmake
[0.700s] -- Up-to-date symlink: /home/zhe/code/soccer_b_ws/install/ros2_interfaces/share/ros2_interfaces/cmake/rosidl_cmake_export_typesupport_libraries-extras.cmake
[0.700s] -- Up-to-date symlink: /home/zhe/code/soccer_b_ws/install/ros2_interfaces/share/ros2_interfaces/cmake/rosidl_cmake_export_typesupport_targets-extras.cmake
[0.700s] -- Up-to-date symlink: /home/zhe/code/soccer_b_ws/install/ros2_interfaces/share/ros2_interfaces/cmake/ros2_interfacesConfig.cmake
[0.700s] -- Up-to-date symlink: /home/zhe/code/soccer_b_ws/install/ros2_interfaces/share/ros2_interfaces/cmake/ros2_interfacesConfig-version.cmake
[0.700s] -- Up-to-date symlink: /home/zhe/code/soccer_b_ws/install/ros2_interfaces/share/ros2_interfaces/package.xml
[0.700s] -- Up-to-date: /home/zhe/code/soccer_b_ws/install/ros2_interfaces/lib/libros2_interfaces__rosidl_generator_c.so
[0.700s] -- Up-to-date: /home/zhe/code/soccer_b_ws/install/ros2_interfaces/lib/libros2_interfaces__rosidl_typesupport_introspection_c.so
[0.701s] -- Up-to-date: /home/zhe/code/soccer_b_ws/install/ros2_interfaces/lib/libros2_interfaces__rosidl_typesupport_c.so
[0.701s] -- Up-to-date: /home/zhe/code/soccer_b_ws/install/ros2_interfaces/lib/libros2_interfaces__rosidl_typesupport_introspection_cpp.so
[0.701s] -- Up-to-date: /home/zhe/code/soccer_b_ws/install/ros2_interfaces/lib/libros2_interfaces__rosidl_typesupport_cpp.so
[0.733s] -- Up-to-date: /home/zhe/code/soccer_b_ws/install/ros2_interfaces/share/ros2_interfaces/cmake/ros2_interfaces__rosidl_generator_cExport.cmake
[0.733s] -- Up-to-date: /home/zhe/code/soccer_b_ws/install/ros2_interfaces/share/ros2_interfaces/cmake/ros2_interfaces__rosidl_generator_cExport-noconfig.cmake
[0.733s] -- Up-to-date: /home/zhe/code/soccer_b_ws/install/ros2_interfaces/share/ros2_interfaces/cmake/ros2_interfaces__rosidl_typesupport_introspection_cExport.cmake
[0.733s] -- Up-to-date: /home/zhe/code/soccer_b_ws/install/ros2_interfaces/share/ros2_interfaces/cmake/ros2_interfaces__rosidl_typesupport_introspection_cExport-noconfig.cmake
[0.733s] -- Up-to-date: /home/zhe/code/soccer_b_ws/install/ros2_interfaces/share/ros2_interfaces/cmake/ros2_interfaces__rosidl_typesupport_cExport.cmake
[0.733s] -- Up-to-date: /home/zhe/code/soccer_b_ws/install/ros2_interfaces/share/ros2_interfaces/cmake/ros2_interfaces__rosidl_typesupport_cExport-noconfig.cmake
[0.733s] -- Up-to-date: /home/zhe/code/soccer_b_ws/install/ros2_interfaces/share/ros2_interfaces/cmake/ros2_interfaces__rosidl_generator_cppExport.cmake
[0.734s] -- Up-to-date: /home/zhe/code/soccer_b_ws/install/ros2_interfaces/share/ros2_interfaces/cmake/ros2_interfaces__rosidl_typesupport_introspection_cppExport.cmake
[0.734s] -- Up-to-date: /home/zhe/code/soccer_b_ws/install/ros2_interfaces/share/ros2_interfaces/cmake/ros2_interfaces__rosidl_typesupport_introspection_cppExport-noconfig.cmake
[0.734s] -- Up-to-date: /home/zhe/code/soccer_b_ws/install/ros2_interfaces/share/ros2_interfaces/cmake/ros2_interfaces__rosidl_typesupport_cppExport.cmake
[0.734s] -- Up-to-date: /home/zhe/code/soccer_b_ws/install/ros2_interfaces/share/ros2_interfaces/cmake/ros2_interfaces__rosidl_typesupport_cppExport-noconfig.cmake
[0.735s] Invoked command in '/home/zhe/code/soccer_b_ws/build/ros2_interfaces' returned '0': CMAKE_PREFIX_PATH=${CMAKE_PREFIX_PATH}:/home/zhe/code/soccer_b_ws/install/test_package:/home/zhe/code/soccer_b_ws/install/vision_test:/home/zhe/code/rm_ws/install/robomaster_ros:/home/zhe/code/gy_ws/install/learning_urdf:/home/zhe/code/gy_ws/install/learning_topic:/home/zhe/code/gy_ws/install/learning_tf:/home/zhe/code/gy_ws/install/learning_service:/home/zhe/code/gy_ws/install/learning_qos:/home/zhe/code/gy_ws/install/learning_pkg_python:/home/zhe/code/gy_ws/install/learning_parameter:/home/zhe/code/gy_ws/install/learning_node:/home/zhe/code/gy_ws/install/learning_launch:/home/zhe/code/gy_ws/install/learning_action:/home/zhe/code/gy_ws/install/learning_gazebo:/home/zhe/code/gy_ws/install/learning_cv:/opt/ros/galactic /usr/bin/cmake --install /home/zhe/code/soccer_b_ws/build/ros2_interfaces
