[0.374s] Invoking command in '/home/zhe/code/soccer_b_ws/build/ros2_interfaces': CMAKE_PREFIX_PATH=${CMAKE_PREFIX_PATH}:/home/zhe/code/soccer_b_ws/install/test_package:/home/zhe/code/soccer_b_ws/install/vision_test:/home/zhe/code/rm_ws/install/robomaster_ros:/home/zhe/code/gy_ws/install/learning_urdf:/home/zhe/code/gy_ws/install/learning_topic:/home/zhe/code/gy_ws/install/learning_tf:/home/zhe/code/gy_ws/install/learning_service:/home/zhe/code/gy_ws/install/learning_qos:/home/zhe/code/gy_ws/install/learning_pkg_python:/home/zhe/code/gy_ws/install/learning_parameter:/home/zhe/code/gy_ws/install/learning_node:/home/zhe/code/gy_ws/install/learning_launch:/home/zhe/code/gy_ws/install/learning_action:/home/zhe/code/gy_ws/install/learning_gazebo:/home/zhe/code/gy_ws/install/learning_cv:/opt/ros/galactic /usr/bin/cmake --build /home/zhe/code/soccer_b_ws/build/ros2_interfaces -- -j12 -l12
[0.389s] -- Found ament_cmake: 1.1.6 (/opt/ros/galactic/share/ament_cmake/cmake)
[0.414s] -- Found PythonInterp: /usr/bin/python3 (found suitable version "3.8.10", minimum required is "3") 
[0.414s] -- Using PYTHON_EXECUTABLE: /usr/bin/python3
[0.461s] -- Override CMake install command with custom implementation using symlinks instead of copying resources
[0.465s] -- Found rosidl_default_generators: 1.1.1 (/opt/ros/galactic/share/rosidl_default_generators/cmake)
[0.467s] -- Using all available rosidl_typesupport_c: rosidl_typesupport_fastrtps_c;rosidl_typesupport_introspection_c
[0.469s] -- Found rosidl_adapter: 2.2.3 (/opt/ros/galactic/share/rosidl_adapter/cmake)
[0.547s] -- Using all available rosidl_typesupport_cpp: rosidl_typesupport_fastrtps_cpp;rosidl_typesupport_introspection_cpp
[0.559s] -- Found geometry_msgs: 2.2.4 (/opt/ros/galactic/share/geometry_msgs/cmake)
[0.623s] -- Found PythonInterp: /usr/bin/python3 (found version "3.8.10") 
[0.744s] -- Found ament_cmake_ros: 0.9.2 (/opt/ros/galactic/share/ament_cmake_ros/cmake)
[0.877s] -- Using all available rosidl_typesupport_c: rosidl_typesupport_fastrtps_c;rosidl_typesupport_introspection_c
[0.938s] -- Using all available rosidl_typesupport_cpp: rosidl_typesupport_fastrtps_cpp;rosidl_typesupport_introspection_cpp
[0.967s] -- Found PythonInterp: /usr/bin/python3 (found suitable version "3.8.10", minimum required is "3.5") 
[0.967s] -- Found python_cmake_module: 0.8.1 (/opt/ros/galactic/share/python_cmake_module/cmake)
[0.993s] -- Using PYTHON_EXECUTABLE: /usr/bin/python3
[0.993s] -- Using PYTHON_INCLUDE_DIRS: /usr/include/python3.8
[0.993s] -- Using PYTHON_LIBRARIES: /usr/lib/x86_64-linux-gnu/libpython3.8.so
[1.029s] -- Found ament_lint_auto: 0.10.7 (/opt/ros/galactic/share/ament_lint_auto/cmake)
[1.036s] -- Added test 'copyright' to check source files copyright and LICENSE
[1.036s] -- Added test 'lint_cmake' to check CMake code style
[1.037s] -- Added test 'xmllint' to check XML markup files
[1.039s] -- Configuring done
[1.066s] -- Generating done
[1.068s] -- Build files have been written to: /home/zhe/code/soccer_b_ws/build/ros2_interfaces
[1.083s] [35m[1mScanning dependencies of target ros2_interfaces__cpp[0m
[1.083s] [  2%] [34m[1mGenerating C code for ROS interfaces[0m
[1.089s] [  5%] [34m[1mGenerating C++ code for ROS interfaces[0m
[1.252s] [  5%] Built target ros2_interfaces__cpp
[1.255s] [35m[1mScanning dependencies of target ros2_interfaces__rosidl_generator_c[0m
[1.258s] [  7%] [34m[1mGenerating C++ type support for eProsima Fast-RTPS[0m
[1.258s] [ 10%] [34m[1mGenerating C++ introspection for ROS interfaces[0m
[1.258s] [ 12%] [34m[1mGenerating C++ type support dispatch for ROS interfaces[0m
[1.264s] [ 15%] [32mBuilding C object CMakeFiles/ros2_interfaces__rosidl_generator_c.dir/rosidl_generator_c/ros2_interfaces/msg/detail/robot_pose__functions.c.o[0m
[1.265s] [ 17%] [32mBuilding C object CMakeFiles/ros2_interfaces__rosidl_generator_c.dir/rosidl_generator_c/ros2_interfaces/msg/detail/robot_twist__functions.c.o[0m
[1.289s] [ 20%] [32m[1mLinking C shared library libros2_interfaces__rosidl_generator_c.so[0m
[1.312s] [ 20%] Built target ros2_interfaces__rosidl_generator_c
[1.318s] [ 25%] [34m[1mGenerating C type support dispatch for ROS interfaces[0m
[1.318s] [ 25%] [34m[1mGenerating C introspection for ROS interfaces[0m
[1.397s] [35m[1mScanning dependencies of target ros2_interfaces__rosidl_typesupport_cpp[0m
[1.408s] [35m[1mScanning dependencies of target ros2_interfaces__rosidl_typesupport_introspection_cpp[0m
[1.408s] [ 30%] [32mBuilding CXX object CMakeFiles/ros2_interfaces__rosidl_typesupport_cpp.dir/rosidl_typesupport_cpp/ros2_interfaces/msg/robot_twist__type_support.cpp.o[0m
[1.408s] [ 30%] [32mBuilding CXX object CMakeFiles/ros2_interfaces__rosidl_typesupport_cpp.dir/rosidl_typesupport_cpp/ros2_interfaces/msg/robot_pose__type_support.cpp.o[0m
[1.415s] [35m[1mScanning dependencies of target ros2_interfaces__rosidl_typesupport_fastrtps_cpp[0m
[1.418s] [ 35%] [32mBuilding CXX object CMakeFiles/ros2_interfaces__rosidl_typesupport_introspection_cpp.dir/rosidl_typesupport_introspection_cpp/ros2_interfaces/msg/detail/robot_twist__type_support.cpp.o[0m
[1.418s] [ 35%] [32mBuilding CXX object CMakeFiles/ros2_interfaces__rosidl_typesupport_introspection_cpp.dir/rosidl_typesupport_introspection_cpp/ros2_interfaces/msg/detail/robot_pose__type_support.cpp.o[0m
[1.424s] [ 38%] [32mBuilding CXX object CMakeFiles/ros2_interfaces__rosidl_typesupport_fastrtps_cpp.dir/rosidl_typesupport_fastrtps_cpp/ros2_interfaces/msg/detail/dds_fastrtps/robot_pose__type_support.cpp.o[0m
[1.425s] [ 41%] [32mBuilding CXX object CMakeFiles/ros2_interfaces__rosidl_typesupport_fastrtps_cpp.dir/rosidl_typesupport_fastrtps_cpp/ros2_interfaces/msg/detail/dds_fastrtps/robot_twist__type_support.cpp.o[0m
[1.461s] [35m[1mScanning dependencies of target ros2_interfaces__rosidl_typesupport_c[0m
[1.471s] [ 43%] [32mBuilding CXX object CMakeFiles/ros2_interfaces__rosidl_typesupport_c.dir/rosidl_typesupport_c/ros2_interfaces/msg/robot_pose__type_support.cpp.o[0m
[1.471s] [ 46%] [32mBuilding CXX object CMakeFiles/ros2_interfaces__rosidl_typesupport_c.dir/rosidl_typesupport_c/ros2_interfaces/msg/robot_twist__type_support.cpp.o[0m
[1.474s] [35m[1mScanning dependencies of target ros2_interfaces__rosidl_typesupport_introspection_c[0m
[1.485s] [ 48%] [32mBuilding C object CMakeFiles/ros2_interfaces__rosidl_typesupport_introspection_c.dir/rosidl_typesupport_introspection_c/ros2_interfaces/msg/detail/robot_twist__type_support.c.o[0m
[1.486s] [ 51%] [32mBuilding C object CMakeFiles/ros2_interfaces__rosidl_typesupport_introspection_c.dir/rosidl_typesupport_introspection_c/ros2_interfaces/msg/detail/robot_pose__type_support.c.o[0m
[1.491s] [ 53%] [32m[1mLinking CXX shared library libros2_interfaces__rosidl_typesupport_c.so[0m
[1.506s] [ 56%] [32m[1mLinking C shared library libros2_interfaces__rosidl_typesupport_introspection_c.so[0m
[1.516s] [ 56%] Built target ros2_interfaces__rosidl_typesupport_c
[1.525s] [ 56%] Built target ros2_interfaces__rosidl_typesupport_introspection_c
[1.626s] [ 58%] [32m[1mLinking CXX shared library libros2_interfaces__rosidl_typesupport_cpp.so[0m
[1.651s] [ 58%] Built target ros2_interfaces__rosidl_typesupport_cpp
[1.664s] [ 61%] [32m[1mLinking CXX shared library libros2_interfaces__rosidl_typesupport_introspection_cpp.so[0m
[1.705s] [ 61%] Built target ros2_interfaces__rosidl_typesupport_introspection_cpp
[1.737s] [ 64%] [32m[1mLinking CXX shared library libros2_interfaces__rosidl_typesupport_fastrtps_cpp.so[0m
[1.783s] [ 64%] Built target ros2_interfaces__rosidl_typesupport_fastrtps_cpp
[1.789s] [ 66%] [34m[1mGenerating C type support for eProsima Fast-RTPS[0m
[1.923s] [35m[1mScanning dependencies of target ros2_interfaces__rosidl_typesupport_fastrtps_c[0m
[1.931s] [ 69%] [32mBuilding CXX object CMakeFiles/ros2_interfaces__rosidl_typesupport_fastrtps_c.dir/rosidl_typesupport_fastrtps_c/ros2_interfaces/msg/detail/robot_pose__type_support_c.cpp.o[0m
[1.931s] [ 71%] [32mBuilding CXX object CMakeFiles/ros2_interfaces__rosidl_typesupport_fastrtps_c.dir/rosidl_typesupport_fastrtps_c/ros2_interfaces/msg/detail/robot_twist__type_support_c.cpp.o[0m
[2.093s] [ 74%] [32m[1mLinking CXX shared library libros2_interfaces__rosidl_typesupport_fastrtps_c.so[0m
[2.140s] [ 74%] Built target ros2_interfaces__rosidl_typesupport_fastrtps_c
[2.150s] [ 74%] Built target ros2_interfaces
[2.156s] [35m[1mScanning dependencies of target ros2_interfaces__py[0m
[2.166s] [ 76%] [34m[1mGenerating Python code for ROS interfaces[0m
[2.420s] [ 76%] Built target ros2_interfaces__py
[2.426s] [35m[1mScanning dependencies of target ros2_interfaces__python[0m
[2.438s] [ 79%] [32mBuilding C object CMakeFiles/ros2_interfaces__python.dir/rosidl_generator_py/ros2_interfaces/msg/_robot_pose_s.c.o[0m
[2.438s] [ 82%] [32mBuilding C object CMakeFiles/ros2_interfaces__python.dir/rosidl_generator_py/ros2_interfaces/msg/_robot_twist_s.c.o[0m
[2.483s] [ 84%] [32m[1mLinking C shared library rosidl_generator_py/ros2_interfaces/libros2_interfaces__python.so[0m
[2.509s] [ 84%] Built target ros2_interfaces__python
[2.516s] [35m[1mScanning dependencies of target ros2_interfaces__rosidl_typesupport_fastrtps_c__pyext[0m
[2.516s] [35m[1mScanning dependencies of target ros2_interfaces__rosidl_typesupport_introspection_c__pyext[0m
[2.516s] [35m[1mScanning dependencies of target ros2_interfaces__rosidl_typesupport_c__pyext[0m
[2.534s] [ 87%] [32mBuilding C object CMakeFiles/ros2_interfaces__rosidl_typesupport_introspection_c__pyext.dir/rosidl_generator_py/ros2_interfaces/_ros2_interfaces_s.ep.rosidl_typesupport_introspection_c.c.o[0m
[2.534s] [ 89%] [32mBuilding C object CMakeFiles/ros2_interfaces__rosidl_typesupport_c__pyext.dir/rosidl_generator_py/ros2_interfaces/_ros2_interfaces_s.ep.rosidl_typesupport_c.c.o[0m
[2.536s] [ 92%] [32mBuilding C object CMakeFiles/ros2_interfaces__rosidl_typesupport_fastrtps_c__pyext.dir/rosidl_generator_py/ros2_interfaces/_ros2_interfaces_s.ep.rosidl_typesupport_fastrtps_c.c.o[0m
[2.606s] [ 97%] [32m[1mLinking C shared library rosidl_generator_py/ros2_interfaces/ros2_interfaces_s__rosidl_typesupport_c.cpython-38-x86_64-linux-gnu.so[0m
[2.606s] [ 97%] [32m[1mLinking C shared library rosidl_generator_py/ros2_interfaces/ros2_interfaces_s__rosidl_typesupport_introspection_c.cpython-38-x86_64-linux-gnu.so[0m
[2.607s] [100%] [32m[1mLinking CXX shared library rosidl_generator_py/ros2_interfaces/ros2_interfaces_s__rosidl_typesupport_fastrtps_c.cpython-38-x86_64-linux-gnu.so[0m
[2.628s] [100%] Built target ros2_interfaces__rosidl_typesupport_introspection_c__pyext
[2.629s] [100%] Built target ros2_interfaces__rosidl_typesupport_c__pyext
[2.645s] [100%] Built target ros2_interfaces__rosidl_typesupport_fastrtps_c__pyext
[2.651s] Invoked command in '/home/zhe/code/soccer_b_ws/build/ros2_interfaces' returned '0': CMAKE_PREFIX_PATH=${CMAKE_PREFIX_PATH}:/home/zhe/code/soccer_b_ws/install/test_package:/home/zhe/code/soccer_b_ws/install/vision_test:/home/zhe/code/rm_ws/install/robomaster_ros:/home/zhe/code/gy_ws/install/learning_urdf:/home/zhe/code/gy_ws/install/learning_topic:/home/zhe/code/gy_ws/install/learning_tf:/home/zhe/code/gy_ws/install/learning_service:/home/zhe/code/gy_ws/install/learning_qos:/home/zhe/code/gy_ws/install/learning_pkg_python:/home/zhe/code/gy_ws/install/learning_parameter:/home/zhe/code/gy_ws/install/learning_node:/home/zhe/code/gy_ws/install/learning_launch:/home/zhe/code/gy_ws/install/learning_action:/home/zhe/code/gy_ws/install/learning_gazebo:/home/zhe/code/gy_ws/install/learning_cv:/opt/ros/galactic /usr/bin/cmake --build /home/zhe/code/soccer_b_ws/build/ros2_interfaces -- -j12 -l12
[2.692s] Invoking command in '/home/zhe/code/soccer_b_ws/build/ros2_interfaces': CMAKE_PREFIX_PATH=${CMAKE_PREFIX_PATH}:/home/zhe/code/soccer_b_ws/install/test_package:/home/zhe/code/soccer_b_ws/install/vision_test:/home/zhe/code/rm_ws/install/robomaster_ros:/home/zhe/code/gy_ws/install/learning_urdf:/home/zhe/code/gy_ws/install/learning_topic:/home/zhe/code/gy_ws/install/learning_tf:/home/zhe/code/gy_ws/install/learning_service:/home/zhe/code/gy_ws/install/learning_qos:/home/zhe/code/gy_ws/install/learning_pkg_python:/home/zhe/code/gy_ws/install/learning_parameter:/home/zhe/code/gy_ws/install/learning_node:/home/zhe/code/gy_ws/install/learning_launch:/home/zhe/code/gy_ws/install/learning_action:/home/zhe/code/gy_ws/install/learning_gazebo:/home/zhe/code/gy_ws/install/learning_cv:/opt/ros/galactic /usr/bin/cmake --install /home/zhe/code/soccer_b_ws/build/ros2_interfaces
[2.699s] -- Install configuration: ""
[2.700s] -- Execute custom install script
[2.700s] -- Up-to-date symlink: /home/zhe/code/soccer_b_ws/install/ros2_interfaces/share/ament_index/resource_index/rosidl_interfaces/ros2_interfaces
[2.701s] -- Up-to-date symlink: /home/zhe/code/soccer_b_ws/install/ros2_interfaces/include/ros2_interfaces/msg/detail/robot_pose__functions.h
[2.701s] -- Up-to-date symlink: /home/zhe/code/soccer_b_ws/install/ros2_interfaces/include/ros2_interfaces/msg/detail/robot_pose__struct.h
[2.701s] -- Up-to-date symlink: /home/zhe/code/soccer_b_ws/install/ros2_interfaces/include/ros2_interfaces/msg/detail/robot_pose__type_support.h
[2.701s] -- Symlinking: /home/zhe/code/soccer_b_ws/install/ros2_interfaces/include/ros2_interfaces/msg/detail/robot_twist__functions.h
[2.709s] -- Symlinking: /home/zhe/code/soccer_b_ws/install/ros2_interfaces/include/ros2_interfaces/msg/detail/robot_twist__struct.h
[2.715s] -- Symlinking: /home/zhe/code/soccer_b_ws/install/ros2_interfaces/include/ros2_interfaces/msg/detail/robot_twist__type_support.h
[2.720s] -- Up-to-date symlink: /home/zhe/code/soccer_b_ws/install/ros2_interfaces/include/ros2_interfaces/msg/robot_pose.h
[2.720s] -- Symlinking: /home/zhe/code/soccer_b_ws/install/ros2_interfaces/include/ros2_interfaces/msg/robot_twist.h
[2.726s] -- Up-to-date symlink: /home/zhe/code/soccer_b_ws/install/ros2_interfaces/include/ros2_interfaces/msg/rosidl_generator_c__visibility_control.h
[2.726s] -- Up-to-date symlink: /home/zhe/code/soccer_b_ws/install/ros2_interfaces/share/ros2_interfaces/environment/library_path.sh
[2.726s] -- Up-to-date symlink: /home/zhe/code/soccer_b_ws/install/ros2_interfaces/share/ros2_interfaces/environment/library_path.dsv
[2.726s] -- Up-to-date symlink: /home/zhe/code/soccer_b_ws/install/ros2_interfaces/include/ros2_interfaces/msg/detail/robot_pose__rosidl_typesupport_fastrtps_c.h
[2.726s] -- Symlinking: /home/zhe/code/soccer_b_ws/install/ros2_interfaces/include/ros2_interfaces/msg/detail/robot_twist__rosidl_typesupport_fastrtps_c.h
[2.731s] -- Up-to-date symlink: /home/zhe/code/soccer_b_ws/install/ros2_interfaces/include/ros2_interfaces/msg/rosidl_typesupport_fastrtps_c__visibility_control.h
[2.731s] -- Up-to-date symlink: /home/zhe/code/soccer_b_ws/install/ros2_interfaces/lib/libros2_interfaces__rosidl_typesupport_fastrtps_c.so
[2.731s] -- Up-to-date symlink: /home/zhe/code/soccer_b_ws/install/ros2_interfaces/include/ros2_interfaces/msg/detail/robot_pose__rosidl_typesupport_fastrtps_cpp.hpp
[2.731s] -- Symlinking: /home/zhe/code/soccer_b_ws/install/ros2_interfaces/include/ros2_interfaces/msg/detail/robot_twist__rosidl_typesupport_fastrtps_cpp.hpp
[2.736s] -- Up-to-date symlink: /home/zhe/code/soccer_b_ws/install/ros2_interfaces/include/ros2_interfaces/msg/rosidl_typesupport_fastrtps_cpp__visibility_control.h
[2.736s] -- Up-to-date symlink: /home/zhe/code/soccer_b_ws/install/ros2_interfaces/lib/libros2_interfaces__rosidl_typesupport_fastrtps_cpp.so
[2.737s] -- Up-to-date symlink: /home/zhe/code/soccer_b_ws/install/ros2_interfaces/include/ros2_interfaces/msg/detail/robot_pose__rosidl_typesupport_introspection_c.h
[2.737s] -- Symlinking: /home/zhe/code/soccer_b_ws/install/ros2_interfaces/include/ros2_interfaces/msg/detail/robot_twist__rosidl_typesupport_introspection_c.h
[2.742s] -- Up-to-date symlink: /home/zhe/code/soccer_b_ws/install/ros2_interfaces/include/ros2_interfaces/msg/rosidl_typesupport_introspection_c__visibility_control.h
[2.743s] -- Up-to-date symlink: /home/zhe/code/soccer_b_ws/install/ros2_interfaces/include/ros2_interfaces/msg/detail/robot_pose__builder.hpp
[2.743s] -- Up-to-date symlink: /home/zhe/code/soccer_b_ws/install/ros2_interfaces/include/ros2_interfaces/msg/detail/robot_pose__struct.hpp
[2.743s] -- Up-to-date symlink: /home/zhe/code/soccer_b_ws/install/ros2_interfaces/include/ros2_interfaces/msg/detail/robot_pose__traits.hpp
[2.743s] -- Symlinking: /home/zhe/code/soccer_b_ws/install/ros2_interfaces/include/ros2_interfaces/msg/detail/robot_twist__builder.hpp
[2.748s] -- Symlinking: /home/zhe/code/soccer_b_ws/install/ros2_interfaces/include/ros2_interfaces/msg/detail/robot_twist__struct.hpp
[2.752s] -- Symlinking: /home/zhe/code/soccer_b_ws/install/ros2_interfaces/include/ros2_interfaces/msg/detail/robot_twist__traits.hpp
[2.756s] -- Up-to-date symlink: /home/zhe/code/soccer_b_ws/install/ros2_interfaces/include/ros2_interfaces/msg/robot_pose.hpp
[2.756s] -- Symlinking: /home/zhe/code/soccer_b_ws/install/ros2_interfaces/include/ros2_interfaces/msg/robot_twist.hpp
[2.761s] -- Up-to-date symlink: /home/zhe/code/soccer_b_ws/install/ros2_interfaces/include/ros2_interfaces/msg/detail/robot_pose__rosidl_typesupport_introspection_cpp.hpp
[2.761s] -- Symlinking: /home/zhe/code/soccer_b_ws/install/ros2_interfaces/include/ros2_interfaces/msg/detail/robot_twist__rosidl_typesupport_introspection_cpp.hpp
[2.766s] -- Up-to-date symlink: /home/zhe/code/soccer_b_ws/install/ros2_interfaces/share/ros2_interfaces/environment/pythonpath.sh
[2.766s] -- Up-to-date symlink: /home/zhe/code/soccer_b_ws/install/ros2_interfaces/share/ros2_interfaces/environment/pythonpath.dsv
[2.766s] -- Up-to-date symlink: /home/zhe/code/soccer_b_ws/install/ros2_interfaces/lib/python3.8/site-packages/ros2_interfaces/__init__.py
[2.766s] -- Up-to-date symlink: /home/zhe/code/soccer_b_ws/install/ros2_interfaces/lib/python3.8/site-packages/ros2_interfaces/msg/__init__.py
[2.766s] -- Up-to-date symlink: /home/zhe/code/soccer_b_ws/install/ros2_interfaces/lib/python3.8/site-packages/ros2_interfaces/msg/_robot_pose.py
[2.766s] -- Symlinking: /home/zhe/code/soccer_b_ws/install/ros2_interfaces/lib/python3.8/site-packages/ros2_interfaces/msg/_robot_twist.py
[2.771s] -- Up-to-date symlink: /home/zhe/code/soccer_b_ws/install/ros2_interfaces/lib/python3.8/site-packages/ros2_interfaces/ros2_interfaces_s__rosidl_typesupport_fastrtps_c.cpython-38-x86_64-linux-gnu.so
[2.771s] -- Up-to-date symlink: /home/zhe/code/soccer_b_ws/install/ros2_interfaces/lib/python3.8/site-packages/ros2_interfaces/ros2_interfaces_s__rosidl_typesupport_introspection_c.cpython-38-x86_64-linux-gnu.so
[2.772s] -- Up-to-date symlink: /home/zhe/code/soccer_b_ws/install/ros2_interfaces/lib/python3.8/site-packages/ros2_interfaces/ros2_interfaces_s__rosidl_typesupport_c.cpython-38-x86_64-linux-gnu.so
[2.772s] -- Up-to-date symlink: /home/zhe/code/soccer_b_ws/install/ros2_interfaces/lib/libros2_interfaces__python.so
[2.772s] -- Up-to-date symlink: /home/zhe/code/soccer_b_ws/install/ros2_interfaces/share/ros2_interfaces/msg/RobotPose.idl
[2.772s] -- Symlinking: /home/zhe/code/soccer_b_ws/install/ros2_interfaces/share/ros2_interfaces/msg/RobotTwist.idl
[2.777s] -- Up-to-date symlink: /home/zhe/code/soccer_b_ws/install/ros2_interfaces/share/ros2_interfaces/msg/RobotPose.msg
[2.777s] -- Symlinking: /home/zhe/code/soccer_b_ws/install/ros2_interfaces/share/ros2_interfaces/msg/RobotTwist.msg
[2.782s] -- Up-to-date symlink: /home/zhe/code/soccer_b_ws/install/ros2_interfaces/share/ament_index/resource_index/package_run_dependencies/ros2_interfaces
[2.782s] -- Up-to-date symlink: /home/zhe/code/soccer_b_ws/install/ros2_interfaces/share/ament_index/resource_index/parent_prefix_path/ros2_interfaces
[2.782s] -- Up-to-date symlink: /home/zhe/code/soccer_b_ws/install/ros2_interfaces/share/ros2_interfaces/environment/ament_prefix_path.sh
[2.782s] -- Up-to-date symlink: /home/zhe/code/soccer_b_ws/install/ros2_interfaces/share/ros2_interfaces/environment/ament_prefix_path.dsv
[2.782s] -- Up-to-date symlink: /home/zhe/code/soccer_b_ws/install/ros2_interfaces/share/ros2_interfaces/environment/path.sh
[2.782s] -- Up-to-date symlink: /home/zhe/code/soccer_b_ws/install/ros2_interfaces/share/ros2_interfaces/environment/path.dsv
[2.783s] -- Up-to-date symlink: /home/zhe/code/soccer_b_ws/install/ros2_interfaces/share/ros2_interfaces/local_setup.bash
[2.783s] -- Up-to-date symlink: /home/zhe/code/soccer_b_ws/install/ros2_interfaces/share/ros2_interfaces/local_setup.sh
[2.783s] -- Up-to-date symlink: /home/zhe/code/soccer_b_ws/install/ros2_interfaces/share/ros2_interfaces/local_setup.zsh
[2.783s] -- Up-to-date symlink: /home/zhe/code/soccer_b_ws/install/ros2_interfaces/share/ros2_interfaces/local_setup.dsv
[2.783s] -- Symlinking: /home/zhe/code/soccer_b_ws/install/ros2_interfaces/share/ros2_interfaces/package.dsv
[2.789s] -- Up-to-date symlink: /home/zhe/code/soccer_b_ws/install/ros2_interfaces/share/ament_index/resource_index/packages/ros2_interfaces
[2.789s] -- Up-to-date symlink: /home/zhe/code/soccer_b_ws/install/ros2_interfaces/share/ros2_interfaces/cmake/rosidl_cmake-extras.cmake
[2.789s] -- Up-to-date symlink: /home/zhe/code/soccer_b_ws/install/ros2_interfaces/share/ros2_interfaces/cmake/ament_cmake_export_dependencies-extras.cmake
[2.789s] -- Up-to-date symlink: /home/zhe/code/soccer_b_ws/install/ros2_interfaces/share/ros2_interfaces/cmake/ament_cmake_export_libraries-extras.cmake
[2.789s] -- Up-to-date symlink: /home/zhe/code/soccer_b_ws/install/ros2_interfaces/share/ros2_interfaces/cmake/ament_cmake_export_targets-extras.cmake
[2.789s] -- Up-to-date symlink: /home/zhe/code/soccer_b_ws/install/ros2_interfaces/share/ros2_interfaces/cmake/ament_cmake_export_include_directories-extras.cmake
[2.789s] -- Up-to-date symlink: /home/zhe/code/soccer_b_ws/install/ros2_interfaces/share/ros2_interfaces/cmake/rosidl_cmake_export_typesupport_libraries-extras.cmake
[2.789s] -- Up-to-date symlink: /home/zhe/code/soccer_b_ws/install/ros2_interfaces/share/ros2_interfaces/cmake/rosidl_cmake_export_typesupport_targets-extras.cmake
[2.790s] -- Up-to-date symlink: /home/zhe/code/soccer_b_ws/install/ros2_interfaces/share/ros2_interfaces/cmake/ros2_interfacesConfig.cmake
[2.790s] -- Up-to-date symlink: /home/zhe/code/soccer_b_ws/install/ros2_interfaces/share/ros2_interfaces/cmake/ros2_interfacesConfig-version.cmake
[2.790s] -- Up-to-date symlink: /home/zhe/code/soccer_b_ws/install/ros2_interfaces/share/ros2_interfaces/package.xml
[2.790s] -- Installing: /home/zhe/code/soccer_b_ws/install/ros2_interfaces/lib/libros2_interfaces__rosidl_generator_c.so
[2.790s] -- Set runtime path of "/home/zhe/code/soccer_b_ws/install/ros2_interfaces/lib/libros2_interfaces__rosidl_generator_c.so" to ""
[2.790s] -- Installing: /home/zhe/code/soccer_b_ws/install/ros2_interfaces/lib/libros2_interfaces__rosidl_typesupport_introspection_c.so
[2.790s] -- Set runtime path of "/home/zhe/code/soccer_b_ws/install/ros2_interfaces/lib/libros2_interfaces__rosidl_typesupport_introspection_c.so" to ""
[2.791s] -- Installing: /home/zhe/code/soccer_b_ws/install/ros2_interfaces/lib/libros2_interfaces__rosidl_typesupport_c.so
[2.791s] -- Set runtime path of "/home/zhe/code/soccer_b_ws/install/ros2_interfaces/lib/libros2_interfaces__rosidl_typesupport_c.so" to ""
[2.791s] -- Installing: /home/zhe/code/soccer_b_ws/install/ros2_interfaces/lib/libros2_interfaces__rosidl_typesupport_introspection_cpp.so
[2.791s] -- Set runtime path of "/home/zhe/code/soccer_b_ws/install/ros2_interfaces/lib/libros2_interfaces__rosidl_typesupport_introspection_cpp.so" to ""
[2.791s] -- Installing: /home/zhe/code/soccer_b_ws/install/ros2_interfaces/lib/libros2_interfaces__rosidl_typesupport_cpp.so
[2.791s] -- Set runtime path of "/home/zhe/code/soccer_b_ws/install/ros2_interfaces/lib/libros2_interfaces__rosidl_typesupport_cpp.so" to ""
[2.822s] Compiling '/home/zhe/code/soccer_b_ws/install/ros2_interfaces/lib/python3.8/site-packages/ros2_interfaces/__init__.py'...
[2.824s] -- Up-to-date: /home/zhe/code/soccer_b_ws/install/ros2_interfaces/share/ros2_interfaces/cmake/ros2_interfaces__rosidl_generator_cExport.cmake
[2.824s] -- Installing: /home/zhe/code/soccer_b_ws/install/ros2_interfaces/share/ros2_interfaces/cmake/ros2_interfaces__rosidl_generator_cExport-noconfig.cmake
[2.825s] -- Up-to-date: /home/zhe/code/soccer_b_ws/install/ros2_interfaces/share/ros2_interfaces/cmake/ros2_interfaces__rosidl_typesupport_introspection_cExport.cmake
[2.825s] -- Installing: /home/zhe/code/soccer_b_ws/install/ros2_interfaces/share/ros2_interfaces/cmake/ros2_interfaces__rosidl_typesupport_introspection_cExport-noconfig.cmake
[2.825s] -- Up-to-date: /home/zhe/code/soccer_b_ws/install/ros2_interfaces/share/ros2_interfaces/cmake/ros2_interfaces__rosidl_typesupport_cExport.cmake
[2.825s] -- Installing: /home/zhe/code/soccer_b_ws/install/ros2_interfaces/share/ros2_interfaces/cmake/ros2_interfaces__rosidl_typesupport_cExport-noconfig.cmake
[2.825s] -- Up-to-date: /home/zhe/code/soccer_b_ws/install/ros2_interfaces/share/ros2_interfaces/cmake/ros2_interfaces__rosidl_generator_cppExport.cmake
[2.825s] -- Up-to-date: /home/zhe/code/soccer_b_ws/install/ros2_interfaces/share/ros2_interfaces/cmake/ros2_interfaces__rosidl_typesupport_introspection_cppExport.cmake
[2.825s] -- Installing: /home/zhe/code/soccer_b_ws/install/ros2_interfaces/share/ros2_interfaces/cmake/ros2_interfaces__rosidl_typesupport_introspection_cppExport-noconfig.cmake
[2.825s] -- Up-to-date: /home/zhe/code/soccer_b_ws/install/ros2_interfaces/share/ros2_interfaces/cmake/ros2_interfaces__rosidl_typesupport_cppExport.cmake
[2.825s] -- Installing: /home/zhe/code/soccer_b_ws/install/ros2_interfaces/share/ros2_interfaces/cmake/ros2_interfaces__rosidl_typesupport_cppExport-noconfig.cmake
[2.826s] Invoked command in '/home/zhe/code/soccer_b_ws/build/ros2_interfaces' returned '0': CMAKE_PREFIX_PATH=${CMAKE_PREFIX_PATH}:/home/zhe/code/soccer_b_ws/install/test_package:/home/zhe/code/soccer_b_ws/install/vision_test:/home/zhe/code/rm_ws/install/robomaster_ros:/home/zhe/code/gy_ws/install/learning_urdf:/home/zhe/code/gy_ws/install/learning_topic:/home/zhe/code/gy_ws/install/learning_tf:/home/zhe/code/gy_ws/install/learning_service:/home/zhe/code/gy_ws/install/learning_qos:/home/zhe/code/gy_ws/install/learning_pkg_python:/home/zhe/code/gy_ws/install/learning_parameter:/home/zhe/code/gy_ws/install/learning_node:/home/zhe/code/gy_ws/install/learning_launch:/home/zhe/code/gy_ws/install/learning_action:/home/zhe/code/gy_ws/install/learning_gazebo:/home/zhe/code/gy_ws/install/learning_cv:/opt/ros/galactic /usr/bin/cmake --install /home/zhe/code/soccer_b_ws/build/ros2_interfaces
