[0.363s] Invoking command in '/home/zhe/code/soccer_b_ws/src/build/ros2_interfaces': CMAKE_PREFIX_PATH=${CMAKE_PREFIX_PATH}:/home/zhe/code/soccer_b_ws/install/vision_test:/home/zhe/code/soccer_b_ws/install/test_package:/home/zhe/code/rm_ws/install/robomaster_ros:/home/zhe/code/gy_ws/install/learning_urdf:/home/zhe/code/gy_ws/install/learning_topic:/home/zhe/code/gy_ws/install/learning_tf:/home/zhe/code/gy_ws/install/learning_service:/home/zhe/code/gy_ws/install/learning_qos:/home/zhe/code/gy_ws/install/learning_pkg_python:/home/zhe/code/gy_ws/install/learning_parameter:/home/zhe/code/gy_ws/install/learning_node:/home/zhe/code/gy_ws/install/learning_launch:/home/zhe/code/gy_ws/install/learning_action:/home/zhe/code/gy_ws/install/learning_gazebo:/home/zhe/code/gy_ws/install/learning_cv:/opt/ros/galactic /usr/bin/cmake /home/zhe/code/soccer_b_ws/src/ros2_interfaces -DAMENT_CMAKE_SYMLINK_INSTALL=1 -DCMAKE_INSTALL_PREFIX=/home/zhe/code/soccer_b_ws/src/install/ros2_interfaces
[0.438s] -- The C compiler identification is GNU 9.4.0
[0.501s] -- The CXX compiler identification is GNU 9.4.0
[0.506s] -- Check for working C compiler: /usr/bin/cc
[0.547s] -- Check for working C compiler: /usr/bin/cc -- works
[0.548s] -- Detecting C compiler ABI info
[0.589s] -- Detecting C compiler ABI info - done
[0.601s] -- Detecting C compile features
[0.601s] -- Detecting C compile features - done
[0.603s] -- Check for working CXX compiler: /usr/bin/c++
[0.652s] -- Check for working CXX compiler: /usr/bin/c++ -- works
[0.652s] -- Detecting CXX compiler ABI info
[0.699s] -- Detecting CXX compiler ABI info - done
[0.711s] -- Detecting CXX compile features
[0.711s] -- Detecting CXX compile features - done
[0.714s] -- Found ament_cmake: 1.1.6 (/opt/ros/galactic/share/ament_cmake/cmake)
[0.748s] -- Found PythonInterp: /usr/bin/python3 (found suitable version "3.8.10", minimum required is "3") 
[0.748s] -- Using PYTHON_EXECUTABLE: /usr/bin/python3
[0.809s] -- Override CMake install command with custom implementation using symlinks instead of copying resources
[0.836s] -- Found rosidl_default_generators: 1.1.1 (/opt/ros/galactic/share/rosidl_default_generators/cmake)
[0.842s] -- Using all available rosidl_typesupport_c: rosidl_typesupport_fastrtps_c;rosidl_typesupport_introspection_c
[0.848s] -- Found rosidl_adapter: 2.2.3 (/opt/ros/galactic/share/rosidl_adapter/cmake)
[0.916s] -- Found OpenSSL: /usr/lib/x86_64-linux-gnu/libcrypto.so (found version "1.1.1f")  
[0.934s] -- Found FastRTPS: /opt/ros/galactic/include  
[0.992s] -- Using all available rosidl_typesupport_cpp: rosidl_typesupport_fastrtps_cpp;rosidl_typesupport_introspection_cpp
[1.012s] -- Found geometry_msgs: 2.2.4 (/opt/ros/galactic/share/geometry_msgs/cmake)
[1.086s] -- Found PythonInterp: /usr/bin/python3 (found version "3.8.10") 
[1.208s] CMake Error at /opt/ros/galactic/share/rosidl_adapter/cmake/rosidl_adapt_interfaces.cmake:60 (message):
[1.208s]   execute_process(/usr/bin/python3 -m rosidl_adapter --package-name
[1.208s]   ros2_interfaces --arguments-file
[1.208s]   /home/zhe/code/soccer_b_ws/src/build/ros2_interfaces/rosidl_adapter__arguments__ros2_interfaces.json
[1.208s]   --output-dir
[1.208s]   /home/zhe/code/soccer_b_ws/src/build/ros2_interfaces/rosidl_adapter/ros2_interfaces
[1.208s]   --output-file
[1.208s]   /home/zhe/code/soccer_b_ws/src/build/ros2_interfaces/rosidl_adapter/ros2_interfaces.idls)
[1.208s]   returned error code 1:
[1.208s] 
[1.208s]   Error processing 'turtlesim/msg/Pose[] pose' of
[1.208s]   'ros2_interfaces/RobotPose': 'turtlesim/msg/Pose'
[1.208s] 
[1.208s]   Traceback (most recent call last):
[1.208s] 
[1.208s]     File "/usr/lib/python3.8/runpy.py", line 194, in _run_module_as_main
[1.208s]       return _run_code(code, main_globals, None,
[1.209s]     File "/usr/lib/python3.8/runpy.py", line 87, in _run_code
[1.209s]       exec(code, run_globals)
[1.209s]     File "/opt/ros/galactic/lib/python3.8/site-packages/rosidl_adapter/__main__.py", line 19, in <module>
[1.209s]       sys.exit(main())
[1.209s]     File "/opt/ros/galactic/lib/python3.8/site-packages/rosidl_adapter/main.py", line 53, in main
[1.209s]       abs_idl_file = convert_to_idl(
[1.209s]     File "/opt/ros/galactic/lib/python3.8/site-packages/rosidl_adapter/__init__.py", line 19, in convert_to_idl
[1.209s]       return convert_msg_to_idl(
[1.209s]     File "/opt/ros/galactic/lib/python3.8/site-packages/rosidl_adapter/msg/__init__.py", line 28, in convert_msg_to_idl
[1.209s]       msg = parse_message_string(package_name, input_file.stem, content)
[1.209s]     File "/opt/ros/galactic/lib/python3.8/site-packages/rosidl_adapter/parser.py", line 516, in parse_message_string
[1.209s]       Type(type_string, context_package_name=pkg_name),
[1.209s]     File "/opt/ros/galactic/lib/python3.8/site-packages/rosidl_adapter/parser.py", line 276, in __init__
[1.209s]       super(Type, self).__init__(
[1.209s]     File "/opt/ros/galactic/lib/python3.8/site-packages/rosidl_adapter/parser.py", line 189, in __init__
[1.209s]       raise InvalidResourceName(type_string)
[1.209s] 
[1.209s]   rosidl_adapter.parser.InvalidResourceName: turtlesim/msg/Pose
[1.209s] 
[1.209s] Call Stack (most recent call first):
[1.209s]   /opt/ros/galactic/share/rosidl_cmake/cmake/rosidl_generate_interfaces.cmake:130 (rosidl_adapt_interfaces)
[1.209s]   CMakeLists.txt:14 (rosidl_generate_interfaces)
[1.209s] 
[1.209s] 
[1.209s] -- Configuring incomplete, errors occurred!
[1.209s] See also "/home/zhe/code/soccer_b_ws/src/build/ros2_interfaces/CMakeFiles/CMakeOutput.log".
[1.213s] Invoked command in '/home/zhe/code/soccer_b_ws/src/build/ros2_interfaces' returned '1': CMAKE_PREFIX_PATH=${CMAKE_PREFIX_PATH}:/home/zhe/code/soccer_b_ws/install/vision_test:/home/zhe/code/soccer_b_ws/install/test_package:/home/zhe/code/rm_ws/install/robomaster_ros:/home/zhe/code/gy_ws/install/learning_urdf:/home/zhe/code/gy_ws/install/learning_topic:/home/zhe/code/gy_ws/install/learning_tf:/home/zhe/code/gy_ws/install/learning_service:/home/zhe/code/gy_ws/install/learning_qos:/home/zhe/code/gy_ws/install/learning_pkg_python:/home/zhe/code/gy_ws/install/learning_parameter:/home/zhe/code/gy_ws/install/learning_node:/home/zhe/code/gy_ws/install/learning_launch:/home/zhe/code/gy_ws/install/learning_action:/home/zhe/code/gy_ws/install/learning_gazebo:/home/zhe/code/gy_ws/install/learning_cv:/opt/ros/galactic /usr/bin/cmake /home/zhe/code/soccer_b_ws/src/ros2_interfaces -DAMENT_CMAKE_SYMLINK_INSTALL=1 -DCMAKE_INSTALL_PREFIX=/home/zhe/code/soccer_b_ws/src/install/ros2_interfaces
