[1.507s] Invoking command in '/home/zhe/code/soccer_b_ws/src/build/rm_control': AMENT_PREFIX_PATH=/home/zhe/code/soccer_b_ws/src/install/ros2_interfaces:${AMENT_PREFIX_PATH} CMAKE_PREFIX_PATH=/home/zhe/code/soccer_b_ws/src/install/ros2_interfaces:${CMAKE_PREFIX_PATH} LD_LIBRARY_PATH=/home/zhe/code/soccer_b_ws/src/install/ros2_interfaces/lib:${LD_LIBRARY_PATH} PYTHONPATH=/home/zhe/code/soccer_b_ws/src/build/rm_control/prefix_override:/home/zhe/code/soccer_b_ws/src/install/rm_control/lib/python3.8/site-packages:/home/zhe/code/soccer_b_ws/src/install/ros2_interfaces/lib/python3.8/site-packages:${PYTHONPATH} /usr/bin/python3 setup.py develop --editable --build-directory /home/zhe/code/soccer_b_ws/src/build/rm_control/build --no-deps install_data
[1.648s] running develop
[1.721s] running egg_info
[1.721s] creating rm_control.egg-info
[1.721s] writing rm_control.egg-info/PKG-INFO
[1.721s] writing dependency_links to rm_control.egg-info/dependency_links.txt
[1.721s] writing entry points to rm_control.egg-info/entry_points.txt
[1.721s] writing requirements to rm_control.egg-info/requires.txt
[1.721s] writing top-level names to rm_control.egg-info/top_level.txt
[1.722s] writing manifest file 'rm_control.egg-info/SOURCES.txt'
[1.740s] reading manifest file 'rm_control.egg-info/SOURCES.txt'
[1.741s] writing manifest file 'rm_control.egg-info/SOURCES.txt'
[1.761s] running build_ext
[1.761s] Creating /home/zhe/code/soccer_b_ws/src/install/rm_control/lib/python3.8/site-packages/site.py
[1.762s] Creating /home/zhe/code/soccer_b_ws/src/install/rm_control/lib/python3.8/site-packages/rm-control.egg-link (link to .)
[1.762s] Installing rm_control script to /home/zhe/code/soccer_b_ws/src/install/rm_control/lib/rm_control
[1.763s] 
[1.763s] Installed /home/zhe/code/soccer_b_ws/src/build/rm_control
[1.763s] running install_data
[1.763s] creating /home/zhe/code/soccer_b_ws/src/install/rm_control/share/ament_index
[1.763s] creating /home/zhe/code/soccer_b_ws/src/install/rm_control/share/ament_index/resource_index
[1.763s] creating /home/zhe/code/soccer_b_ws/src/install/rm_control/share/ament_index/resource_index/packages
[1.763s] copying resource/rm_control -> /home/zhe/code/soccer_b_ws/src/install/rm_control/share/ament_index/resource_index/packages
[1.763s] copying package.xml -> /home/zhe/code/soccer_b_ws/src/install/rm_control/share/rm_control
[1.763s] creating /home/zhe/code/soccer_b_ws/src/install/rm_control/share/rm_control/launch
[1.763s] copying launch/ep_startup.launch.py -> /home/zhe/code/soccer_b_ws/src/install/rm_control/share/rm_control/launch
[1.958s] Invoked command in '/home/zhe/code/soccer_b_ws/src/build/rm_control' returned '0': AMENT_PREFIX_PATH=/home/zhe/code/soccer_b_ws/src/install/ros2_interfaces:${AMENT_PREFIX_PATH} CMAKE_PREFIX_PATH=/home/zhe/code/soccer_b_ws/src/install/ros2_interfaces:${CMAKE_PREFIX_PATH} LD_LIBRARY_PATH=/home/zhe/code/soccer_b_ws/src/install/ros2_interfaces/lib:${LD_LIBRARY_PATH} PYTHONPATH=/home/zhe/code/soccer_b_ws/src/build/rm_control/prefix_override:/home/zhe/code/soccer_b_ws/src/install/rm_control/lib/python3.8/site-packages:/home/zhe/code/soccer_b_ws/src/install/ros2_interfaces/lib/python3.8/site-packages:${PYTHONPATH} /usr/bin/python3 setup.py develop --editable --build-directory /home/zhe/code/soccer_b_ws/src/build/rm_control/build --no-deps install_data
