[0.198s] Invoking command in '/home/zhe/code/soccer_b_ws/build/ros2_interfaces': CMAKE_PREFIX_PATH=${CMAKE_PREFIX_PATH}:/home/zhe/code/soccer_b_ws/install/motion_capture:/home/zhe/code/tf2tut/install/learning_tf2_py:/home/zhe/code/soccer_b_ws/install/rm_control:/home/zhe/code/soccer_b_ws/install/vision_test:/home/zhe/code/soccer_b_ws/install/test_package:/home/zhe/code/rm_ws/install/robomaster_ros:/home/zhe/code/gy_ws/install/learning_urdf:/home/zhe/code/gy_ws/install/learning_topic:/home/zhe/code/gy_ws/install/learning_tf:/home/zhe/code/gy_ws/install/learning_service:/home/zhe/code/gy_ws/install/learning_qos:/home/zhe/code/gy_ws/install/learning_pkg_python:/home/zhe/code/gy_ws/install/learning_parameter:/home/zhe/code/gy_ws/install/learning_node:/home/zhe/code/gy_ws/install/learning_launch:/home/zhe/code/gy_ws/install/learning_action:/home/zhe/code/gy_ws/install/learning_gazebo:/home/zhe/code/gy_ws/install/learning_cv:/opt/ros/galactic /usr/bin/cmake --build /home/zhe/code/soccer_b_ws/build/ros2_interfaces -- -j12 -l12
[0.226s] [  2%] Built target ros2_interfaces__cpp
[0.227s] [ 12%] Built target ros2_interfaces__rosidl_generator_c
[0.240s] [ 23%] Built target ros2_interfaces__rosidl_typesupport_cpp
[0.240s] [ 35%] Built target ros2_interfaces__rosidl_typesupport_c
[0.240s] [ 43%] Built target ros2_interfaces__rosidl_typesupport_introspection_cpp
[0.240s] [ 53%] Built target ros2_interfaces__rosidl_typesupport_introspection_c
[0.242s] [ 64%] Built target ros2_interfaces__rosidl_typesupport_fastrtps_cpp
[0.257s] [ 74%] Built target ros2_interfaces__rosidl_typesupport_fastrtps_c
[0.267s] [ 74%] Built target ros2_interfaces
[0.278s] [ 76%] Built target ros2_interfaces__py
[0.292s] [ 84%] Built target ros2_interfaces__python
[0.307s] [ 97%] Built target ros2_interfaces__rosidl_typesupport_introspection_c__pyext
[0.307s] [ 92%] Built target ros2_interfaces__rosidl_typesupport_c__pyext
[0.307s] [100%] Built target ros2_interfaces__rosidl_typesupport_fastrtps_c__pyext
[0.312s] Invoked command in '/home/zhe/code/soccer_b_ws/build/ros2_interfaces' returned '0': CMAKE_PREFIX_PATH=${CMAKE_PREFIX_PATH}:/home/zhe/code/soccer_b_ws/install/motion_capture:/home/zhe/code/tf2tut/install/learning_tf2_py:/home/zhe/code/soccer_b_ws/install/rm_control:/home/zhe/code/soccer_b_ws/install/vision_test:/home/zhe/code/soccer_b_ws/install/test_package:/home/zhe/code/rm_ws/install/robomaster_ros:/home/zhe/code/gy_ws/install/learning_urdf:/home/zhe/code/gy_ws/install/learning_topic:/home/zhe/code/gy_ws/install/learning_tf:/home/zhe/code/gy_ws/install/learning_service:/home/zhe/code/gy_ws/install/learning_qos:/home/zhe/code/gy_ws/install/learning_pkg_python:/home/zhe/code/gy_ws/install/learning_parameter:/home/zhe/code/gy_ws/install/learning_node:/home/zhe/code/gy_ws/install/learning_launch:/home/zhe/code/gy_ws/install/learning_action:/home/zhe/code/gy_ws/install/learning_gazebo:/home/zhe/code/gy_ws/install/learning_cv:/opt/ros/galactic /usr/bin/cmake --build /home/zhe/code/soccer_b_ws/build/ros2_interfaces -- -j12 -l12
[0.352s] Invoking command in '/home/zhe/code/soccer_b_ws/build/ros2_interfaces': CMAKE_PREFIX_PATH=${CMAKE_PREFIX_PATH}:/home/zhe/code/soccer_b_ws/install/motion_capture:/home/zhe/code/tf2tut/install/learning_tf2_py:/home/zhe/code/soccer_b_ws/install/rm_control:/home/zhe/code/soccer_b_ws/install/vision_test:/home/zhe/code/soccer_b_ws/install/test_package:/home/zhe/code/rm_ws/install/robomaster_ros:/home/zhe/code/gy_ws/install/learning_urdf:/home/zhe/code/gy_ws/install/learning_topic:/home/zhe/code/gy_ws/install/learning_tf:/home/zhe/code/gy_ws/install/learning_service:/home/zhe/code/gy_ws/install/learning_qos:/home/zhe/code/gy_ws/install/learning_pkg_python:/home/zhe/code/gy_ws/install/learning_parameter:/home/zhe/code/gy_ws/install/learning_node:/home/zhe/code/gy_ws/install/learning_launch:/home/zhe/code/gy_ws/install/learning_action:/home/zhe/code/gy_ws/install/learning_gazebo:/home/zhe/code/gy_ws/install/learning_cv:/opt/ros/galactic /usr/bin/cmake --install /home/zhe/code/soccer_b_ws/build/ros2_interfaces
[0.357s] -- Install configuration: ""
[0.358s] -- Execute custom install script
[0.358s] -- Up-to-date symlink: /home/zhe/code/soccer_b_ws/install/ros2_interfaces/share/ament_index/resource_index/rosidl_interfaces/ros2_interfaces
[0.358s] -- Up-to-date symlink: /home/zhe/code/soccer_b_ws/install/ros2_interfaces/include/ros2_interfaces/msg/detail/robot_pose__functions.h
[0.358s] -- Up-to-date symlink: /home/zhe/code/soccer_b_ws/install/ros2_interfaces/include/ros2_interfaces/msg/detail/robot_pose__struct.h
[0.358s] -- Up-to-date symlink: /home/zhe/code/soccer_b_ws/install/ros2_interfaces/include/ros2_interfaces/msg/detail/robot_pose__type_support.h
[0.358s] -- Up-to-date symlink: /home/zhe/code/soccer_b_ws/install/ros2_interfaces/include/ros2_interfaces/msg/detail/robot_twist2_d__functions.h
[0.358s] -- Up-to-date symlink: /home/zhe/code/soccer_b_ws/install/ros2_interfaces/include/ros2_interfaces/msg/detail/robot_twist2_d__struct.h
[0.358s] -- Up-to-date symlink: /home/zhe/code/soccer_b_ws/install/ros2_interfaces/include/ros2_interfaces/msg/detail/robot_twist2_d__type_support.h
[0.359s] -- Up-to-date symlink: /home/zhe/code/soccer_b_ws/install/ros2_interfaces/include/ros2_interfaces/msg/detail/robot_twist__functions.h
[0.359s] -- Up-to-date symlink: /home/zhe/code/soccer_b_ws/install/ros2_interfaces/include/ros2_interfaces/msg/detail/robot_twist__struct.h
[0.359s] -- Up-to-date symlink: /home/zhe/code/soccer_b_ws/install/ros2_interfaces/include/ros2_interfaces/msg/detail/robot_twist__type_support.h
[0.359s] -- Up-to-date symlink: /home/zhe/code/soccer_b_ws/install/ros2_interfaces/include/ros2_interfaces/msg/robot_pose.h
[0.359s] -- Up-to-date symlink: /home/zhe/code/soccer_b_ws/install/ros2_interfaces/include/ros2_interfaces/msg/robot_twist.h
[0.359s] -- Up-to-date symlink: /home/zhe/code/soccer_b_ws/install/ros2_interfaces/include/ros2_interfaces/msg/robot_twist2_d.h
[0.359s] -- Up-to-date symlink: /home/zhe/code/soccer_b_ws/install/ros2_interfaces/include/ros2_interfaces/msg/rosidl_generator_c__visibility_control.h
[0.359s] -- Up-to-date symlink: /home/zhe/code/soccer_b_ws/install/ros2_interfaces/share/ros2_interfaces/environment/library_path.sh
[0.359s] -- Up-to-date symlink: /home/zhe/code/soccer_b_ws/install/ros2_interfaces/share/ros2_interfaces/environment/library_path.dsv
[0.360s] -- Up-to-date symlink: /home/zhe/code/soccer_b_ws/install/ros2_interfaces/include/ros2_interfaces/msg/detail/robot_pose__rosidl_typesupport_fastrtps_c.h
[0.360s] -- Up-to-date symlink: /home/zhe/code/soccer_b_ws/install/ros2_interfaces/include/ros2_interfaces/msg/detail/robot_twist2_d__rosidl_typesupport_fastrtps_c.h
[0.360s] -- Up-to-date symlink: /home/zhe/code/soccer_b_ws/install/ros2_interfaces/include/ros2_interfaces/msg/detail/robot_twist__rosidl_typesupport_fastrtps_c.h
[0.360s] -- Up-to-date symlink: /home/zhe/code/soccer_b_ws/install/ros2_interfaces/include/ros2_interfaces/msg/rosidl_typesupport_fastrtps_c__visibility_control.h
[0.360s] -- Up-to-date symlink: /home/zhe/code/soccer_b_ws/install/ros2_interfaces/lib/libros2_interfaces__rosidl_typesupport_fastrtps_c.so
[0.360s] -- Up-to-date symlink: /home/zhe/code/soccer_b_ws/install/ros2_interfaces/include/ros2_interfaces/msg/detail/robot_pose__rosidl_typesupport_fastrtps_cpp.hpp
[0.360s] -- Up-to-date symlink: /home/zhe/code/soccer_b_ws/install/ros2_interfaces/include/ros2_interfaces/msg/detail/robot_twist2_d__rosidl_typesupport_fastrtps_cpp.hpp
[0.360s] -- Up-to-date symlink: /home/zhe/code/soccer_b_ws/install/ros2_interfaces/include/ros2_interfaces/msg/detail/robot_twist__rosidl_typesupport_fastrtps_cpp.hpp
[0.361s] -- Up-to-date symlink: /home/zhe/code/soccer_b_ws/install/ros2_interfaces/include/ros2_interfaces/msg/rosidl_typesupport_fastrtps_cpp__visibility_control.h
[0.361s] -- Up-to-date symlink: /home/zhe/code/soccer_b_ws/install/ros2_interfaces/lib/libros2_interfaces__rosidl_typesupport_fastrtps_cpp.so
[0.361s] -- Up-to-date symlink: /home/zhe/code/soccer_b_ws/install/ros2_interfaces/include/ros2_interfaces/msg/detail/robot_pose__rosidl_typesupport_introspection_c.h
[0.361s] -- Up-to-date symlink: /home/zhe/code/soccer_b_ws/install/ros2_interfaces/include/ros2_interfaces/msg/detail/robot_twist2_d__rosidl_typesupport_introspection_c.h
[0.361s] -- Up-to-date symlink: /home/zhe/code/soccer_b_ws/install/ros2_interfaces/include/ros2_interfaces/msg/detail/robot_twist__rosidl_typesupport_introspection_c.h
[0.361s] -- Up-to-date symlink: /home/zhe/code/soccer_b_ws/install/ros2_interfaces/include/ros2_interfaces/msg/rosidl_typesupport_introspection_c__visibility_control.h
[0.361s] -- Up-to-date symlink: /home/zhe/code/soccer_b_ws/install/ros2_interfaces/include/ros2_interfaces/msg/detail/robot_pose__builder.hpp
[0.362s] -- Up-to-date symlink: /home/zhe/code/soccer_b_ws/install/ros2_interfaces/include/ros2_interfaces/msg/detail/robot_pose__struct.hpp
[0.362s] -- Up-to-date symlink: /home/zhe/code/soccer_b_ws/install/ros2_interfaces/include/ros2_interfaces/msg/detail/robot_pose__traits.hpp
[0.362s] -- Up-to-date symlink: /home/zhe/code/soccer_b_ws/install/ros2_interfaces/include/ros2_interfaces/msg/detail/robot_twist2_d__builder.hpp
[0.362s] -- Up-to-date symlink: /home/zhe/code/soccer_b_ws/install/ros2_interfaces/include/ros2_interfaces/msg/detail/robot_twist2_d__struct.hpp
[0.362s] -- Up-to-date symlink: /home/zhe/code/soccer_b_ws/install/ros2_interfaces/include/ros2_interfaces/msg/detail/robot_twist2_d__traits.hpp
[0.362s] -- Up-to-date symlink: /home/zhe/code/soccer_b_ws/install/ros2_interfaces/include/ros2_interfaces/msg/detail/robot_twist__builder.hpp
[0.362s] -- Up-to-date symlink: /home/zhe/code/soccer_b_ws/install/ros2_interfaces/include/ros2_interfaces/msg/detail/robot_twist__struct.hpp
[0.362s] -- Up-to-date symlink: /home/zhe/code/soccer_b_ws/install/ros2_interfaces/include/ros2_interfaces/msg/detail/robot_twist__traits.hpp
[0.362s] -- Up-to-date symlink: /home/zhe/code/soccer_b_ws/install/ros2_interfaces/include/ros2_interfaces/msg/robot_pose.hpp
[0.362s] -- Up-to-date symlink: /home/zhe/code/soccer_b_ws/install/ros2_interfaces/include/ros2_interfaces/msg/robot_twist.hpp
[0.362s] -- Up-to-date symlink: /home/zhe/code/soccer_b_ws/install/ros2_interfaces/include/ros2_interfaces/msg/robot_twist2_d.hpp
[0.363s] -- Up-to-date symlink: /home/zhe/code/soccer_b_ws/install/ros2_interfaces/include/ros2_interfaces/msg/detail/robot_pose__rosidl_typesupport_introspection_cpp.hpp
[0.363s] -- Up-to-date symlink: /home/zhe/code/soccer_b_ws/install/ros2_interfaces/include/ros2_interfaces/msg/detail/robot_twist2_d__rosidl_typesupport_introspection_cpp.hpp
[0.363s] -- Up-to-date symlink: /home/zhe/code/soccer_b_ws/install/ros2_interfaces/include/ros2_interfaces/msg/detail/robot_twist__rosidl_typesupport_introspection_cpp.hpp
[0.363s] -- Up-to-date symlink: /home/zhe/code/soccer_b_ws/install/ros2_interfaces/share/ros2_interfaces/environment/pythonpath.sh
[0.363s] -- Up-to-date symlink: /home/zhe/code/soccer_b_ws/install/ros2_interfaces/share/ros2_interfaces/environment/pythonpath.dsv
[0.363s] -- Up-to-date symlink: /home/zhe/code/soccer_b_ws/install/ros2_interfaces/lib/python3.8/site-packages/ros2_interfaces/__init__.py
[0.363s] -- Up-to-date symlink: /home/zhe/code/soccer_b_ws/install/ros2_interfaces/lib/python3.8/site-packages/ros2_interfaces/msg/__init__.py
[0.363s] -- Up-to-date symlink: /home/zhe/code/soccer_b_ws/install/ros2_interfaces/lib/python3.8/site-packages/ros2_interfaces/msg/_robot_pose.py
[0.364s] -- Up-to-date symlink: /home/zhe/code/soccer_b_ws/install/ros2_interfaces/lib/python3.8/site-packages/ros2_interfaces/msg/_robot_twist.py
[0.364s] -- Up-to-date symlink: /home/zhe/code/soccer_b_ws/install/ros2_interfaces/lib/python3.8/site-packages/ros2_interfaces/msg/_robot_twist2_d.py
[0.364s] -- Up-to-date symlink: /home/zhe/code/soccer_b_ws/install/ros2_interfaces/lib/python3.8/site-packages/ros2_interfaces/ros2_interfaces_s__rosidl_typesupport_fastrtps_c.cpython-38-x86_64-linux-gnu.so
[0.364s] -- Up-to-date symlink: /home/zhe/code/soccer_b_ws/install/ros2_interfaces/lib/python3.8/site-packages/ros2_interfaces/ros2_interfaces_s__rosidl_typesupport_introspection_c.cpython-38-x86_64-linux-gnu.so
[0.364s] -- Up-to-date symlink: /home/zhe/code/soccer_b_ws/install/ros2_interfaces/lib/python3.8/site-packages/ros2_interfaces/ros2_interfaces_s__rosidl_typesupport_c.cpython-38-x86_64-linux-gnu.so
[0.364s] -- Up-to-date symlink: /home/zhe/code/soccer_b_ws/install/ros2_interfaces/lib/libros2_interfaces__python.so
[0.365s] -- Up-to-date symlink: /home/zhe/code/soccer_b_ws/install/ros2_interfaces/share/ros2_interfaces/msg/RobotPose.idl
[0.365s] -- Up-to-date symlink: /home/zhe/code/soccer_b_ws/install/ros2_interfaces/share/ros2_interfaces/msg/RobotTwist2D.idl
[0.365s] -- Up-to-date symlink: /home/zhe/code/soccer_b_ws/install/ros2_interfaces/share/ros2_interfaces/msg/RobotPose.msg
[0.365s] -- Up-to-date symlink: /home/zhe/code/soccer_b_ws/install/ros2_interfaces/share/ros2_interfaces/msg/RobotTwist2D.msg
[0.365s] -- Up-to-date symlink: /home/zhe/code/soccer_b_ws/install/ros2_interfaces/share/ament_index/resource_index/package_run_dependencies/ros2_interfaces
[0.365s] -- Up-to-date symlink: /home/zhe/code/soccer_b_ws/install/ros2_interfaces/share/ament_index/resource_index/parent_prefix_path/ros2_interfaces
[0.365s] -- Up-to-date symlink: /home/zhe/code/soccer_b_ws/install/ros2_interfaces/share/ros2_interfaces/environment/ament_prefix_path.sh
[0.365s] -- Up-to-date symlink: /home/zhe/code/soccer_b_ws/install/ros2_interfaces/share/ros2_interfaces/environment/ament_prefix_path.dsv
[0.366s] -- Up-to-date symlink: /home/zhe/code/soccer_b_ws/install/ros2_interfaces/share/ros2_interfaces/environment/path.sh
[0.366s] -- Up-to-date symlink: /home/zhe/code/soccer_b_ws/install/ros2_interfaces/share/ros2_interfaces/environment/path.dsv
[0.366s] -- Up-to-date symlink: /home/zhe/code/soccer_b_ws/install/ros2_interfaces/share/ros2_interfaces/local_setup.bash
[0.366s] -- Up-to-date symlink: /home/zhe/code/soccer_b_ws/install/ros2_interfaces/share/ros2_interfaces/local_setup.sh
[0.366s] -- Up-to-date symlink: /home/zhe/code/soccer_b_ws/install/ros2_interfaces/share/ros2_interfaces/local_setup.zsh
[0.366s] -- Up-to-date symlink: /home/zhe/code/soccer_b_ws/install/ros2_interfaces/share/ros2_interfaces/local_setup.dsv
[0.366s] -- Symlinking: /home/zhe/code/soccer_b_ws/install/ros2_interfaces/share/ros2_interfaces/package.dsv
[0.371s] -- Up-to-date symlink: /home/zhe/code/soccer_b_ws/install/ros2_interfaces/share/ament_index/resource_index/packages/ros2_interfaces
[0.371s] -- Up-to-date symlink: /home/zhe/code/soccer_b_ws/install/ros2_interfaces/share/ros2_interfaces/cmake/rosidl_cmake-extras.cmake
[0.372s] -- Up-to-date symlink: /home/zhe/code/soccer_b_ws/install/ros2_interfaces/share/ros2_interfaces/cmake/ament_cmake_export_dependencies-extras.cmake
[0.372s] -- Up-to-date symlink: /home/zhe/code/soccer_b_ws/install/ros2_interfaces/share/ros2_interfaces/cmake/ament_cmake_export_libraries-extras.cmake
[0.372s] -- Up-to-date symlink: /home/zhe/code/soccer_b_ws/install/ros2_interfaces/share/ros2_interfaces/cmake/ament_cmake_export_targets-extras.cmake
[0.372s] -- Up-to-date symlink: /home/zhe/code/soccer_b_ws/install/ros2_interfaces/share/ros2_interfaces/cmake/ament_cmake_export_include_directories-extras.cmake
[0.372s] -- Up-to-date symlink: /home/zhe/code/soccer_b_ws/install/ros2_interfaces/share/ros2_interfaces/cmake/rosidl_cmake_export_typesupport_libraries-extras.cmake
[0.372s] -- Up-to-date symlink: /home/zhe/code/soccer_b_ws/install/ros2_interfaces/share/ros2_interfaces/cmake/rosidl_cmake_export_typesupport_targets-extras.cmake
[0.372s] -- Up-to-date symlink: /home/zhe/code/soccer_b_ws/install/ros2_interfaces/share/ros2_interfaces/cmake/ros2_interfacesConfig.cmake
[0.372s] -- Up-to-date symlink: /home/zhe/code/soccer_b_ws/install/ros2_interfaces/share/ros2_interfaces/cmake/ros2_interfacesConfig-version.cmake
[0.372s] -- Up-to-date symlink: /home/zhe/code/soccer_b_ws/install/ros2_interfaces/share/ros2_interfaces/package.xml
[0.373s] -- Up-to-date: /home/zhe/code/soccer_b_ws/install/ros2_interfaces/lib/libros2_interfaces__rosidl_generator_c.so
[0.373s] -- Up-to-date: /home/zhe/code/soccer_b_ws/install/ros2_interfaces/lib/libros2_interfaces__rosidl_typesupport_introspection_c.so
[0.373s] -- Up-to-date: /home/zhe/code/soccer_b_ws/install/ros2_interfaces/lib/libros2_interfaces__rosidl_typesupport_c.so
[0.373s] -- Up-to-date: /home/zhe/code/soccer_b_ws/install/ros2_interfaces/lib/libros2_interfaces__rosidl_typesupport_introspection_cpp.so
[0.373s] -- Up-to-date: /home/zhe/code/soccer_b_ws/install/ros2_interfaces/lib/libros2_interfaces__rosidl_typesupport_cpp.so
[0.408s] -- Up-to-date: /home/zhe/code/soccer_b_ws/install/ros2_interfaces/share/ros2_interfaces/cmake/ros2_interfaces__rosidl_generator_cExport.cmake
[0.408s] -- Up-to-date: /home/zhe/code/soccer_b_ws/install/ros2_interfaces/share/ros2_interfaces/cmake/ros2_interfaces__rosidl_generator_cExport-noconfig.cmake
[0.408s] -- Up-to-date: /home/zhe/code/soccer_b_ws/install/ros2_interfaces/share/ros2_interfaces/cmake/ros2_interfaces__rosidl_typesupport_introspection_cExport.cmake
[0.408s] -- Up-to-date: /home/zhe/code/soccer_b_ws/install/ros2_interfaces/share/ros2_interfaces/cmake/ros2_interfaces__rosidl_typesupport_introspection_cExport-noconfig.cmake
[0.408s] -- Up-to-date: /home/zhe/code/soccer_b_ws/install/ros2_interfaces/share/ros2_interfaces/cmake/ros2_interfaces__rosidl_typesupport_cExport.cmake
[0.408s] -- Up-to-date: /home/zhe/code/soccer_b_ws/install/ros2_interfaces/share/ros2_interfaces/cmake/ros2_interfaces__rosidl_typesupport_cExport-noconfig.cmake
[0.408s] -- Up-to-date: /home/zhe/code/soccer_b_ws/install/ros2_interfaces/share/ros2_interfaces/cmake/ros2_interfaces__rosidl_generator_cppExport.cmake
[0.408s] -- Up-to-date: /home/zhe/code/soccer_b_ws/install/ros2_interfaces/share/ros2_interfaces/cmake/ros2_interfaces__rosidl_typesupport_introspection_cppExport.cmake
[0.408s] -- Up-to-date: /home/zhe/code/soccer_b_ws/install/ros2_interfaces/share/ros2_interfaces/cmake/ros2_interfaces__rosidl_typesupport_introspection_cppExport-noconfig.cmake
[0.409s] -- Up-to-date: /home/zhe/code/soccer_b_ws/install/ros2_interfaces/share/ros2_interfaces/cmake/ros2_interfaces__rosidl_typesupport_cppExport.cmake
[0.409s] -- Up-to-date: /home/zhe/code/soccer_b_ws/install/ros2_interfaces/share/ros2_interfaces/cmake/ros2_interfaces__rosidl_typesupport_cppExport-noconfig.cmake
[0.410s] Invoked command in '/home/zhe/code/soccer_b_ws/build/ros2_interfaces' returned '0': CMAKE_PREFIX_PATH=${CMAKE_PREFIX_PATH}:/home/zhe/code/soccer_b_ws/install/motion_capture:/home/zhe/code/tf2tut/install/learning_tf2_py:/home/zhe/code/soccer_b_ws/install/rm_control:/home/zhe/code/soccer_b_ws/install/vision_test:/home/zhe/code/soccer_b_ws/install/test_package:/home/zhe/code/rm_ws/install/robomaster_ros:/home/zhe/code/gy_ws/install/learning_urdf:/home/zhe/code/gy_ws/install/learning_topic:/home/zhe/code/gy_ws/install/learning_tf:/home/zhe/code/gy_ws/install/learning_service:/home/zhe/code/gy_ws/install/learning_qos:/home/zhe/code/gy_ws/install/learning_pkg_python:/home/zhe/code/gy_ws/install/learning_parameter:/home/zhe/code/gy_ws/install/learning_node:/home/zhe/code/gy_ws/install/learning_launch:/home/zhe/code/gy_ws/install/learning_action:/home/zhe/code/gy_ws/install/learning_gazebo:/home/zhe/code/gy_ws/install/learning_cv:/opt/ros/galactic /usr/bin/cmake --install /home/zhe/code/soccer_b_ws/build/ros2_interfaces
