[0.478s] Invoking command in '/home/zhe/code/soccer_b_ws/src/build/ros2_interfaces': CMAKE_PREFIX_PATH=${CMAKE_PREFIX_PATH}:/home/zhe/code/soccer_b_ws/src/install/vision_test:/home/zhe/code/soccer_b_ws/src/install/test_package:/home/zhe/code/soccer_b_ws/src/install/rm_control:/home/zhe/code/soccer_b_ws/src/install/motion_capture:/home/zhe/code/soccer_b_ws/install/rm_control:/home/zhe/code/soccer_b_ws/install/vision_test:/home/zhe/code/soccer_b_ws/install/test_package:/home/zhe/code/rm_ws/install/robomaster_ros:/home/zhe/code/gy_ws/install/learning_urdf:/home/zhe/code/gy_ws/install/learning_topic:/home/zhe/code/gy_ws/install/learning_tf:/home/zhe/code/gy_ws/install/learning_service:/home/zhe/code/gy_ws/install/learning_qos:/home/zhe/code/gy_ws/install/learning_pkg_python:/home/zhe/code/gy_ws/install/learning_parameter:/home/zhe/code/gy_ws/install/learning_node:/home/zhe/code/gy_ws/install/learning_launch:/home/zhe/code/gy_ws/install/learning_action:/home/zhe/code/gy_ws/install/learning_gazebo:/home/zhe/code/gy_ws/install/learning_cv:/opt/ros/galactic /usr/bin/cmake /home/zhe/code/soccer_b_ws/src/ros2_interfaces -DAMENT_CMAKE_SYMLINK_INSTALL=1 -DCMAKE_INSTALL_PREFIX=/home/zhe/code/soccer_b_ws/src/install/ros2_interfaces
[0.488s] -- Found ament_cmake: 1.1.6 (/opt/ros/galactic/share/ament_cmake/cmake)
[0.521s] -- Found PythonInterp: /usr/bin/python3 (found suitable version "3.8.10", minimum required is "3") 
[0.521s] -- Using PYTHON_EXECUTABLE: /usr/bin/python3
[0.579s] -- Override CMake install command with custom implementation using symlinks instead of copying resources
[0.584s] -- Found rosidl_default_generators: 1.1.1 (/opt/ros/galactic/share/rosidl_default_generators/cmake)
[0.587s] -- Using all available rosidl_typesupport_c: rosidl_typesupport_fastrtps_c;rosidl_typesupport_introspection_c
[0.589s] -- Found rosidl_adapter: 2.2.3 (/opt/ros/galactic/share/rosidl_adapter/cmake)
[0.679s] -- Using all available rosidl_typesupport_cpp: rosidl_typesupport_fastrtps_cpp;rosidl_typesupport_introspection_cpp
[0.692s] -- Found geometry_msgs: 2.2.4 (/opt/ros/galactic/share/geometry_msgs/cmake)
[0.769s] -- Found PythonInterp: /usr/bin/python3 (found version "3.8.10") 
[0.914s] -- Found ament_cmake_ros: 0.9.2 (/opt/ros/galactic/share/ament_cmake_ros/cmake)
[1.066s] -- Using all available rosidl_typesupport_c: rosidl_typesupport_fastrtps_c;rosidl_typesupport_introspection_c
[1.132s] -- Using all available rosidl_typesupport_cpp: rosidl_typesupport_fastrtps_cpp;rosidl_typesupport_introspection_cpp
[1.170s] -- Found PythonInterp: /usr/bin/python3 (found suitable version "3.8.10", minimum required is "3.5") 
[1.170s] -- Found python_cmake_module: 0.8.1 (/opt/ros/galactic/share/python_cmake_module/cmake)
[1.203s] -- Using PYTHON_EXECUTABLE: /usr/bin/python3
[1.203s] -- Using PYTHON_INCLUDE_DIRS: /usr/include/python3.8
[1.203s] -- Using PYTHON_LIBRARIES: /usr/lib/x86_64-linux-gnu/libpython3.8.so
[1.246s] -- Found ament_lint_auto: 0.10.7 (/opt/ros/galactic/share/ament_lint_auto/cmake)
[1.253s] -- Added test 'copyright' to check source files copyright and LICENSE
[1.254s] -- Added test 'lint_cmake' to check CMake code style
[1.254s] -- Added test 'xmllint' to check XML markup files
[1.257s] -- Configuring done
[1.288s] -- Generating done
[1.290s] -- Build files have been written to: /home/zhe/code/soccer_b_ws/src/build/ros2_interfaces
[1.294s] Invoked command in '/home/zhe/code/soccer_b_ws/src/build/ros2_interfaces' returned '0': CMAKE_PREFIX_PATH=${CMAKE_PREFIX_PATH}:/home/zhe/code/soccer_b_ws/src/install/vision_test:/home/zhe/code/soccer_b_ws/src/install/test_package:/home/zhe/code/soccer_b_ws/src/install/rm_control:/home/zhe/code/soccer_b_ws/src/install/motion_capture:/home/zhe/code/soccer_b_ws/install/rm_control:/home/zhe/code/soccer_b_ws/install/vision_test:/home/zhe/code/soccer_b_ws/install/test_package:/home/zhe/code/rm_ws/install/robomaster_ros:/home/zhe/code/gy_ws/install/learning_urdf:/home/zhe/code/gy_ws/install/learning_topic:/home/zhe/code/gy_ws/install/learning_tf:/home/zhe/code/gy_ws/install/learning_service:/home/zhe/code/gy_ws/install/learning_qos:/home/zhe/code/gy_ws/install/learning_pkg_python:/home/zhe/code/gy_ws/install/learning_parameter:/home/zhe/code/gy_ws/install/learning_node:/home/zhe/code/gy_ws/install/learning_launch:/home/zhe/code/gy_ws/install/learning_action:/home/zhe/code/gy_ws/install/learning_gazebo:/home/zhe/code/gy_ws/install/learning_cv:/opt/ros/galactic /usr/bin/cmake /home/zhe/code/soccer_b_ws/src/ros2_interfaces -DAMENT_CMAKE_SYMLINK_INSTALL=1 -DCMAKE_INSTALL_PREFIX=/home/zhe/code/soccer_b_ws/src/install/ros2_interfaces
[1.295s] Invoking command in '/home/zhe/code/soccer_b_ws/src/build/ros2_interfaces': CMAKE_PREFIX_PATH=${CMAKE_PREFIX_PATH}:/home/zhe/code/soccer_b_ws/src/install/vision_test:/home/zhe/code/soccer_b_ws/src/install/test_package:/home/zhe/code/soccer_b_ws/src/install/rm_control:/home/zhe/code/soccer_b_ws/src/install/motion_capture:/home/zhe/code/soccer_b_ws/install/rm_control:/home/zhe/code/soccer_b_ws/install/vision_test:/home/zhe/code/soccer_b_ws/install/test_package:/home/zhe/code/rm_ws/install/robomaster_ros:/home/zhe/code/gy_ws/install/learning_urdf:/home/zhe/code/gy_ws/install/learning_topic:/home/zhe/code/gy_ws/install/learning_tf:/home/zhe/code/gy_ws/install/learning_service:/home/zhe/code/gy_ws/install/learning_qos:/home/zhe/code/gy_ws/install/learning_pkg_python:/home/zhe/code/gy_ws/install/learning_parameter:/home/zhe/code/gy_ws/install/learning_node:/home/zhe/code/gy_ws/install/learning_launch:/home/zhe/code/gy_ws/install/learning_action:/home/zhe/code/gy_ws/install/learning_gazebo:/home/zhe/code/gy_ws/install/learning_cv:/opt/ros/galactic /usr/bin/cmake --build /home/zhe/code/soccer_b_ws/src/build/ros2_interfaces -- -j12 -l12
[1.329s] [  2%] Built target ros2_interfaces__cpp
[1.330s] [ 12%] Built target ros2_interfaces__rosidl_generator_c
[1.344s] [ 23%] Built target ros2_interfaces__rosidl_typesupport_cpp
[1.345s] [ 33%] Built target ros2_interfaces__rosidl_typesupport_c
[1.345s] [ 43%] Built target ros2_interfaces__rosidl_typesupport_introspection_cpp
[1.346s] [ 53%] Built target ros2_interfaces__rosidl_typesupport_fastrtps_cpp
[1.347s] [ 64%] Built target ros2_interfaces__rosidl_typesupport_introspection_c
[1.361s] [ 74%] Built target ros2_interfaces__rosidl_typesupport_fastrtps_c
[1.373s] [ 74%] Built target ros2_interfaces
[1.384s] [ 76%] Built target ros2_interfaces__py
[1.399s] [ 84%] Built target ros2_interfaces__python
[1.415s] [100%] Built target ros2_interfaces__rosidl_typesupport_c__pyext
[1.415s] [100%] Built target ros2_interfaces__rosidl_typesupport_fastrtps_c__pyext
[1.415s] [100%] Built target ros2_interfaces__rosidl_typesupport_introspection_c__pyext
[1.422s] Invoked command in '/home/zhe/code/soccer_b_ws/src/build/ros2_interfaces' returned '0': CMAKE_PREFIX_PATH=${CMAKE_PREFIX_PATH}:/home/zhe/code/soccer_b_ws/src/install/vision_test:/home/zhe/code/soccer_b_ws/src/install/test_package:/home/zhe/code/soccer_b_ws/src/install/rm_control:/home/zhe/code/soccer_b_ws/src/install/motion_capture:/home/zhe/code/soccer_b_ws/install/rm_control:/home/zhe/code/soccer_b_ws/install/vision_test:/home/zhe/code/soccer_b_ws/install/test_package:/home/zhe/code/rm_ws/install/robomaster_ros:/home/zhe/code/gy_ws/install/learning_urdf:/home/zhe/code/gy_ws/install/learning_topic:/home/zhe/code/gy_ws/install/learning_tf:/home/zhe/code/gy_ws/install/learning_service:/home/zhe/code/gy_ws/install/learning_qos:/home/zhe/code/gy_ws/install/learning_pkg_python:/home/zhe/code/gy_ws/install/learning_parameter:/home/zhe/code/gy_ws/install/learning_node:/home/zhe/code/gy_ws/install/learning_launch:/home/zhe/code/gy_ws/install/learning_action:/home/zhe/code/gy_ws/install/learning_gazebo:/home/zhe/code/gy_ws/install/learning_cv:/opt/ros/galactic /usr/bin/cmake --build /home/zhe/code/soccer_b_ws/src/build/ros2_interfaces -- -j12 -l12
[1.465s] Invoking command in '/home/zhe/code/soccer_b_ws/src/build/ros2_interfaces': CMAKE_PREFIX_PATH=${CMAKE_PREFIX_PATH}:/home/zhe/code/soccer_b_ws/src/install/vision_test:/home/zhe/code/soccer_b_ws/src/install/test_package:/home/zhe/code/soccer_b_ws/src/install/rm_control:/home/zhe/code/soccer_b_ws/src/install/motion_capture:/home/zhe/code/soccer_b_ws/install/rm_control:/home/zhe/code/soccer_b_ws/install/vision_test:/home/zhe/code/soccer_b_ws/install/test_package:/home/zhe/code/rm_ws/install/robomaster_ros:/home/zhe/code/gy_ws/install/learning_urdf:/home/zhe/code/gy_ws/install/learning_topic:/home/zhe/code/gy_ws/install/learning_tf:/home/zhe/code/gy_ws/install/learning_service:/home/zhe/code/gy_ws/install/learning_qos:/home/zhe/code/gy_ws/install/learning_pkg_python:/home/zhe/code/gy_ws/install/learning_parameter:/home/zhe/code/gy_ws/install/learning_node:/home/zhe/code/gy_ws/install/learning_launch:/home/zhe/code/gy_ws/install/learning_action:/home/zhe/code/gy_ws/install/learning_gazebo:/home/zhe/code/gy_ws/install/learning_cv:/opt/ros/galactic /usr/bin/cmake --install /home/zhe/code/soccer_b_ws/src/build/ros2_interfaces
[1.471s] -- Install configuration: ""
[1.471s] -- Execute custom install script
[1.472s] -- Up-to-date symlink: /home/zhe/code/soccer_b_ws/src/install/ros2_interfaces/share/ament_index/resource_index/rosidl_interfaces/ros2_interfaces
[1.472s] -- Up-to-date symlink: /home/zhe/code/soccer_b_ws/src/install/ros2_interfaces/include/ros2_interfaces/msg/detail/robot_pose__functions.h
[1.472s] -- Up-to-date symlink: /home/zhe/code/soccer_b_ws/src/install/ros2_interfaces/include/ros2_interfaces/msg/detail/robot_pose__struct.h
[1.472s] -- Up-to-date symlink: /home/zhe/code/soccer_b_ws/src/install/ros2_interfaces/include/ros2_interfaces/msg/detail/robot_pose__type_support.h
[1.472s] -- Up-to-date symlink: /home/zhe/code/soccer_b_ws/src/install/ros2_interfaces/include/ros2_interfaces/msg/detail/robot_twist2_d__functions.h
[1.472s] -- Up-to-date symlink: /home/zhe/code/soccer_b_ws/src/install/ros2_interfaces/include/ros2_interfaces/msg/detail/robot_twist2_d__struct.h
[1.472s] -- Up-to-date symlink: /home/zhe/code/soccer_b_ws/src/install/ros2_interfaces/include/ros2_interfaces/msg/detail/robot_twist2_d__type_support.h
[1.472s] -- Up-to-date symlink: /home/zhe/code/soccer_b_ws/src/install/ros2_interfaces/include/ros2_interfaces/msg/robot_pose.h
[1.472s] -- Up-to-date symlink: /home/zhe/code/soccer_b_ws/src/install/ros2_interfaces/include/ros2_interfaces/msg/robot_twist2_d.h
[1.472s] -- Up-to-date symlink: /home/zhe/code/soccer_b_ws/src/install/ros2_interfaces/include/ros2_interfaces/msg/rosidl_generator_c__visibility_control.h
[1.472s] -- Up-to-date symlink: /home/zhe/code/soccer_b_ws/src/install/ros2_interfaces/share/ros2_interfaces/environment/library_path.sh
[1.472s] -- Up-to-date symlink: /home/zhe/code/soccer_b_ws/src/install/ros2_interfaces/share/ros2_interfaces/environment/library_path.dsv
[1.473s] -- Up-to-date symlink: /home/zhe/code/soccer_b_ws/src/install/ros2_interfaces/include/ros2_interfaces/msg/detail/robot_pose__rosidl_typesupport_fastrtps_c.h
[1.473s] -- Up-to-date symlink: /home/zhe/code/soccer_b_ws/src/install/ros2_interfaces/include/ros2_interfaces/msg/detail/robot_twist2_d__rosidl_typesupport_fastrtps_c.h
[1.473s] -- Up-to-date symlink: /home/zhe/code/soccer_b_ws/src/install/ros2_interfaces/include/ros2_interfaces/msg/rosidl_typesupport_fastrtps_c__visibility_control.h
[1.473s] -- Up-to-date symlink: /home/zhe/code/soccer_b_ws/src/install/ros2_interfaces/lib/libros2_interfaces__rosidl_typesupport_fastrtps_c.so
[1.473s] -- Up-to-date symlink: /home/zhe/code/soccer_b_ws/src/install/ros2_interfaces/include/ros2_interfaces/msg/detail/robot_pose__rosidl_typesupport_fastrtps_cpp.hpp
[1.474s] -- Up-to-date symlink: /home/zhe/code/soccer_b_ws/src/install/ros2_interfaces/include/ros2_interfaces/msg/detail/robot_twist2_d__rosidl_typesupport_fastrtps_cpp.hpp
[1.474s] -- Up-to-date symlink: /home/zhe/code/soccer_b_ws/src/install/ros2_interfaces/include/ros2_interfaces/msg/rosidl_typesupport_fastrtps_cpp__visibility_control.h
[1.474s] -- Up-to-date symlink: /home/zhe/code/soccer_b_ws/src/install/ros2_interfaces/lib/libros2_interfaces__rosidl_typesupport_fastrtps_cpp.so
[1.474s] -- Up-to-date symlink: /home/zhe/code/soccer_b_ws/src/install/ros2_interfaces/include/ros2_interfaces/msg/detail/robot_pose__rosidl_typesupport_introspection_c.h
[1.474s] -- Up-to-date symlink: /home/zhe/code/soccer_b_ws/src/install/ros2_interfaces/include/ros2_interfaces/msg/detail/robot_twist2_d__rosidl_typesupport_introspection_c.h
[1.475s] -- Up-to-date symlink: /home/zhe/code/soccer_b_ws/src/install/ros2_interfaces/include/ros2_interfaces/msg/rosidl_typesupport_introspection_c__visibility_control.h
[1.475s] -- Up-to-date symlink: /home/zhe/code/soccer_b_ws/src/install/ros2_interfaces/include/ros2_interfaces/msg/detail/robot_pose__builder.hpp
[1.475s] -- Up-to-date symlink: /home/zhe/code/soccer_b_ws/src/install/ros2_interfaces/include/ros2_interfaces/msg/detail/robot_pose__struct.hpp
[1.475s] -- Up-to-date symlink: /home/zhe/code/soccer_b_ws/src/install/ros2_interfaces/include/ros2_interfaces/msg/detail/robot_pose__traits.hpp
[1.475s] -- Up-to-date symlink: /home/zhe/code/soccer_b_ws/src/install/ros2_interfaces/include/ros2_interfaces/msg/detail/robot_twist2_d__builder.hpp
[1.475s] -- Up-to-date symlink: /home/zhe/code/soccer_b_ws/src/install/ros2_interfaces/include/ros2_interfaces/msg/detail/robot_twist2_d__struct.hpp
[1.475s] -- Up-to-date symlink: /home/zhe/code/soccer_b_ws/src/install/ros2_interfaces/include/ros2_interfaces/msg/detail/robot_twist2_d__traits.hpp
[1.475s] -- Up-to-date symlink: /home/zhe/code/soccer_b_ws/src/install/ros2_interfaces/include/ros2_interfaces/msg/robot_pose.hpp
[1.475s] -- Up-to-date symlink: /home/zhe/code/soccer_b_ws/src/install/ros2_interfaces/include/ros2_interfaces/msg/robot_twist2_d.hpp
[1.475s] -- Up-to-date symlink: /home/zhe/code/soccer_b_ws/src/install/ros2_interfaces/include/ros2_interfaces/msg/detail/robot_pose__rosidl_typesupport_introspection_cpp.hpp
[1.476s] -- Up-to-date symlink: /home/zhe/code/soccer_b_ws/src/install/ros2_interfaces/include/ros2_interfaces/msg/detail/robot_twist2_d__rosidl_typesupport_introspection_cpp.hpp
[1.476s] -- Up-to-date symlink: /home/zhe/code/soccer_b_ws/src/install/ros2_interfaces/share/ros2_interfaces/environment/pythonpath.sh
[1.476s] -- Up-to-date symlink: /home/zhe/code/soccer_b_ws/src/install/ros2_interfaces/share/ros2_interfaces/environment/pythonpath.dsv
[1.476s] -- Up-to-date symlink: /home/zhe/code/soccer_b_ws/src/install/ros2_interfaces/lib/python3.8/site-packages/ros2_interfaces/__init__.py
[1.476s] -- Up-to-date symlink: /home/zhe/code/soccer_b_ws/src/install/ros2_interfaces/lib/python3.8/site-packages/ros2_interfaces/msg/__init__.py
[1.476s] -- Up-to-date symlink: /home/zhe/code/soccer_b_ws/src/install/ros2_interfaces/lib/python3.8/site-packages/ros2_interfaces/msg/_robot_pose.py
[1.476s] -- Up-to-date symlink: /home/zhe/code/soccer_b_ws/src/install/ros2_interfaces/lib/python3.8/site-packages/ros2_interfaces/msg/_robot_twist2_d.py
[1.477s] -- Up-to-date symlink: /home/zhe/code/soccer_b_ws/src/install/ros2_interfaces/lib/python3.8/site-packages/ros2_interfaces/ros2_interfaces_s__rosidl_typesupport_fastrtps_c.cpython-38-x86_64-linux-gnu.so
[1.477s] -- Up-to-date symlink: /home/zhe/code/soccer_b_ws/src/install/ros2_interfaces/lib/python3.8/site-packages/ros2_interfaces/ros2_interfaces_s__rosidl_typesupport_introspection_c.cpython-38-x86_64-linux-gnu.so
[1.477s] -- Up-to-date symlink: /home/zhe/code/soccer_b_ws/src/install/ros2_interfaces/lib/python3.8/site-packages/ros2_interfaces/ros2_interfaces_s__rosidl_typesupport_c.cpython-38-x86_64-linux-gnu.so
[1.477s] -- Up-to-date symlink: /home/zhe/code/soccer_b_ws/src/install/ros2_interfaces/lib/libros2_interfaces__python.so
[1.477s] -- Up-to-date symlink: /home/zhe/code/soccer_b_ws/src/install/ros2_interfaces/share/ros2_interfaces/msg/RobotPose.idl
[1.477s] -- Up-to-date symlink: /home/zhe/code/soccer_b_ws/src/install/ros2_interfaces/share/ros2_interfaces/msg/RobotTwist2D.idl
[1.478s] -- Up-to-date symlink: /home/zhe/code/soccer_b_ws/src/install/ros2_interfaces/share/ros2_interfaces/msg/RobotPose.msg
[1.478s] -- Up-to-date symlink: /home/zhe/code/soccer_b_ws/src/install/ros2_interfaces/share/ros2_interfaces/msg/RobotTwist2D.msg
[1.478s] -- Up-to-date symlink: /home/zhe/code/soccer_b_ws/src/install/ros2_interfaces/share/ament_index/resource_index/package_run_dependencies/ros2_interfaces
[1.478s] -- Up-to-date symlink: /home/zhe/code/soccer_b_ws/src/install/ros2_interfaces/share/ament_index/resource_index/parent_prefix_path/ros2_interfaces
[1.479s] -- Up-to-date symlink: /home/zhe/code/soccer_b_ws/src/install/ros2_interfaces/share/ros2_interfaces/environment/ament_prefix_path.sh
[1.479s] -- Up-to-date symlink: /home/zhe/code/soccer_b_ws/src/install/ros2_interfaces/share/ros2_interfaces/environment/ament_prefix_path.dsv
[1.479s] -- Up-to-date symlink: /home/zhe/code/soccer_b_ws/src/install/ros2_interfaces/share/ros2_interfaces/environment/path.sh
[1.479s] -- Up-to-date symlink: /home/zhe/code/soccer_b_ws/src/install/ros2_interfaces/share/ros2_interfaces/environment/path.dsv
[1.479s] -- Up-to-date symlink: /home/zhe/code/soccer_b_ws/src/install/ros2_interfaces/share/ros2_interfaces/local_setup.bash
[1.479s] -- Up-to-date symlink: /home/zhe/code/soccer_b_ws/src/install/ros2_interfaces/share/ros2_interfaces/local_setup.sh
[1.479s] -- Up-to-date symlink: /home/zhe/code/soccer_b_ws/src/install/ros2_interfaces/share/ros2_interfaces/local_setup.zsh
[1.479s] -- Up-to-date symlink: /home/zhe/code/soccer_b_ws/src/install/ros2_interfaces/share/ros2_interfaces/local_setup.dsv
[1.479s] -- Symlinking: /home/zhe/code/soccer_b_ws/src/install/ros2_interfaces/share/ros2_interfaces/package.dsv
[1.485s] -- Up-to-date symlink: /home/zhe/code/soccer_b_ws/src/install/ros2_interfaces/share/ament_index/resource_index/packages/ros2_interfaces
[1.485s] -- Up-to-date symlink: /home/zhe/code/soccer_b_ws/src/install/ros2_interfaces/share/ros2_interfaces/cmake/rosidl_cmake-extras.cmake
[1.485s] -- Up-to-date symlink: /home/zhe/code/soccer_b_ws/src/install/ros2_interfaces/share/ros2_interfaces/cmake/ament_cmake_export_dependencies-extras.cmake
[1.485s] -- Up-to-date symlink: /home/zhe/code/soccer_b_ws/src/install/ros2_interfaces/share/ros2_interfaces/cmake/ament_cmake_export_libraries-extras.cmake
[1.485s] -- Up-to-date symlink: /home/zhe/code/soccer_b_ws/src/install/ros2_interfaces/share/ros2_interfaces/cmake/ament_cmake_export_targets-extras.cmake
[1.485s] -- Up-to-date symlink: /home/zhe/code/soccer_b_ws/src/install/ros2_interfaces/share/ros2_interfaces/cmake/ament_cmake_export_include_directories-extras.cmake
[1.486s] -- Up-to-date symlink: /home/zhe/code/soccer_b_ws/src/install/ros2_interfaces/share/ros2_interfaces/cmake/rosidl_cmake_export_typesupport_libraries-extras.cmake
[1.486s] -- Up-to-date symlink: /home/zhe/code/soccer_b_ws/src/install/ros2_interfaces/share/ros2_interfaces/cmake/rosidl_cmake_export_typesupport_targets-extras.cmake
[1.486s] -- Up-to-date symlink: /home/zhe/code/soccer_b_ws/src/install/ros2_interfaces/share/ros2_interfaces/cmake/ros2_interfacesConfig.cmake
[1.486s] -- Up-to-date symlink: /home/zhe/code/soccer_b_ws/src/install/ros2_interfaces/share/ros2_interfaces/cmake/ros2_interfacesConfig-version.cmake
[1.486s] -- Up-to-date symlink: /home/zhe/code/soccer_b_ws/src/install/ros2_interfaces/share/ros2_interfaces/package.xml
[1.486s] -- Up-to-date: /home/zhe/code/soccer_b_ws/src/install/ros2_interfaces/lib/libros2_interfaces__rosidl_generator_c.so
[1.486s] -- Up-to-date: /home/zhe/code/soccer_b_ws/src/install/ros2_interfaces/lib/libros2_interfaces__rosidl_typesupport_introspection_c.so
[1.486s] -- Up-to-date: /home/zhe/code/soccer_b_ws/src/install/ros2_interfaces/lib/libros2_interfaces__rosidl_typesupport_c.so
[1.487s] -- Up-to-date: /home/zhe/code/soccer_b_ws/src/install/ros2_interfaces/lib/libros2_interfaces__rosidl_typesupport_introspection_cpp.so
[1.487s] -- Up-to-date: /home/zhe/code/soccer_b_ws/src/install/ros2_interfaces/lib/libros2_interfaces__rosidl_typesupport_cpp.so
[1.525s] Compiling '/home/zhe/code/soccer_b_ws/src/install/ros2_interfaces/lib/python3.8/site-packages/ros2_interfaces/__init__.py'...
[1.528s] -- Up-to-date: /home/zhe/code/soccer_b_ws/src/install/ros2_interfaces/share/ros2_interfaces/cmake/ros2_interfaces__rosidl_generator_cExport.cmake
[1.529s] -- Installing: /home/zhe/code/soccer_b_ws/src/install/ros2_interfaces/share/ros2_interfaces/cmake/ros2_interfaces__rosidl_generator_cExport-noconfig.cmake
[1.529s] -- Up-to-date: /home/zhe/code/soccer_b_ws/src/install/ros2_interfaces/share/ros2_interfaces/cmake/ros2_interfaces__rosidl_typesupport_introspection_cExport.cmake
[1.529s] -- Installing: /home/zhe/code/soccer_b_ws/src/install/ros2_interfaces/share/ros2_interfaces/cmake/ros2_interfaces__rosidl_typesupport_introspection_cExport-noconfig.cmake
[1.529s] -- Up-to-date: /home/zhe/code/soccer_b_ws/src/install/ros2_interfaces/share/ros2_interfaces/cmake/ros2_interfaces__rosidl_typesupport_cExport.cmake
[1.529s] -- Installing: /home/zhe/code/soccer_b_ws/src/install/ros2_interfaces/share/ros2_interfaces/cmake/ros2_interfaces__rosidl_typesupport_cExport-noconfig.cmake
[1.529s] -- Up-to-date: /home/zhe/code/soccer_b_ws/src/install/ros2_interfaces/share/ros2_interfaces/cmake/ros2_interfaces__rosidl_generator_cppExport.cmake
[1.529s] -- Up-to-date: /home/zhe/code/soccer_b_ws/src/install/ros2_interfaces/share/ros2_interfaces/cmake/ros2_interfaces__rosidl_typesupport_introspection_cppExport.cmake
[1.529s] -- Installing: /home/zhe/code/soccer_b_ws/src/install/ros2_interfaces/share/ros2_interfaces/cmake/ros2_interfaces__rosidl_typesupport_introspection_cppExport-noconfig.cmake
[1.529s] -- Up-to-date: /home/zhe/code/soccer_b_ws/src/install/ros2_interfaces/share/ros2_interfaces/cmake/ros2_interfaces__rosidl_typesupport_cppExport.cmake
[1.529s] -- Installing: /home/zhe/code/soccer_b_ws/src/install/ros2_interfaces/share/ros2_interfaces/cmake/ros2_interfaces__rosidl_typesupport_cppExport-noconfig.cmake
[1.579s] Invoked command in '/home/zhe/code/soccer_b_ws/src/build/ros2_interfaces' returned '0': CMAKE_PREFIX_PATH=${CMAKE_PREFIX_PATH}:/home/zhe/code/soccer_b_ws/src/install/vision_test:/home/zhe/code/soccer_b_ws/src/install/test_package:/home/zhe/code/soccer_b_ws/src/install/rm_control:/home/zhe/code/soccer_b_ws/src/install/motion_capture:/home/zhe/code/soccer_b_ws/install/rm_control:/home/zhe/code/soccer_b_ws/install/vision_test:/home/zhe/code/soccer_b_ws/install/test_package:/home/zhe/code/rm_ws/install/robomaster_ros:/home/zhe/code/gy_ws/install/learning_urdf:/home/zhe/code/gy_ws/install/learning_topic:/home/zhe/code/gy_ws/install/learning_tf:/home/zhe/code/gy_ws/install/learning_service:/home/zhe/code/gy_ws/install/learning_qos:/home/zhe/code/gy_ws/install/learning_pkg_python:/home/zhe/code/gy_ws/install/learning_parameter:/home/zhe/code/gy_ws/install/learning_node:/home/zhe/code/gy_ws/install/learning_launch:/home/zhe/code/gy_ws/install/learning_action:/home/zhe/code/gy_ws/install/learning_gazebo:/home/zhe/code/gy_ws/install/learning_cv:/opt/ros/galactic /usr/bin/cmake --install /home/zhe/code/soccer_b_ws/src/build/ros2_interfaces
