[1.272s] DEBUG:colcon:Command line arguments: ['/usr/bin/colcon', 'build', '--symlink-install']
[1.272s] DEBUG:colcon:Parsed command line arguments: Namespace(allow_overriding=[], ament_cmake_args=None, base_paths=['.'], build_base='build', catkin_cmake_args=None, catkin_skip_building_tests=False, cmake_args=None, cmake_clean_cache=False, cmake_clean_first=False, cmake_force_configure=False, cmake_target=None, cmake_target_skip_unavailable=False, continue_on_error=False, event_handlers=None, executor='parallel', ignore_user_meta=False, install_base='install', log_base=None, log_level=None, main=<bound method BuildVerb.main of <colcon_core.verb.build.BuildVerb object at 0x7f52ad7b34f0>>, merge_install=False, metas=['./colcon.meta'], packages_above=None, packages_above_and_dependencies=None, packages_above_depth=None, packages_end=None, packages_ignore=None, packages_ignore_regex=None, packages_select=None, packages_select_build_failed=False, packages_select_by_dep=None, packages_select_regex=None, packages_select_test_failures=False, packages_skip=None, packages_skip_build_finished=False, packages_skip_by_dep=None, packages_skip_regex=None, packages_skip_test_passed=False, packages_skip_up_to=None, packages_start=None, packages_up_to=None, packages_up_to_regex=None, parallel_workers=12, paths=None, symlink_install=True, test_result_base=None, verb_extension=<colcon_core.verb.build.BuildVerb object at 0x7f52ad7b34f0>, verb_name='build', verb_parser=<colcon_defaults.argument_parser.defaults.DefaultArgumentsDecorator object at 0x7f52ad54a400>)
[1.329s] Level 1:colcon.colcon_core.package_discovery:discover_packages(colcon_meta) check parameters
[1.329s] Level 1:colcon.colcon_core.package_discovery:discover_packages(recursive) check parameters
[1.329s] Level 1:colcon.colcon_core.package_discovery:discover_packages(ignore) check parameters
[1.329s] Level 1:colcon.colcon_core.package_discovery:discover_packages(path) check parameters
[1.329s] Level 1:colcon.colcon_core.package_discovery:discover_packages(colcon_meta) discover
[1.329s] Level 1:colcon.colcon_core.package_discovery:discover_packages(recursive) discover
[1.330s] INFO:colcon.colcon_core.package_discovery:Crawling recursively for packages in '/home/zhe/code/soccer_b_ws/src'
[1.330s] Level 1:colcon.colcon_core.package_identification:_identify(.) by extensions ['ignore', 'ignore_ament_install']
[1.330s] Level 1:colcon.colcon_core.package_identification:_identify(.) by extension 'ignore'
[1.330s] Level 1:colcon.colcon_core.package_identification:_identify(.) by extension 'ignore_ament_install'
[1.330s] Level 1:colcon.colcon_core.package_identification:_identify(.) by extensions ['colcon_pkg']
[1.330s] Level 1:colcon.colcon_core.package_identification:_identify(.) by extension 'colcon_pkg'
[1.330s] Level 1:colcon.colcon_core.package_identification:_identify(.) by extensions ['colcon_meta']
[1.330s] Level 1:colcon.colcon_core.package_identification:_identify(.) by extension 'colcon_meta'
[1.330s] Level 1:colcon.colcon_core.package_identification:_identify(.) by extensions ['ros']
[1.330s] Level 1:colcon.colcon_core.package_identification:_identify(.) by extension 'ros'
[1.336s] Level 1:colcon.colcon_core.package_identification:_identify(.) by extensions ['cmake', 'python']
[1.336s] Level 1:colcon.colcon_core.package_identification:_identify(.) by extension 'cmake'
[1.336s] Level 1:colcon.colcon_core.package_identification:_identify(.) by extension 'python'
[1.336s] Level 1:colcon.colcon_core.package_identification:_identify(.) by extensions ['python_setup_py']
[1.336s] Level 1:colcon.colcon_core.package_identification:_identify(.) by extension 'python_setup_py'
[1.336s] Level 1:colcon.colcon_core.package_identification:_identify(build) by extensions ['ignore', 'ignore_ament_install']
[1.336s] Level 1:colcon.colcon_core.package_identification:_identify(build) by extension 'ignore'
[1.336s] Level 1:colcon.colcon_core.package_identification:_identify(build) ignored
[1.336s] Level 1:colcon.colcon_core.package_identification:_identify(install) by extensions ['ignore', 'ignore_ament_install']
[1.337s] Level 1:colcon.colcon_core.package_identification:_identify(install) by extension 'ignore'
[1.337s] Level 1:colcon.colcon_core.package_identification:_identify(install) ignored
[1.337s] Level 1:colcon.colcon_core.package_identification:_identify(log) by extensions ['ignore', 'ignore_ament_install']
[1.337s] Level 1:colcon.colcon_core.package_identification:_identify(log) by extension 'ignore'
[1.337s] Level 1:colcon.colcon_core.package_identification:_identify(log) ignored
[1.337s] Level 1:colcon.colcon_core.package_identification:_identify(motion_capture) by extensions ['ignore', 'ignore_ament_install']
[1.337s] Level 1:colcon.colcon_core.package_identification:_identify(motion_capture) by extension 'ignore'
[1.337s] Level 1:colcon.colcon_core.package_identification:_identify(motion_capture) by extension 'ignore_ament_install'
[1.337s] Level 1:colcon.colcon_core.package_identification:_identify(motion_capture) by extensions ['colcon_pkg']
[1.337s] Level 1:colcon.colcon_core.package_identification:_identify(motion_capture) by extension 'colcon_pkg'
[1.337s] Level 1:colcon.colcon_core.package_identification:_identify(motion_capture) by extensions ['colcon_meta']
[1.337s] Level 1:colcon.colcon_core.package_identification:_identify(motion_capture) by extension 'colcon_meta'
[1.337s] Level 1:colcon.colcon_core.package_identification:_identify(motion_capture) by extensions ['ros']
[1.337s] Level 1:colcon.colcon_core.package_identification:_identify(motion_capture) by extension 'ros'
[1.338s] DEBUG:colcon.colcon_core.package_identification:Package 'motion_capture' with type 'ros.ament_python' and name 'motion_capture'
[1.338s] Level 1:colcon.colcon_core.package_identification:_identify(rm_control) by extensions ['ignore', 'ignore_ament_install']
[1.338s] Level 1:colcon.colcon_core.package_identification:_identify(rm_control) by extension 'ignore'
[1.338s] Level 1:colcon.colcon_core.package_identification:_identify(rm_control) by extension 'ignore_ament_install'
[1.338s] Level 1:colcon.colcon_core.package_identification:_identify(rm_control) by extensions ['colcon_pkg']
[1.339s] Level 1:colcon.colcon_core.package_identification:_identify(rm_control) by extension 'colcon_pkg'
[1.339s] Level 1:colcon.colcon_core.package_identification:_identify(rm_control) by extensions ['colcon_meta']
[1.339s] Level 1:colcon.colcon_core.package_identification:_identify(rm_control) by extension 'colcon_meta'
[1.339s] Level 1:colcon.colcon_core.package_identification:_identify(rm_control) by extensions ['ros']
[1.339s] Level 1:colcon.colcon_core.package_identification:_identify(rm_control) by extension 'ros'
[1.339s] DEBUG:colcon.colcon_core.package_identification:Package 'rm_control' with type 'ros.ament_python' and name 'rm_control'
[1.339s] Level 1:colcon.colcon_core.package_identification:_identify(ros2_interfaces) by extensions ['ignore', 'ignore_ament_install']
[1.339s] Level 1:colcon.colcon_core.package_identification:_identify(ros2_interfaces) by extension 'ignore'
[1.339s] Level 1:colcon.colcon_core.package_identification:_identify(ros2_interfaces) by extension 'ignore_ament_install'
[1.339s] Level 1:colcon.colcon_core.package_identification:_identify(ros2_interfaces) by extensions ['colcon_pkg']
[1.339s] Level 1:colcon.colcon_core.package_identification:_identify(ros2_interfaces) by extension 'colcon_pkg'
[1.339s] Level 1:colcon.colcon_core.package_identification:_identify(ros2_interfaces) by extensions ['colcon_meta']
[1.339s] Level 1:colcon.colcon_core.package_identification:_identify(ros2_interfaces) by extension 'colcon_meta'
[1.339s] Level 1:colcon.colcon_core.package_identification:_identify(ros2_interfaces) by extensions ['ros']
[1.339s] Level 1:colcon.colcon_core.package_identification:_identify(ros2_interfaces) by extension 'ros'
[1.340s] DEBUG:colcon.colcon_core.package_identification:Package 'ros2_interfaces' with type 'ros.ament_cmake' and name 'ros2_interfaces'
[1.340s] Level 1:colcon.colcon_core.package_identification:_identify(test_package) by extensions ['ignore', 'ignore_ament_install']
[1.340s] Level 1:colcon.colcon_core.package_identification:_identify(test_package) by extension 'ignore'
[1.340s] Level 1:colcon.colcon_core.package_identification:_identify(test_package) by extension 'ignore_ament_install'
[1.340s] Level 1:colcon.colcon_core.package_identification:_identify(test_package) by extensions ['colcon_pkg']
[1.340s] Level 1:colcon.colcon_core.package_identification:_identify(test_package) by extension 'colcon_pkg'
[1.340s] Level 1:colcon.colcon_core.package_identification:_identify(test_package) by extensions ['colcon_meta']
[1.340s] Level 1:colcon.colcon_core.package_identification:_identify(test_package) by extension 'colcon_meta'
[1.340s] Level 1:colcon.colcon_core.package_identification:_identify(test_package) by extensions ['ros']
[1.340s] Level 1:colcon.colcon_core.package_identification:_identify(test_package) by extension 'ros'
[1.340s] DEBUG:colcon.colcon_core.package_identification:Package 'test_package' with type 'ros.ament_python' and name 'test_package'
[1.340s] Level 1:colcon.colcon_core.package_identification:_identify(vision_test) by extensions ['ignore', 'ignore_ament_install']
[1.340s] Level 1:colcon.colcon_core.package_identification:_identify(vision_test) by extension 'ignore'
[1.340s] Level 1:colcon.colcon_core.package_identification:_identify(vision_test) by extension 'ignore_ament_install'
[1.340s] Level 1:colcon.colcon_core.package_identification:_identify(vision_test) by extensions ['colcon_pkg']
[1.340s] Level 1:colcon.colcon_core.package_identification:_identify(vision_test) by extension 'colcon_pkg'
[1.340s] Level 1:colcon.colcon_core.package_identification:_identify(vision_test) by extensions ['colcon_meta']
[1.340s] Level 1:colcon.colcon_core.package_identification:_identify(vision_test) by extension 'colcon_meta'
[1.340s] Level 1:colcon.colcon_core.package_identification:_identify(vision_test) by extensions ['ros']
[1.340s] Level 1:colcon.colcon_core.package_identification:_identify(vision_test) by extension 'ros'
[1.341s] DEBUG:colcon.colcon_core.package_identification:Package 'vision_test' with type 'ros.ament_python' and name 'vision_test'
[1.341s] Level 1:colcon.colcon_core.package_discovery:discover_packages(recursive) using defaults
[1.341s] Level 1:colcon.colcon_core.package_discovery:discover_packages(ignore) discover
[1.341s] Level 1:colcon.colcon_core.package_discovery:discover_packages(ignore) using defaults
[1.341s] Level 1:colcon.colcon_core.package_discovery:discover_packages(path) discover
[1.341s] Level 1:colcon.colcon_core.package_discovery:discover_packages(path) using defaults
[1.467s] Level 1:colcon.colcon_core.package_discovery:discover_packages(prefix_path) check parameters
[1.467s] Level 1:colcon.colcon_core.package_discovery:discover_packages(prefix_path) discover
[1.511s] DEBUG:colcon.colcon_installed_package_information.package_discovery:Found 5 installed packages in /home/zhe/code/soccer_b_ws/install
[1.532s] DEBUG:colcon.colcon_installed_package_information.package_discovery:Found 2 installed packages in /home/zhe/code/ffmpeg_msg/install
[1.553s] DEBUG:colcon.colcon_installed_package_information.package_discovery:Found 14 installed packages in /home/zhe/code/gy_ws/install
[1.574s] DEBUG:colcon.colcon_installed_package_information.package_discovery:Found 3 installed packages in /home/zhe/code/rm_ws/install
[1.595s] DEBUG:colcon.colcon_installed_package_information.package_discovery:Found 2 installed packages in /home/zhe/code/ffmpeg/install
[1.616s] DEBUG:colcon.colcon_installed_package_information.package_discovery:Found 5 installed packages in /home/zhe/code/soccer_b_ws/src/install
[1.638s] DEBUG:colcon.colcon_installed_package_information.package_discovery:Found 312 installed packages in /opt/ros/galactic
[1.639s] Level 1:colcon.colcon_core.package_discovery:discover_packages(prefix_path) using defaults
[1.731s] Level 5:colcon.colcon_core.verb:set package 'ros2_interfaces' build argument 'cmake_args' from command line to 'None'
[1.731s] Level 5:colcon.colcon_core.verb:set package 'ros2_interfaces' build argument 'cmake_target' from command line to 'None'
[1.731s] Level 5:colcon.colcon_core.verb:set package 'ros2_interfaces' build argument 'cmake_target_skip_unavailable' from command line to 'False'
[1.731s] Level 5:colcon.colcon_core.verb:set package 'ros2_interfaces' build argument 'cmake_clean_cache' from command line to 'False'
[1.731s] Level 5:colcon.colcon_core.verb:set package 'ros2_interfaces' build argument 'cmake_clean_first' from command line to 'False'
[1.731s] Level 5:colcon.colcon_core.verb:set package 'ros2_interfaces' build argument 'cmake_force_configure' from command line to 'False'
[1.731s] Level 5:colcon.colcon_core.verb:set package 'ros2_interfaces' build argument 'ament_cmake_args' from command line to 'None'
[1.731s] Level 5:colcon.colcon_core.verb:set package 'ros2_interfaces' build argument 'catkin_cmake_args' from command line to 'None'
[1.731s] Level 5:colcon.colcon_core.verb:set package 'ros2_interfaces' build argument 'catkin_skip_building_tests' from command line to 'False'
[1.731s] DEBUG:colcon.colcon_core.verb:Building package 'ros2_interfaces' with the following arguments: {'ament_cmake_args': None, 'build_base': '/home/zhe/code/soccer_b_ws/src/build/ros2_interfaces', 'catkin_cmake_args': None, 'catkin_skip_building_tests': False, 'cmake_args': None, 'cmake_clean_cache': False, 'cmake_clean_first': False, 'cmake_force_configure': False, 'cmake_target': None, 'cmake_target_skip_unavailable': False, 'install_base': '/home/zhe/code/soccer_b_ws/src/install/ros2_interfaces', 'merge_install': False, 'path': '/home/zhe/code/soccer_b_ws/src/ros2_interfaces', 'symlink_install': True, 'test_result_base': None}
[1.754s] Level 5:colcon.colcon_core.verb:set package 'vision_test' build argument 'cmake_args' from command line to 'None'
[1.754s] Level 5:colcon.colcon_core.verb:set package 'vision_test' build argument 'cmake_target' from command line to 'None'
[1.754s] Level 5:colcon.colcon_core.verb:set package 'vision_test' build argument 'cmake_target_skip_unavailable' from command line to 'False'
[1.754s] Level 5:colcon.colcon_core.verb:set package 'vision_test' build argument 'cmake_clean_cache' from command line to 'False'
[1.754s] Level 5:colcon.colcon_core.verb:set package 'vision_test' build argument 'cmake_clean_first' from command line to 'False'
[1.754s] Level 5:colcon.colcon_core.verb:set package 'vision_test' build argument 'cmake_force_configure' from command line to 'False'
[1.754s] Level 5:colcon.colcon_core.verb:set package 'vision_test' build argument 'ament_cmake_args' from command line to 'None'
[1.754s] Level 5:colcon.colcon_core.verb:set package 'vision_test' build argument 'catkin_cmake_args' from command line to 'None'
[1.754s] Level 5:colcon.colcon_core.verb:set package 'vision_test' build argument 'catkin_skip_building_tests' from command line to 'False'
[1.754s] DEBUG:colcon.colcon_core.verb:Building package 'vision_test' with the following arguments: {'ament_cmake_args': None, 'build_base': '/home/zhe/code/soccer_b_ws/src/build/vision_test', 'catkin_cmake_args': None, 'catkin_skip_building_tests': False, 'cmake_args': None, 'cmake_clean_cache': False, 'cmake_clean_first': False, 'cmake_force_configure': False, 'cmake_target': None, 'cmake_target_skip_unavailable': False, 'install_base': '/home/zhe/code/soccer_b_ws/src/install/vision_test', 'merge_install': False, 'path': '/home/zhe/code/soccer_b_ws/src/vision_test', 'symlink_install': True, 'test_result_base': None}
[1.777s] Level 5:colcon.colcon_core.verb:set package 'motion_capture' build argument 'cmake_args' from command line to 'None'
[1.777s] Level 5:colcon.colcon_core.verb:set package 'motion_capture' build argument 'cmake_target' from command line to 'None'
[1.777s] Level 5:colcon.colcon_core.verb:set package 'motion_capture' build argument 'cmake_target_skip_unavailable' from command line to 'False'
[1.777s] Level 5:colcon.colcon_core.verb:set package 'motion_capture' build argument 'cmake_clean_cache' from command line to 'False'
[1.777s] Level 5:colcon.colcon_core.verb:set package 'motion_capture' build argument 'cmake_clean_first' from command line to 'False'
[1.777s] Level 5:colcon.colcon_core.verb:set package 'motion_capture' build argument 'cmake_force_configure' from command line to 'False'
[1.777s] Level 5:colcon.colcon_core.verb:set package 'motion_capture' build argument 'ament_cmake_args' from command line to 'None'
[1.777s] Level 5:colcon.colcon_core.verb:set package 'motion_capture' build argument 'catkin_cmake_args' from command line to 'None'
[1.777s] Level 5:colcon.colcon_core.verb:set package 'motion_capture' build argument 'catkin_skip_building_tests' from command line to 'False'
[1.777s] DEBUG:colcon.colcon_core.verb:Building package 'motion_capture' with the following arguments: {'ament_cmake_args': None, 'build_base': '/home/zhe/code/soccer_b_ws/src/build/motion_capture', 'catkin_cmake_args': None, 'catkin_skip_building_tests': False, 'cmake_args': None, 'cmake_clean_cache': False, 'cmake_clean_first': False, 'cmake_force_configure': False, 'cmake_target': None, 'cmake_target_skip_unavailable': False, 'install_base': '/home/zhe/code/soccer_b_ws/src/install/motion_capture', 'merge_install': False, 'path': '/home/zhe/code/soccer_b_ws/src/motion_capture', 'symlink_install': True, 'test_result_base': None}
[1.801s] Level 5:colcon.colcon_core.verb:set package 'rm_control' build argument 'cmake_args' from command line to 'None'
[1.801s] Level 5:colcon.colcon_core.verb:set package 'rm_control' build argument 'cmake_target' from command line to 'None'
[1.801s] Level 5:colcon.colcon_core.verb:set package 'rm_control' build argument 'cmake_target_skip_unavailable' from command line to 'False'
[1.801s] Level 5:colcon.colcon_core.verb:set package 'rm_control' build argument 'cmake_clean_cache' from command line to 'False'
[1.801s] Level 5:colcon.colcon_core.verb:set package 'rm_control' build argument 'cmake_clean_first' from command line to 'False'
[1.801s] Level 5:colcon.colcon_core.verb:set package 'rm_control' build argument 'cmake_force_configure' from command line to 'False'
[1.801s] Level 5:colcon.colcon_core.verb:set package 'rm_control' build argument 'ament_cmake_args' from command line to 'None'
[1.801s] Level 5:colcon.colcon_core.verb:set package 'rm_control' build argument 'catkin_cmake_args' from command line to 'None'
[1.801s] Level 5:colcon.colcon_core.verb:set package 'rm_control' build argument 'catkin_skip_building_tests' from command line to 'False'
[1.801s] DEBUG:colcon.colcon_core.verb:Building package 'rm_control' with the following arguments: {'ament_cmake_args': None, 'build_base': '/home/zhe/code/soccer_b_ws/src/build/rm_control', 'catkin_cmake_args': None, 'catkin_skip_building_tests': False, 'cmake_args': None, 'cmake_clean_cache': False, 'cmake_clean_first': False, 'cmake_force_configure': False, 'cmake_target': None, 'cmake_target_skip_unavailable': False, 'install_base': '/home/zhe/code/soccer_b_ws/src/install/rm_control', 'merge_install': False, 'path': '/home/zhe/code/soccer_b_ws/src/rm_control', 'symlink_install': True, 'test_result_base': None}
[1.824s] Level 5:colcon.colcon_core.verb:set package 'test_package' build argument 'cmake_args' from command line to 'None'
[1.824s] Level 5:colcon.colcon_core.verb:set package 'test_package' build argument 'cmake_target' from command line to 'None'
[1.824s] Level 5:colcon.colcon_core.verb:set package 'test_package' build argument 'cmake_target_skip_unavailable' from command line to 'False'
[1.824s] Level 5:colcon.colcon_core.verb:set package 'test_package' build argument 'cmake_clean_cache' from command line to 'False'
[1.824s] Level 5:colcon.colcon_core.verb:set package 'test_package' build argument 'cmake_clean_first' from command line to 'False'
[1.825s] Level 5:colcon.colcon_core.verb:set package 'test_package' build argument 'cmake_force_configure' from command line to 'False'
[1.825s] Level 5:colcon.colcon_core.verb:set package 'test_package' build argument 'ament_cmake_args' from command line to 'None'
[1.825s] Level 5:colcon.colcon_core.verb:set package 'test_package' build argument 'catkin_cmake_args' from command line to 'None'
[1.825s] Level 5:colcon.colcon_core.verb:set package 'test_package' build argument 'catkin_skip_building_tests' from command line to 'False'
[1.825s] DEBUG:colcon.colcon_core.verb:Building package 'test_package' with the following arguments: {'ament_cmake_args': None, 'build_base': '/home/zhe/code/soccer_b_ws/src/build/test_package', 'catkin_cmake_args': None, 'catkin_skip_building_tests': False, 'cmake_args': None, 'cmake_clean_cache': False, 'cmake_clean_first': False, 'cmake_force_configure': False, 'cmake_target': None, 'cmake_target_skip_unavailable': False, 'install_base': '/home/zhe/code/soccer_b_ws/src/install/test_package', 'merge_install': False, 'path': '/home/zhe/code/soccer_b_ws/src/test_package', 'symlink_install': True, 'test_result_base': None}
[1.849s] INFO:colcon.colcon_core.executor:Executing jobs using 'parallel' executor
[1.874s] DEBUG:colcon.colcon_parallel_executor.executor.parallel:run_until_complete
[1.874s] INFO:colcon.colcon_ros.task.ament_cmake.build:Building ROS package in '/home/zhe/code/soccer_b_ws/src/ros2_interfaces' with build type 'ament_cmake'
[1.874s] INFO:colcon.colcon_cmake.task.cmake.build:Building CMake package in '/home/zhe/code/soccer_b_ws/src/ros2_interfaces'
[1.900s] INFO:colcon.colcon_core.plugin_system:Skipping extension 'colcon_core.shell.bat': Not used on non-Windows systems
[1.900s] INFO:colcon.colcon_core.shell:Skip shell extension 'powershell' for command environment: Not usable outside of PowerShell
[1.900s] DEBUG:colcon.colcon_core.shell:Skip shell extension 'dsv' for command environment
[2.102s] INFO:colcon.colcon_ros.task.ament_python.build:Building ROS package in '/home/zhe/code/soccer_b_ws/src/vision_test' with build type 'ament_python'
[2.102s] Level 1:colcon.colcon_core.shell:create_environment_hook('vision_test', 'ament_prefix_path')
[2.127s] INFO:colcon.colcon_core.shell:Creating environment hook '/home/zhe/code/soccer_b_ws/src/install/vision_test/share/vision_test/hook/ament_prefix_path.ps1'
[2.128s] INFO:colcon.colcon_core.shell:Creating environment descriptor '/home/zhe/code/soccer_b_ws/src/install/vision_test/share/vision_test/hook/ament_prefix_path.dsv'
[2.128s] INFO:colcon.colcon_core.shell:Creating environment hook '/home/zhe/code/soccer_b_ws/src/install/vision_test/share/vision_test/hook/ament_prefix_path.sh'
[2.152s] INFO:colcon.colcon_core.shell:Skip shell extension 'powershell' for command environment: Not usable outside of PowerShell
[2.152s] DEBUG:colcon.colcon_core.shell:Skip shell extension 'dsv' for command environment
[2.352s] DEBUG:colcon.colcon_core.event_handler.log_command:Invoking command in '/home/zhe/code/soccer_b_ws/src/build/ros2_interfaces': CMAKE_PREFIX_PATH=${CMAKE_PREFIX_PATH}:/home/zhe/code/soccer_b_ws/src/install/vision_test:/home/zhe/code/soccer_b_ws/src/install/test_package:/home/zhe/code/soccer_b_ws/src/install/rm_control:/home/zhe/code/soccer_b_ws/src/install/motion_capture:/home/zhe/code/soccer_b_ws/install/rm_control:/home/zhe/code/soccer_b_ws/install/vision_test:/home/zhe/code/soccer_b_ws/install/test_package:/home/zhe/code/rm_ws/install/robomaster_ros:/home/zhe/code/gy_ws/install/learning_urdf:/home/zhe/code/gy_ws/install/learning_topic:/home/zhe/code/gy_ws/install/learning_tf:/home/zhe/code/gy_ws/install/learning_service:/home/zhe/code/gy_ws/install/learning_qos:/home/zhe/code/gy_ws/install/learning_pkg_python:/home/zhe/code/gy_ws/install/learning_parameter:/home/zhe/code/gy_ws/install/learning_node:/home/zhe/code/gy_ws/install/learning_launch:/home/zhe/code/gy_ws/install/learning_action:/home/zhe/code/gy_ws/install/learning_gazebo:/home/zhe/code/gy_ws/install/learning_cv:/opt/ros/galactic /usr/bin/cmake /home/zhe/code/soccer_b_ws/src/ros2_interfaces -DAMENT_CMAKE_SYMLINK_INSTALL=1 -DCMAKE_INSTALL_PREFIX=/home/zhe/code/soccer_b_ws/src/install/ros2_interfaces
[2.519s] INFO:colcon.colcon_core.task.python.build:Building Python package in '/home/zhe/code/soccer_b_ws/src/vision_test'
[2.544s] INFO:colcon.colcon_core.shell:Skip shell extension 'powershell' for command environment: Not usable outside of PowerShell
[2.544s] DEBUG:colcon.colcon_core.shell:Skip shell extension 'dsv' for command environment
[3.012s] DEBUG:colcon.colcon_core.task.python.build:While undoing a previous installation files outside the Python library path are being ignored: /home/zhe/code/soccer_b_ws/src/install/vision_test/share/ament_index/resource_index/packages/vision_test
[3.012s] DEBUG:colcon.colcon_core.task.python.build:While undoing a previous installation files outside the Python library path are being ignored: /home/zhe/code/soccer_b_ws/src/install/vision_test/share/vision_test/package.xml
[3.012s] DEBUG:colcon.colcon_core.task.python.build:While undoing a previous installation files outside the Python library path are being ignored: /home/zhe/code/soccer_b_ws/src/install/vision_test/lib/vision_test/vision_get
[3.015s] DEBUG:colcon.colcon_core.event_handler.log_command:Invoking command in '/home/zhe/code/soccer_b_ws/src/build/vision_test': PYTHONPATH=/home/zhe/code/soccer_b_ws/src/build/vision_test/prefix_override:/home/zhe/code/soccer_b_ws/src/install/vision_test/lib/python3.8/site-packages:${PYTHONPATH} /usr/bin/python3 setup.py develop --editable --build-directory /home/zhe/code/soccer_b_ws/src/build/vision_test/build --no-deps install_data
[3.169s] DEBUG:colcon.colcon_core.event_handler.log_command:Invoked command in '/home/zhe/code/soccer_b_ws/src/build/ros2_interfaces' returned '0': CMAKE_PREFIX_PATH=${CMAKE_PREFIX_PATH}:/home/zhe/code/soccer_b_ws/src/install/vision_test:/home/zhe/code/soccer_b_ws/src/install/test_package:/home/zhe/code/soccer_b_ws/src/install/rm_control:/home/zhe/code/soccer_b_ws/src/install/motion_capture:/home/zhe/code/soccer_b_ws/install/rm_control:/home/zhe/code/soccer_b_ws/install/vision_test:/home/zhe/code/soccer_b_ws/install/test_package:/home/zhe/code/rm_ws/install/robomaster_ros:/home/zhe/code/gy_ws/install/learning_urdf:/home/zhe/code/gy_ws/install/learning_topic:/home/zhe/code/gy_ws/install/learning_tf:/home/zhe/code/gy_ws/install/learning_service:/home/zhe/code/gy_ws/install/learning_qos:/home/zhe/code/gy_ws/install/learning_pkg_python:/home/zhe/code/gy_ws/install/learning_parameter:/home/zhe/code/gy_ws/install/learning_node:/home/zhe/code/gy_ws/install/learning_launch:/home/zhe/code/gy_ws/install/learning_action:/home/zhe/code/gy_ws/install/learning_gazebo:/home/zhe/code/gy_ws/install/learning_cv:/opt/ros/galactic /usr/bin/cmake /home/zhe/code/soccer_b_ws/src/ros2_interfaces -DAMENT_CMAKE_SYMLINK_INSTALL=1 -DCMAKE_INSTALL_PREFIX=/home/zhe/code/soccer_b_ws/src/install/ros2_interfaces
[3.170s] DEBUG:colcon.colcon_core.event_handler.log_command:Invoking command in '/home/zhe/code/soccer_b_ws/src/build/ros2_interfaces': CMAKE_PREFIX_PATH=${CMAKE_PREFIX_PATH}:/home/zhe/code/soccer_b_ws/src/install/vision_test:/home/zhe/code/soccer_b_ws/src/install/test_package:/home/zhe/code/soccer_b_ws/src/install/rm_control:/home/zhe/code/soccer_b_ws/src/install/motion_capture:/home/zhe/code/soccer_b_ws/install/rm_control:/home/zhe/code/soccer_b_ws/install/vision_test:/home/zhe/code/soccer_b_ws/install/test_package:/home/zhe/code/rm_ws/install/robomaster_ros:/home/zhe/code/gy_ws/install/learning_urdf:/home/zhe/code/gy_ws/install/learning_topic:/home/zhe/code/gy_ws/install/learning_tf:/home/zhe/code/gy_ws/install/learning_service:/home/zhe/code/gy_ws/install/learning_qos:/home/zhe/code/gy_ws/install/learning_pkg_python:/home/zhe/code/gy_ws/install/learning_parameter:/home/zhe/code/gy_ws/install/learning_node:/home/zhe/code/gy_ws/install/learning_launch:/home/zhe/code/gy_ws/install/learning_action:/home/zhe/code/gy_ws/install/learning_gazebo:/home/zhe/code/gy_ws/install/learning_cv:/opt/ros/galactic /usr/bin/cmake --build /home/zhe/code/soccer_b_ws/src/build/ros2_interfaces -- -j12 -l12
[3.297s] DEBUG:colcon.colcon_core.event_handler.log_command:Invoked command in '/home/zhe/code/soccer_b_ws/src/build/ros2_interfaces' returned '0': CMAKE_PREFIX_PATH=${CMAKE_PREFIX_PATH}:/home/zhe/code/soccer_b_ws/src/install/vision_test:/home/zhe/code/soccer_b_ws/src/install/test_package:/home/zhe/code/soccer_b_ws/src/install/rm_control:/home/zhe/code/soccer_b_ws/src/install/motion_capture:/home/zhe/code/soccer_b_ws/install/rm_control:/home/zhe/code/soccer_b_ws/install/vision_test:/home/zhe/code/soccer_b_ws/install/test_package:/home/zhe/code/rm_ws/install/robomaster_ros:/home/zhe/code/gy_ws/install/learning_urdf:/home/zhe/code/gy_ws/install/learning_topic:/home/zhe/code/gy_ws/install/learning_tf:/home/zhe/code/gy_ws/install/learning_service:/home/zhe/code/gy_ws/install/learning_qos:/home/zhe/code/gy_ws/install/learning_pkg_python:/home/zhe/code/gy_ws/install/learning_parameter:/home/zhe/code/gy_ws/install/learning_node:/home/zhe/code/gy_ws/install/learning_launch:/home/zhe/code/gy_ws/install/learning_action:/home/zhe/code/gy_ws/install/learning_gazebo:/home/zhe/code/gy_ws/install/learning_cv:/opt/ros/galactic /usr/bin/cmake --build /home/zhe/code/soccer_b_ws/src/build/ros2_interfaces -- -j12 -l12
[3.340s] DEBUG:colcon.colcon_core.event_handler.log_command:Invoking command in '/home/zhe/code/soccer_b_ws/src/build/ros2_interfaces': CMAKE_PREFIX_PATH=${CMAKE_PREFIX_PATH}:/home/zhe/code/soccer_b_ws/src/install/vision_test:/home/zhe/code/soccer_b_ws/src/install/test_package:/home/zhe/code/soccer_b_ws/src/install/rm_control:/home/zhe/code/soccer_b_ws/src/install/motion_capture:/home/zhe/code/soccer_b_ws/install/rm_control:/home/zhe/code/soccer_b_ws/install/vision_test:/home/zhe/code/soccer_b_ws/install/test_package:/home/zhe/code/rm_ws/install/robomaster_ros:/home/zhe/code/gy_ws/install/learning_urdf:/home/zhe/code/gy_ws/install/learning_topic:/home/zhe/code/gy_ws/install/learning_tf:/home/zhe/code/gy_ws/install/learning_service:/home/zhe/code/gy_ws/install/learning_qos:/home/zhe/code/gy_ws/install/learning_pkg_python:/home/zhe/code/gy_ws/install/learning_parameter:/home/zhe/code/gy_ws/install/learning_node:/home/zhe/code/gy_ws/install/learning_launch:/home/zhe/code/gy_ws/install/learning_action:/home/zhe/code/gy_ws/install/learning_gazebo:/home/zhe/code/gy_ws/install/learning_cv:/opt/ros/galactic /usr/bin/cmake --install /home/zhe/code/soccer_b_ws/src/build/ros2_interfaces
[3.344s] Level 1:colcon.colcon_core.shell:create_environment_hook('vision_test', 'pythonpath_develop')
[3.345s] DEBUG:colcon.colcon_core.event_handler.log_command:Invoked command in '/home/zhe/code/soccer_b_ws/src/build/vision_test' returned '0': PYTHONPATH=/home/zhe/code/soccer_b_ws/src/build/vision_test/prefix_override:/home/zhe/code/soccer_b_ws/src/install/vision_test/lib/python3.8/site-packages:${PYTHONPATH} /usr/bin/python3 setup.py develop --editable --build-directory /home/zhe/code/soccer_b_ws/src/build/vision_test/build --no-deps install_data
[3.374s] INFO:colcon.colcon_core.shell:Creating environment hook '/home/zhe/code/soccer_b_ws/src/build/vision_test/share/vision_test/hook/pythonpath_develop.ps1'
[3.375s] INFO:colcon.colcon_core.shell:Creating environment descriptor '/home/zhe/code/soccer_b_ws/src/build/vision_test/share/vision_test/hook/pythonpath_develop.dsv'
[3.375s] INFO:colcon.colcon_core.shell:Creating environment hook '/home/zhe/code/soccer_b_ws/src/build/vision_test/share/vision_test/hook/pythonpath_develop.sh'
[3.401s] Level 1:colcon.colcon_core.environment:checking '/home/zhe/code/soccer_b_ws/src/install/vision_test' for CMake module files
[3.401s] Level 1:colcon.colcon_core.environment:checking '/home/zhe/code/soccer_b_ws/src/install/vision_test' for CMake config files
[3.401s] Level 1:colcon.colcon_core.environment:checking '/home/zhe/code/soccer_b_ws/src/install/vision_test/lib'
[3.401s] Level 1:colcon.colcon_core.environment:checking '/home/zhe/code/soccer_b_ws/src/install/vision_test/bin'
[3.401s] Level 1:colcon.colcon_core.environment:checking '/home/zhe/code/soccer_b_ws/src/install/vision_test/lib/pkgconfig/vision_test.pc'
[3.401s] Level 1:colcon.colcon_core.environment:checking '/home/zhe/code/soccer_b_ws/src/install/vision_test/lib/python3.8/site-packages'
[3.401s] Level 1:colcon.colcon_core.shell:create_environment_hook('vision_test', 'pythonpath')
[3.426s] INFO:colcon.colcon_core.shell:Creating environment hook '/home/zhe/code/soccer_b_ws/src/install/vision_test/share/vision_test/hook/pythonpath.ps1'
[3.426s] INFO:colcon.colcon_core.shell:Creating environment descriptor '/home/zhe/code/soccer_b_ws/src/install/vision_test/share/vision_test/hook/pythonpath.dsv'
[3.426s] INFO:colcon.colcon_core.shell:Creating environment hook '/home/zhe/code/soccer_b_ws/src/install/vision_test/share/vision_test/hook/pythonpath.sh'
[3.427s] Level 1:colcon.colcon_core.environment:checking '/home/zhe/code/soccer_b_ws/src/install/vision_test/bin'
[3.427s] Level 1:colcon.colcon_core.environment:create_environment_scripts_only(vision_test)
[3.450s] INFO:colcon.colcon_core.shell:Creating package script '/home/zhe/code/soccer_b_ws/src/install/vision_test/share/vision_test/package.ps1'
[3.451s] INFO:colcon.colcon_core.shell:Creating package descriptor '/home/zhe/code/soccer_b_ws/src/install/vision_test/share/vision_test/package.dsv'
[3.451s] INFO:colcon.colcon_core.shell:Creating package script '/home/zhe/code/soccer_b_ws/src/install/vision_test/share/vision_test/package.sh'
[3.452s] INFO:colcon.colcon_core.shell:Creating package script '/home/zhe/code/soccer_b_ws/src/install/vision_test/share/vision_test/package.bash'
[3.452s] INFO:colcon.colcon_core.shell:Creating package script '/home/zhe/code/soccer_b_ws/src/install/vision_test/share/vision_test/package.zsh'
[3.452s] Level 1:colcon.colcon_core.environment:create_file_with_runtime_dependencies(/home/zhe/code/soccer_b_ws/src/install/vision_test/share/colcon-core/packages/vision_test)
[3.453s] Level 1:colcon.colcon_core.environment:create_environment_scripts_only(ros2_interfaces)
[3.453s] DEBUG:colcon.colcon_core.event_handler.log_command:Invoked command in '/home/zhe/code/soccer_b_ws/src/build/ros2_interfaces' returned '0': CMAKE_PREFIX_PATH=${CMAKE_PREFIX_PATH}:/home/zhe/code/soccer_b_ws/src/install/vision_test:/home/zhe/code/soccer_b_ws/src/install/test_package:/home/zhe/code/soccer_b_ws/src/install/rm_control:/home/zhe/code/soccer_b_ws/src/install/motion_capture:/home/zhe/code/soccer_b_ws/install/rm_control:/home/zhe/code/soccer_b_ws/install/vision_test:/home/zhe/code/soccer_b_ws/install/test_package:/home/zhe/code/rm_ws/install/robomaster_ros:/home/zhe/code/gy_ws/install/learning_urdf:/home/zhe/code/gy_ws/install/learning_topic:/home/zhe/code/gy_ws/install/learning_tf:/home/zhe/code/gy_ws/install/learning_service:/home/zhe/code/gy_ws/install/learning_qos:/home/zhe/code/gy_ws/install/learning_pkg_python:/home/zhe/code/gy_ws/install/learning_parameter:/home/zhe/code/gy_ws/install/learning_node:/home/zhe/code/gy_ws/install/learning_launch:/home/zhe/code/gy_ws/install/learning_action:/home/zhe/code/gy_ws/install/learning_gazebo:/home/zhe/code/gy_ws/install/learning_cv:/opt/ros/galactic /usr/bin/cmake --install /home/zhe/code/soccer_b_ws/src/build/ros2_interfaces
[3.480s] Level 1:colcon.colcon_core.environment:checking '/home/zhe/code/soccer_b_ws/src/install/ros2_interfaces' for CMake module files
[3.481s] Level 1:colcon.colcon_core.environment:checking '/home/zhe/code/soccer_b_ws/src/install/ros2_interfaces' for CMake config files
[3.481s] Level 1:colcon.colcon_core.shell:create_environment_hook('ros2_interfaces', 'cmake_prefix_path')
[3.512s] INFO:colcon.colcon_core.shell:Creating environment hook '/home/zhe/code/soccer_b_ws/src/install/ros2_interfaces/share/ros2_interfaces/hook/cmake_prefix_path.ps1'
[3.512s] INFO:colcon.colcon_core.shell:Creating environment descriptor '/home/zhe/code/soccer_b_ws/src/install/ros2_interfaces/share/ros2_interfaces/hook/cmake_prefix_path.dsv'
[3.512s] INFO:colcon.colcon_core.shell:Creating environment hook '/home/zhe/code/soccer_b_ws/src/install/ros2_interfaces/share/ros2_interfaces/hook/cmake_prefix_path.sh'
[3.512s] Level 1:colcon.colcon_core.environment:checking '/home/zhe/code/soccer_b_ws/src/install/ros2_interfaces/lib'
[3.512s] Level 1:colcon.colcon_core.shell:create_environment_hook('ros2_interfaces', 'ld_library_path_lib')
[3.536s] INFO:colcon.colcon_core.shell:Creating environment hook '/home/zhe/code/soccer_b_ws/src/install/ros2_interfaces/share/ros2_interfaces/hook/ld_library_path_lib.ps1'
[3.537s] INFO:colcon.colcon_core.shell:Creating environment descriptor '/home/zhe/code/soccer_b_ws/src/install/ros2_interfaces/share/ros2_interfaces/hook/ld_library_path_lib.dsv'
[3.537s] INFO:colcon.colcon_core.shell:Creating environment hook '/home/zhe/code/soccer_b_ws/src/install/ros2_interfaces/share/ros2_interfaces/hook/ld_library_path_lib.sh'
[3.537s] Level 1:colcon.colcon_core.environment:checking '/home/zhe/code/soccer_b_ws/src/install/ros2_interfaces/bin'
[3.537s] Level 1:colcon.colcon_core.environment:checking '/home/zhe/code/soccer_b_ws/src/install/ros2_interfaces/lib/pkgconfig/ros2_interfaces.pc'
[3.537s] Level 1:colcon.colcon_core.environment:checking '/home/zhe/code/soccer_b_ws/src/install/ros2_interfaces/lib/python3.8/site-packages'
[3.537s] Level 1:colcon.colcon_core.shell:create_environment_hook('ros2_interfaces', 'pythonpath')
[3.561s] INFO:colcon.colcon_core.shell:Creating environment hook '/home/zhe/code/soccer_b_ws/src/install/ros2_interfaces/share/ros2_interfaces/hook/pythonpath.ps1'
[3.561s] INFO:colcon.colcon_core.shell:Creating environment descriptor '/home/zhe/code/soccer_b_ws/src/install/ros2_interfaces/share/ros2_interfaces/hook/pythonpath.dsv'
[3.561s] INFO:colcon.colcon_core.shell:Creating environment hook '/home/zhe/code/soccer_b_ws/src/install/ros2_interfaces/share/ros2_interfaces/hook/pythonpath.sh'
[3.562s] Level 1:colcon.colcon_core.environment:checking '/home/zhe/code/soccer_b_ws/src/install/ros2_interfaces/bin'
[3.586s] INFO:colcon.colcon_core.shell:Creating package script '/home/zhe/code/soccer_b_ws/src/install/ros2_interfaces/share/ros2_interfaces/package.ps1'
[3.586s] INFO:colcon.colcon_core.shell:Creating package descriptor '/home/zhe/code/soccer_b_ws/src/install/ros2_interfaces/share/ros2_interfaces/package.dsv'
[3.586s] INFO:colcon.colcon_core.shell:Creating package script '/home/zhe/code/soccer_b_ws/src/install/ros2_interfaces/share/ros2_interfaces/package.sh'
[3.587s] INFO:colcon.colcon_core.shell:Creating package script '/home/zhe/code/soccer_b_ws/src/install/ros2_interfaces/share/ros2_interfaces/package.bash'
[3.587s] INFO:colcon.colcon_core.shell:Creating package script '/home/zhe/code/soccer_b_ws/src/install/ros2_interfaces/share/ros2_interfaces/package.zsh'
[3.587s] Level 1:colcon.colcon_core.environment:create_file_with_runtime_dependencies(/home/zhe/code/soccer_b_ws/src/install/ros2_interfaces/share/colcon-core/packages/ros2_interfaces)
[3.647s] Level 1:colcon.colcon_core.environment:create_environment_scripts_only(ros2_interfaces)
[3.671s] Level 1:colcon.colcon_core.environment:checking '/home/zhe/code/soccer_b_ws/src/install/ros2_interfaces' for CMake module files
[3.672s] Level 1:colcon.colcon_core.environment:checking '/home/zhe/code/soccer_b_ws/src/install/ros2_interfaces' for CMake config files
[3.672s] Level 1:colcon.colcon_core.shell:create_environment_hook('ros2_interfaces', 'cmake_prefix_path')
[3.700s] INFO:colcon.colcon_core.shell:Creating environment hook '/home/zhe/code/soccer_b_ws/src/install/ros2_interfaces/share/ros2_interfaces/hook/cmake_prefix_path.ps1'
[3.700s] INFO:colcon.colcon_core.shell:Creating environment descriptor '/home/zhe/code/soccer_b_ws/src/install/ros2_interfaces/share/ros2_interfaces/hook/cmake_prefix_path.dsv'
[3.700s] INFO:colcon.colcon_core.shell:Creating environment hook '/home/zhe/code/soccer_b_ws/src/install/ros2_interfaces/share/ros2_interfaces/hook/cmake_prefix_path.sh'
[3.701s] Level 1:colcon.colcon_core.environment:checking '/home/zhe/code/soccer_b_ws/src/install/ros2_interfaces/lib'
[3.701s] Level 1:colcon.colcon_core.shell:create_environment_hook('ros2_interfaces', 'ld_library_path_lib')
[3.728s] INFO:colcon.colcon_core.shell:Creating environment hook '/home/zhe/code/soccer_b_ws/src/install/ros2_interfaces/share/ros2_interfaces/hook/ld_library_path_lib.ps1'
[3.728s] INFO:colcon.colcon_core.shell:Creating environment descriptor '/home/zhe/code/soccer_b_ws/src/install/ros2_interfaces/share/ros2_interfaces/hook/ld_library_path_lib.dsv'
[3.728s] INFO:colcon.colcon_core.shell:Creating environment hook '/home/zhe/code/soccer_b_ws/src/install/ros2_interfaces/share/ros2_interfaces/hook/ld_library_path_lib.sh'
[3.728s] Level 1:colcon.colcon_core.environment:checking '/home/zhe/code/soccer_b_ws/src/install/ros2_interfaces/bin'
[3.728s] Level 1:colcon.colcon_core.environment:checking '/home/zhe/code/soccer_b_ws/src/install/ros2_interfaces/lib/pkgconfig/ros2_interfaces.pc'
[3.728s] Level 1:colcon.colcon_core.environment:checking '/home/zhe/code/soccer_b_ws/src/install/ros2_interfaces/lib/python3.8/site-packages'
[3.728s] Level 1:colcon.colcon_core.shell:create_environment_hook('ros2_interfaces', 'pythonpath')
[3.753s] INFO:colcon.colcon_core.shell:Creating environment hook '/home/zhe/code/soccer_b_ws/src/install/ros2_interfaces/share/ros2_interfaces/hook/pythonpath.ps1'
[3.753s] INFO:colcon.colcon_core.shell:Creating environment descriptor '/home/zhe/code/soccer_b_ws/src/install/ros2_interfaces/share/ros2_interfaces/hook/pythonpath.dsv'
[3.753s] INFO:colcon.colcon_core.shell:Creating environment hook '/home/zhe/code/soccer_b_ws/src/install/ros2_interfaces/share/ros2_interfaces/hook/pythonpath.sh'
[3.753s] Level 1:colcon.colcon_core.environment:checking '/home/zhe/code/soccer_b_ws/src/install/ros2_interfaces/bin'
[3.778s] INFO:colcon.colcon_core.shell:Creating package script '/home/zhe/code/soccer_b_ws/src/install/ros2_interfaces/share/ros2_interfaces/package.ps1'
[3.778s] INFO:colcon.colcon_core.shell:Creating package descriptor '/home/zhe/code/soccer_b_ws/src/install/ros2_interfaces/share/ros2_interfaces/package.dsv'
[3.779s] INFO:colcon.colcon_core.shell:Creating package script '/home/zhe/code/soccer_b_ws/src/install/ros2_interfaces/share/ros2_interfaces/package.sh'
[3.779s] INFO:colcon.colcon_core.shell:Creating package script '/home/zhe/code/soccer_b_ws/src/install/ros2_interfaces/share/ros2_interfaces/package.bash'
[3.780s] INFO:colcon.colcon_core.shell:Creating package script '/home/zhe/code/soccer_b_ws/src/install/ros2_interfaces/share/ros2_interfaces/package.zsh'
[3.780s] Level 1:colcon.colcon_core.environment:create_file_with_runtime_dependencies(/home/zhe/code/soccer_b_ws/src/install/ros2_interfaces/share/colcon-core/packages/ros2_interfaces)
[3.780s] INFO:colcon.colcon_ros.task.ament_python.build:Building ROS package in '/home/zhe/code/soccer_b_ws/src/motion_capture' with build type 'ament_python'
[3.780s] Level 1:colcon.colcon_core.shell:create_environment_hook('motion_capture', 'ament_prefix_path')
[3.819s] INFO:colcon.colcon_core.shell:Creating environment hook '/home/zhe/code/soccer_b_ws/src/install/motion_capture/share/motion_capture/hook/ament_prefix_path.ps1'
[3.820s] INFO:colcon.colcon_core.shell:Creating environment descriptor '/home/zhe/code/soccer_b_ws/src/install/motion_capture/share/motion_capture/hook/ament_prefix_path.dsv'
[3.820s] INFO:colcon.colcon_core.shell:Creating environment hook '/home/zhe/code/soccer_b_ws/src/install/motion_capture/share/motion_capture/hook/ament_prefix_path.sh'
[3.846s] INFO:colcon.colcon_core.shell:Skip shell extension 'powershell' for command environment: Not usable outside of PowerShell
[3.846s] DEBUG:colcon.colcon_core.shell:Skip shell extension 'dsv' for command environment
[4.052s] INFO:colcon.colcon_ros.task.ament_python.build:Building ROS package in '/home/zhe/code/soccer_b_ws/src/rm_control' with build type 'ament_python'
[4.052s] Level 1:colcon.colcon_core.shell:create_environment_hook('rm_control', 'ament_prefix_path')
[4.078s] INFO:colcon.colcon_core.shell:Creating environment hook '/home/zhe/code/soccer_b_ws/src/install/rm_control/share/rm_control/hook/ament_prefix_path.ps1'
[4.079s] INFO:colcon.colcon_core.shell:Creating environment descriptor '/home/zhe/code/soccer_b_ws/src/install/rm_control/share/rm_control/hook/ament_prefix_path.dsv'
[4.079s] INFO:colcon.colcon_core.shell:Creating environment hook '/home/zhe/code/soccer_b_ws/src/install/rm_control/share/rm_control/hook/ament_prefix_path.sh'
[4.106s] INFO:colcon.colcon_core.shell:Skip shell extension 'powershell' for command environment: Not usable outside of PowerShell
[4.106s] DEBUG:colcon.colcon_core.shell:Skip shell extension 'dsv' for command environment
[4.325s] INFO:colcon.colcon_ros.task.ament_python.build:Building ROS package in '/home/zhe/code/soccer_b_ws/src/test_package' with build type 'ament_python'
[4.325s] Level 1:colcon.colcon_core.shell:create_environment_hook('test_package', 'ament_prefix_path')
[4.350s] INFO:colcon.colcon_core.shell:Creating environment hook '/home/zhe/code/soccer_b_ws/src/install/test_package/share/test_package/hook/ament_prefix_path.ps1'
[4.351s] INFO:colcon.colcon_core.shell:Creating environment descriptor '/home/zhe/code/soccer_b_ws/src/install/test_package/share/test_package/hook/ament_prefix_path.dsv'
[4.351s] INFO:colcon.colcon_core.shell:Creating environment hook '/home/zhe/code/soccer_b_ws/src/install/test_package/share/test_package/hook/ament_prefix_path.sh'
[4.376s] INFO:colcon.colcon_core.shell:Skip shell extension 'powershell' for command environment: Not usable outside of PowerShell
[4.376s] DEBUG:colcon.colcon_core.shell:Skip shell extension 'dsv' for command environment
[4.742s] INFO:colcon.colcon_core.task.python.build:Building Python package in '/home/zhe/code/soccer_b_ws/src/motion_capture'
[4.774s] INFO:colcon.colcon_core.shell:Skip shell extension 'powershell' for command environment: Not usable outside of PowerShell
[4.774s] DEBUG:colcon.colcon_core.shell:Skip shell extension 'dsv' for command environment
[5.131s] INFO:colcon.colcon_core.task.python.build:Building Python package in '/home/zhe/code/soccer_b_ws/src/rm_control'
[5.157s] INFO:colcon.colcon_core.shell:Skip shell extension 'powershell' for command environment: Not usable outside of PowerShell
[5.157s] DEBUG:colcon.colcon_core.shell:Skip shell extension 'dsv' for command environment
[5.492s] INFO:colcon.colcon_core.task.python.build:Building Python package in '/home/zhe/code/soccer_b_ws/src/test_package'
[5.515s] INFO:colcon.colcon_core.shell:Skip shell extension 'powershell' for command environment: Not usable outside of PowerShell
[5.515s] DEBUG:colcon.colcon_core.shell:Skip shell extension 'dsv' for command environment
[5.958s] DEBUG:colcon.colcon_core.task.python.build:While undoing a previous installation files outside the Python library path are being ignored: /home/zhe/code/soccer_b_ws/src/install/motion_capture/share/ament_index/resource_index/packages/motion_capture
[5.958s] DEBUG:colcon.colcon_core.task.python.build:While undoing a previous installation files outside the Python library path are being ignored: /home/zhe/code/soccer_b_ws/src/install/motion_capture/share/motion_capture/package.xml
[5.958s] DEBUG:colcon.colcon_core.task.python.build:While undoing a previous installation files outside the Python library path are being ignored: /home/zhe/code/soccer_b_ws/src/install/motion_capture/lib/motion_capture/motion_capture
[5.960s] DEBUG:colcon.colcon_core.event_handler.log_command:Invoking command in '/home/zhe/code/soccer_b_ws/src/build/motion_capture': PYTHONPATH=/home/zhe/code/soccer_b_ws/src/build/motion_capture/prefix_override:/home/zhe/code/soccer_b_ws/src/install/motion_capture/lib/python3.8/site-packages:/home/zhe/code/soccer_b_ws/src/install/ros2_interfaces/lib/python3.8/site-packages:/home/zhe/code/soccer_b_ws/src/build/vision_test:/home/zhe/code/soccer_b_ws/src/install/vision_test/lib/python3.8/site-packages:/home/zhe/code/soccer_b_ws/src/build/test_package:/home/zhe/code/soccer_b_ws/src/install/test_package/lib/python3.8/site-packages:/home/zhe/code/soccer_b_ws/src/build/rm_control:/home/zhe/code/soccer_b_ws/src/install/rm_control/lib/python3.8/site-packages:/home/zhe/code/soccer_b_ws/src/build/motion_capture:/home/zhe/code/soccer_b_ws/src/install/motion_capture/lib/python3.8/site-packages:/home/zhe/code/soccer_b_ws/build/rm_control:/home/zhe/code/soccer_b_ws/install/rm_control/lib/python3.8/site-packages:/home/zhe/code/soccer_b_ws/build/vision_test:/home/zhe/code/soccer_b_ws/install/vision_test/lib/python3.8/site-packages:/home/zhe/code/soccer_b_ws/build/test_package:/home/zhe/code/soccer_b_ws/install/test_package/lib/python3.8/site-packages:/home/zhe/code/soccer_b_ws/install/ros2_interfaces/lib/python3.8/site-packages:/home/zhe/code/ffmpeg_msg/install/ffmpeg_image_transport_msgs/lib/python3.8/site-packages:/home/zhe/code/ffmpeg/install/ffmpeg_image_transport_msgs/lib/python3.8/site-packages:/home/zhe/code/rm_ws/build/robomaster_ros:/home/zhe/code/rm_ws/install/robomaster_ros/lib/python3.8/site-packages:/home/zhe/code/rm_ws/install/robomaster_msgs/lib/python3.8/site-packages:/home/zhe/code/gy_ws/build/learning_urdf:/home/zhe/code/gy_ws/install/learning_urdf/lib/python3.8/site-packages:/home/zhe/code/gy_ws/build/learning_topic:/home/zhe/code/gy_ws/install/learning_topic/lib/python3.8/site-packages:/home/zhe/code/gy_ws/build/learning_tf:/home/zhe/code/gy_ws/install/learning_tf/lib/python3.8/site-packages:/home/zhe/code/gy_ws/build/learning_service:/home/zhe/code/gy_ws/install/learning_service/lib/python3.8/site-packages:/home/zhe/code/gy_ws/build/learning_qos:/home/zhe/code/gy_ws/install/learning_qos/lib/python3.8/site-packages:/home/zhe/code/gy_ws/build/learning_pkg_python:/home/zhe/code/gy_ws/install/learning_pkg_python/lib/python3.8/site-packages:/home/zhe/code/gy_ws/build/learning_parameter:/home/zhe/code/gy_ws/install/learning_parameter/lib/python3.8/site-packages:/home/zhe/code/gy_ws/build/learning_node:/home/zhe/code/gy_ws/install/learning_node/lib/python3.8/site-packages:/home/zhe/code/gy_ws/build/learning_launch:/home/zhe/code/gy_ws/install/learning_launch/lib/python3.8/site-packages:/home/zhe/code/gy_ws/build/learning_action:/home/zhe/code/gy_ws/install/learning_action/lib/python3.8/site-packages:/home/zhe/code/gy_ws/install/learning_interface/lib/python3.8/site-packages:/home/zhe/code/gy_ws/build/learning_gazebo:/home/zhe/code/gy_ws/install/learning_gazebo/lib/python3.8/site-packages:/home/zhe/code/gy_ws/build/learning_cv:/home/zhe/code/gy_ws/install/learning_cv/lib/python3.8/site-packages:/opt/ros/galactic/lib/python3.8/site-packages /usr/bin/python3 setup.py develop --editable --build-directory /home/zhe/code/soccer_b_ws/src/build/motion_capture/build --no-deps install_data
[5.961s] DEBUG:colcon.colcon_core.task.python.build:While undoing a previous installation files outside the Python library path are being ignored: /home/zhe/code/soccer_b_ws/src/install/rm_control/share/ament_index/resource_index/packages/rm_control
[5.961s] DEBUG:colcon.colcon_core.task.python.build:While undoing a previous installation files outside the Python library path are being ignored: /home/zhe/code/soccer_b_ws/src/install/rm_control/share/rm_control/package.xml
[5.961s] DEBUG:colcon.colcon_core.task.python.build:While undoing a previous installation files outside the Python library path are being ignored: /home/zhe/code/soccer_b_ws/src/install/rm_control/share/rm_control/launch/ep_startup.launch.py
[5.961s] DEBUG:colcon.colcon_core.task.python.build:While undoing a previous installation files outside the Python library path are being ignored: /home/zhe/code/soccer_b_ws/src/install/rm_control/share/rm_control/launch/ep_control.launch.py
[5.961s] DEBUG:colcon.colcon_core.task.python.build:While undoing a previous installation files outside the Python library path are being ignored: /home/zhe/code/soccer_b_ws/src/install/rm_control/lib/rm_control/rm_control
[5.963s] DEBUG:colcon.colcon_core.event_handler.log_command:Invoking command in '/home/zhe/code/soccer_b_ws/src/build/rm_control': PYTHONPATH=/home/zhe/code/soccer_b_ws/src/build/rm_control/prefix_override:/home/zhe/code/soccer_b_ws/src/install/rm_control/lib/python3.8/site-packages:/home/zhe/code/soccer_b_ws/src/install/ros2_interfaces/lib/python3.8/site-packages:/home/zhe/code/soccer_b_ws/src/build/vision_test:/home/zhe/code/soccer_b_ws/src/install/vision_test/lib/python3.8/site-packages:/home/zhe/code/soccer_b_ws/src/build/test_package:/home/zhe/code/soccer_b_ws/src/install/test_package/lib/python3.8/site-packages:/home/zhe/code/soccer_b_ws/src/build/rm_control:/home/zhe/code/soccer_b_ws/src/install/rm_control/lib/python3.8/site-packages:/home/zhe/code/soccer_b_ws/src/build/motion_capture:/home/zhe/code/soccer_b_ws/src/install/motion_capture/lib/python3.8/site-packages:/home/zhe/code/soccer_b_ws/build/rm_control:/home/zhe/code/soccer_b_ws/install/rm_control/lib/python3.8/site-packages:/home/zhe/code/soccer_b_ws/build/vision_test:/home/zhe/code/soccer_b_ws/install/vision_test/lib/python3.8/site-packages:/home/zhe/code/soccer_b_ws/build/test_package:/home/zhe/code/soccer_b_ws/install/test_package/lib/python3.8/site-packages:/home/zhe/code/soccer_b_ws/install/ros2_interfaces/lib/python3.8/site-packages:/home/zhe/code/ffmpeg_msg/install/ffmpeg_image_transport_msgs/lib/python3.8/site-packages:/home/zhe/code/ffmpeg/install/ffmpeg_image_transport_msgs/lib/python3.8/site-packages:/home/zhe/code/rm_ws/build/robomaster_ros:/home/zhe/code/rm_ws/install/robomaster_ros/lib/python3.8/site-packages:/home/zhe/code/rm_ws/install/robomaster_msgs/lib/python3.8/site-packages:/home/zhe/code/gy_ws/build/learning_urdf:/home/zhe/code/gy_ws/install/learning_urdf/lib/python3.8/site-packages:/home/zhe/code/gy_ws/build/learning_topic:/home/zhe/code/gy_ws/install/learning_topic/lib/python3.8/site-packages:/home/zhe/code/gy_ws/build/learning_tf:/home/zhe/code/gy_ws/install/learning_tf/lib/python3.8/site-packages:/home/zhe/code/gy_ws/build/learning_service:/home/zhe/code/gy_ws/install/learning_service/lib/python3.8/site-packages:/home/zhe/code/gy_ws/build/learning_qos:/home/zhe/code/gy_ws/install/learning_qos/lib/python3.8/site-packages:/home/zhe/code/gy_ws/build/learning_pkg_python:/home/zhe/code/gy_ws/install/learning_pkg_python/lib/python3.8/site-packages:/home/zhe/code/gy_ws/build/learning_parameter:/home/zhe/code/gy_ws/install/learning_parameter/lib/python3.8/site-packages:/home/zhe/code/gy_ws/build/learning_node:/home/zhe/code/gy_ws/install/learning_node/lib/python3.8/site-packages:/home/zhe/code/gy_ws/build/learning_launch:/home/zhe/code/gy_ws/install/learning_launch/lib/python3.8/site-packages:/home/zhe/code/gy_ws/build/learning_action:/home/zhe/code/gy_ws/install/learning_action/lib/python3.8/site-packages:/home/zhe/code/gy_ws/install/learning_interface/lib/python3.8/site-packages:/home/zhe/code/gy_ws/build/learning_gazebo:/home/zhe/code/gy_ws/install/learning_gazebo/lib/python3.8/site-packages:/home/zhe/code/gy_ws/build/learning_cv:/home/zhe/code/gy_ws/install/learning_cv/lib/python3.8/site-packages:/opt/ros/galactic/lib/python3.8/site-packages /usr/bin/python3 setup.py develop --editable --build-directory /home/zhe/code/soccer_b_ws/src/build/rm_control/build --no-deps install_data
[5.965s] DEBUG:colcon.colcon_core.task.python.build:While undoing a previous installation files outside the Python library path are being ignored: /home/zhe/code/soccer_b_ws/src/install/test_package/share/ament_index/resource_index/packages/test_package
[5.965s] DEBUG:colcon.colcon_core.task.python.build:While undoing a previous installation files outside the Python library path are being ignored: /home/zhe/code/soccer_b_ws/src/install/test_package/share/test_package/package.xml
[5.965s] DEBUG:colcon.colcon_core.task.python.build:While undoing a previous installation files outside the Python library path are being ignored: /home/zhe/code/soccer_b_ws/src/install/test_package/lib/test_package/motion_capture
[5.967s] DEBUG:colcon.colcon_core.event_handler.log_command:Invoking command in '/home/zhe/code/soccer_b_ws/src/build/test_package': PYTHONPATH=/home/zhe/code/soccer_b_ws/src/build/test_package/prefix_override:/home/zhe/code/soccer_b_ws/src/install/test_package/lib/python3.8/site-packages:/home/zhe/code/soccer_b_ws/src/install/ros2_interfaces/lib/python3.8/site-packages:/home/zhe/code/soccer_b_ws/src/build/vision_test:/home/zhe/code/soccer_b_ws/src/install/vision_test/lib/python3.8/site-packages:/home/zhe/code/soccer_b_ws/src/build/test_package:/home/zhe/code/soccer_b_ws/src/install/test_package/lib/python3.8/site-packages:/home/zhe/code/soccer_b_ws/src/build/rm_control:/home/zhe/code/soccer_b_ws/src/install/rm_control/lib/python3.8/site-packages:/home/zhe/code/soccer_b_ws/src/build/motion_capture:/home/zhe/code/soccer_b_ws/src/install/motion_capture/lib/python3.8/site-packages:/home/zhe/code/soccer_b_ws/build/rm_control:/home/zhe/code/soccer_b_ws/install/rm_control/lib/python3.8/site-packages:/home/zhe/code/soccer_b_ws/build/vision_test:/home/zhe/code/soccer_b_ws/install/vision_test/lib/python3.8/site-packages:/home/zhe/code/soccer_b_ws/build/test_package:/home/zhe/code/soccer_b_ws/install/test_package/lib/python3.8/site-packages:/home/zhe/code/soccer_b_ws/install/ros2_interfaces/lib/python3.8/site-packages:/home/zhe/code/ffmpeg_msg/install/ffmpeg_image_transport_msgs/lib/python3.8/site-packages:/home/zhe/code/ffmpeg/install/ffmpeg_image_transport_msgs/lib/python3.8/site-packages:/home/zhe/code/rm_ws/build/robomaster_ros:/home/zhe/code/rm_ws/install/robomaster_ros/lib/python3.8/site-packages:/home/zhe/code/rm_ws/install/robomaster_msgs/lib/python3.8/site-packages:/home/zhe/code/gy_ws/build/learning_urdf:/home/zhe/code/gy_ws/install/learning_urdf/lib/python3.8/site-packages:/home/zhe/code/gy_ws/build/learning_topic:/home/zhe/code/gy_ws/install/learning_topic/lib/python3.8/site-packages:/home/zhe/code/gy_ws/build/learning_tf:/home/zhe/code/gy_ws/install/learning_tf/lib/python3.8/site-packages:/home/zhe/code/gy_ws/build/learning_service:/home/zhe/code/gy_ws/install/learning_service/lib/python3.8/site-packages:/home/zhe/code/gy_ws/build/learning_qos:/home/zhe/code/gy_ws/install/learning_qos/lib/python3.8/site-packages:/home/zhe/code/gy_ws/build/learning_pkg_python:/home/zhe/code/gy_ws/install/learning_pkg_python/lib/python3.8/site-packages:/home/zhe/code/gy_ws/build/learning_parameter:/home/zhe/code/gy_ws/install/learning_parameter/lib/python3.8/site-packages:/home/zhe/code/gy_ws/build/learning_node:/home/zhe/code/gy_ws/install/learning_node/lib/python3.8/site-packages:/home/zhe/code/gy_ws/build/learning_launch:/home/zhe/code/gy_ws/install/learning_launch/lib/python3.8/site-packages:/home/zhe/code/gy_ws/build/learning_action:/home/zhe/code/gy_ws/install/learning_action/lib/python3.8/site-packages:/home/zhe/code/gy_ws/install/learning_interface/lib/python3.8/site-packages:/home/zhe/code/gy_ws/build/learning_gazebo:/home/zhe/code/gy_ws/install/learning_gazebo/lib/python3.8/site-packages:/home/zhe/code/gy_ws/build/learning_cv:/home/zhe/code/gy_ws/install/learning_cv/lib/python3.8/site-packages:/opt/ros/galactic/lib/python3.8/site-packages /usr/bin/python3 setup.py develop --editable --build-directory /home/zhe/code/soccer_b_ws/src/build/test_package/build --no-deps install_data
[6.269s] Level 1:colcon.colcon_core.shell:create_environment_hook('rm_control', 'pythonpath_develop')
[6.270s] DEBUG:colcon.colcon_core.event_handler.log_command:Invoked command in '/home/zhe/code/soccer_b_ws/src/build/rm_control' returned '0': PYTHONPATH=/home/zhe/code/soccer_b_ws/src/build/rm_control/prefix_override:/home/zhe/code/soccer_b_ws/src/install/rm_control/lib/python3.8/site-packages:/home/zhe/code/soccer_b_ws/src/install/ros2_interfaces/lib/python3.8/site-packages:/home/zhe/code/soccer_b_ws/src/build/vision_test:/home/zhe/code/soccer_b_ws/src/install/vision_test/lib/python3.8/site-packages:/home/zhe/code/soccer_b_ws/src/build/test_package:/home/zhe/code/soccer_b_ws/src/install/test_package/lib/python3.8/site-packages:/home/zhe/code/soccer_b_ws/src/build/rm_control:/home/zhe/code/soccer_b_ws/src/install/rm_control/lib/python3.8/site-packages:/home/zhe/code/soccer_b_ws/src/build/motion_capture:/home/zhe/code/soccer_b_ws/src/install/motion_capture/lib/python3.8/site-packages:/home/zhe/code/soccer_b_ws/build/rm_control:/home/zhe/code/soccer_b_ws/install/rm_control/lib/python3.8/site-packages:/home/zhe/code/soccer_b_ws/build/vision_test:/home/zhe/code/soccer_b_ws/install/vision_test/lib/python3.8/site-packages:/home/zhe/code/soccer_b_ws/build/test_package:/home/zhe/code/soccer_b_ws/install/test_package/lib/python3.8/site-packages:/home/zhe/code/soccer_b_ws/install/ros2_interfaces/lib/python3.8/site-packages:/home/zhe/code/ffmpeg_msg/install/ffmpeg_image_transport_msgs/lib/python3.8/site-packages:/home/zhe/code/ffmpeg/install/ffmpeg_image_transport_msgs/lib/python3.8/site-packages:/home/zhe/code/rm_ws/build/robomaster_ros:/home/zhe/code/rm_ws/install/robomaster_ros/lib/python3.8/site-packages:/home/zhe/code/rm_ws/install/robomaster_msgs/lib/python3.8/site-packages:/home/zhe/code/gy_ws/build/learning_urdf:/home/zhe/code/gy_ws/install/learning_urdf/lib/python3.8/site-packages:/home/zhe/code/gy_ws/build/learning_topic:/home/zhe/code/gy_ws/install/learning_topic/lib/python3.8/site-packages:/home/zhe/code/gy_ws/build/learning_tf:/home/zhe/code/gy_ws/install/learning_tf/lib/python3.8/site-packages:/home/zhe/code/gy_ws/build/learning_service:/home/zhe/code/gy_ws/install/learning_service/lib/python3.8/site-packages:/home/zhe/code/gy_ws/build/learning_qos:/home/zhe/code/gy_ws/install/learning_qos/lib/python3.8/site-packages:/home/zhe/code/gy_ws/build/learning_pkg_python:/home/zhe/code/gy_ws/install/learning_pkg_python/lib/python3.8/site-packages:/home/zhe/code/gy_ws/build/learning_parameter:/home/zhe/code/gy_ws/install/learning_parameter/lib/python3.8/site-packages:/home/zhe/code/gy_ws/build/learning_node:/home/zhe/code/gy_ws/install/learning_node/lib/python3.8/site-packages:/home/zhe/code/gy_ws/build/learning_launch:/home/zhe/code/gy_ws/install/learning_launch/lib/python3.8/site-packages:/home/zhe/code/gy_ws/build/learning_action:/home/zhe/code/gy_ws/install/learning_action/lib/python3.8/site-packages:/home/zhe/code/gy_ws/install/learning_interface/lib/python3.8/site-packages:/home/zhe/code/gy_ws/build/learning_gazebo:/home/zhe/code/gy_ws/install/learning_gazebo/lib/python3.8/site-packages:/home/zhe/code/gy_ws/build/learning_cv:/home/zhe/code/gy_ws/install/learning_cv/lib/python3.8/site-packages:/opt/ros/galactic/lib/python3.8/site-packages /usr/bin/python3 setup.py develop --editable --build-directory /home/zhe/code/soccer_b_ws/src/build/rm_control/build --no-deps install_data
[6.292s] INFO:colcon.colcon_core.shell:Creating environment hook '/home/zhe/code/soccer_b_ws/src/build/rm_control/share/rm_control/hook/pythonpath_develop.ps1'
[6.293s] INFO:colcon.colcon_core.shell:Creating environment descriptor '/home/zhe/code/soccer_b_ws/src/build/rm_control/share/rm_control/hook/pythonpath_develop.dsv'
[6.293s] INFO:colcon.colcon_core.shell:Creating environment hook '/home/zhe/code/soccer_b_ws/src/build/rm_control/share/rm_control/hook/pythonpath_develop.sh'
[6.314s] Level 1:colcon.colcon_core.environment:checking '/home/zhe/code/soccer_b_ws/src/install/rm_control' for CMake module files
[6.314s] Level 1:colcon.colcon_core.environment:checking '/home/zhe/code/soccer_b_ws/src/install/rm_control' for CMake config files
[6.315s] Level 1:colcon.colcon_core.environment:checking '/home/zhe/code/soccer_b_ws/src/install/rm_control/lib'
[6.315s] Level 1:colcon.colcon_core.environment:checking '/home/zhe/code/soccer_b_ws/src/install/rm_control/bin'
[6.315s] Level 1:colcon.colcon_core.environment:checking '/home/zhe/code/soccer_b_ws/src/install/rm_control/lib/pkgconfig/rm_control.pc'
[6.315s] Level 1:colcon.colcon_core.environment:checking '/home/zhe/code/soccer_b_ws/src/install/rm_control/lib/python3.8/site-packages'
[6.315s] Level 1:colcon.colcon_core.shell:create_environment_hook('rm_control', 'pythonpath')
[6.336s] INFO:colcon.colcon_core.shell:Creating environment hook '/home/zhe/code/soccer_b_ws/src/install/rm_control/share/rm_control/hook/pythonpath.ps1'
[6.336s] INFO:colcon.colcon_core.shell:Creating environment descriptor '/home/zhe/code/soccer_b_ws/src/install/rm_control/share/rm_control/hook/pythonpath.dsv'
[6.336s] INFO:colcon.colcon_core.shell:Creating environment hook '/home/zhe/code/soccer_b_ws/src/install/rm_control/share/rm_control/hook/pythonpath.sh'
[6.337s] Level 1:colcon.colcon_core.environment:checking '/home/zhe/code/soccer_b_ws/src/install/rm_control/bin'
[6.337s] Level 1:colcon.colcon_core.environment:create_environment_scripts_only(rm_control)
[6.358s] INFO:colcon.colcon_core.shell:Creating package script '/home/zhe/code/soccer_b_ws/src/install/rm_control/share/rm_control/package.ps1'
[6.358s] INFO:colcon.colcon_core.shell:Creating package descriptor '/home/zhe/code/soccer_b_ws/src/install/rm_control/share/rm_control/package.dsv'
[6.358s] INFO:colcon.colcon_core.shell:Creating package script '/home/zhe/code/soccer_b_ws/src/install/rm_control/share/rm_control/package.sh'
[6.358s] INFO:colcon.colcon_core.shell:Creating package script '/home/zhe/code/soccer_b_ws/src/install/rm_control/share/rm_control/package.bash'
[6.359s] INFO:colcon.colcon_core.shell:Creating package script '/home/zhe/code/soccer_b_ws/src/install/rm_control/share/rm_control/package.zsh'
[6.359s] Level 1:colcon.colcon_core.environment:create_file_with_runtime_dependencies(/home/zhe/code/soccer_b_ws/src/install/rm_control/share/colcon-core/packages/rm_control)
[6.359s] Level 1:colcon.colcon_core.shell:create_environment_hook('test_package', 'pythonpath_develop')
[6.360s] DEBUG:colcon.colcon_core.event_handler.log_command:Invoked command in '/home/zhe/code/soccer_b_ws/src/build/test_package' returned '0': PYTHONPATH=/home/zhe/code/soccer_b_ws/src/build/test_package/prefix_override:/home/zhe/code/soccer_b_ws/src/install/test_package/lib/python3.8/site-packages:/home/zhe/code/soccer_b_ws/src/install/ros2_interfaces/lib/python3.8/site-packages:/home/zhe/code/soccer_b_ws/src/build/vision_test:/home/zhe/code/soccer_b_ws/src/install/vision_test/lib/python3.8/site-packages:/home/zhe/code/soccer_b_ws/src/build/test_package:/home/zhe/code/soccer_b_ws/src/install/test_package/lib/python3.8/site-packages:/home/zhe/code/soccer_b_ws/src/build/rm_control:/home/zhe/code/soccer_b_ws/src/install/rm_control/lib/python3.8/site-packages:/home/zhe/code/soccer_b_ws/src/build/motion_capture:/home/zhe/code/soccer_b_ws/src/install/motion_capture/lib/python3.8/site-packages:/home/zhe/code/soccer_b_ws/build/rm_control:/home/zhe/code/soccer_b_ws/install/rm_control/lib/python3.8/site-packages:/home/zhe/code/soccer_b_ws/build/vision_test:/home/zhe/code/soccer_b_ws/install/vision_test/lib/python3.8/site-packages:/home/zhe/code/soccer_b_ws/build/test_package:/home/zhe/code/soccer_b_ws/install/test_package/lib/python3.8/site-packages:/home/zhe/code/soccer_b_ws/install/ros2_interfaces/lib/python3.8/site-packages:/home/zhe/code/ffmpeg_msg/install/ffmpeg_image_transport_msgs/lib/python3.8/site-packages:/home/zhe/code/ffmpeg/install/ffmpeg_image_transport_msgs/lib/python3.8/site-packages:/home/zhe/code/rm_ws/build/robomaster_ros:/home/zhe/code/rm_ws/install/robomaster_ros/lib/python3.8/site-packages:/home/zhe/code/rm_ws/install/robomaster_msgs/lib/python3.8/site-packages:/home/zhe/code/gy_ws/build/learning_urdf:/home/zhe/code/gy_ws/install/learning_urdf/lib/python3.8/site-packages:/home/zhe/code/gy_ws/build/learning_topic:/home/zhe/code/gy_ws/install/learning_topic/lib/python3.8/site-packages:/home/zhe/code/gy_ws/build/learning_tf:/home/zhe/code/gy_ws/install/learning_tf/lib/python3.8/site-packages:/home/zhe/code/gy_ws/build/learning_service:/home/zhe/code/gy_ws/install/learning_service/lib/python3.8/site-packages:/home/zhe/code/gy_ws/build/learning_qos:/home/zhe/code/gy_ws/install/learning_qos/lib/python3.8/site-packages:/home/zhe/code/gy_ws/build/learning_pkg_python:/home/zhe/code/gy_ws/install/learning_pkg_python/lib/python3.8/site-packages:/home/zhe/code/gy_ws/build/learning_parameter:/home/zhe/code/gy_ws/install/learning_parameter/lib/python3.8/site-packages:/home/zhe/code/gy_ws/build/learning_node:/home/zhe/code/gy_ws/install/learning_node/lib/python3.8/site-packages:/home/zhe/code/gy_ws/build/learning_launch:/home/zhe/code/gy_ws/install/learning_launch/lib/python3.8/site-packages:/home/zhe/code/gy_ws/build/learning_action:/home/zhe/code/gy_ws/install/learning_action/lib/python3.8/site-packages:/home/zhe/code/gy_ws/install/learning_interface/lib/python3.8/site-packages:/home/zhe/code/gy_ws/build/learning_gazebo:/home/zhe/code/gy_ws/install/learning_gazebo/lib/python3.8/site-packages:/home/zhe/code/gy_ws/build/learning_cv:/home/zhe/code/gy_ws/install/learning_cv/lib/python3.8/site-packages:/opt/ros/galactic/lib/python3.8/site-packages /usr/bin/python3 setup.py develop --editable --build-directory /home/zhe/code/soccer_b_ws/src/build/test_package/build --no-deps install_data
[6.382s] INFO:colcon.colcon_core.shell:Creating environment hook '/home/zhe/code/soccer_b_ws/src/build/test_package/share/test_package/hook/pythonpath_develop.ps1'
[6.383s] INFO:colcon.colcon_core.shell:Creating environment descriptor '/home/zhe/code/soccer_b_ws/src/build/test_package/share/test_package/hook/pythonpath_develop.dsv'
[6.383s] INFO:colcon.colcon_core.shell:Creating environment hook '/home/zhe/code/soccer_b_ws/src/build/test_package/share/test_package/hook/pythonpath_develop.sh'
[6.405s] Level 1:colcon.colcon_core.environment:checking '/home/zhe/code/soccer_b_ws/src/install/test_package' for CMake module files
[6.406s] Level 1:colcon.colcon_core.environment:checking '/home/zhe/code/soccer_b_ws/src/install/test_package' for CMake config files
[6.406s] Level 1:colcon.colcon_core.environment:checking '/home/zhe/code/soccer_b_ws/src/install/test_package/lib'
[6.406s] Level 1:colcon.colcon_core.environment:checking '/home/zhe/code/soccer_b_ws/src/install/test_package/bin'
[6.406s] Level 1:colcon.colcon_core.environment:checking '/home/zhe/code/soccer_b_ws/src/install/test_package/lib/pkgconfig/test_package.pc'
[6.406s] Level 1:colcon.colcon_core.environment:checking '/home/zhe/code/soccer_b_ws/src/install/test_package/lib/python3.8/site-packages'
[6.406s] Level 1:colcon.colcon_core.shell:create_environment_hook('test_package', 'pythonpath')
[6.427s] INFO:colcon.colcon_core.shell:Creating environment hook '/home/zhe/code/soccer_b_ws/src/install/test_package/share/test_package/hook/pythonpath.ps1'
[6.427s] INFO:colcon.colcon_core.shell:Creating environment descriptor '/home/zhe/code/soccer_b_ws/src/install/test_package/share/test_package/hook/pythonpath.dsv'
[6.427s] INFO:colcon.colcon_core.shell:Creating environment hook '/home/zhe/code/soccer_b_ws/src/install/test_package/share/test_package/hook/pythonpath.sh'
[6.428s] Level 1:colcon.colcon_core.environment:checking '/home/zhe/code/soccer_b_ws/src/install/test_package/bin'
[6.428s] Level 1:colcon.colcon_core.environment:create_environment_scripts_only(test_package)
[6.449s] INFO:colcon.colcon_core.shell:Creating package script '/home/zhe/code/soccer_b_ws/src/install/test_package/share/test_package/package.ps1'
[6.449s] INFO:colcon.colcon_core.shell:Creating package descriptor '/home/zhe/code/soccer_b_ws/src/install/test_package/share/test_package/package.dsv'
[6.449s] INFO:colcon.colcon_core.shell:Creating package script '/home/zhe/code/soccer_b_ws/src/install/test_package/share/test_package/package.sh'
[6.450s] INFO:colcon.colcon_core.shell:Creating package script '/home/zhe/code/soccer_b_ws/src/install/test_package/share/test_package/package.bash'
[6.450s] INFO:colcon.colcon_core.shell:Creating package script '/home/zhe/code/soccer_b_ws/src/install/test_package/share/test_package/package.zsh'
[6.450s] Level 1:colcon.colcon_core.environment:create_file_with_runtime_dependencies(/home/zhe/code/soccer_b_ws/src/install/test_package/share/colcon-core/packages/test_package)
[6.450s] Level 1:colcon.colcon_core.shell:create_environment_hook('motion_capture', 'pythonpath_develop')
[6.451s] DEBUG:colcon.colcon_core.event_handler.log_command:Invoked command in '/home/zhe/code/soccer_b_ws/src/build/motion_capture' returned '0': PYTHONPATH=/home/zhe/code/soccer_b_ws/src/build/motion_capture/prefix_override:/home/zhe/code/soccer_b_ws/src/install/motion_capture/lib/python3.8/site-packages:/home/zhe/code/soccer_b_ws/src/install/ros2_interfaces/lib/python3.8/site-packages:/home/zhe/code/soccer_b_ws/src/build/vision_test:/home/zhe/code/soccer_b_ws/src/install/vision_test/lib/python3.8/site-packages:/home/zhe/code/soccer_b_ws/src/build/test_package:/home/zhe/code/soccer_b_ws/src/install/test_package/lib/python3.8/site-packages:/home/zhe/code/soccer_b_ws/src/build/rm_control:/home/zhe/code/soccer_b_ws/src/install/rm_control/lib/python3.8/site-packages:/home/zhe/code/soccer_b_ws/src/build/motion_capture:/home/zhe/code/soccer_b_ws/src/install/motion_capture/lib/python3.8/site-packages:/home/zhe/code/soccer_b_ws/build/rm_control:/home/zhe/code/soccer_b_ws/install/rm_control/lib/python3.8/site-packages:/home/zhe/code/soccer_b_ws/build/vision_test:/home/zhe/code/soccer_b_ws/install/vision_test/lib/python3.8/site-packages:/home/zhe/code/soccer_b_ws/build/test_package:/home/zhe/code/soccer_b_ws/install/test_package/lib/python3.8/site-packages:/home/zhe/code/soccer_b_ws/install/ros2_interfaces/lib/python3.8/site-packages:/home/zhe/code/ffmpeg_msg/install/ffmpeg_image_transport_msgs/lib/python3.8/site-packages:/home/zhe/code/ffmpeg/install/ffmpeg_image_transport_msgs/lib/python3.8/site-packages:/home/zhe/code/rm_ws/build/robomaster_ros:/home/zhe/code/rm_ws/install/robomaster_ros/lib/python3.8/site-packages:/home/zhe/code/rm_ws/install/robomaster_msgs/lib/python3.8/site-packages:/home/zhe/code/gy_ws/build/learning_urdf:/home/zhe/code/gy_ws/install/learning_urdf/lib/python3.8/site-packages:/home/zhe/code/gy_ws/build/learning_topic:/home/zhe/code/gy_ws/install/learning_topic/lib/python3.8/site-packages:/home/zhe/code/gy_ws/build/learning_tf:/home/zhe/code/gy_ws/install/learning_tf/lib/python3.8/site-packages:/home/zhe/code/gy_ws/build/learning_service:/home/zhe/code/gy_ws/install/learning_service/lib/python3.8/site-packages:/home/zhe/code/gy_ws/build/learning_qos:/home/zhe/code/gy_ws/install/learning_qos/lib/python3.8/site-packages:/home/zhe/code/gy_ws/build/learning_pkg_python:/home/zhe/code/gy_ws/install/learning_pkg_python/lib/python3.8/site-packages:/home/zhe/code/gy_ws/build/learning_parameter:/home/zhe/code/gy_ws/install/learning_parameter/lib/python3.8/site-packages:/home/zhe/code/gy_ws/build/learning_node:/home/zhe/code/gy_ws/install/learning_node/lib/python3.8/site-packages:/home/zhe/code/gy_ws/build/learning_launch:/home/zhe/code/gy_ws/install/learning_launch/lib/python3.8/site-packages:/home/zhe/code/gy_ws/build/learning_action:/home/zhe/code/gy_ws/install/learning_action/lib/python3.8/site-packages:/home/zhe/code/gy_ws/install/learning_interface/lib/python3.8/site-packages:/home/zhe/code/gy_ws/build/learning_gazebo:/home/zhe/code/gy_ws/install/learning_gazebo/lib/python3.8/site-packages:/home/zhe/code/gy_ws/build/learning_cv:/home/zhe/code/gy_ws/install/learning_cv/lib/python3.8/site-packages:/opt/ros/galactic/lib/python3.8/site-packages /usr/bin/python3 setup.py develop --editable --build-directory /home/zhe/code/soccer_b_ws/src/build/motion_capture/build --no-deps install_data
[6.474s] INFO:colcon.colcon_core.shell:Creating environment hook '/home/zhe/code/soccer_b_ws/src/build/motion_capture/share/motion_capture/hook/pythonpath_develop.ps1'
[6.474s] INFO:colcon.colcon_core.shell:Creating environment descriptor '/home/zhe/code/soccer_b_ws/src/build/motion_capture/share/motion_capture/hook/pythonpath_develop.dsv'
[6.474s] INFO:colcon.colcon_core.shell:Creating environment hook '/home/zhe/code/soccer_b_ws/src/build/motion_capture/share/motion_capture/hook/pythonpath_develop.sh'
[6.498s] Level 1:colcon.colcon_core.environment:checking '/home/zhe/code/soccer_b_ws/src/install/motion_capture' for CMake module files
[6.498s] Level 1:colcon.colcon_core.environment:checking '/home/zhe/code/soccer_b_ws/src/install/motion_capture' for CMake config files
[6.499s] Level 1:colcon.colcon_core.environment:checking '/home/zhe/code/soccer_b_ws/src/install/motion_capture/lib'
[6.499s] Level 1:colcon.colcon_core.environment:checking '/home/zhe/code/soccer_b_ws/src/install/motion_capture/bin'
[6.499s] Level 1:colcon.colcon_core.environment:checking '/home/zhe/code/soccer_b_ws/src/install/motion_capture/lib/pkgconfig/motion_capture.pc'
[6.499s] Level 1:colcon.colcon_core.environment:checking '/home/zhe/code/soccer_b_ws/src/install/motion_capture/lib/python3.8/site-packages'
[6.499s] Level 1:colcon.colcon_core.shell:create_environment_hook('motion_capture', 'pythonpath')
[6.523s] INFO:colcon.colcon_core.shell:Creating environment hook '/home/zhe/code/soccer_b_ws/src/install/motion_capture/share/motion_capture/hook/pythonpath.ps1'
[6.523s] INFO:colcon.colcon_core.shell:Creating environment descriptor '/home/zhe/code/soccer_b_ws/src/install/motion_capture/share/motion_capture/hook/pythonpath.dsv'
[6.523s] INFO:colcon.colcon_core.shell:Creating environment hook '/home/zhe/code/soccer_b_ws/src/install/motion_capture/share/motion_capture/hook/pythonpath.sh'
[6.524s] Level 1:colcon.colcon_core.environment:checking '/home/zhe/code/soccer_b_ws/src/install/motion_capture/bin'
[6.524s] Level 1:colcon.colcon_core.environment:create_environment_scripts_only(motion_capture)
[6.547s] INFO:colcon.colcon_core.shell:Creating package script '/home/zhe/code/soccer_b_ws/src/install/motion_capture/share/motion_capture/package.ps1'
[6.548s] INFO:colcon.colcon_core.shell:Creating package descriptor '/home/zhe/code/soccer_b_ws/src/install/motion_capture/share/motion_capture/package.dsv'
[6.548s] INFO:colcon.colcon_core.shell:Creating package script '/home/zhe/code/soccer_b_ws/src/install/motion_capture/share/motion_capture/package.sh'
[6.548s] INFO:colcon.colcon_core.shell:Creating package script '/home/zhe/code/soccer_b_ws/src/install/motion_capture/share/motion_capture/package.bash'
[6.548s] INFO:colcon.colcon_core.shell:Creating package script '/home/zhe/code/soccer_b_ws/src/install/motion_capture/share/motion_capture/package.zsh'
[6.548s] Level 1:colcon.colcon_core.environment:create_file_with_runtime_dependencies(/home/zhe/code/soccer_b_ws/src/install/motion_capture/share/colcon-core/packages/motion_capture)
[6.548s] DEBUG:colcon.colcon_parallel_executor.executor.parallel:closing loop
[6.549s] DEBUG:colcon.colcon_parallel_executor.executor.parallel:loop closed
[6.549s] DEBUG:colcon.colcon_parallel_executor.executor.parallel:run_until_complete finished with '0'
[6.549s] DEBUG:colcon.colcon_core.event_reactor:joining thread
[6.579s] INFO:colcon.colcon_core.plugin_system:Skipping extension 'colcon_notification.desktop_notification.terminal_notifier': Not used on non-Darwin systems
[6.579s] INFO:colcon.colcon_core.plugin_system:Skipping extension 'colcon_notification.desktop_notification.win32': Not used on non-Windows systems
[6.579s] INFO:colcon.colcon_notification.desktop_notification:Sending desktop notification using 'notify2'
[6.587s] DEBUG:colcon.colcon_core.event_reactor:joined thread
[6.611s] INFO:colcon.colcon_core.shell:Creating prefix script '/home/zhe/code/soccer_b_ws/src/install/local_setup.ps1'
[6.612s] INFO:colcon.colcon_core.shell:Creating prefix util module '/home/zhe/code/soccer_b_ws/src/install/_local_setup_util_ps1.py'
[6.612s] INFO:colcon.colcon_core.shell:Creating prefix chain script '/home/zhe/code/soccer_b_ws/src/install/setup.ps1'
[6.637s] INFO:colcon.colcon_core.shell:Creating prefix script '/home/zhe/code/soccer_b_ws/src/install/local_setup.sh'
[6.637s] INFO:colcon.colcon_core.shell:Creating prefix util module '/home/zhe/code/soccer_b_ws/src/install/_local_setup_util_sh.py'
[6.637s] INFO:colcon.colcon_core.shell:Creating prefix chain script '/home/zhe/code/soccer_b_ws/src/install/setup.sh'
[6.662s] INFO:colcon.colcon_core.shell:Creating prefix script '/home/zhe/code/soccer_b_ws/src/install/local_setup.bash'
[6.662s] INFO:colcon.colcon_core.shell:Creating prefix chain script '/home/zhe/code/soccer_b_ws/src/install/setup.bash'
[6.687s] INFO:colcon.colcon_core.shell:Creating prefix script '/home/zhe/code/soccer_b_ws/src/install/local_setup.zsh'
[6.687s] INFO:colcon.colcon_core.shell:Creating prefix chain script '/home/zhe/code/soccer_b_ws/src/install/setup.zsh'
