[1.145s] DEBUG:colcon:Command line arguments: ['/usr/bin/colcon', 'build', '--symlink-install']
[1.145s] DEBUG:colcon:Parsed command line arguments: Namespace(allow_overriding=[], ament_cmake_args=None, base_paths=['.'], build_base='build', catkin_cmake_args=None, catkin_skip_building_tests=False, cmake_args=None, cmake_clean_cache=False, cmake_clean_first=False, cmake_force_configure=False, cmake_target=None, cmake_target_skip_unavailable=False, continue_on_error=False, event_handlers=None, executor='parallel', ignore_user_meta=False, install_base='install', log_base=None, log_level=None, main=<bound method BuildVerb.main of <colcon_core.verb.build.BuildVerb object at 0x7f409257d940>>, merge_install=False, metas=['./colcon.meta'], packages_above=None, packages_above_and_dependencies=None, packages_above_depth=None, packages_end=None, packages_ignore=None, packages_ignore_regex=None, packages_select=None, packages_select_build_failed=False, packages_select_by_dep=None, packages_select_regex=None, packages_select_test_failures=False, packages_skip=None, packages_skip_build_finished=False, packages_skip_by_dep=None, packages_skip_regex=None, packages_skip_test_passed=False, packages_skip_up_to=None, packages_start=None, packages_up_to=None, packages_up_to_regex=None, parallel_workers=12, paths=None, symlink_install=True, test_result_base=None, verb_extension=<colcon_core.verb.build.BuildVerb object at 0x7f409257d940>, verb_name='build', verb_parser=<colcon_defaults.argument_parser.defaults.DefaultArgumentsDecorator object at 0x7f40921686a0>)
[1.199s] Level 1:colcon.colcon_core.package_discovery:discover_packages(colcon_meta) check parameters
[1.199s] Level 1:colcon.colcon_core.package_discovery:discover_packages(recursive) check parameters
[1.199s] Level 1:colcon.colcon_core.package_discovery:discover_packages(ignore) check parameters
[1.199s] Level 1:colcon.colcon_core.package_discovery:discover_packages(path) check parameters
[1.199s] Level 1:colcon.colcon_core.package_discovery:discover_packages(colcon_meta) discover
[1.200s] Level 1:colcon.colcon_core.package_discovery:discover_packages(recursive) discover
[1.200s] INFO:colcon.colcon_core.package_discovery:Crawling recursively for packages in '/home/zhe/code/soccer_b_ws/src'
[1.200s] Level 1:colcon.colcon_core.package_identification:_identify(.) by extensions ['ignore', 'ignore_ament_install']
[1.200s] Level 1:colcon.colcon_core.package_identification:_identify(.) by extension 'ignore'
[1.200s] Level 1:colcon.colcon_core.package_identification:_identify(.) by extension 'ignore_ament_install'
[1.200s] Level 1:colcon.colcon_core.package_identification:_identify(.) by extensions ['colcon_pkg']
[1.200s] Level 1:colcon.colcon_core.package_identification:_identify(.) by extension 'colcon_pkg'
[1.200s] Level 1:colcon.colcon_core.package_identification:_identify(.) by extensions ['colcon_meta']
[1.200s] Level 1:colcon.colcon_core.package_identification:_identify(.) by extension 'colcon_meta'
[1.200s] Level 1:colcon.colcon_core.package_identification:_identify(.) by extensions ['ros']
[1.200s] Level 1:colcon.colcon_core.package_identification:_identify(.) by extension 'ros'
[1.206s] Level 1:colcon.colcon_core.package_identification:_identify(.) by extensions ['cmake', 'python']
[1.206s] Level 1:colcon.colcon_core.package_identification:_identify(.) by extension 'cmake'
[1.206s] Level 1:colcon.colcon_core.package_identification:_identify(.) by extension 'python'
[1.206s] Level 1:colcon.colcon_core.package_identification:_identify(.) by extensions ['python_setup_py']
[1.206s] Level 1:colcon.colcon_core.package_identification:_identify(.) by extension 'python_setup_py'
[1.206s] Level 1:colcon.colcon_core.package_identification:_identify(build) by extensions ['ignore', 'ignore_ament_install']
[1.206s] Level 1:colcon.colcon_core.package_identification:_identify(build) by extension 'ignore'
[1.206s] Level 1:colcon.colcon_core.package_identification:_identify(build) ignored
[1.206s] Level 1:colcon.colcon_core.package_identification:_identify(install) by extensions ['ignore', 'ignore_ament_install']
[1.206s] Level 1:colcon.colcon_core.package_identification:_identify(install) by extension 'ignore'
[1.206s] Level 1:colcon.colcon_core.package_identification:_identify(install) ignored
[1.206s] Level 1:colcon.colcon_core.package_identification:_identify(log) by extensions ['ignore', 'ignore_ament_install']
[1.206s] Level 1:colcon.colcon_core.package_identification:_identify(log) by extension 'ignore'
[1.206s] Level 1:colcon.colcon_core.package_identification:_identify(log) ignored
[1.206s] Level 1:colcon.colcon_core.package_identification:_identify(motion_capture) by extensions ['ignore', 'ignore_ament_install']
[1.206s] Level 1:colcon.colcon_core.package_identification:_identify(motion_capture) by extension 'ignore'
[1.206s] Level 1:colcon.colcon_core.package_identification:_identify(motion_capture) by extension 'ignore_ament_install'
[1.206s] Level 1:colcon.colcon_core.package_identification:_identify(motion_capture) by extensions ['colcon_pkg']
[1.206s] Level 1:colcon.colcon_core.package_identification:_identify(motion_capture) by extension 'colcon_pkg'
[1.206s] Level 1:colcon.colcon_core.package_identification:_identify(motion_capture) by extensions ['colcon_meta']
[1.206s] Level 1:colcon.colcon_core.package_identification:_identify(motion_capture) by extension 'colcon_meta'
[1.206s] Level 1:colcon.colcon_core.package_identification:_identify(motion_capture) by extensions ['ros']
[1.206s] Level 1:colcon.colcon_core.package_identification:_identify(motion_capture) by extension 'ros'
[1.208s] DEBUG:colcon.colcon_core.package_identification:Package 'motion_capture' with type 'ros.ament_python' and name 'motion_capture'
[1.208s] Level 1:colcon.colcon_core.package_identification:_identify(rm_control) by extensions ['ignore', 'ignore_ament_install']
[1.208s] Level 1:colcon.colcon_core.package_identification:_identify(rm_control) by extension 'ignore'
[1.208s] Level 1:colcon.colcon_core.package_identification:_identify(rm_control) by extension 'ignore_ament_install'
[1.208s] Level 1:colcon.colcon_core.package_identification:_identify(rm_control) by extensions ['colcon_pkg']
[1.208s] Level 1:colcon.colcon_core.package_identification:_identify(rm_control) by extension 'colcon_pkg'
[1.208s] Level 1:colcon.colcon_core.package_identification:_identify(rm_control) by extensions ['colcon_meta']
[1.208s] Level 1:colcon.colcon_core.package_identification:_identify(rm_control) by extension 'colcon_meta'
[1.208s] Level 1:colcon.colcon_core.package_identification:_identify(rm_control) by extensions ['ros']
[1.208s] Level 1:colcon.colcon_core.package_identification:_identify(rm_control) by extension 'ros'
[1.208s] DEBUG:colcon.colcon_core.package_identification:Package 'rm_control' with type 'ros.ament_python' and name 'rm_control'
[1.208s] Level 1:colcon.colcon_core.package_identification:_identify(ros2_interfaces) by extensions ['ignore', 'ignore_ament_install']
[1.208s] Level 1:colcon.colcon_core.package_identification:_identify(ros2_interfaces) by extension 'ignore'
[1.208s] Level 1:colcon.colcon_core.package_identification:_identify(ros2_interfaces) by extension 'ignore_ament_install'
[1.208s] Level 1:colcon.colcon_core.package_identification:_identify(ros2_interfaces) by extensions ['colcon_pkg']
[1.208s] Level 1:colcon.colcon_core.package_identification:_identify(ros2_interfaces) by extension 'colcon_pkg'
[1.208s] Level 1:colcon.colcon_core.package_identification:_identify(ros2_interfaces) by extensions ['colcon_meta']
[1.208s] Level 1:colcon.colcon_core.package_identification:_identify(ros2_interfaces) by extension 'colcon_meta'
[1.209s] Level 1:colcon.colcon_core.package_identification:_identify(ros2_interfaces) by extensions ['ros']
[1.209s] Level 1:colcon.colcon_core.package_identification:_identify(ros2_interfaces) by extension 'ros'
[1.209s] DEBUG:colcon.colcon_core.package_identification:Package 'ros2_interfaces' with type 'ros.ament_cmake' and name 'ros2_interfaces'
[1.209s] Level 1:colcon.colcon_core.package_identification:_identify(test_package) by extensions ['ignore', 'ignore_ament_install']
[1.209s] Level 1:colcon.colcon_core.package_identification:_identify(test_package) by extension 'ignore'
[1.209s] Level 1:colcon.colcon_core.package_identification:_identify(test_package) by extension 'ignore_ament_install'
[1.209s] Level 1:colcon.colcon_core.package_identification:_identify(test_package) by extensions ['colcon_pkg']
[1.209s] Level 1:colcon.colcon_core.package_identification:_identify(test_package) by extension 'colcon_pkg'
[1.209s] Level 1:colcon.colcon_core.package_identification:_identify(test_package) by extensions ['colcon_meta']
[1.209s] Level 1:colcon.colcon_core.package_identification:_identify(test_package) by extension 'colcon_meta'
[1.209s] Level 1:colcon.colcon_core.package_identification:_identify(test_package) by extensions ['ros']
[1.209s] Level 1:colcon.colcon_core.package_identification:_identify(test_package) by extension 'ros'
[1.209s] DEBUG:colcon.colcon_core.package_identification:Package 'test_package' with type 'ros.ament_python' and name 'test_package'
[1.209s] Level 1:colcon.colcon_core.package_identification:_identify(vision_test) by extensions ['ignore', 'ignore_ament_install']
[1.209s] Level 1:colcon.colcon_core.package_identification:_identify(vision_test) by extension 'ignore'
[1.209s] Level 1:colcon.colcon_core.package_identification:_identify(vision_test) by extension 'ignore_ament_install'
[1.209s] Level 1:colcon.colcon_core.package_identification:_identify(vision_test) by extensions ['colcon_pkg']
[1.209s] Level 1:colcon.colcon_core.package_identification:_identify(vision_test) by extension 'colcon_pkg'
[1.209s] Level 1:colcon.colcon_core.package_identification:_identify(vision_test) by extensions ['colcon_meta']
[1.209s] Level 1:colcon.colcon_core.package_identification:_identify(vision_test) by extension 'colcon_meta'
[1.210s] Level 1:colcon.colcon_core.package_identification:_identify(vision_test) by extensions ['ros']
[1.210s] Level 1:colcon.colcon_core.package_identification:_identify(vision_test) by extension 'ros'
[1.210s] DEBUG:colcon.colcon_core.package_identification:Package 'vision_test' with type 'ros.ament_python' and name 'vision_test'
[1.210s] Level 1:colcon.colcon_core.package_discovery:discover_packages(recursive) using defaults
[1.210s] Level 1:colcon.colcon_core.package_discovery:discover_packages(ignore) discover
[1.210s] Level 1:colcon.colcon_core.package_discovery:discover_packages(ignore) using defaults
[1.210s] Level 1:colcon.colcon_core.package_discovery:discover_packages(path) discover
[1.210s] Level 1:colcon.colcon_core.package_discovery:discover_packages(path) using defaults
[1.317s] Level 1:colcon.colcon_core.package_discovery:discover_packages(prefix_path) check parameters
[1.317s] Level 1:colcon.colcon_core.package_discovery:discover_packages(prefix_path) discover
[1.356s] DEBUG:colcon.colcon_installed_package_information.package_discovery:Found 4 installed packages in /home/zhe/code/soccer_b_ws/install
[1.376s] DEBUG:colcon.colcon_installed_package_information.package_discovery:Found 2 installed packages in /home/zhe/code/ffmpeg_msg/install
[1.395s] DEBUG:colcon.colcon_installed_package_information.package_discovery:Found 14 installed packages in /home/zhe/code/gy_ws/install
[1.419s] DEBUG:colcon.colcon_installed_package_information.package_discovery:Found 3 installed packages in /home/zhe/code/rm_ws/install
[1.439s] DEBUG:colcon.colcon_installed_package_information.package_discovery:Found 2 installed packages in /home/zhe/code/ffmpeg/install
[1.459s] DEBUG:colcon.colcon_installed_package_information.package_discovery:Found 312 installed packages in /opt/ros/galactic
[1.459s] Level 1:colcon.colcon_core.package_discovery:discover_packages(prefix_path) using defaults
[1.538s] Level 5:colcon.colcon_core.verb:set package 'ros2_interfaces' build argument 'cmake_args' from command line to 'None'
[1.538s] Level 5:colcon.colcon_core.verb:set package 'ros2_interfaces' build argument 'cmake_target' from command line to 'None'
[1.538s] Level 5:colcon.colcon_core.verb:set package 'ros2_interfaces' build argument 'cmake_target_skip_unavailable' from command line to 'False'
[1.538s] Level 5:colcon.colcon_core.verb:set package 'ros2_interfaces' build argument 'cmake_clean_cache' from command line to 'False'
[1.538s] Level 5:colcon.colcon_core.verb:set package 'ros2_interfaces' build argument 'cmake_clean_first' from command line to 'False'
[1.538s] Level 5:colcon.colcon_core.verb:set package 'ros2_interfaces' build argument 'cmake_force_configure' from command line to 'False'
[1.538s] Level 5:colcon.colcon_core.verb:set package 'ros2_interfaces' build argument 'ament_cmake_args' from command line to 'None'
[1.538s] Level 5:colcon.colcon_core.verb:set package 'ros2_interfaces' build argument 'catkin_cmake_args' from command line to 'None'
[1.538s] Level 5:colcon.colcon_core.verb:set package 'ros2_interfaces' build argument 'catkin_skip_building_tests' from command line to 'False'
[1.538s] DEBUG:colcon.colcon_core.verb:Building package 'ros2_interfaces' with the following arguments: {'ament_cmake_args': None, 'build_base': '/home/zhe/code/soccer_b_ws/src/build/ros2_interfaces', 'catkin_cmake_args': None, 'catkin_skip_building_tests': False, 'cmake_args': None, 'cmake_clean_cache': False, 'cmake_clean_first': False, 'cmake_force_configure': False, 'cmake_target': None, 'cmake_target_skip_unavailable': False, 'install_base': '/home/zhe/code/soccer_b_ws/src/install/ros2_interfaces', 'merge_install': False, 'path': '/home/zhe/code/soccer_b_ws/src/ros2_interfaces', 'symlink_install': True, 'test_result_base': None}
[1.557s] Level 5:colcon.colcon_core.verb:set package 'vision_test' build argument 'cmake_args' from command line to 'None'
[1.557s] Level 5:colcon.colcon_core.verb:set package 'vision_test' build argument 'cmake_target' from command line to 'None'
[1.557s] Level 5:colcon.colcon_core.verb:set package 'vision_test' build argument 'cmake_target_skip_unavailable' from command line to 'False'
[1.557s] Level 5:colcon.colcon_core.verb:set package 'vision_test' build argument 'cmake_clean_cache' from command line to 'False'
[1.557s] Level 5:colcon.colcon_core.verb:set package 'vision_test' build argument 'cmake_clean_first' from command line to 'False'
[1.557s] Level 5:colcon.colcon_core.verb:set package 'vision_test' build argument 'cmake_force_configure' from command line to 'False'
[1.557s] Level 5:colcon.colcon_core.verb:set package 'vision_test' build argument 'ament_cmake_args' from command line to 'None'
[1.557s] Level 5:colcon.colcon_core.verb:set package 'vision_test' build argument 'catkin_cmake_args' from command line to 'None'
[1.557s] Level 5:colcon.colcon_core.verb:set package 'vision_test' build argument 'catkin_skip_building_tests' from command line to 'False'
[1.557s] DEBUG:colcon.colcon_core.verb:Building package 'vision_test' with the following arguments: {'ament_cmake_args': None, 'build_base': '/home/zhe/code/soccer_b_ws/src/build/vision_test', 'catkin_cmake_args': None, 'catkin_skip_building_tests': False, 'cmake_args': None, 'cmake_clean_cache': False, 'cmake_clean_first': False, 'cmake_force_configure': False, 'cmake_target': None, 'cmake_target_skip_unavailable': False, 'install_base': '/home/zhe/code/soccer_b_ws/src/install/vision_test', 'merge_install': False, 'path': '/home/zhe/code/soccer_b_ws/src/vision_test', 'symlink_install': True, 'test_result_base': None}
[1.576s] Level 5:colcon.colcon_core.verb:set package 'motion_capture' build argument 'cmake_args' from command line to 'None'
[1.577s] Level 5:colcon.colcon_core.verb:set package 'motion_capture' build argument 'cmake_target' from command line to 'None'
[1.577s] Level 5:colcon.colcon_core.verb:set package 'motion_capture' build argument 'cmake_target_skip_unavailable' from command line to 'False'
[1.577s] Level 5:colcon.colcon_core.verb:set package 'motion_capture' build argument 'cmake_clean_cache' from command line to 'False'
[1.577s] Level 5:colcon.colcon_core.verb:set package 'motion_capture' build argument 'cmake_clean_first' from command line to 'False'
[1.577s] Level 5:colcon.colcon_core.verb:set package 'motion_capture' build argument 'cmake_force_configure' from command line to 'False'
[1.577s] Level 5:colcon.colcon_core.verb:set package 'motion_capture' build argument 'ament_cmake_args' from command line to 'None'
[1.577s] Level 5:colcon.colcon_core.verb:set package 'motion_capture' build argument 'catkin_cmake_args' from command line to 'None'
[1.577s] Level 5:colcon.colcon_core.verb:set package 'motion_capture' build argument 'catkin_skip_building_tests' from command line to 'False'
[1.577s] DEBUG:colcon.colcon_core.verb:Building package 'motion_capture' with the following arguments: {'ament_cmake_args': None, 'build_base': '/home/zhe/code/soccer_b_ws/src/build/motion_capture', 'catkin_cmake_args': None, 'catkin_skip_building_tests': False, 'cmake_args': None, 'cmake_clean_cache': False, 'cmake_clean_first': False, 'cmake_force_configure': False, 'cmake_target': None, 'cmake_target_skip_unavailable': False, 'install_base': '/home/zhe/code/soccer_b_ws/src/install/motion_capture', 'merge_install': False, 'path': '/home/zhe/code/soccer_b_ws/src/motion_capture', 'symlink_install': True, 'test_result_base': None}
[1.596s] Level 5:colcon.colcon_core.verb:set package 'rm_control' build argument 'cmake_args' from command line to 'None'
[1.596s] Level 5:colcon.colcon_core.verb:set package 'rm_control' build argument 'cmake_target' from command line to 'None'
[1.596s] Level 5:colcon.colcon_core.verb:set package 'rm_control' build argument 'cmake_target_skip_unavailable' from command line to 'False'
[1.596s] Level 5:colcon.colcon_core.verb:set package 'rm_control' build argument 'cmake_clean_cache' from command line to 'False'
[1.596s] Level 5:colcon.colcon_core.verb:set package 'rm_control' build argument 'cmake_clean_first' from command line to 'False'
[1.596s] Level 5:colcon.colcon_core.verb:set package 'rm_control' build argument 'cmake_force_configure' from command line to 'False'
[1.596s] Level 5:colcon.colcon_core.verb:set package 'rm_control' build argument 'ament_cmake_args' from command line to 'None'
[1.596s] Level 5:colcon.colcon_core.verb:set package 'rm_control' build argument 'catkin_cmake_args' from command line to 'None'
[1.596s] Level 5:colcon.colcon_core.verb:set package 'rm_control' build argument 'catkin_skip_building_tests' from command line to 'False'
[1.596s] DEBUG:colcon.colcon_core.verb:Building package 'rm_control' with the following arguments: {'ament_cmake_args': None, 'build_base': '/home/zhe/code/soccer_b_ws/src/build/rm_control', 'catkin_cmake_args': None, 'catkin_skip_building_tests': False, 'cmake_args': None, 'cmake_clean_cache': False, 'cmake_clean_first': False, 'cmake_force_configure': False, 'cmake_target': None, 'cmake_target_skip_unavailable': False, 'install_base': '/home/zhe/code/soccer_b_ws/src/install/rm_control', 'merge_install': False, 'path': '/home/zhe/code/soccer_b_ws/src/rm_control', 'symlink_install': True, 'test_result_base': None}
[1.616s] Level 5:colcon.colcon_core.verb:set package 'test_package' build argument 'cmake_args' from command line to 'None'
[1.616s] Level 5:colcon.colcon_core.verb:set package 'test_package' build argument 'cmake_target' from command line to 'None'
[1.616s] Level 5:colcon.colcon_core.verb:set package 'test_package' build argument 'cmake_target_skip_unavailable' from command line to 'False'
[1.616s] Level 5:colcon.colcon_core.verb:set package 'test_package' build argument 'cmake_clean_cache' from command line to 'False'
[1.616s] Level 5:colcon.colcon_core.verb:set package 'test_package' build argument 'cmake_clean_first' from command line to 'False'
[1.616s] Level 5:colcon.colcon_core.verb:set package 'test_package' build argument 'cmake_force_configure' from command line to 'False'
[1.616s] Level 5:colcon.colcon_core.verb:set package 'test_package' build argument 'ament_cmake_args' from command line to 'None'
[1.616s] Level 5:colcon.colcon_core.verb:set package 'test_package' build argument 'catkin_cmake_args' from command line to 'None'
[1.616s] Level 5:colcon.colcon_core.verb:set package 'test_package' build argument 'catkin_skip_building_tests' from command line to 'False'
[1.616s] DEBUG:colcon.colcon_core.verb:Building package 'test_package' with the following arguments: {'ament_cmake_args': None, 'build_base': '/home/zhe/code/soccer_b_ws/src/build/test_package', 'catkin_cmake_args': None, 'catkin_skip_building_tests': False, 'cmake_args': None, 'cmake_clean_cache': False, 'cmake_clean_first': False, 'cmake_force_configure': False, 'cmake_target': None, 'cmake_target_skip_unavailable': False, 'install_base': '/home/zhe/code/soccer_b_ws/src/install/test_package', 'merge_install': False, 'path': '/home/zhe/code/soccer_b_ws/src/test_package', 'symlink_install': True, 'test_result_base': None}
[1.640s] INFO:colcon.colcon_core.executor:Executing jobs using 'parallel' executor
[1.659s] DEBUG:colcon.colcon_parallel_executor.executor.parallel:run_until_complete
[1.660s] INFO:colcon.colcon_ros.task.ament_cmake.build:Building ROS package in '/home/zhe/code/soccer_b_ws/src/ros2_interfaces' with build type 'ament_cmake'
[1.660s] INFO:colcon.colcon_cmake.task.cmake.build:Building CMake package in '/home/zhe/code/soccer_b_ws/src/ros2_interfaces'
[1.680s] INFO:colcon.colcon_core.plugin_system:Skipping extension 'colcon_core.shell.bat': Not used on non-Windows systems
[1.681s] INFO:colcon.colcon_core.shell:Skip shell extension 'powershell' for command environment: Not usable outside of PowerShell
[1.681s] DEBUG:colcon.colcon_core.shell:Skip shell extension 'dsv' for command environment
[1.828s] INFO:colcon.colcon_ros.task.ament_python.build:Building ROS package in '/home/zhe/code/soccer_b_ws/src/vision_test' with build type 'ament_python'
[1.829s] Level 1:colcon.colcon_core.shell:create_environment_hook('vision_test', 'ament_prefix_path')
[1.849s] INFO:colcon.colcon_core.shell:Creating environment hook '/home/zhe/code/soccer_b_ws/src/install/vision_test/share/vision_test/hook/ament_prefix_path.ps1'
[1.849s] INFO:colcon.colcon_core.shell:Creating environment descriptor '/home/zhe/code/soccer_b_ws/src/install/vision_test/share/vision_test/hook/ament_prefix_path.dsv'
[1.850s] INFO:colcon.colcon_core.shell:Creating environment hook '/home/zhe/code/soccer_b_ws/src/install/vision_test/share/vision_test/hook/ament_prefix_path.sh'
[1.870s] INFO:colcon.colcon_core.shell:Skip shell extension 'powershell' for command environment: Not usable outside of PowerShell
[1.870s] DEBUG:colcon.colcon_core.shell:Skip shell extension 'dsv' for command environment
[2.016s] DEBUG:colcon.colcon_core.event_handler.log_command:Invoking command in '/home/zhe/code/soccer_b_ws/src/build/ros2_interfaces': CMAKE_PREFIX_PATH=${CMAKE_PREFIX_PATH}:/home/zhe/code/soccer_b_ws/install/vision_test:/home/zhe/code/soccer_b_ws/install/test_package:/home/zhe/code/rm_ws/install/robomaster_ros:/home/zhe/code/gy_ws/install/learning_urdf:/home/zhe/code/gy_ws/install/learning_topic:/home/zhe/code/gy_ws/install/learning_tf:/home/zhe/code/gy_ws/install/learning_service:/home/zhe/code/gy_ws/install/learning_qos:/home/zhe/code/gy_ws/install/learning_pkg_python:/home/zhe/code/gy_ws/install/learning_parameter:/home/zhe/code/gy_ws/install/learning_node:/home/zhe/code/gy_ws/install/learning_launch:/home/zhe/code/gy_ws/install/learning_action:/home/zhe/code/gy_ws/install/learning_gazebo:/home/zhe/code/gy_ws/install/learning_cv:/opt/ros/galactic /usr/bin/cmake /home/zhe/code/soccer_b_ws/src/ros2_interfaces -DAMENT_CMAKE_SYMLINK_INSTALL=1 -DCMAKE_INSTALL_PREFIX=/home/zhe/code/soccer_b_ws/src/install/ros2_interfaces
[2.148s] INFO:colcon.colcon_core.task.python.build:Building Python package in '/home/zhe/code/soccer_b_ws/src/vision_test'
[2.170s] INFO:colcon.colcon_core.shell:Skip shell extension 'powershell' for command environment: Not usable outside of PowerShell
[2.170s] DEBUG:colcon.colcon_core.shell:Skip shell extension 'dsv' for command environment
[2.542s] DEBUG:colcon.colcon_core.event_handler.log_command:Invoking command in '/home/zhe/code/soccer_b_ws/src/build/vision_test': PYTHONPATH=/home/zhe/code/soccer_b_ws/src/build/vision_test/prefix_override:/home/zhe/code/soccer_b_ws/src/install/vision_test/lib/python3.8/site-packages:${PYTHONPATH} /usr/bin/python3 setup.py develop --editable --build-directory /home/zhe/code/soccer_b_ws/src/build/vision_test/build --no-deps install_data
[2.787s] DEBUG:colcon.colcon_core.event_handler.log_command:Invoked command in '/home/zhe/code/soccer_b_ws/src/build/ros2_interfaces' returned '0': CMAKE_PREFIX_PATH=${CMAKE_PREFIX_PATH}:/home/zhe/code/soccer_b_ws/install/vision_test:/home/zhe/code/soccer_b_ws/install/test_package:/home/zhe/code/rm_ws/install/robomaster_ros:/home/zhe/code/gy_ws/install/learning_urdf:/home/zhe/code/gy_ws/install/learning_topic:/home/zhe/code/gy_ws/install/learning_tf:/home/zhe/code/gy_ws/install/learning_service:/home/zhe/code/gy_ws/install/learning_qos:/home/zhe/code/gy_ws/install/learning_pkg_python:/home/zhe/code/gy_ws/install/learning_parameter:/home/zhe/code/gy_ws/install/learning_node:/home/zhe/code/gy_ws/install/learning_launch:/home/zhe/code/gy_ws/install/learning_action:/home/zhe/code/gy_ws/install/learning_gazebo:/home/zhe/code/gy_ws/install/learning_cv:/opt/ros/galactic /usr/bin/cmake /home/zhe/code/soccer_b_ws/src/ros2_interfaces -DAMENT_CMAKE_SYMLINK_INSTALL=1 -DCMAKE_INSTALL_PREFIX=/home/zhe/code/soccer_b_ws/src/install/ros2_interfaces
[2.789s] DEBUG:colcon.colcon_core.event_handler.log_command:Invoking command in '/home/zhe/code/soccer_b_ws/src/build/ros2_interfaces': CMAKE_PREFIX_PATH=${CMAKE_PREFIX_PATH}:/home/zhe/code/soccer_b_ws/install/vision_test:/home/zhe/code/soccer_b_ws/install/test_package:/home/zhe/code/rm_ws/install/robomaster_ros:/home/zhe/code/gy_ws/install/learning_urdf:/home/zhe/code/gy_ws/install/learning_topic:/home/zhe/code/gy_ws/install/learning_tf:/home/zhe/code/gy_ws/install/learning_service:/home/zhe/code/gy_ws/install/learning_qos:/home/zhe/code/gy_ws/install/learning_pkg_python:/home/zhe/code/gy_ws/install/learning_parameter:/home/zhe/code/gy_ws/install/learning_node:/home/zhe/code/gy_ws/install/learning_launch:/home/zhe/code/gy_ws/install/learning_action:/home/zhe/code/gy_ws/install/learning_gazebo:/home/zhe/code/gy_ws/install/learning_cv:/opt/ros/galactic /usr/bin/cmake --build /home/zhe/code/soccer_b_ws/src/build/ros2_interfaces -- -j12 -l12
[2.815s] Level 1:colcon.colcon_core.shell:create_environment_hook('vision_test', 'pythonpath_develop')
[2.816s] DEBUG:colcon.colcon_core.event_handler.log_command:Invoked command in '/home/zhe/code/soccer_b_ws/src/build/vision_test' returned '0': PYTHONPATH=/home/zhe/code/soccer_b_ws/src/build/vision_test/prefix_override:/home/zhe/code/soccer_b_ws/src/install/vision_test/lib/python3.8/site-packages:${PYTHONPATH} /usr/bin/python3 setup.py develop --editable --build-directory /home/zhe/code/soccer_b_ws/src/build/vision_test/build --no-deps install_data
[2.841s] INFO:colcon.colcon_core.shell:Creating environment hook '/home/zhe/code/soccer_b_ws/src/build/vision_test/share/vision_test/hook/pythonpath_develop.ps1'
[2.841s] INFO:colcon.colcon_core.shell:Creating environment descriptor '/home/zhe/code/soccer_b_ws/src/build/vision_test/share/vision_test/hook/pythonpath_develop.dsv'
[2.842s] INFO:colcon.colcon_core.shell:Creating environment hook '/home/zhe/code/soccer_b_ws/src/build/vision_test/share/vision_test/hook/pythonpath_develop.sh'
[2.866s] Level 1:colcon.colcon_core.environment:checking '/home/zhe/code/soccer_b_ws/src/install/vision_test' for CMake module files
[2.866s] Level 1:colcon.colcon_core.environment:checking '/home/zhe/code/soccer_b_ws/src/install/vision_test' for CMake config files
[2.866s] Level 1:colcon.colcon_core.environment:checking '/home/zhe/code/soccer_b_ws/src/install/vision_test/lib'
[2.867s] Level 1:colcon.colcon_core.environment:checking '/home/zhe/code/soccer_b_ws/src/install/vision_test/bin'
[2.867s] Level 1:colcon.colcon_core.environment:checking '/home/zhe/code/soccer_b_ws/src/install/vision_test/lib/pkgconfig/vision_test.pc'
[2.867s] Level 1:colcon.colcon_core.environment:checking '/home/zhe/code/soccer_b_ws/src/install/vision_test/lib/python3.8/site-packages'
[2.867s] Level 1:colcon.colcon_core.shell:create_environment_hook('vision_test', 'pythonpath')
[2.890s] INFO:colcon.colcon_core.shell:Creating environment hook '/home/zhe/code/soccer_b_ws/src/install/vision_test/share/vision_test/hook/pythonpath.ps1'
[2.890s] INFO:colcon.colcon_core.shell:Creating environment descriptor '/home/zhe/code/soccer_b_ws/src/install/vision_test/share/vision_test/hook/pythonpath.dsv'
[2.890s] INFO:colcon.colcon_core.shell:Creating environment hook '/home/zhe/code/soccer_b_ws/src/install/vision_test/share/vision_test/hook/pythonpath.sh'
[2.891s] Level 1:colcon.colcon_core.environment:checking '/home/zhe/code/soccer_b_ws/src/install/vision_test/bin'
[2.891s] Level 1:colcon.colcon_core.environment:create_environment_scripts_only(vision_test)
[2.914s] INFO:colcon.colcon_core.shell:Creating package script '/home/zhe/code/soccer_b_ws/src/install/vision_test/share/vision_test/package.ps1'
[2.914s] INFO:colcon.colcon_core.shell:Creating package descriptor '/home/zhe/code/soccer_b_ws/src/install/vision_test/share/vision_test/package.dsv'
[2.914s] INFO:colcon.colcon_core.shell:Creating package script '/home/zhe/code/soccer_b_ws/src/install/vision_test/share/vision_test/package.sh'
[2.915s] INFO:colcon.colcon_core.shell:Creating package script '/home/zhe/code/soccer_b_ws/src/install/vision_test/share/vision_test/package.bash'
[2.915s] INFO:colcon.colcon_core.shell:Creating package script '/home/zhe/code/soccer_b_ws/src/install/vision_test/share/vision_test/package.zsh'
[2.915s] Level 1:colcon.colcon_core.environment:create_file_with_runtime_dependencies(/home/zhe/code/soccer_b_ws/src/install/vision_test/share/colcon-core/packages/vision_test)
[4.354s] DEBUG:colcon.colcon_core.event_handler.log_command:Invoked command in '/home/zhe/code/soccer_b_ws/src/build/ros2_interfaces' returned '0': CMAKE_PREFIX_PATH=${CMAKE_PREFIX_PATH}:/home/zhe/code/soccer_b_ws/install/vision_test:/home/zhe/code/soccer_b_ws/install/test_package:/home/zhe/code/rm_ws/install/robomaster_ros:/home/zhe/code/gy_ws/install/learning_urdf:/home/zhe/code/gy_ws/install/learning_topic:/home/zhe/code/gy_ws/install/learning_tf:/home/zhe/code/gy_ws/install/learning_service:/home/zhe/code/gy_ws/install/learning_qos:/home/zhe/code/gy_ws/install/learning_pkg_python:/home/zhe/code/gy_ws/install/learning_parameter:/home/zhe/code/gy_ws/install/learning_node:/home/zhe/code/gy_ws/install/learning_launch:/home/zhe/code/gy_ws/install/learning_action:/home/zhe/code/gy_ws/install/learning_gazebo:/home/zhe/code/gy_ws/install/learning_cv:/opt/ros/galactic /usr/bin/cmake --build /home/zhe/code/soccer_b_ws/src/build/ros2_interfaces -- -j12 -l12
[4.392s] DEBUG:colcon.colcon_core.event_handler.log_command:Invoking command in '/home/zhe/code/soccer_b_ws/src/build/ros2_interfaces': CMAKE_PREFIX_PATH=${CMAKE_PREFIX_PATH}:/home/zhe/code/soccer_b_ws/install/vision_test:/home/zhe/code/soccer_b_ws/install/test_package:/home/zhe/code/rm_ws/install/robomaster_ros:/home/zhe/code/gy_ws/install/learning_urdf:/home/zhe/code/gy_ws/install/learning_topic:/home/zhe/code/gy_ws/install/learning_tf:/home/zhe/code/gy_ws/install/learning_service:/home/zhe/code/gy_ws/install/learning_qos:/home/zhe/code/gy_ws/install/learning_pkg_python:/home/zhe/code/gy_ws/install/learning_parameter:/home/zhe/code/gy_ws/install/learning_node:/home/zhe/code/gy_ws/install/learning_launch:/home/zhe/code/gy_ws/install/learning_action:/home/zhe/code/gy_ws/install/learning_gazebo:/home/zhe/code/gy_ws/install/learning_cv:/opt/ros/galactic /usr/bin/cmake --install /home/zhe/code/soccer_b_ws/src/build/ros2_interfaces
[4.750s] Level 1:colcon.colcon_core.environment:create_environment_scripts_only(ros2_interfaces)
[4.750s] DEBUG:colcon.colcon_core.event_handler.log_command:Invoked command in '/home/zhe/code/soccer_b_ws/src/build/ros2_interfaces' returned '0': CMAKE_PREFIX_PATH=${CMAKE_PREFIX_PATH}:/home/zhe/code/soccer_b_ws/install/vision_test:/home/zhe/code/soccer_b_ws/install/test_package:/home/zhe/code/rm_ws/install/robomaster_ros:/home/zhe/code/gy_ws/install/learning_urdf:/home/zhe/code/gy_ws/install/learning_topic:/home/zhe/code/gy_ws/install/learning_tf:/home/zhe/code/gy_ws/install/learning_service:/home/zhe/code/gy_ws/install/learning_qos:/home/zhe/code/gy_ws/install/learning_pkg_python:/home/zhe/code/gy_ws/install/learning_parameter:/home/zhe/code/gy_ws/install/learning_node:/home/zhe/code/gy_ws/install/learning_launch:/home/zhe/code/gy_ws/install/learning_action:/home/zhe/code/gy_ws/install/learning_gazebo:/home/zhe/code/gy_ws/install/learning_cv:/opt/ros/galactic /usr/bin/cmake --install /home/zhe/code/soccer_b_ws/src/build/ros2_interfaces
[4.772s] Level 1:colcon.colcon_core.environment:checking '/home/zhe/code/soccer_b_ws/src/install/ros2_interfaces' for CMake module files
[4.772s] Level 1:colcon.colcon_core.environment:checking '/home/zhe/code/soccer_b_ws/src/install/ros2_interfaces' for CMake config files
[4.772s] Level 1:colcon.colcon_core.shell:create_environment_hook('ros2_interfaces', 'cmake_prefix_path')
[4.792s] INFO:colcon.colcon_core.shell:Creating environment hook '/home/zhe/code/soccer_b_ws/src/install/ros2_interfaces/share/ros2_interfaces/hook/cmake_prefix_path.ps1'
[4.792s] INFO:colcon.colcon_core.shell:Creating environment descriptor '/home/zhe/code/soccer_b_ws/src/install/ros2_interfaces/share/ros2_interfaces/hook/cmake_prefix_path.dsv'
[4.793s] INFO:colcon.colcon_core.shell:Creating environment hook '/home/zhe/code/soccer_b_ws/src/install/ros2_interfaces/share/ros2_interfaces/hook/cmake_prefix_path.sh'
[4.793s] Level 1:colcon.colcon_core.environment:checking '/home/zhe/code/soccer_b_ws/src/install/ros2_interfaces/lib'
[4.793s] Level 1:colcon.colcon_core.shell:create_environment_hook('ros2_interfaces', 'ld_library_path_lib')
[4.813s] INFO:colcon.colcon_core.shell:Creating environment hook '/home/zhe/code/soccer_b_ws/src/install/ros2_interfaces/share/ros2_interfaces/hook/ld_library_path_lib.ps1'
[4.813s] INFO:colcon.colcon_core.shell:Creating environment descriptor '/home/zhe/code/soccer_b_ws/src/install/ros2_interfaces/share/ros2_interfaces/hook/ld_library_path_lib.dsv'
[4.813s] INFO:colcon.colcon_core.shell:Creating environment hook '/home/zhe/code/soccer_b_ws/src/install/ros2_interfaces/share/ros2_interfaces/hook/ld_library_path_lib.sh'
[4.813s] Level 1:colcon.colcon_core.environment:checking '/home/zhe/code/soccer_b_ws/src/install/ros2_interfaces/bin'
[4.813s] Level 1:colcon.colcon_core.environment:checking '/home/zhe/code/soccer_b_ws/src/install/ros2_interfaces/lib/pkgconfig/ros2_interfaces.pc'
[4.814s] Level 1:colcon.colcon_core.environment:checking '/home/zhe/code/soccer_b_ws/src/install/ros2_interfaces/lib/python3.8/site-packages'
[4.814s] Level 1:colcon.colcon_core.shell:create_environment_hook('ros2_interfaces', 'pythonpath')
[4.833s] INFO:colcon.colcon_core.shell:Creating environment hook '/home/zhe/code/soccer_b_ws/src/install/ros2_interfaces/share/ros2_interfaces/hook/pythonpath.ps1'
[4.834s] INFO:colcon.colcon_core.shell:Creating environment descriptor '/home/zhe/code/soccer_b_ws/src/install/ros2_interfaces/share/ros2_interfaces/hook/pythonpath.dsv'
[4.834s] INFO:colcon.colcon_core.shell:Creating environment hook '/home/zhe/code/soccer_b_ws/src/install/ros2_interfaces/share/ros2_interfaces/hook/pythonpath.sh'
[4.834s] Level 1:colcon.colcon_core.environment:checking '/home/zhe/code/soccer_b_ws/src/install/ros2_interfaces/bin'
[4.854s] INFO:colcon.colcon_core.shell:Creating package script '/home/zhe/code/soccer_b_ws/src/install/ros2_interfaces/share/ros2_interfaces/package.ps1'
[4.854s] INFO:colcon.colcon_core.shell:Creating package descriptor '/home/zhe/code/soccer_b_ws/src/install/ros2_interfaces/share/ros2_interfaces/package.dsv'
[4.854s] INFO:colcon.colcon_core.shell:Creating package script '/home/zhe/code/soccer_b_ws/src/install/ros2_interfaces/share/ros2_interfaces/package.sh'
[4.855s] INFO:colcon.colcon_core.shell:Creating package script '/home/zhe/code/soccer_b_ws/src/install/ros2_interfaces/share/ros2_interfaces/package.bash'
[4.855s] INFO:colcon.colcon_core.shell:Creating package script '/home/zhe/code/soccer_b_ws/src/install/ros2_interfaces/share/ros2_interfaces/package.zsh'
[4.855s] Level 1:colcon.colcon_core.environment:create_file_with_runtime_dependencies(/home/zhe/code/soccer_b_ws/src/install/ros2_interfaces/share/colcon-core/packages/ros2_interfaces)
[4.912s] Level 1:colcon.colcon_core.environment:create_environment_scripts_only(ros2_interfaces)
[4.932s] Level 1:colcon.colcon_core.environment:checking '/home/zhe/code/soccer_b_ws/src/install/ros2_interfaces' for CMake module files
[4.932s] Level 1:colcon.colcon_core.environment:checking '/home/zhe/code/soccer_b_ws/src/install/ros2_interfaces' for CMake config files
[4.932s] Level 1:colcon.colcon_core.shell:create_environment_hook('ros2_interfaces', 'cmake_prefix_path')
[4.952s] INFO:colcon.colcon_core.shell:Creating environment hook '/home/zhe/code/soccer_b_ws/src/install/ros2_interfaces/share/ros2_interfaces/hook/cmake_prefix_path.ps1'
[4.952s] INFO:colcon.colcon_core.shell:Creating environment descriptor '/home/zhe/code/soccer_b_ws/src/install/ros2_interfaces/share/ros2_interfaces/hook/cmake_prefix_path.dsv'
[4.952s] INFO:colcon.colcon_core.shell:Creating environment hook '/home/zhe/code/soccer_b_ws/src/install/ros2_interfaces/share/ros2_interfaces/hook/cmake_prefix_path.sh'
[4.953s] Level 1:colcon.colcon_core.environment:checking '/home/zhe/code/soccer_b_ws/src/install/ros2_interfaces/lib'
[4.953s] Level 1:colcon.colcon_core.shell:create_environment_hook('ros2_interfaces', 'ld_library_path_lib')
[4.973s] INFO:colcon.colcon_core.shell:Creating environment hook '/home/zhe/code/soccer_b_ws/src/install/ros2_interfaces/share/ros2_interfaces/hook/ld_library_path_lib.ps1'
[4.973s] INFO:colcon.colcon_core.shell:Creating environment descriptor '/home/zhe/code/soccer_b_ws/src/install/ros2_interfaces/share/ros2_interfaces/hook/ld_library_path_lib.dsv'
[4.973s] INFO:colcon.colcon_core.shell:Creating environment hook '/home/zhe/code/soccer_b_ws/src/install/ros2_interfaces/share/ros2_interfaces/hook/ld_library_path_lib.sh'
[4.973s] Level 1:colcon.colcon_core.environment:checking '/home/zhe/code/soccer_b_ws/src/install/ros2_interfaces/bin'
[4.973s] Level 1:colcon.colcon_core.environment:checking '/home/zhe/code/soccer_b_ws/src/install/ros2_interfaces/lib/pkgconfig/ros2_interfaces.pc'
[4.974s] Level 1:colcon.colcon_core.environment:checking '/home/zhe/code/soccer_b_ws/src/install/ros2_interfaces/lib/python3.8/site-packages'
[4.974s] Level 1:colcon.colcon_core.shell:create_environment_hook('ros2_interfaces', 'pythonpath')
[4.993s] INFO:colcon.colcon_core.shell:Creating environment hook '/home/zhe/code/soccer_b_ws/src/install/ros2_interfaces/share/ros2_interfaces/hook/pythonpath.ps1'
[4.994s] INFO:colcon.colcon_core.shell:Creating environment descriptor '/home/zhe/code/soccer_b_ws/src/install/ros2_interfaces/share/ros2_interfaces/hook/pythonpath.dsv'
[4.994s] INFO:colcon.colcon_core.shell:Creating environment hook '/home/zhe/code/soccer_b_ws/src/install/ros2_interfaces/share/ros2_interfaces/hook/pythonpath.sh'
[4.994s] Level 1:colcon.colcon_core.environment:checking '/home/zhe/code/soccer_b_ws/src/install/ros2_interfaces/bin'
[5.014s] INFO:colcon.colcon_core.shell:Creating package script '/home/zhe/code/soccer_b_ws/src/install/ros2_interfaces/share/ros2_interfaces/package.ps1'
[5.014s] INFO:colcon.colcon_core.shell:Creating package descriptor '/home/zhe/code/soccer_b_ws/src/install/ros2_interfaces/share/ros2_interfaces/package.dsv'
[5.015s] INFO:colcon.colcon_core.shell:Creating package script '/home/zhe/code/soccer_b_ws/src/install/ros2_interfaces/share/ros2_interfaces/package.sh'
[5.015s] INFO:colcon.colcon_core.shell:Creating package script '/home/zhe/code/soccer_b_ws/src/install/ros2_interfaces/share/ros2_interfaces/package.bash'
[5.015s] INFO:colcon.colcon_core.shell:Creating package script '/home/zhe/code/soccer_b_ws/src/install/ros2_interfaces/share/ros2_interfaces/package.zsh'
[5.015s] Level 1:colcon.colcon_core.environment:create_file_with_runtime_dependencies(/home/zhe/code/soccer_b_ws/src/install/ros2_interfaces/share/colcon-core/packages/ros2_interfaces)
[5.015s] INFO:colcon.colcon_ros.task.ament_python.build:Building ROS package in '/home/zhe/code/soccer_b_ws/src/motion_capture' with build type 'ament_python'
[5.016s] Level 1:colcon.colcon_core.shell:create_environment_hook('motion_capture', 'ament_prefix_path')
[5.036s] INFO:colcon.colcon_core.shell:Creating environment hook '/home/zhe/code/soccer_b_ws/src/install/motion_capture/share/motion_capture/hook/ament_prefix_path.ps1'
[5.036s] INFO:colcon.colcon_core.shell:Creating environment descriptor '/home/zhe/code/soccer_b_ws/src/install/motion_capture/share/motion_capture/hook/ament_prefix_path.dsv'
[5.036s] INFO:colcon.colcon_core.shell:Creating environment hook '/home/zhe/code/soccer_b_ws/src/install/motion_capture/share/motion_capture/hook/ament_prefix_path.sh'
[5.056s] INFO:colcon.colcon_core.shell:Skip shell extension 'powershell' for command environment: Not usable outside of PowerShell
[5.056s] DEBUG:colcon.colcon_core.shell:Skip shell extension 'dsv' for command environment
[5.204s] INFO:colcon.colcon_ros.task.ament_python.build:Building ROS package in '/home/zhe/code/soccer_b_ws/src/rm_control' with build type 'ament_python'
[5.204s] Level 1:colcon.colcon_core.shell:create_environment_hook('rm_control', 'ament_prefix_path')
[5.224s] INFO:colcon.colcon_core.shell:Creating environment hook '/home/zhe/code/soccer_b_ws/src/install/rm_control/share/rm_control/hook/ament_prefix_path.ps1'
[5.226s] INFO:colcon.colcon_core.shell:Creating environment descriptor '/home/zhe/code/soccer_b_ws/src/install/rm_control/share/rm_control/hook/ament_prefix_path.dsv'
[5.226s] INFO:colcon.colcon_core.shell:Creating environment hook '/home/zhe/code/soccer_b_ws/src/install/rm_control/share/rm_control/hook/ament_prefix_path.sh'
[5.246s] INFO:colcon.colcon_core.shell:Skip shell extension 'powershell' for command environment: Not usable outside of PowerShell
[5.246s] DEBUG:colcon.colcon_core.shell:Skip shell extension 'dsv' for command environment
[5.392s] INFO:colcon.colcon_ros.task.ament_python.build:Building ROS package in '/home/zhe/code/soccer_b_ws/src/test_package' with build type 'ament_python'
[5.392s] Level 1:colcon.colcon_core.shell:create_environment_hook('test_package', 'ament_prefix_path')
[5.414s] INFO:colcon.colcon_core.shell:Creating environment hook '/home/zhe/code/soccer_b_ws/src/install/test_package/share/test_package/hook/ament_prefix_path.ps1'
[5.414s] INFO:colcon.colcon_core.shell:Creating environment descriptor '/home/zhe/code/soccer_b_ws/src/install/test_package/share/test_package/hook/ament_prefix_path.dsv'
[5.415s] INFO:colcon.colcon_core.shell:Creating environment hook '/home/zhe/code/soccer_b_ws/src/install/test_package/share/test_package/hook/ament_prefix_path.sh'
[5.436s] INFO:colcon.colcon_core.shell:Skip shell extension 'powershell' for command environment: Not usable outside of PowerShell
[5.436s] DEBUG:colcon.colcon_core.shell:Skip shell extension 'dsv' for command environment
[5.708s] INFO:colcon.colcon_core.task.python.build:Building Python package in '/home/zhe/code/soccer_b_ws/src/motion_capture'
[5.728s] INFO:colcon.colcon_core.shell:Skip shell extension 'powershell' for command environment: Not usable outside of PowerShell
[5.728s] DEBUG:colcon.colcon_core.shell:Skip shell extension 'dsv' for command environment
[6.013s] INFO:colcon.colcon_core.task.python.build:Building Python package in '/home/zhe/code/soccer_b_ws/src/rm_control'
[6.035s] INFO:colcon.colcon_core.shell:Skip shell extension 'powershell' for command environment: Not usable outside of PowerShell
[6.035s] DEBUG:colcon.colcon_core.shell:Skip shell extension 'dsv' for command environment
[6.311s] INFO:colcon.colcon_core.task.python.build:Building Python package in '/home/zhe/code/soccer_b_ws/src/test_package'
[6.331s] INFO:colcon.colcon_core.shell:Skip shell extension 'powershell' for command environment: Not usable outside of PowerShell
[6.332s] DEBUG:colcon.colcon_core.shell:Skip shell extension 'dsv' for command environment
[6.707s] DEBUG:colcon.colcon_core.event_handler.log_command:Invoking command in '/home/zhe/code/soccer_b_ws/src/build/motion_capture': AMENT_PREFIX_PATH=/home/zhe/code/soccer_b_ws/src/install/ros2_interfaces:${AMENT_PREFIX_PATH} CMAKE_PREFIX_PATH=/home/zhe/code/soccer_b_ws/src/install/ros2_interfaces:${CMAKE_PREFIX_PATH} LD_LIBRARY_PATH=/home/zhe/code/soccer_b_ws/src/install/ros2_interfaces/lib:${LD_LIBRARY_PATH} PYTHONPATH=/home/zhe/code/soccer_b_ws/src/build/motion_capture/prefix_override:/home/zhe/code/soccer_b_ws/src/install/motion_capture/lib/python3.8/site-packages:/home/zhe/code/soccer_b_ws/src/install/ros2_interfaces/lib/python3.8/site-packages:${PYTHONPATH} /usr/bin/python3 setup.py develop --editable --build-directory /home/zhe/code/soccer_b_ws/src/build/motion_capture/build --no-deps install_data
[6.709s] DEBUG:colcon.colcon_core.event_handler.log_command:Invoking command in '/home/zhe/code/soccer_b_ws/src/build/test_package': AMENT_PREFIX_PATH=/home/zhe/code/soccer_b_ws/src/install/ros2_interfaces:${AMENT_PREFIX_PATH} CMAKE_PREFIX_PATH=/home/zhe/code/soccer_b_ws/src/install/ros2_interfaces:${CMAKE_PREFIX_PATH} LD_LIBRARY_PATH=/home/zhe/code/soccer_b_ws/src/install/ros2_interfaces/lib:${LD_LIBRARY_PATH} PYTHONPATH=/home/zhe/code/soccer_b_ws/src/build/test_package/prefix_override:/home/zhe/code/soccer_b_ws/src/install/test_package/lib/python3.8/site-packages:/home/zhe/code/soccer_b_ws/src/install/ros2_interfaces/lib/python3.8/site-packages:${PYTHONPATH} /usr/bin/python3 setup.py develop --editable --build-directory /home/zhe/code/soccer_b_ws/src/build/test_package/build --no-deps install_data
[6.711s] DEBUG:colcon.colcon_core.event_handler.log_command:Invoking command in '/home/zhe/code/soccer_b_ws/src/build/rm_control': AMENT_PREFIX_PATH=/home/zhe/code/soccer_b_ws/src/install/ros2_interfaces:${AMENT_PREFIX_PATH} CMAKE_PREFIX_PATH=/home/zhe/code/soccer_b_ws/src/install/ros2_interfaces:${CMAKE_PREFIX_PATH} LD_LIBRARY_PATH=/home/zhe/code/soccer_b_ws/src/install/ros2_interfaces/lib:${LD_LIBRARY_PATH} PYTHONPATH=/home/zhe/code/soccer_b_ws/src/build/rm_control/prefix_override:/home/zhe/code/soccer_b_ws/src/install/rm_control/lib/python3.8/site-packages:/home/zhe/code/soccer_b_ws/src/install/ros2_interfaces/lib/python3.8/site-packages:${PYTHONPATH} /usr/bin/python3 setup.py develop --editable --build-directory /home/zhe/code/soccer_b_ws/src/build/rm_control/build --no-deps install_data
[6.982s] Level 1:colcon.colcon_core.shell:create_environment_hook('test_package', 'pythonpath_develop')
[6.982s] DEBUG:colcon.colcon_core.event_handler.log_command:Invoked command in '/home/zhe/code/soccer_b_ws/src/build/test_package' returned '0': AMENT_PREFIX_PATH=/home/zhe/code/soccer_b_ws/src/install/ros2_interfaces:${AMENT_PREFIX_PATH} CMAKE_PREFIX_PATH=/home/zhe/code/soccer_b_ws/src/install/ros2_interfaces:${CMAKE_PREFIX_PATH} LD_LIBRARY_PATH=/home/zhe/code/soccer_b_ws/src/install/ros2_interfaces/lib:${LD_LIBRARY_PATH} PYTHONPATH=/home/zhe/code/soccer_b_ws/src/build/test_package/prefix_override:/home/zhe/code/soccer_b_ws/src/install/test_package/lib/python3.8/site-packages:/home/zhe/code/soccer_b_ws/src/install/ros2_interfaces/lib/python3.8/site-packages:${PYTHONPATH} /usr/bin/python3 setup.py develop --editable --build-directory /home/zhe/code/soccer_b_ws/src/build/test_package/build --no-deps install_data
[7.004s] INFO:colcon.colcon_core.shell:Creating environment hook '/home/zhe/code/soccer_b_ws/src/build/test_package/share/test_package/hook/pythonpath_develop.ps1'
[7.005s] INFO:colcon.colcon_core.shell:Creating environment descriptor '/home/zhe/code/soccer_b_ws/src/build/test_package/share/test_package/hook/pythonpath_develop.dsv'
[7.005s] INFO:colcon.colcon_core.shell:Creating environment hook '/home/zhe/code/soccer_b_ws/src/build/test_package/share/test_package/hook/pythonpath_develop.sh'
[7.026s] Level 1:colcon.colcon_core.environment:checking '/home/zhe/code/soccer_b_ws/src/install/test_package' for CMake module files
[7.026s] Level 1:colcon.colcon_core.environment:checking '/home/zhe/code/soccer_b_ws/src/install/test_package' for CMake config files
[7.026s] Level 1:colcon.colcon_core.environment:checking '/home/zhe/code/soccer_b_ws/src/install/test_package/lib'
[7.026s] Level 1:colcon.colcon_core.environment:checking '/home/zhe/code/soccer_b_ws/src/install/test_package/bin'
[7.026s] Level 1:colcon.colcon_core.environment:checking '/home/zhe/code/soccer_b_ws/src/install/test_package/lib/pkgconfig/test_package.pc'
[7.027s] Level 1:colcon.colcon_core.environment:checking '/home/zhe/code/soccer_b_ws/src/install/test_package/lib/python3.8/site-packages'
[7.027s] Level 1:colcon.colcon_core.shell:create_environment_hook('test_package', 'pythonpath')
[7.048s] INFO:colcon.colcon_core.shell:Creating environment hook '/home/zhe/code/soccer_b_ws/src/install/test_package/share/test_package/hook/pythonpath.ps1'
[7.048s] INFO:colcon.colcon_core.shell:Creating environment descriptor '/home/zhe/code/soccer_b_ws/src/install/test_package/share/test_package/hook/pythonpath.dsv'
[7.048s] INFO:colcon.colcon_core.shell:Creating environment hook '/home/zhe/code/soccer_b_ws/src/install/test_package/share/test_package/hook/pythonpath.sh'
[7.049s] Level 1:colcon.colcon_core.environment:checking '/home/zhe/code/soccer_b_ws/src/install/test_package/bin'
[7.049s] Level 1:colcon.colcon_core.environment:create_environment_scripts_only(test_package)
[7.069s] INFO:colcon.colcon_core.shell:Creating package script '/home/zhe/code/soccer_b_ws/src/install/test_package/share/test_package/package.ps1'
[7.070s] INFO:colcon.colcon_core.shell:Creating package descriptor '/home/zhe/code/soccer_b_ws/src/install/test_package/share/test_package/package.dsv'
[7.070s] INFO:colcon.colcon_core.shell:Creating package script '/home/zhe/code/soccer_b_ws/src/install/test_package/share/test_package/package.sh'
[7.070s] INFO:colcon.colcon_core.shell:Creating package script '/home/zhe/code/soccer_b_ws/src/install/test_package/share/test_package/package.bash'
[7.070s] INFO:colcon.colcon_core.shell:Creating package script '/home/zhe/code/soccer_b_ws/src/install/test_package/share/test_package/package.zsh'
[7.070s] Level 1:colcon.colcon_core.environment:create_file_with_runtime_dependencies(/home/zhe/code/soccer_b_ws/src/install/test_package/share/colcon-core/packages/test_package)
[7.071s] Level 1:colcon.colcon_core.shell:create_environment_hook('motion_capture', 'pythonpath_develop')
[7.071s] DEBUG:colcon.colcon_core.event_handler.log_command:Invoked command in '/home/zhe/code/soccer_b_ws/src/build/motion_capture' returned '0': AMENT_PREFIX_PATH=/home/zhe/code/soccer_b_ws/src/install/ros2_interfaces:${AMENT_PREFIX_PATH} CMAKE_PREFIX_PATH=/home/zhe/code/soccer_b_ws/src/install/ros2_interfaces:${CMAKE_PREFIX_PATH} LD_LIBRARY_PATH=/home/zhe/code/soccer_b_ws/src/install/ros2_interfaces/lib:${LD_LIBRARY_PATH} PYTHONPATH=/home/zhe/code/soccer_b_ws/src/build/motion_capture/prefix_override:/home/zhe/code/soccer_b_ws/src/install/motion_capture/lib/python3.8/site-packages:/home/zhe/code/soccer_b_ws/src/install/ros2_interfaces/lib/python3.8/site-packages:${PYTHONPATH} /usr/bin/python3 setup.py develop --editable --build-directory /home/zhe/code/soccer_b_ws/src/build/motion_capture/build --no-deps install_data
[7.092s] INFO:colcon.colcon_core.shell:Creating environment hook '/home/zhe/code/soccer_b_ws/src/build/motion_capture/share/motion_capture/hook/pythonpath_develop.ps1'
[7.093s] INFO:colcon.colcon_core.shell:Creating environment descriptor '/home/zhe/code/soccer_b_ws/src/build/motion_capture/share/motion_capture/hook/pythonpath_develop.dsv'
[7.093s] INFO:colcon.colcon_core.shell:Creating environment hook '/home/zhe/code/soccer_b_ws/src/build/motion_capture/share/motion_capture/hook/pythonpath_develop.sh'
[7.120s] Level 1:colcon.colcon_core.environment:checking '/home/zhe/code/soccer_b_ws/src/install/motion_capture' for CMake module files
[7.120s] Level 1:colcon.colcon_core.environment:checking '/home/zhe/code/soccer_b_ws/src/install/motion_capture' for CMake config files
[7.120s] Level 1:colcon.colcon_core.environment:checking '/home/zhe/code/soccer_b_ws/src/install/motion_capture/lib'
[7.120s] Level 1:colcon.colcon_core.environment:checking '/home/zhe/code/soccer_b_ws/src/install/motion_capture/bin'
[7.120s] Level 1:colcon.colcon_core.environment:checking '/home/zhe/code/soccer_b_ws/src/install/motion_capture/lib/pkgconfig/motion_capture.pc'
[7.120s] Level 1:colcon.colcon_core.environment:checking '/home/zhe/code/soccer_b_ws/src/install/motion_capture/lib/python3.8/site-packages'
[7.120s] Level 1:colcon.colcon_core.shell:create_environment_hook('motion_capture', 'pythonpath')
[7.140s] INFO:colcon.colcon_core.shell:Creating environment hook '/home/zhe/code/soccer_b_ws/src/install/motion_capture/share/motion_capture/hook/pythonpath.ps1'
[7.140s] INFO:colcon.colcon_core.shell:Creating environment descriptor '/home/zhe/code/soccer_b_ws/src/install/motion_capture/share/motion_capture/hook/pythonpath.dsv'
[7.141s] INFO:colcon.colcon_core.shell:Creating environment hook '/home/zhe/code/soccer_b_ws/src/install/motion_capture/share/motion_capture/hook/pythonpath.sh'
[7.141s] Level 1:colcon.colcon_core.environment:checking '/home/zhe/code/soccer_b_ws/src/install/motion_capture/bin'
[7.141s] Level 1:colcon.colcon_core.environment:create_environment_scripts_only(motion_capture)
[7.161s] INFO:colcon.colcon_core.shell:Creating package script '/home/zhe/code/soccer_b_ws/src/install/motion_capture/share/motion_capture/package.ps1'
[7.161s] INFO:colcon.colcon_core.shell:Creating package descriptor '/home/zhe/code/soccer_b_ws/src/install/motion_capture/share/motion_capture/package.dsv'
[7.161s] INFO:colcon.colcon_core.shell:Creating package script '/home/zhe/code/soccer_b_ws/src/install/motion_capture/share/motion_capture/package.sh'
[7.162s] INFO:colcon.colcon_core.shell:Creating package script '/home/zhe/code/soccer_b_ws/src/install/motion_capture/share/motion_capture/package.bash'
[7.162s] INFO:colcon.colcon_core.shell:Creating package script '/home/zhe/code/soccer_b_ws/src/install/motion_capture/share/motion_capture/package.zsh'
[7.162s] Level 1:colcon.colcon_core.environment:create_file_with_runtime_dependencies(/home/zhe/code/soccer_b_ws/src/install/motion_capture/share/colcon-core/packages/motion_capture)
[7.162s] Level 1:colcon.colcon_core.shell:create_environment_hook('rm_control', 'pythonpath_develop')
[7.163s] DEBUG:colcon.colcon_core.event_handler.log_command:Invoked command in '/home/zhe/code/soccer_b_ws/src/build/rm_control' returned '0': AMENT_PREFIX_PATH=/home/zhe/code/soccer_b_ws/src/install/ros2_interfaces:${AMENT_PREFIX_PATH} CMAKE_PREFIX_PATH=/home/zhe/code/soccer_b_ws/src/install/ros2_interfaces:${CMAKE_PREFIX_PATH} LD_LIBRARY_PATH=/home/zhe/code/soccer_b_ws/src/install/ros2_interfaces/lib:${LD_LIBRARY_PATH} PYTHONPATH=/home/zhe/code/soccer_b_ws/src/build/rm_control/prefix_override:/home/zhe/code/soccer_b_ws/src/install/rm_control/lib/python3.8/site-packages:/home/zhe/code/soccer_b_ws/src/install/ros2_interfaces/lib/python3.8/site-packages:${PYTHONPATH} /usr/bin/python3 setup.py develop --editable --build-directory /home/zhe/code/soccer_b_ws/src/build/rm_control/build --no-deps install_data
[7.183s] INFO:colcon.colcon_core.shell:Creating environment hook '/home/zhe/code/soccer_b_ws/src/build/rm_control/share/rm_control/hook/pythonpath_develop.ps1'
[7.183s] INFO:colcon.colcon_core.shell:Creating environment descriptor '/home/zhe/code/soccer_b_ws/src/build/rm_control/share/rm_control/hook/pythonpath_develop.dsv'
[7.183s] INFO:colcon.colcon_core.shell:Creating environment hook '/home/zhe/code/soccer_b_ws/src/build/rm_control/share/rm_control/hook/pythonpath_develop.sh'
[7.204s] Level 1:colcon.colcon_core.environment:checking '/home/zhe/code/soccer_b_ws/src/install/rm_control' for CMake module files
[7.204s] Level 1:colcon.colcon_core.environment:checking '/home/zhe/code/soccer_b_ws/src/install/rm_control' for CMake config files
[7.204s] Level 1:colcon.colcon_core.environment:checking '/home/zhe/code/soccer_b_ws/src/install/rm_control/lib'
[7.204s] Level 1:colcon.colcon_core.environment:checking '/home/zhe/code/soccer_b_ws/src/install/rm_control/bin'
[7.204s] Level 1:colcon.colcon_core.environment:checking '/home/zhe/code/soccer_b_ws/src/install/rm_control/lib/pkgconfig/rm_control.pc'
[7.204s] Level 1:colcon.colcon_core.environment:checking '/home/zhe/code/soccer_b_ws/src/install/rm_control/lib/python3.8/site-packages'
[7.204s] Level 1:colcon.colcon_core.shell:create_environment_hook('rm_control', 'pythonpath')
[7.224s] INFO:colcon.colcon_core.shell:Creating environment hook '/home/zhe/code/soccer_b_ws/src/install/rm_control/share/rm_control/hook/pythonpath.ps1'
[7.224s] INFO:colcon.colcon_core.shell:Creating environment descriptor '/home/zhe/code/soccer_b_ws/src/install/rm_control/share/rm_control/hook/pythonpath.dsv'
[7.224s] INFO:colcon.colcon_core.shell:Creating environment hook '/home/zhe/code/soccer_b_ws/src/install/rm_control/share/rm_control/hook/pythonpath.sh'
[7.225s] Level 1:colcon.colcon_core.environment:checking '/home/zhe/code/soccer_b_ws/src/install/rm_control/bin'
[7.225s] Level 1:colcon.colcon_core.environment:create_environment_scripts_only(rm_control)
[7.245s] INFO:colcon.colcon_core.shell:Creating package script '/home/zhe/code/soccer_b_ws/src/install/rm_control/share/rm_control/package.ps1'
[7.245s] INFO:colcon.colcon_core.shell:Creating package descriptor '/home/zhe/code/soccer_b_ws/src/install/rm_control/share/rm_control/package.dsv'
[7.245s] INFO:colcon.colcon_core.shell:Creating package script '/home/zhe/code/soccer_b_ws/src/install/rm_control/share/rm_control/package.sh'
[7.245s] INFO:colcon.colcon_core.shell:Creating package script '/home/zhe/code/soccer_b_ws/src/install/rm_control/share/rm_control/package.bash'
[7.245s] INFO:colcon.colcon_core.shell:Creating package script '/home/zhe/code/soccer_b_ws/src/install/rm_control/share/rm_control/package.zsh'
[7.245s] Level 1:colcon.colcon_core.environment:create_file_with_runtime_dependencies(/home/zhe/code/soccer_b_ws/src/install/rm_control/share/colcon-core/packages/rm_control)
[7.246s] DEBUG:colcon.colcon_parallel_executor.executor.parallel:closing loop
[7.246s] DEBUG:colcon.colcon_parallel_executor.executor.parallel:loop closed
[7.246s] DEBUG:colcon.colcon_parallel_executor.executor.parallel:run_until_complete finished with '0'
[7.246s] DEBUG:colcon.colcon_core.event_reactor:joining thread
[7.272s] INFO:colcon.colcon_core.plugin_system:Skipping extension 'colcon_notification.desktop_notification.terminal_notifier': Not used on non-Darwin systems
[7.272s] INFO:colcon.colcon_core.plugin_system:Skipping extension 'colcon_notification.desktop_notification.win32': Not used on non-Windows systems
[7.272s] INFO:colcon.colcon_notification.desktop_notification:Sending desktop notification using 'notify2'
[7.280s] DEBUG:colcon.colcon_core.event_reactor:joined thread
[7.303s] INFO:colcon.colcon_core.shell:Creating prefix script '/home/zhe/code/soccer_b_ws/src/install/local_setup.ps1'
[7.304s] INFO:colcon.colcon_core.shell:Creating prefix util module '/home/zhe/code/soccer_b_ws/src/install/_local_setup_util_ps1.py'
[7.304s] INFO:colcon.colcon_core.shell:Creating prefix chain script '/home/zhe/code/soccer_b_ws/src/install/setup.ps1'
[7.328s] INFO:colcon.colcon_core.shell:Creating prefix script '/home/zhe/code/soccer_b_ws/src/install/local_setup.sh'
[7.328s] INFO:colcon.colcon_core.shell:Creating prefix util module '/home/zhe/code/soccer_b_ws/src/install/_local_setup_util_sh.py'
[7.328s] INFO:colcon.colcon_core.shell:Creating prefix chain script '/home/zhe/code/soccer_b_ws/src/install/setup.sh'
[7.352s] INFO:colcon.colcon_core.shell:Creating prefix script '/home/zhe/code/soccer_b_ws/src/install/local_setup.bash'
[7.352s] INFO:colcon.colcon_core.shell:Creating prefix chain script '/home/zhe/code/soccer_b_ws/src/install/setup.bash'
[7.376s] INFO:colcon.colcon_core.shell:Creating prefix script '/home/zhe/code/soccer_b_ws/src/install/local_setup.zsh'
[7.376s] INFO:colcon.colcon_core.shell:Creating prefix chain script '/home/zhe/code/soccer_b_ws/src/install/setup.zsh'
