[0.343s] Invoking command in '/home/zhe/code/soccer_b_ws/build/ros2_interfaces': CMAKE_PREFIX_PATH=${CMAKE_PREFIX_PATH}:/home/zhe/code/soccer_b_ws/install/test_package:/home/zhe/code/soccer_b_ws/install/vision_test:/home/zhe/code/rm_ws/install/robomaster_ros:/home/zhe/code/gy_ws/install/learning_urdf:/home/zhe/code/gy_ws/install/learning_topic:/home/zhe/code/gy_ws/install/learning_tf:/home/zhe/code/gy_ws/install/learning_service:/home/zhe/code/gy_ws/install/learning_qos:/home/zhe/code/gy_ws/install/learning_pkg_python:/home/zhe/code/gy_ws/install/learning_parameter:/home/zhe/code/gy_ws/install/learning_node:/home/zhe/code/gy_ws/install/learning_launch:/home/zhe/code/gy_ws/install/learning_action:/home/zhe/code/gy_ws/install/learning_gazebo:/home/zhe/code/gy_ws/install/learning_cv:/opt/ros/galactic /usr/bin/cmake /home/zhe/code/soccer_b_ws/src/ros2_interfaces -DAMENT_CMAKE_SYMLINK_INSTALL=1 -DCMAKE_INSTALL_PREFIX=/home/zhe/code/soccer_b_ws/install/ros2_interfaces
[0.352s] -- Found ament_cmake: 1.1.6 (/opt/ros/galactic/share/ament_cmake/cmake)
[0.377s] -- Found PythonInterp: /usr/bin/python3 (found suitable version "3.8.10", minimum required is "3") 
[0.377s] -- Using PYTHON_EXECUTABLE: /usr/bin/python3
[0.422s] -- Override CMake install command with custom implementation using symlinks instead of copying resources
[0.425s] -- Found rosidl_default_generators: 1.1.1 (/opt/ros/galactic/share/rosidl_default_generators/cmake)
[0.429s] -- Using all available rosidl_typesupport_c: rosidl_typesupport_fastrtps_c;rosidl_typesupport_introspection_c
[0.430s] -- Found rosidl_adapter: 2.2.3 (/opt/ros/galactic/share/rosidl_adapter/cmake)
[0.505s] -- Using all available rosidl_typesupport_cpp: rosidl_typesupport_fastrtps_cpp;rosidl_typesupport_introspection_cpp
[0.518s] -- Found geometry_msgs: 2.2.4 (/opt/ros/galactic/share/geometry_msgs/cmake)
[0.580s] -- Found PythonInterp: /usr/bin/python3 (found version "3.8.10") 
[0.695s] -- Found ament_cmake_ros: 0.9.2 (/opt/ros/galactic/share/ament_cmake_ros/cmake)
[0.823s] -- Using all available rosidl_typesupport_c: rosidl_typesupport_fastrtps_c;rosidl_typesupport_introspection_c
[0.882s] -- Using all available rosidl_typesupport_cpp: rosidl_typesupport_fastrtps_cpp;rosidl_typesupport_introspection_cpp
[0.909s] -- Found PythonInterp: /usr/bin/python3 (found suitable version "3.8.10", minimum required is "3.5") 
[0.909s] -- Found python_cmake_module: 0.8.1 (/opt/ros/galactic/share/python_cmake_module/cmake)
[0.934s] -- Using PYTHON_EXECUTABLE: /usr/bin/python3
[0.934s] -- Using PYTHON_INCLUDE_DIRS: /usr/include/python3.8
[0.934s] -- Using PYTHON_LIBRARIES: /usr/lib/x86_64-linux-gnu/libpython3.8.so
[0.969s] -- Found ament_lint_auto: 0.10.7 (/opt/ros/galactic/share/ament_lint_auto/cmake)
[0.975s] -- Added test 'copyright' to check source files copyright and LICENSE
[0.976s] -- Added test 'lint_cmake' to check CMake code style
[0.976s] -- Added test 'xmllint' to check XML markup files
[0.979s] -- Configuring done
[1.006s] -- Generating done
[1.007s] -- Build files have been written to: /home/zhe/code/soccer_b_ws/build/ros2_interfaces
[1.013s] Invoked command in '/home/zhe/code/soccer_b_ws/build/ros2_interfaces' returned '0': CMAKE_PREFIX_PATH=${CMAKE_PREFIX_PATH}:/home/zhe/code/soccer_b_ws/install/test_package:/home/zhe/code/soccer_b_ws/install/vision_test:/home/zhe/code/rm_ws/install/robomaster_ros:/home/zhe/code/gy_ws/install/learning_urdf:/home/zhe/code/gy_ws/install/learning_topic:/home/zhe/code/gy_ws/install/learning_tf:/home/zhe/code/gy_ws/install/learning_service:/home/zhe/code/gy_ws/install/learning_qos:/home/zhe/code/gy_ws/install/learning_pkg_python:/home/zhe/code/gy_ws/install/learning_parameter:/home/zhe/code/gy_ws/install/learning_node:/home/zhe/code/gy_ws/install/learning_launch:/home/zhe/code/gy_ws/install/learning_action:/home/zhe/code/gy_ws/install/learning_gazebo:/home/zhe/code/gy_ws/install/learning_cv:/opt/ros/galactic /usr/bin/cmake /home/zhe/code/soccer_b_ws/src/ros2_interfaces -DAMENT_CMAKE_SYMLINK_INSTALL=1 -DCMAKE_INSTALL_PREFIX=/home/zhe/code/soccer_b_ws/install/ros2_interfaces
[1.014s] Invoking command in '/home/zhe/code/soccer_b_ws/build/ros2_interfaces': CMAKE_PREFIX_PATH=${CMAKE_PREFIX_PATH}:/home/zhe/code/soccer_b_ws/install/test_package:/home/zhe/code/soccer_b_ws/install/vision_test:/home/zhe/code/rm_ws/install/robomaster_ros:/home/zhe/code/gy_ws/install/learning_urdf:/home/zhe/code/gy_ws/install/learning_topic:/home/zhe/code/gy_ws/install/learning_tf:/home/zhe/code/gy_ws/install/learning_service:/home/zhe/code/gy_ws/install/learning_qos:/home/zhe/code/gy_ws/install/learning_pkg_python:/home/zhe/code/gy_ws/install/learning_parameter:/home/zhe/code/gy_ws/install/learning_node:/home/zhe/code/gy_ws/install/learning_launch:/home/zhe/code/gy_ws/install/learning_action:/home/zhe/code/gy_ws/install/learning_gazebo:/home/zhe/code/gy_ws/install/learning_cv:/opt/ros/galactic /usr/bin/cmake --build /home/zhe/code/soccer_b_ws/build/ros2_interfaces -- -j12 -l12
[1.042s] [  3%] Built target ros2_interfaces__cpp
[1.043s] [ 12%] Built target ros2_interfaces__rosidl_generator_c
[1.055s] [ 22%] Built target ros2_interfaces__rosidl_typesupport_cpp
[1.056s] [ 32%] Built target ros2_interfaces__rosidl_typesupport_introspection_cpp
[1.056s] [ 41%] Built target ros2_interfaces__rosidl_typesupport_c
[1.056s] [ 51%] Built target ros2_interfaces__rosidl_typesupport_introspection_c
[1.057s] [ 54%] [32m[1mLinking CXX shared library libros2_interfaces__rosidl_typesupport_fastrtps_cpp.so[0m
[1.105s] [ 61%] Built target ros2_interfaces__rosidl_typesupport_fastrtps_cpp
[1.120s] [ 64%] [32m[1mLinking CXX shared library libros2_interfaces__rosidl_typesupport_fastrtps_c.so[0m
[1.167s] [ 70%] Built target ros2_interfaces__rosidl_typesupport_fastrtps_c
[1.178s] [ 70%] Built target ros2_interfaces
[1.189s] [ 74%] Built target ros2_interfaces__py
[1.203s] [ 77%] [32m[1mLinking C shared library rosidl_generator_py/ros2_interfaces/libros2_interfaces__python.so[0m
[1.227s] [ 80%] Built target ros2_interfaces__python
[1.244s] [ 83%] [32m[1mLinking C shared library rosidl_generator_py/ros2_interfaces/ros2_interfaces_s__rosidl_typesupport_introspection_c.cpython-38-x86_64-linux-gnu.so[0m
[1.244s] [ 90%] [32m[1mLinking C shared library rosidl_generator_py/ros2_interfaces/ros2_interfaces_s__rosidl_typesupport_c.cpython-38-x86_64-linux-gnu.so[0m
[1.245s] [ 90%] [32m[1mLinking CXX shared library rosidl_generator_py/ros2_interfaces/ros2_interfaces_s__rosidl_typesupport_fastrtps_c.cpython-38-x86_64-linux-gnu.so[0m
[1.266s] [ 93%] Built target ros2_interfaces__rosidl_typesupport_c__pyext
[1.266s] [ 96%] Built target ros2_interfaces__rosidl_typesupport_introspection_c__pyext
[1.282s] [100%] Built target ros2_interfaces__rosidl_typesupport_fastrtps_c__pyext
[1.287s] Invoked command in '/home/zhe/code/soccer_b_ws/build/ros2_interfaces' returned '0': CMAKE_PREFIX_PATH=${CMAKE_PREFIX_PATH}:/home/zhe/code/soccer_b_ws/install/test_package:/home/zhe/code/soccer_b_ws/install/vision_test:/home/zhe/code/rm_ws/install/robomaster_ros:/home/zhe/code/gy_ws/install/learning_urdf:/home/zhe/code/gy_ws/install/learning_topic:/home/zhe/code/gy_ws/install/learning_tf:/home/zhe/code/gy_ws/install/learning_service:/home/zhe/code/gy_ws/install/learning_qos:/home/zhe/code/gy_ws/install/learning_pkg_python:/home/zhe/code/gy_ws/install/learning_parameter:/home/zhe/code/gy_ws/install/learning_node:/home/zhe/code/gy_ws/install/learning_launch:/home/zhe/code/gy_ws/install/learning_action:/home/zhe/code/gy_ws/install/learning_gazebo:/home/zhe/code/gy_ws/install/learning_cv:/opt/ros/galactic /usr/bin/cmake --build /home/zhe/code/soccer_b_ws/build/ros2_interfaces -- -j12 -l12
[1.320s] Invoking command in '/home/zhe/code/soccer_b_ws/build/ros2_interfaces': CMAKE_PREFIX_PATH=${CMAKE_PREFIX_PATH}:/home/zhe/code/soccer_b_ws/install/test_package:/home/zhe/code/soccer_b_ws/install/vision_test:/home/zhe/code/rm_ws/install/robomaster_ros:/home/zhe/code/gy_ws/install/learning_urdf:/home/zhe/code/gy_ws/install/learning_topic:/home/zhe/code/gy_ws/install/learning_tf:/home/zhe/code/gy_ws/install/learning_service:/home/zhe/code/gy_ws/install/learning_qos:/home/zhe/code/gy_ws/install/learning_pkg_python:/home/zhe/code/gy_ws/install/learning_parameter:/home/zhe/code/gy_ws/install/learning_node:/home/zhe/code/gy_ws/install/learning_launch:/home/zhe/code/gy_ws/install/learning_action:/home/zhe/code/gy_ws/install/learning_gazebo:/home/zhe/code/gy_ws/install/learning_cv:/opt/ros/galactic /usr/bin/cmake --install /home/zhe/code/soccer_b_ws/build/ros2_interfaces
[1.325s] -- Install configuration: ""
[1.325s] -- Execute custom install script
[1.326s] -- Symlinking: /home/zhe/code/soccer_b_ws/install/ros2_interfaces/share/ament_index/resource_index/rosidl_interfaces/ros2_interfaces
[1.332s] -- Symlinking: /home/zhe/code/soccer_b_ws/install/ros2_interfaces/include/ros2_interfaces/msg/detail/robot_pose__functions.h
[1.339s] -- Symlinking: /home/zhe/code/soccer_b_ws/install/ros2_interfaces/include/ros2_interfaces/msg/detail/robot_pose__struct.h
[1.345s] -- Symlinking: /home/zhe/code/soccer_b_ws/install/ros2_interfaces/include/ros2_interfaces/msg/detail/robot_pose__type_support.h
[1.349s] -- Symlinking: /home/zhe/code/soccer_b_ws/install/ros2_interfaces/include/ros2_interfaces/msg/robot_pose.h
[1.353s] -- Symlinking: /home/zhe/code/soccer_b_ws/install/ros2_interfaces/include/ros2_interfaces/msg/rosidl_generator_c__visibility_control.h
[1.358s] -- Symlinking: /home/zhe/code/soccer_b_ws/install/ros2_interfaces/share/ros2_interfaces/environment/library_path.sh
[1.362s] -- Symlinking: /home/zhe/code/soccer_b_ws/install/ros2_interfaces/share/ros2_interfaces/environment/library_path.dsv
[1.367s] -- Symlinking: /home/zhe/code/soccer_b_ws/install/ros2_interfaces/include/ros2_interfaces/msg/detail/robot_pose__rosidl_typesupport_fastrtps_c.h
[1.371s] -- Symlinking: /home/zhe/code/soccer_b_ws/install/ros2_interfaces/include/ros2_interfaces/msg/rosidl_typesupport_fastrtps_c__visibility_control.h
[1.376s] -- Symlinking: /home/zhe/code/soccer_b_ws/install/ros2_interfaces/lib/libros2_interfaces__rosidl_typesupport_fastrtps_c.so
[1.380s] -- Symlinking: /home/zhe/code/soccer_b_ws/install/ros2_interfaces/include/ros2_interfaces/msg/detail/robot_pose__rosidl_typesupport_fastrtps_cpp.hpp
[1.385s] -- Symlinking: /home/zhe/code/soccer_b_ws/install/ros2_interfaces/include/ros2_interfaces/msg/rosidl_typesupport_fastrtps_cpp__visibility_control.h
[1.390s] -- Symlinking: /home/zhe/code/soccer_b_ws/install/ros2_interfaces/lib/libros2_interfaces__rosidl_typesupport_fastrtps_cpp.so
[1.394s] -- Symlinking: /home/zhe/code/soccer_b_ws/install/ros2_interfaces/include/ros2_interfaces/msg/detail/robot_pose__rosidl_typesupport_introspection_c.h
[1.398s] -- Symlinking: /home/zhe/code/soccer_b_ws/install/ros2_interfaces/include/ros2_interfaces/msg/rosidl_typesupport_introspection_c__visibility_control.h
[1.403s] -- Symlinking: /home/zhe/code/soccer_b_ws/install/ros2_interfaces/include/ros2_interfaces/msg/detail/robot_pose__builder.hpp
[1.407s] -- Symlinking: /home/zhe/code/soccer_b_ws/install/ros2_interfaces/include/ros2_interfaces/msg/detail/robot_pose__struct.hpp
[1.411s] -- Symlinking: /home/zhe/code/soccer_b_ws/install/ros2_interfaces/include/ros2_interfaces/msg/detail/robot_pose__traits.hpp
[1.416s] -- Symlinking: /home/zhe/code/soccer_b_ws/install/ros2_interfaces/include/ros2_interfaces/msg/robot_pose.hpp
[1.420s] -- Symlinking: /home/zhe/code/soccer_b_ws/install/ros2_interfaces/include/ros2_interfaces/msg/detail/robot_pose__rosidl_typesupport_introspection_cpp.hpp
[1.424s] -- Symlinking: /home/zhe/code/soccer_b_ws/install/ros2_interfaces/share/ros2_interfaces/environment/pythonpath.sh
[1.429s] -- Symlinking: /home/zhe/code/soccer_b_ws/install/ros2_interfaces/share/ros2_interfaces/environment/pythonpath.dsv
[1.434s] -- Symlinking: /home/zhe/code/soccer_b_ws/install/ros2_interfaces/lib/python3.8/site-packages/ros2_interfaces/__init__.py
[1.438s] -- Symlinking: /home/zhe/code/soccer_b_ws/install/ros2_interfaces/lib/python3.8/site-packages/ros2_interfaces/msg/__init__.py
[1.442s] -- Symlinking: /home/zhe/code/soccer_b_ws/install/ros2_interfaces/lib/python3.8/site-packages/ros2_interfaces/msg/_robot_pose.py
[1.447s] -- Symlinking: /home/zhe/code/soccer_b_ws/install/ros2_interfaces/lib/python3.8/site-packages/ros2_interfaces/ros2_interfaces_s__rosidl_typesupport_fastrtps_c.cpython-38-x86_64-linux-gnu.so
[1.451s] -- Symlinking: /home/zhe/code/soccer_b_ws/install/ros2_interfaces/lib/python3.8/site-packages/ros2_interfaces/ros2_interfaces_s__rosidl_typesupport_introspection_c.cpython-38-x86_64-linux-gnu.so
[1.455s] -- Symlinking: /home/zhe/code/soccer_b_ws/install/ros2_interfaces/lib/python3.8/site-packages/ros2_interfaces/ros2_interfaces_s__rosidl_typesupport_c.cpython-38-x86_64-linux-gnu.so
[1.460s] -- Symlinking: /home/zhe/code/soccer_b_ws/install/ros2_interfaces/lib/libros2_interfaces__python.so
[1.464s] -- Symlinking: /home/zhe/code/soccer_b_ws/install/ros2_interfaces/share/ros2_interfaces/msg/RobotPose.idl
[1.469s] -- Symlinking: /home/zhe/code/soccer_b_ws/install/ros2_interfaces/share/ros2_interfaces/msg/RobotPose.msg
[1.473s] -- Symlinking: /home/zhe/code/soccer_b_ws/install/ros2_interfaces/share/ament_index/resource_index/package_run_dependencies/ros2_interfaces
[1.477s] -- Symlinking: /home/zhe/code/soccer_b_ws/install/ros2_interfaces/share/ament_index/resource_index/parent_prefix_path/ros2_interfaces
[1.482s] -- Symlinking: /home/zhe/code/soccer_b_ws/install/ros2_interfaces/share/ros2_interfaces/environment/ament_prefix_path.sh
[1.486s] -- Symlinking: /home/zhe/code/soccer_b_ws/install/ros2_interfaces/share/ros2_interfaces/environment/ament_prefix_path.dsv
[1.491s] -- Symlinking: /home/zhe/code/soccer_b_ws/install/ros2_interfaces/share/ros2_interfaces/environment/path.sh
[1.495s] -- Symlinking: /home/zhe/code/soccer_b_ws/install/ros2_interfaces/share/ros2_interfaces/environment/path.dsv
[1.499s] -- Symlinking: /home/zhe/code/soccer_b_ws/install/ros2_interfaces/share/ros2_interfaces/local_setup.bash
[1.504s] -- Symlinking: /home/zhe/code/soccer_b_ws/install/ros2_interfaces/share/ros2_interfaces/local_setup.sh
[1.509s] -- Symlinking: /home/zhe/code/soccer_b_ws/install/ros2_interfaces/share/ros2_interfaces/local_setup.zsh
[1.513s] -- Symlinking: /home/zhe/code/soccer_b_ws/install/ros2_interfaces/share/ros2_interfaces/local_setup.dsv
[1.518s] -- Symlinking: /home/zhe/code/soccer_b_ws/install/ros2_interfaces/share/ros2_interfaces/package.dsv
[1.522s] -- Symlinking: /home/zhe/code/soccer_b_ws/install/ros2_interfaces/share/ament_index/resource_index/packages/ros2_interfaces
[1.526s] -- Symlinking: /home/zhe/code/soccer_b_ws/install/ros2_interfaces/share/ros2_interfaces/cmake/rosidl_cmake-extras.cmake
[1.531s] -- Symlinking: /home/zhe/code/soccer_b_ws/install/ros2_interfaces/share/ros2_interfaces/cmake/ament_cmake_export_dependencies-extras.cmake
[1.535s] -- Symlinking: /home/zhe/code/soccer_b_ws/install/ros2_interfaces/share/ros2_interfaces/cmake/ament_cmake_export_libraries-extras.cmake
[1.540s] -- Symlinking: /home/zhe/code/soccer_b_ws/install/ros2_interfaces/share/ros2_interfaces/cmake/ament_cmake_export_targets-extras.cmake
[1.544s] -- Symlinking: /home/zhe/code/soccer_b_ws/install/ros2_interfaces/share/ros2_interfaces/cmake/ament_cmake_export_include_directories-extras.cmake
[1.549s] -- Symlinking: /home/zhe/code/soccer_b_ws/install/ros2_interfaces/share/ros2_interfaces/cmake/rosidl_cmake_export_typesupport_libraries-extras.cmake
[1.553s] -- Symlinking: /home/zhe/code/soccer_b_ws/install/ros2_interfaces/share/ros2_interfaces/cmake/rosidl_cmake_export_typesupport_targets-extras.cmake
[1.557s] -- Symlinking: /home/zhe/code/soccer_b_ws/install/ros2_interfaces/share/ros2_interfaces/cmake/ros2_interfacesConfig.cmake
[1.562s] -- Symlinking: /home/zhe/code/soccer_b_ws/install/ros2_interfaces/share/ros2_interfaces/cmake/ros2_interfacesConfig-version.cmake
[1.566s] -- Symlinking: /home/zhe/code/soccer_b_ws/install/ros2_interfaces/share/ros2_interfaces/package.xml
[1.571s] -- Up-to-date: /home/zhe/code/soccer_b_ws/install/ros2_interfaces/lib/libros2_interfaces__rosidl_generator_c.so
[1.571s] -- Up-to-date: /home/zhe/code/soccer_b_ws/install/ros2_interfaces/lib/libros2_interfaces__rosidl_typesupport_introspection_c.so
[1.571s] -- Up-to-date: /home/zhe/code/soccer_b_ws/install/ros2_interfaces/lib/libros2_interfaces__rosidl_typesupport_c.so
[1.571s] -- Up-to-date: /home/zhe/code/soccer_b_ws/install/ros2_interfaces/lib/libros2_interfaces__rosidl_typesupport_introspection_cpp.so
[1.571s] -- Up-to-date: /home/zhe/code/soccer_b_ws/install/ros2_interfaces/lib/libros2_interfaces__rosidl_typesupport_cpp.so
[1.600s] Compiling '/home/zhe/code/soccer_b_ws/install/ros2_interfaces/lib/python3.8/site-packages/ros2_interfaces/__init__.py'...
[1.602s] -- Up-to-date: /home/zhe/code/soccer_b_ws/install/ros2_interfaces/share/ros2_interfaces/cmake/ros2_interfaces__rosidl_generator_cExport.cmake
[1.602s] -- Installing: /home/zhe/code/soccer_b_ws/install/ros2_interfaces/share/ros2_interfaces/cmake/ros2_interfaces__rosidl_generator_cExport-noconfig.cmake
[1.602s] -- Up-to-date: /home/zhe/code/soccer_b_ws/install/ros2_interfaces/share/ros2_interfaces/cmake/ros2_interfaces__rosidl_typesupport_introspection_cExport.cmake
[1.603s] -- Installing: /home/zhe/code/soccer_b_ws/install/ros2_interfaces/share/ros2_interfaces/cmake/ros2_interfaces__rosidl_typesupport_introspection_cExport-noconfig.cmake
[1.603s] -- Up-to-date: /home/zhe/code/soccer_b_ws/install/ros2_interfaces/share/ros2_interfaces/cmake/ros2_interfaces__rosidl_typesupport_cExport.cmake
[1.603s] -- Installing: /home/zhe/code/soccer_b_ws/install/ros2_interfaces/share/ros2_interfaces/cmake/ros2_interfaces__rosidl_typesupport_cExport-noconfig.cmake
[1.603s] -- Up-to-date: /home/zhe/code/soccer_b_ws/install/ros2_interfaces/share/ros2_interfaces/cmake/ros2_interfaces__rosidl_generator_cppExport.cmake
[1.603s] -- Up-to-date: /home/zhe/code/soccer_b_ws/install/ros2_interfaces/share/ros2_interfaces/cmake/ros2_interfaces__rosidl_typesupport_introspection_cppExport.cmake
[1.603s] -- Installing: /home/zhe/code/soccer_b_ws/install/ros2_interfaces/share/ros2_interfaces/cmake/ros2_interfaces__rosidl_typesupport_introspection_cppExport-noconfig.cmake
[1.603s] -- Up-to-date: /home/zhe/code/soccer_b_ws/install/ros2_interfaces/share/ros2_interfaces/cmake/ros2_interfaces__rosidl_typesupport_cppExport.cmake
[1.603s] -- Installing: /home/zhe/code/soccer_b_ws/install/ros2_interfaces/share/ros2_interfaces/cmake/ros2_interfaces__rosidl_typesupport_cppExport-noconfig.cmake
[1.604s] Invoked command in '/home/zhe/code/soccer_b_ws/build/ros2_interfaces' returned '0': CMAKE_PREFIX_PATH=${CMAKE_PREFIX_PATH}:/home/zhe/code/soccer_b_ws/install/test_package:/home/zhe/code/soccer_b_ws/install/vision_test:/home/zhe/code/rm_ws/install/robomaster_ros:/home/zhe/code/gy_ws/install/learning_urdf:/home/zhe/code/gy_ws/install/learning_topic:/home/zhe/code/gy_ws/install/learning_tf:/home/zhe/code/gy_ws/install/learning_service:/home/zhe/code/gy_ws/install/learning_qos:/home/zhe/code/gy_ws/install/learning_pkg_python:/home/zhe/code/gy_ws/install/learning_parameter:/home/zhe/code/gy_ws/install/learning_node:/home/zhe/code/gy_ws/install/learning_launch:/home/zhe/code/gy_ws/install/learning_action:/home/zhe/code/gy_ws/install/learning_gazebo:/home/zhe/code/gy_ws/install/learning_cv:/opt/ros/galactic /usr/bin/cmake --install /home/zhe/code/soccer_b_ws/build/ros2_interfaces
