-- Found ament_cmake: 1.1.6 (/opt/ros/galactic/share/ament_cmake/cmake)
-- Found PythonInterp: /usr/bin/python3 (found suitable version "3.8.10", minimum required is "3") 
-- Using PYTHON_EXECUTABLE: /usr/bin/python3
-- Override CMake install command with custom implementation using symlinks instead of copying resources
-- Found rosidl_default_generators: 1.1.1 (/opt/ros/galactic/share/rosidl_default_generators/cmake)
-- Using all available rosidl_typesupport_c: rosidl_typesupport_fastrtps_c;rosidl_typesupport_introspection_c
-- Found rosidl_adapter: 2.2.3 (/opt/ros/galactic/share/rosidl_adapter/cmake)
-- Using all available rosidl_typesupport_cpp: rosidl_typesupport_fastrtps_cpp;rosidl_typesupport_introspection_cpp
-- Found geometry_msgs: 2.2.4 (/opt/ros/galactic/share/geometry_msgs/cmake)
-- Found PythonInterp: /usr/bin/python3 (found version "3.8.10") 
-- Found ament_cmake_ros: 0.9.2 (/opt/ros/galactic/share/ament_cmake_ros/cmake)
-- Using all available rosidl_typesupport_c: rosidl_typesupport_fastrtps_c;rosidl_typesupport_introspection_c
-- Using all available rosidl_typesupport_cpp: rosidl_typesupport_fastrtps_cpp;rosidl_typesupport_introspection_cpp
-- Found PythonInterp: /usr/bin/python3 (found suitable version "3.8.10", minimum required is "3.5") 
-- Found python_cmake_module: 0.8.1 (/opt/ros/galactic/share/python_cmake_module/cmake)
-- Using PYTHON_EXECUTABLE: /usr/bin/python3
-- Using PYTHON_INCLUDE_DIRS: /usr/include/python3.8
-- Using PYTHON_LIBRARIES: /usr/lib/x86_64-linux-gnu/libpython3.8.so
-- Found ament_lint_auto: 0.10.7 (/opt/ros/galactic/share/ament_lint_auto/cmake)
-- Added test 'copyright' to check source files copyright and LICENSE
-- Added test 'lint_cmake' to check CMake code style
-- Added test 'xmllint' to check XML markup files
-- Configuring done
-- Generating done
-- Build files have been written to: /home/zhe/code/soccer_b_ws/src/build/ros2_interfaces
[  2%] Built target ros2_interfaces__cpp
[ 12%] Built target ros2_interfaces__rosidl_generator_c
[ 30%] Built target ros2_interfaces__rosidl_typesupport_introspection_cpp
[ 33%] Built target ros2_interfaces__rosidl_typesupport_cpp
[ 43%] Built target ros2_interfaces__rosidl_typesupport_c
[ 53%] Built target ros2_interfaces__rosidl_typesupport_introspection_c
[ 64%] Built target ros2_interfaces__rosidl_typesupport_fastrtps_cpp
[ 74%] Built target ros2_interfaces__rosidl_typesupport_fastrtps_c
[ 74%] Built target ros2_interfaces
[ 76%] Built target ros2_interfaces__py
[ 84%] Built target ros2_interfaces__python
[ 94%] Built target ros2_interfaces__rosidl_typesupport_c__pyext
[ 94%] Built target ros2_interfaces__rosidl_typesupport_fastrtps_c__pyext
[100%] Built target ros2_interfaces__rosidl_typesupport_introspection_c__pyext
-- Install configuration: ""
-- Execute custom install script
-- Up-to-date symlink: /home/zhe/code/soccer_b_ws/src/install/ros2_interfaces/share/ament_index/resource_index/rosidl_interfaces/ros2_interfaces
-- Up-to-date symlink: /home/zhe/code/soccer_b_ws/src/install/ros2_interfaces/include/ros2_interfaces/msg/detail/robot_pose__functions.h
-- Up-to-date symlink: /home/zhe/code/soccer_b_ws/src/install/ros2_interfaces/include/ros2_interfaces/msg/detail/robot_pose__struct.h
-- Up-to-date symlink: /home/zhe/code/soccer_b_ws/src/install/ros2_interfaces/include/ros2_interfaces/msg/detail/robot_pose__type_support.h
-- Up-to-date symlink: /home/zhe/code/soccer_b_ws/src/install/ros2_interfaces/include/ros2_interfaces/msg/detail/robot_twist2_d__functions.h
-- Up-to-date symlink: /home/zhe/code/soccer_b_ws/src/install/ros2_interfaces/include/ros2_interfaces/msg/detail/robot_twist2_d__struct.h
-- Up-to-date symlink: /home/zhe/code/soccer_b_ws/src/install/ros2_interfaces/include/ros2_interfaces/msg/detail/robot_twist2_d__type_support.h
-- Up-to-date symlink: /home/zhe/code/soccer_b_ws/src/install/ros2_interfaces/include/ros2_interfaces/msg/robot_pose.h
-- Up-to-date symlink: /home/zhe/code/soccer_b_ws/src/install/ros2_interfaces/include/ros2_interfaces/msg/robot_twist2_d.h
-- Up-to-date symlink: /home/zhe/code/soccer_b_ws/src/install/ros2_interfaces/include/ros2_interfaces/msg/rosidl_generator_c__visibility_control.h
-- Up-to-date symlink: /home/zhe/code/soccer_b_ws/src/install/ros2_interfaces/share/ros2_interfaces/environment/library_path.sh
-- Up-to-date symlink: /home/zhe/code/soccer_b_ws/src/install/ros2_interfaces/share/ros2_interfaces/environment/library_path.dsv
-- Up-to-date symlink: /home/zhe/code/soccer_b_ws/src/install/ros2_interfaces/include/ros2_interfaces/msg/detail/robot_pose__rosidl_typesupport_fastrtps_c.h
-- Up-to-date symlink: /home/zhe/code/soccer_b_ws/src/install/ros2_interfaces/include/ros2_interfaces/msg/detail/robot_twist2_d__rosidl_typesupport_fastrtps_c.h
-- Up-to-date symlink: /home/zhe/code/soccer_b_ws/src/install/ros2_interfaces/include/ros2_interfaces/msg/rosidl_typesupport_fastrtps_c__visibility_control.h
-- Up-to-date symlink: /home/zhe/code/soccer_b_ws/src/install/ros2_interfaces/lib/libros2_interfaces__rosidl_typesupport_fastrtps_c.so
-- Up-to-date symlink: /home/zhe/code/soccer_b_ws/src/install/ros2_interfaces/include/ros2_interfaces/msg/detail/robot_pose__rosidl_typesupport_fastrtps_cpp.hpp
-- Up-to-date symlink: /home/zhe/code/soccer_b_ws/src/install/ros2_interfaces/include/ros2_interfaces/msg/detail/robot_twist2_d__rosidl_typesupport_fastrtps_cpp.hpp
-- Up-to-date symlink: /home/zhe/code/soccer_b_ws/src/install/ros2_interfaces/include/ros2_interfaces/msg/rosidl_typesupport_fastrtps_cpp__visibility_control.h
-- Up-to-date symlink: /home/zhe/code/soccer_b_ws/src/install/ros2_interfaces/lib/libros2_interfaces__rosidl_typesupport_fastrtps_cpp.so
-- Up-to-date symlink: /home/zhe/code/soccer_b_ws/src/install/ros2_interfaces/include/ros2_interfaces/msg/detail/robot_pose__rosidl_typesupport_introspection_c.h
-- Up-to-date symlink: /home/zhe/code/soccer_b_ws/src/install/ros2_interfaces/include/ros2_interfaces/msg/detail/robot_twist2_d__rosidl_typesupport_introspection_c.h
-- Up-to-date symlink: /home/zhe/code/soccer_b_ws/src/install/ros2_interfaces/include/ros2_interfaces/msg/rosidl_typesupport_introspection_c__visibility_control.h
-- Up-to-date symlink: /home/zhe/code/soccer_b_ws/src/install/ros2_interfaces/include/ros2_interfaces/msg/detail/robot_pose__builder.hpp
-- Up-to-date symlink: /home/zhe/code/soccer_b_ws/src/install/ros2_interfaces/include/ros2_interfaces/msg/detail/robot_pose__struct.hpp
-- Up-to-date symlink: /home/zhe/code/soccer_b_ws/src/install/ros2_interfaces/include/ros2_interfaces/msg/detail/robot_pose__traits.hpp
-- Up-to-date symlink: /home/zhe/code/soccer_b_ws/src/install/ros2_interfaces/include/ros2_interfaces/msg/detail/robot_twist2_d__builder.hpp
-- Up-to-date symlink: /home/zhe/code/soccer_b_ws/src/install/ros2_interfaces/include/ros2_interfaces/msg/detail/robot_twist2_d__struct.hpp
-- Up-to-date symlink: /home/zhe/code/soccer_b_ws/src/install/ros2_interfaces/include/ros2_interfaces/msg/detail/robot_twist2_d__traits.hpp
-- Up-to-date symlink: /home/zhe/code/soccer_b_ws/src/install/ros2_interfaces/include/ros2_interfaces/msg/robot_pose.hpp
-- Up-to-date symlink: /home/zhe/code/soccer_b_ws/src/install/ros2_interfaces/include/ros2_interfaces/msg/robot_twist2_d.hpp
-- Up-to-date symlink: /home/zhe/code/soccer_b_ws/src/install/ros2_interfaces/include/ros2_interfaces/msg/detail/robot_pose__rosidl_typesupport_introspection_cpp.hpp
-- Up-to-date symlink: /home/zhe/code/soccer_b_ws/src/install/ros2_interfaces/include/ros2_interfaces/msg/detail/robot_twist2_d__rosidl_typesupport_introspection_cpp.hpp
-- Up-to-date symlink: /home/zhe/code/soccer_b_ws/src/install/ros2_interfaces/share/ros2_interfaces/environment/pythonpath.sh
-- Up-to-date symlink: /home/zhe/code/soccer_b_ws/src/install/ros2_interfaces/share/ros2_interfaces/environment/pythonpath.dsv
-- Up-to-date symlink: /home/zhe/code/soccer_b_ws/src/install/ros2_interfaces/lib/python3.8/site-packages/ros2_interfaces/__init__.py
-- Up-to-date symlink: /home/zhe/code/soccer_b_ws/src/install/ros2_interfaces/lib/python3.8/site-packages/ros2_interfaces/msg/__init__.py
-- Up-to-date symlink: /home/zhe/code/soccer_b_ws/src/install/ros2_interfaces/lib/python3.8/site-packages/ros2_interfaces/msg/_robot_pose.py
-- Up-to-date symlink: /home/zhe/code/soccer_b_ws/src/install/ros2_interfaces/lib/python3.8/site-packages/ros2_interfaces/msg/_robot_twist2_d.py
-- Up-to-date symlink: /home/zhe/code/soccer_b_ws/src/install/ros2_interfaces/lib/python3.8/site-packages/ros2_interfaces/ros2_interfaces_s__rosidl_typesupport_fastrtps_c.cpython-38-x86_64-linux-gnu.so
-- Up-to-date symlink: /home/zhe/code/soccer_b_ws/src/install/ros2_interfaces/lib/python3.8/site-packages/ros2_interfaces/ros2_interfaces_s__rosidl_typesupport_introspection_c.cpython-38-x86_64-linux-gnu.so
-- Up-to-date symlink: /home/zhe/code/soccer_b_ws/src/install/ros2_interfaces/lib/python3.8/site-packages/ros2_interfaces/ros2_interfaces_s__rosidl_typesupport_c.cpython-38-x86_64-linux-gnu.so
-- Up-to-date symlink: /home/zhe/code/soccer_b_ws/src/install/ros2_interfaces/lib/libros2_interfaces__python.so
-- Up-to-date symlink: /home/zhe/code/soccer_b_ws/src/install/ros2_interfaces/share/ros2_interfaces/msg/RobotPose.idl
-- Up-to-date symlink: /home/zhe/code/soccer_b_ws/src/install/ros2_interfaces/share/ros2_interfaces/msg/RobotTwist2D.idl
-- Up-to-date symlink: /home/zhe/code/soccer_b_ws/src/install/ros2_interfaces/share/ros2_interfaces/msg/RobotPose.msg
-- Up-to-date symlink: /home/zhe/code/soccer_b_ws/src/install/ros2_interfaces/share/ros2_interfaces/msg/RobotTwist2D.msg
-- Up-to-date symlink: /home/zhe/code/soccer_b_ws/src/install/ros2_interfaces/share/ament_index/resource_index/package_run_dependencies/ros2_interfaces
-- Up-to-date symlink: /home/zhe/code/soccer_b_ws/src/install/ros2_interfaces/share/ament_index/resource_index/parent_prefix_path/ros2_interfaces
-- Up-to-date symlink: /home/zhe/code/soccer_b_ws/src/install/ros2_interfaces/share/ros2_interfaces/environment/ament_prefix_path.sh
-- Up-to-date symlink: /home/zhe/code/soccer_b_ws/src/install/ros2_interfaces/share/ros2_interfaces/environment/ament_prefix_path.dsv
-- Up-to-date symlink: /home/zhe/code/soccer_b_ws/src/install/ros2_interfaces/share/ros2_interfaces/environment/path.sh
-- Up-to-date symlink: /home/zhe/code/soccer_b_ws/src/install/ros2_interfaces/share/ros2_interfaces/environment/path.dsv
-- Up-to-date symlink: /home/zhe/code/soccer_b_ws/src/install/ros2_interfaces/share/ros2_interfaces/local_setup.bash
-- Up-to-date symlink: /home/zhe/code/soccer_b_ws/src/install/ros2_interfaces/share/ros2_interfaces/local_setup.sh
-- Up-to-date symlink: /home/zhe/code/soccer_b_ws/src/install/ros2_interfaces/share/ros2_interfaces/local_setup.zsh
-- Up-to-date symlink: /home/zhe/code/soccer_b_ws/src/install/ros2_interfaces/share/ros2_interfaces/local_setup.dsv
-- Symlinking: /home/zhe/code/soccer_b_ws/src/install/ros2_interfaces/share/ros2_interfaces/package.dsv
-- Up-to-date symlink: /home/zhe/code/soccer_b_ws/src/install/ros2_interfaces/share/ament_index/resource_index/packages/ros2_interfaces
-- Up-to-date symlink: /home/zhe/code/soccer_b_ws/src/install/ros2_interfaces/share/ros2_interfaces/cmake/rosidl_cmake-extras.cmake
-- Up-to-date symlink: /home/zhe/code/soccer_b_ws/src/install/ros2_interfaces/share/ros2_interfaces/cmake/ament_cmake_export_dependencies-extras.cmake
-- Up-to-date symlink: /home/zhe/code/soccer_b_ws/src/install/ros2_interfaces/share/ros2_interfaces/cmake/ament_cmake_export_libraries-extras.cmake
-- Up-to-date symlink: /home/zhe/code/soccer_b_ws/src/install/ros2_interfaces/share/ros2_interfaces/cmake/ament_cmake_export_targets-extras.cmake
-- Up-to-date symlink: /home/zhe/code/soccer_b_ws/src/install/ros2_interfaces/share/ros2_interfaces/cmake/ament_cmake_export_include_directories-extras.cmake
-- Up-to-date symlink: /home/zhe/code/soccer_b_ws/src/install/ros2_interfaces/share/ros2_interfaces/cmake/rosidl_cmake_export_typesupport_libraries-extras.cmake
-- Up-to-date symlink: /home/zhe/code/soccer_b_ws/src/install/ros2_interfaces/share/ros2_interfaces/cmake/rosidl_cmake_export_typesupport_targets-extras.cmake
-- Up-to-date symlink: /home/zhe/code/soccer_b_ws/src/install/ros2_interfaces/share/ros2_interfaces/cmake/ros2_interfacesConfig.cmake
-- Up-to-date symlink: /home/zhe/code/soccer_b_ws/src/install/ros2_interfaces/share/ros2_interfaces/cmake/ros2_interfacesConfig-version.cmake
-- Up-to-date symlink: /home/zhe/code/soccer_b_ws/src/install/ros2_interfaces/share/ros2_interfaces/package.xml
-- Up-to-date: /home/zhe/code/soccer_b_ws/src/install/ros2_interfaces/lib/libros2_interfaces__rosidl_generator_c.so
-- Up-to-date: /home/zhe/code/soccer_b_ws/src/install/ros2_interfaces/lib/libros2_interfaces__rosidl_typesupport_introspection_c.so
-- Up-to-date: /home/zhe/code/soccer_b_ws/src/install/ros2_interfaces/lib/libros2_interfaces__rosidl_typesupport_c.so
-- Up-to-date: /home/zhe/code/soccer_b_ws/src/install/ros2_interfaces/lib/libros2_interfaces__rosidl_typesupport_introspection_cpp.so
-- Up-to-date: /home/zhe/code/soccer_b_ws/src/install/ros2_interfaces/lib/libros2_interfaces__rosidl_typesupport_cpp.so
Compiling '/home/zhe/code/soccer_b_ws/src/install/ros2_interfaces/lib/python3.8/site-packages/ros2_interfaces/__init__.py'...
-- Up-to-date: /home/zhe/code/soccer_b_ws/src/install/ros2_interfaces/share/ros2_interfaces/cmake/ros2_interfaces__rosidl_generator_cExport.cmake
-- Installing: /home/zhe/code/soccer_b_ws/src/install/ros2_interfaces/share/ros2_interfaces/cmake/ros2_interfaces__rosidl_generator_cExport-noconfig.cmake
-- Up-to-date: /home/zhe/code/soccer_b_ws/src/install/ros2_interfaces/share/ros2_interfaces/cmake/ros2_interfaces__rosidl_typesupport_introspection_cExport.cmake
-- Installing: /home/zhe/code/soccer_b_ws/src/install/ros2_interfaces/share/ros2_interfaces/cmake/ros2_interfaces__rosidl_typesupport_introspection_cExport-noconfig.cmake
-- Up-to-date: /home/zhe/code/soccer_b_ws/src/install/ros2_interfaces/share/ros2_interfaces/cmake/ros2_interfaces__rosidl_typesupport_cExport.cmake
-- Installing: /home/zhe/code/soccer_b_ws/src/install/ros2_interfaces/share/ros2_interfaces/cmake/ros2_interfaces__rosidl_typesupport_cExport-noconfig.cmake
-- Up-to-date: /home/zhe/code/soccer_b_ws/src/install/ros2_interfaces/share/ros2_interfaces/cmake/ros2_interfaces__rosidl_generator_cppExport.cmake
-- Up-to-date: /home/zhe/code/soccer_b_ws/src/install/ros2_interfaces/share/ros2_interfaces/cmake/ros2_interfaces__rosidl_typesupport_introspection_cppExport.cmake
-- Installing: /home/zhe/code/soccer_b_ws/src/install/ros2_interfaces/share/ros2_interfaces/cmake/ros2_interfaces__rosidl_typesupport_introspection_cppExport-noconfig.cmake
-- Up-to-date: /home/zhe/code/soccer_b_ws/src/install/ros2_interfaces/share/ros2_interfaces/cmake/ros2_interfaces__rosidl_typesupport_cppExport.cmake
-- Installing: /home/zhe/code/soccer_b_ws/src/install/ros2_interfaces/share/ros2_interfaces/cmake/ros2_interfaces__rosidl_typesupport_cppExport-noconfig.cmake
