[0.200s] Invoking command in '/home/zhe/code/soccer_b_ws/src/build/ros2_interfaces': CMAKE_PREFIX_PATH=${CMAKE_PREFIX_PATH}:/home/zhe/code/soccer_b_ws/src/install/vision_test:/home/zhe/code/soccer_b_ws/src/install/test_package:/home/zhe/code/soccer_b_ws/src/install/rm_control:/home/zhe/code/soccer_b_ws/src/install/motion_capture:/home/zhe/code/soccer_b_ws/install/rm_control:/home/zhe/code/soccer_b_ws/install/vision_test:/home/zhe/code/soccer_b_ws/install/test_package:/home/zhe/code/rm_ws/install/robomaster_ros:/home/zhe/code/gy_ws/install/learning_urdf:/home/zhe/code/gy_ws/install/learning_topic:/home/zhe/code/gy_ws/install/learning_tf:/home/zhe/code/gy_ws/install/learning_service:/home/zhe/code/gy_ws/install/learning_qos:/home/zhe/code/gy_ws/install/learning_pkg_python:/home/zhe/code/gy_ws/install/learning_parameter:/home/zhe/code/gy_ws/install/learning_node:/home/zhe/code/gy_ws/install/learning_launch:/home/zhe/code/gy_ws/install/learning_action:/home/zhe/code/gy_ws/install/learning_gazebo:/home/zhe/code/gy_ws/install/learning_cv:/opt/ros/galactic /usr/bin/cmake /home/zhe/code/soccer_b_ws/src/ros2_interfaces -DCMAKE_INSTALL_PREFIX=/home/zhe/code/soccer_b_ws/src/install/ros2_interfaces
[0.208s] -- Found ament_cmake: 1.1.6 (/opt/ros/galactic/share/ament_cmake/cmake)
[0.239s] -- Found PythonInterp: /usr/bin/python3 (found suitable version "3.8.10", minimum required is "3") 
[0.239s] -- Using PYTHON_EXECUTABLE: /usr/bin/python3
[0.291s] -- Override CMake install command with custom implementation using symlinks instead of copying resources
[0.295s] -- Found rosidl_default_generators: 1.1.1 (/opt/ros/galactic/share/rosidl_default_generators/cmake)
[0.298s] -- Using all available rosidl_typesupport_c: rosidl_typesupport_fastrtps_c;rosidl_typesupport_introspection_c
[0.300s] -- Found rosidl_adapter: 2.2.3 (/opt/ros/galactic/share/rosidl_adapter/cmake)
[0.378s] -- Using all available rosidl_typesupport_cpp: rosidl_typesupport_fastrtps_cpp;rosidl_typesupport_introspection_cpp
[0.390s] -- Found geometry_msgs: 2.2.4 (/opt/ros/galactic/share/geometry_msgs/cmake)
[0.458s] -- Found PythonInterp: /usr/bin/python3 (found version "3.8.10") 
[0.585s] -- Found ament_cmake_ros: 0.9.2 (/opt/ros/galactic/share/ament_cmake_ros/cmake)
[0.717s] -- Using all available rosidl_typesupport_c: rosidl_typesupport_fastrtps_c;rosidl_typesupport_introspection_c
[0.775s] -- Using all available rosidl_typesupport_cpp: rosidl_typesupport_fastrtps_cpp;rosidl_typesupport_introspection_cpp
[0.807s] -- Found PythonInterp: /usr/bin/python3 (found suitable version "3.8.10", minimum required is "3.5") 
[0.807s] -- Found python_cmake_module: 0.8.1 (/opt/ros/galactic/share/python_cmake_module/cmake)
[0.836s] -- Using PYTHON_EXECUTABLE: /usr/bin/python3
[0.836s] -- Using PYTHON_INCLUDE_DIRS: /usr/include/python3.8
[0.836s] -- Using PYTHON_LIBRARIES: /usr/lib/x86_64-linux-gnu/libpython3.8.so
[0.872s] -- Found ament_lint_auto: 0.10.7 (/opt/ros/galactic/share/ament_lint_auto/cmake)
[0.878s] -- Added test 'copyright' to check source files copyright and LICENSE
[0.879s] -- Added test 'lint_cmake' to check CMake code style
[0.879s] -- Added test 'xmllint' to check XML markup files
[0.882s] -- Configuring done
[0.908s] -- Generating done
[0.909s] -- Build files have been written to: /home/zhe/code/soccer_b_ws/src/build/ros2_interfaces
[0.913s] Invoked command in '/home/zhe/code/soccer_b_ws/src/build/ros2_interfaces' returned '0': CMAKE_PREFIX_PATH=${CMAKE_PREFIX_PATH}:/home/zhe/code/soccer_b_ws/src/install/vision_test:/home/zhe/code/soccer_b_ws/src/install/test_package:/home/zhe/code/soccer_b_ws/src/install/rm_control:/home/zhe/code/soccer_b_ws/src/install/motion_capture:/home/zhe/code/soccer_b_ws/install/rm_control:/home/zhe/code/soccer_b_ws/install/vision_test:/home/zhe/code/soccer_b_ws/install/test_package:/home/zhe/code/rm_ws/install/robomaster_ros:/home/zhe/code/gy_ws/install/learning_urdf:/home/zhe/code/gy_ws/install/learning_topic:/home/zhe/code/gy_ws/install/learning_tf:/home/zhe/code/gy_ws/install/learning_service:/home/zhe/code/gy_ws/install/learning_qos:/home/zhe/code/gy_ws/install/learning_pkg_python:/home/zhe/code/gy_ws/install/learning_parameter:/home/zhe/code/gy_ws/install/learning_node:/home/zhe/code/gy_ws/install/learning_launch:/home/zhe/code/gy_ws/install/learning_action:/home/zhe/code/gy_ws/install/learning_gazebo:/home/zhe/code/gy_ws/install/learning_cv:/opt/ros/galactic /usr/bin/cmake /home/zhe/code/soccer_b_ws/src/ros2_interfaces -DCMAKE_INSTALL_PREFIX=/home/zhe/code/soccer_b_ws/src/install/ros2_interfaces
[0.915s] Invoking command in '/home/zhe/code/soccer_b_ws/src/build/ros2_interfaces': CMAKE_PREFIX_PATH=${CMAKE_PREFIX_PATH}:/home/zhe/code/soccer_b_ws/src/install/vision_test:/home/zhe/code/soccer_b_ws/src/install/test_package:/home/zhe/code/soccer_b_ws/src/install/rm_control:/home/zhe/code/soccer_b_ws/src/install/motion_capture:/home/zhe/code/soccer_b_ws/install/rm_control:/home/zhe/code/soccer_b_ws/install/vision_test:/home/zhe/code/soccer_b_ws/install/test_package:/home/zhe/code/rm_ws/install/robomaster_ros:/home/zhe/code/gy_ws/install/learning_urdf:/home/zhe/code/gy_ws/install/learning_topic:/home/zhe/code/gy_ws/install/learning_tf:/home/zhe/code/gy_ws/install/learning_service:/home/zhe/code/gy_ws/install/learning_qos:/home/zhe/code/gy_ws/install/learning_pkg_python:/home/zhe/code/gy_ws/install/learning_parameter:/home/zhe/code/gy_ws/install/learning_node:/home/zhe/code/gy_ws/install/learning_launch:/home/zhe/code/gy_ws/install/learning_action:/home/zhe/code/gy_ws/install/learning_gazebo:/home/zhe/code/gy_ws/install/learning_cv:/opt/ros/galactic /usr/bin/cmake --build /home/zhe/code/soccer_b_ws/src/build/ros2_interfaces -- -j12 -l12
[0.944s] [  2%] Built target ros2_interfaces__cpp
[0.945s] [ 12%] Built target ros2_interfaces__rosidl_generator_c
[0.958s] [ 30%] Built target ros2_interfaces__rosidl_typesupport_introspection_cpp
[0.958s] [ 33%] Built target ros2_interfaces__rosidl_typesupport_cpp
[0.958s] [ 43%] Built target ros2_interfaces__rosidl_typesupport_c
[0.959s] [ 53%] Built target ros2_interfaces__rosidl_typesupport_introspection_c
[0.959s] [ 64%] Built target ros2_interfaces__rosidl_typesupport_fastrtps_cpp
[0.974s] [ 74%] Built target ros2_interfaces__rosidl_typesupport_fastrtps_c
[0.984s] [ 74%] Built target ros2_interfaces
[0.995s] [ 76%] Built target ros2_interfaces__py
[1.009s] [ 84%] Built target ros2_interfaces__python
[1.024s] [ 94%] Built target ros2_interfaces__rosidl_typesupport_c__pyext
[1.024s] [ 94%] Built target ros2_interfaces__rosidl_typesupport_fastrtps_c__pyext
[1.024s] [100%] Built target ros2_interfaces__rosidl_typesupport_introspection_c__pyext
[1.030s] Invoked command in '/home/zhe/code/soccer_b_ws/src/build/ros2_interfaces' returned '0': CMAKE_PREFIX_PATH=${CMAKE_PREFIX_PATH}:/home/zhe/code/soccer_b_ws/src/install/vision_test:/home/zhe/code/soccer_b_ws/src/install/test_package:/home/zhe/code/soccer_b_ws/src/install/rm_control:/home/zhe/code/soccer_b_ws/src/install/motion_capture:/home/zhe/code/soccer_b_ws/install/rm_control:/home/zhe/code/soccer_b_ws/install/vision_test:/home/zhe/code/soccer_b_ws/install/test_package:/home/zhe/code/rm_ws/install/robomaster_ros:/home/zhe/code/gy_ws/install/learning_urdf:/home/zhe/code/gy_ws/install/learning_topic:/home/zhe/code/gy_ws/install/learning_tf:/home/zhe/code/gy_ws/install/learning_service:/home/zhe/code/gy_ws/install/learning_qos:/home/zhe/code/gy_ws/install/learning_pkg_python:/home/zhe/code/gy_ws/install/learning_parameter:/home/zhe/code/gy_ws/install/learning_node:/home/zhe/code/gy_ws/install/learning_launch:/home/zhe/code/gy_ws/install/learning_action:/home/zhe/code/gy_ws/install/learning_gazebo:/home/zhe/code/gy_ws/install/learning_cv:/opt/ros/galactic /usr/bin/cmake --build /home/zhe/code/soccer_b_ws/src/build/ros2_interfaces -- -j12 -l12
[1.069s] Invoking command in '/home/zhe/code/soccer_b_ws/src/build/ros2_interfaces': CMAKE_PREFIX_PATH=${CMAKE_PREFIX_PATH}:/home/zhe/code/soccer_b_ws/src/install/vision_test:/home/zhe/code/soccer_b_ws/src/install/test_package:/home/zhe/code/soccer_b_ws/src/install/rm_control:/home/zhe/code/soccer_b_ws/src/install/motion_capture:/home/zhe/code/soccer_b_ws/install/rm_control:/home/zhe/code/soccer_b_ws/install/vision_test:/home/zhe/code/soccer_b_ws/install/test_package:/home/zhe/code/rm_ws/install/robomaster_ros:/home/zhe/code/gy_ws/install/learning_urdf:/home/zhe/code/gy_ws/install/learning_topic:/home/zhe/code/gy_ws/install/learning_tf:/home/zhe/code/gy_ws/install/learning_service:/home/zhe/code/gy_ws/install/learning_qos:/home/zhe/code/gy_ws/install/learning_pkg_python:/home/zhe/code/gy_ws/install/learning_parameter:/home/zhe/code/gy_ws/install/learning_node:/home/zhe/code/gy_ws/install/learning_launch:/home/zhe/code/gy_ws/install/learning_action:/home/zhe/code/gy_ws/install/learning_gazebo:/home/zhe/code/gy_ws/install/learning_cv:/opt/ros/galactic /usr/bin/cmake --install /home/zhe/code/soccer_b_ws/src/build/ros2_interfaces
[1.074s] -- Install configuration: ""
[1.074s] -- Execute custom install script
[1.075s] -- Up-to-date symlink: /home/zhe/code/soccer_b_ws/src/install/ros2_interfaces/share/ament_index/resource_index/rosidl_interfaces/ros2_interfaces
[1.075s] -- Up-to-date symlink: /home/zhe/code/soccer_b_ws/src/install/ros2_interfaces/include/ros2_interfaces/msg/detail/robot_pose__functions.h
[1.075s] -- Up-to-date symlink: /home/zhe/code/soccer_b_ws/src/install/ros2_interfaces/include/ros2_interfaces/msg/detail/robot_pose__struct.h
[1.075s] -- Up-to-date symlink: /home/zhe/code/soccer_b_ws/src/install/ros2_interfaces/include/ros2_interfaces/msg/detail/robot_pose__type_support.h
[1.075s] -- Up-to-date symlink: /home/zhe/code/soccer_b_ws/src/install/ros2_interfaces/include/ros2_interfaces/msg/detail/robot_twist2_d__functions.h
[1.075s] -- Up-to-date symlink: /home/zhe/code/soccer_b_ws/src/install/ros2_interfaces/include/ros2_interfaces/msg/detail/robot_twist2_d__struct.h
[1.075s] -- Up-to-date symlink: /home/zhe/code/soccer_b_ws/src/install/ros2_interfaces/include/ros2_interfaces/msg/detail/robot_twist2_d__type_support.h
[1.075s] -- Up-to-date symlink: /home/zhe/code/soccer_b_ws/src/install/ros2_interfaces/include/ros2_interfaces/msg/robot_pose.h
[1.075s] -- Up-to-date symlink: /home/zhe/code/soccer_b_ws/src/install/ros2_interfaces/include/ros2_interfaces/msg/robot_twist2_d.h
[1.076s] -- Up-to-date symlink: /home/zhe/code/soccer_b_ws/src/install/ros2_interfaces/include/ros2_interfaces/msg/rosidl_generator_c__visibility_control.h
[1.076s] -- Up-to-date symlink: /home/zhe/code/soccer_b_ws/src/install/ros2_interfaces/share/ros2_interfaces/environment/library_path.sh
[1.076s] -- Up-to-date symlink: /home/zhe/code/soccer_b_ws/src/install/ros2_interfaces/share/ros2_interfaces/environment/library_path.dsv
[1.076s] -- Up-to-date symlink: /home/zhe/code/soccer_b_ws/src/install/ros2_interfaces/include/ros2_interfaces/msg/detail/robot_pose__rosidl_typesupport_fastrtps_c.h
[1.076s] -- Up-to-date symlink: /home/zhe/code/soccer_b_ws/src/install/ros2_interfaces/include/ros2_interfaces/msg/detail/robot_twist2_d__rosidl_typesupport_fastrtps_c.h
[1.076s] -- Up-to-date symlink: /home/zhe/code/soccer_b_ws/src/install/ros2_interfaces/include/ros2_interfaces/msg/rosidl_typesupport_fastrtps_c__visibility_control.h
[1.076s] -- Up-to-date symlink: /home/zhe/code/soccer_b_ws/src/install/ros2_interfaces/lib/libros2_interfaces__rosidl_typesupport_fastrtps_c.so
[1.077s] -- Up-to-date symlink: /home/zhe/code/soccer_b_ws/src/install/ros2_interfaces/include/ros2_interfaces/msg/detail/robot_pose__rosidl_typesupport_fastrtps_cpp.hpp
[1.077s] -- Up-to-date symlink: /home/zhe/code/soccer_b_ws/src/install/ros2_interfaces/include/ros2_interfaces/msg/detail/robot_twist2_d__rosidl_typesupport_fastrtps_cpp.hpp
[1.077s] -- Up-to-date symlink: /home/zhe/code/soccer_b_ws/src/install/ros2_interfaces/include/ros2_interfaces/msg/rosidl_typesupport_fastrtps_cpp__visibility_control.h
[1.077s] -- Up-to-date symlink: /home/zhe/code/soccer_b_ws/src/install/ros2_interfaces/lib/libros2_interfaces__rosidl_typesupport_fastrtps_cpp.so
[1.077s] -- Up-to-date symlink: /home/zhe/code/soccer_b_ws/src/install/ros2_interfaces/include/ros2_interfaces/msg/detail/robot_pose__rosidl_typesupport_introspection_c.h
[1.077s] -- Up-to-date symlink: /home/zhe/code/soccer_b_ws/src/install/ros2_interfaces/include/ros2_interfaces/msg/detail/robot_twist2_d__rosidl_typesupport_introspection_c.h
[1.078s] -- Up-to-date symlink: /home/zhe/code/soccer_b_ws/src/install/ros2_interfaces/include/ros2_interfaces/msg/rosidl_typesupport_introspection_c__visibility_control.h
[1.078s] -- Up-to-date symlink: /home/zhe/code/soccer_b_ws/src/install/ros2_interfaces/include/ros2_interfaces/msg/detail/robot_pose__builder.hpp
[1.078s] -- Up-to-date symlink: /home/zhe/code/soccer_b_ws/src/install/ros2_interfaces/include/ros2_interfaces/msg/detail/robot_pose__struct.hpp
[1.078s] -- Up-to-date symlink: /home/zhe/code/soccer_b_ws/src/install/ros2_interfaces/include/ros2_interfaces/msg/detail/robot_pose__traits.hpp
[1.078s] -- Up-to-date symlink: /home/zhe/code/soccer_b_ws/src/install/ros2_interfaces/include/ros2_interfaces/msg/detail/robot_twist2_d__builder.hpp
[1.078s] -- Up-to-date symlink: /home/zhe/code/soccer_b_ws/src/install/ros2_interfaces/include/ros2_interfaces/msg/detail/robot_twist2_d__struct.hpp
[1.078s] -- Up-to-date symlink: /home/zhe/code/soccer_b_ws/src/install/ros2_interfaces/include/ros2_interfaces/msg/detail/robot_twist2_d__traits.hpp
[1.078s] -- Up-to-date symlink: /home/zhe/code/soccer_b_ws/src/install/ros2_interfaces/include/ros2_interfaces/msg/robot_pose.hpp
[1.078s] -- Up-to-date symlink: /home/zhe/code/soccer_b_ws/src/install/ros2_interfaces/include/ros2_interfaces/msg/robot_twist2_d.hpp
[1.079s] -- Up-to-date symlink: /home/zhe/code/soccer_b_ws/src/install/ros2_interfaces/include/ros2_interfaces/msg/detail/robot_pose__rosidl_typesupport_introspection_cpp.hpp
[1.079s] -- Up-to-date symlink: /home/zhe/code/soccer_b_ws/src/install/ros2_interfaces/include/ros2_interfaces/msg/detail/robot_twist2_d__rosidl_typesupport_introspection_cpp.hpp
[1.079s] -- Up-to-date symlink: /home/zhe/code/soccer_b_ws/src/install/ros2_interfaces/share/ros2_interfaces/environment/pythonpath.sh
[1.079s] -- Up-to-date symlink: /home/zhe/code/soccer_b_ws/src/install/ros2_interfaces/share/ros2_interfaces/environment/pythonpath.dsv
[1.079s] -- Up-to-date symlink: /home/zhe/code/soccer_b_ws/src/install/ros2_interfaces/lib/python3.8/site-packages/ros2_interfaces/__init__.py
[1.079s] -- Up-to-date symlink: /home/zhe/code/soccer_b_ws/src/install/ros2_interfaces/lib/python3.8/site-packages/ros2_interfaces/msg/__init__.py
[1.079s] -- Up-to-date symlink: /home/zhe/code/soccer_b_ws/src/install/ros2_interfaces/lib/python3.8/site-packages/ros2_interfaces/msg/_robot_pose.py
[1.079s] -- Up-to-date symlink: /home/zhe/code/soccer_b_ws/src/install/ros2_interfaces/lib/python3.8/site-packages/ros2_interfaces/msg/_robot_twist2_d.py
[1.080s] -- Up-to-date symlink: /home/zhe/code/soccer_b_ws/src/install/ros2_interfaces/lib/python3.8/site-packages/ros2_interfaces/ros2_interfaces_s__rosidl_typesupport_fastrtps_c.cpython-38-x86_64-linux-gnu.so
[1.080s] -- Up-to-date symlink: /home/zhe/code/soccer_b_ws/src/install/ros2_interfaces/lib/python3.8/site-packages/ros2_interfaces/ros2_interfaces_s__rosidl_typesupport_introspection_c.cpython-38-x86_64-linux-gnu.so
[1.080s] -- Up-to-date symlink: /home/zhe/code/soccer_b_ws/src/install/ros2_interfaces/lib/python3.8/site-packages/ros2_interfaces/ros2_interfaces_s__rosidl_typesupport_c.cpython-38-x86_64-linux-gnu.so
[1.080s] -- Up-to-date symlink: /home/zhe/code/soccer_b_ws/src/install/ros2_interfaces/lib/libros2_interfaces__python.so
[1.080s] -- Up-to-date symlink: /home/zhe/code/soccer_b_ws/src/install/ros2_interfaces/share/ros2_interfaces/msg/RobotPose.idl
[1.081s] -- Up-to-date symlink: /home/zhe/code/soccer_b_ws/src/install/ros2_interfaces/share/ros2_interfaces/msg/RobotTwist2D.idl
[1.081s] -- Up-to-date symlink: /home/zhe/code/soccer_b_ws/src/install/ros2_interfaces/share/ros2_interfaces/msg/RobotPose.msg
[1.081s] -- Up-to-date symlink: /home/zhe/code/soccer_b_ws/src/install/ros2_interfaces/share/ros2_interfaces/msg/RobotTwist2D.msg
[1.081s] -- Up-to-date symlink: /home/zhe/code/soccer_b_ws/src/install/ros2_interfaces/share/ament_index/resource_index/package_run_dependencies/ros2_interfaces
[1.081s] -- Up-to-date symlink: /home/zhe/code/soccer_b_ws/src/install/ros2_interfaces/share/ament_index/resource_index/parent_prefix_path/ros2_interfaces
[1.081s] -- Up-to-date symlink: /home/zhe/code/soccer_b_ws/src/install/ros2_interfaces/share/ros2_interfaces/environment/ament_prefix_path.sh
[1.081s] -- Up-to-date symlink: /home/zhe/code/soccer_b_ws/src/install/ros2_interfaces/share/ros2_interfaces/environment/ament_prefix_path.dsv
[1.081s] -- Up-to-date symlink: /home/zhe/code/soccer_b_ws/src/install/ros2_interfaces/share/ros2_interfaces/environment/path.sh
[1.082s] -- Up-to-date symlink: /home/zhe/code/soccer_b_ws/src/install/ros2_interfaces/share/ros2_interfaces/environment/path.dsv
[1.082s] -- Up-to-date symlink: /home/zhe/code/soccer_b_ws/src/install/ros2_interfaces/share/ros2_interfaces/local_setup.bash
[1.082s] -- Up-to-date symlink: /home/zhe/code/soccer_b_ws/src/install/ros2_interfaces/share/ros2_interfaces/local_setup.sh
[1.082s] -- Up-to-date symlink: /home/zhe/code/soccer_b_ws/src/install/ros2_interfaces/share/ros2_interfaces/local_setup.zsh
[1.082s] -- Up-to-date symlink: /home/zhe/code/soccer_b_ws/src/install/ros2_interfaces/share/ros2_interfaces/local_setup.dsv
[1.082s] -- Symlinking: /home/zhe/code/soccer_b_ws/src/install/ros2_interfaces/share/ros2_interfaces/package.dsv
[1.087s] -- Up-to-date symlink: /home/zhe/code/soccer_b_ws/src/install/ros2_interfaces/share/ament_index/resource_index/packages/ros2_interfaces
[1.087s] -- Up-to-date symlink: /home/zhe/code/soccer_b_ws/src/install/ros2_interfaces/share/ros2_interfaces/cmake/rosidl_cmake-extras.cmake
[1.087s] -- Up-to-date symlink: /home/zhe/code/soccer_b_ws/src/install/ros2_interfaces/share/ros2_interfaces/cmake/ament_cmake_export_dependencies-extras.cmake
[1.087s] -- Up-to-date symlink: /home/zhe/code/soccer_b_ws/src/install/ros2_interfaces/share/ros2_interfaces/cmake/ament_cmake_export_libraries-extras.cmake
[1.088s] -- Up-to-date symlink: /home/zhe/code/soccer_b_ws/src/install/ros2_interfaces/share/ros2_interfaces/cmake/ament_cmake_export_targets-extras.cmake
[1.088s] -- Up-to-date symlink: /home/zhe/code/soccer_b_ws/src/install/ros2_interfaces/share/ros2_interfaces/cmake/ament_cmake_export_include_directories-extras.cmake
[1.088s] -- Up-to-date symlink: /home/zhe/code/soccer_b_ws/src/install/ros2_interfaces/share/ros2_interfaces/cmake/rosidl_cmake_export_typesupport_libraries-extras.cmake
[1.088s] -- Up-to-date symlink: /home/zhe/code/soccer_b_ws/src/install/ros2_interfaces/share/ros2_interfaces/cmake/rosidl_cmake_export_typesupport_targets-extras.cmake
[1.088s] -- Up-to-date symlink: /home/zhe/code/soccer_b_ws/src/install/ros2_interfaces/share/ros2_interfaces/cmake/ros2_interfacesConfig.cmake
[1.088s] -- Up-to-date symlink: /home/zhe/code/soccer_b_ws/src/install/ros2_interfaces/share/ros2_interfaces/cmake/ros2_interfacesConfig-version.cmake
[1.088s] -- Up-to-date symlink: /home/zhe/code/soccer_b_ws/src/install/ros2_interfaces/share/ros2_interfaces/package.xml
[1.088s] -- Up-to-date: /home/zhe/code/soccer_b_ws/src/install/ros2_interfaces/lib/libros2_interfaces__rosidl_generator_c.so
[1.089s] -- Up-to-date: /home/zhe/code/soccer_b_ws/src/install/ros2_interfaces/lib/libros2_interfaces__rosidl_typesupport_introspection_c.so
[1.089s] -- Up-to-date: /home/zhe/code/soccer_b_ws/src/install/ros2_interfaces/lib/libros2_interfaces__rosidl_typesupport_c.so
[1.089s] -- Up-to-date: /home/zhe/code/soccer_b_ws/src/install/ros2_interfaces/lib/libros2_interfaces__rosidl_typesupport_introspection_cpp.so
[1.089s] -- Up-to-date: /home/zhe/code/soccer_b_ws/src/install/ros2_interfaces/lib/libros2_interfaces__rosidl_typesupport_cpp.so
[1.125s] Compiling '/home/zhe/code/soccer_b_ws/src/install/ros2_interfaces/lib/python3.8/site-packages/ros2_interfaces/__init__.py'...
[1.127s] -- Up-to-date: /home/zhe/code/soccer_b_ws/src/install/ros2_interfaces/share/ros2_interfaces/cmake/ros2_interfaces__rosidl_generator_cExport.cmake
[1.127s] -- Installing: /home/zhe/code/soccer_b_ws/src/install/ros2_interfaces/share/ros2_interfaces/cmake/ros2_interfaces__rosidl_generator_cExport-noconfig.cmake
[1.127s] -- Up-to-date: /home/zhe/code/soccer_b_ws/src/install/ros2_interfaces/share/ros2_interfaces/cmake/ros2_interfaces__rosidl_typesupport_introspection_cExport.cmake
[1.127s] -- Installing: /home/zhe/code/soccer_b_ws/src/install/ros2_interfaces/share/ros2_interfaces/cmake/ros2_interfaces__rosidl_typesupport_introspection_cExport-noconfig.cmake
[1.127s] -- Up-to-date: /home/zhe/code/soccer_b_ws/src/install/ros2_interfaces/share/ros2_interfaces/cmake/ros2_interfaces__rosidl_typesupport_cExport.cmake
[1.127s] -- Installing: /home/zhe/code/soccer_b_ws/src/install/ros2_interfaces/share/ros2_interfaces/cmake/ros2_interfaces__rosidl_typesupport_cExport-noconfig.cmake
[1.127s] -- Up-to-date: /home/zhe/code/soccer_b_ws/src/install/ros2_interfaces/share/ros2_interfaces/cmake/ros2_interfaces__rosidl_generator_cppExport.cmake
[1.127s] -- Up-to-date: /home/zhe/code/soccer_b_ws/src/install/ros2_interfaces/share/ros2_interfaces/cmake/ros2_interfaces__rosidl_typesupport_introspection_cppExport.cmake
[1.127s] -- Installing: /home/zhe/code/soccer_b_ws/src/install/ros2_interfaces/share/ros2_interfaces/cmake/ros2_interfaces__rosidl_typesupport_introspection_cppExport-noconfig.cmake
[1.127s] -- Up-to-date: /home/zhe/code/soccer_b_ws/src/install/ros2_interfaces/share/ros2_interfaces/cmake/ros2_interfaces__rosidl_typesupport_cppExport.cmake
[1.128s] -- Installing: /home/zhe/code/soccer_b_ws/src/install/ros2_interfaces/share/ros2_interfaces/cmake/ros2_interfaces__rosidl_typesupport_cppExport-noconfig.cmake
[1.129s] Invoked command in '/home/zhe/code/soccer_b_ws/src/build/ros2_interfaces' returned '0': CMAKE_PREFIX_PATH=${CMAKE_PREFIX_PATH}:/home/zhe/code/soccer_b_ws/src/install/vision_test:/home/zhe/code/soccer_b_ws/src/install/test_package:/home/zhe/code/soccer_b_ws/src/install/rm_control:/home/zhe/code/soccer_b_ws/src/install/motion_capture:/home/zhe/code/soccer_b_ws/install/rm_control:/home/zhe/code/soccer_b_ws/install/vision_test:/home/zhe/code/soccer_b_ws/install/test_package:/home/zhe/code/rm_ws/install/robomaster_ros:/home/zhe/code/gy_ws/install/learning_urdf:/home/zhe/code/gy_ws/install/learning_topic:/home/zhe/code/gy_ws/install/learning_tf:/home/zhe/code/gy_ws/install/learning_service:/home/zhe/code/gy_ws/install/learning_qos:/home/zhe/code/gy_ws/install/learning_pkg_python:/home/zhe/code/gy_ws/install/learning_parameter:/home/zhe/code/gy_ws/install/learning_node:/home/zhe/code/gy_ws/install/learning_launch:/home/zhe/code/gy_ws/install/learning_action:/home/zhe/code/gy_ws/install/learning_gazebo:/home/zhe/code/gy_ws/install/learning_cv:/opt/ros/galactic /usr/bin/cmake --install /home/zhe/code/soccer_b_ws/src/build/ros2_interfaces
