[0.419s] Invoking command in '/home/zhe/code/soccer_b_ws/src/build/ros2_interfaces': CMAKE_PREFIX_PATH=${CMAKE_PREFIX_PATH}:/home/zhe/code/soccer_b_ws/src/install/vision_test:/home/zhe/code/soccer_b_ws/src/install/test_package:/home/zhe/code/soccer_b_ws/src/install/rm_control:/home/zhe/code/soccer_b_ws/src/install/motion_capture:/home/zhe/code/soccer_b_ws/install/rm_control:/home/zhe/code/soccer_b_ws/install/vision_test:/home/zhe/code/soccer_b_ws/install/test_package:/home/zhe/code/rm_ws/install/robomaster_ros:/home/zhe/code/gy_ws/install/learning_urdf:/home/zhe/code/gy_ws/install/learning_topic:/home/zhe/code/gy_ws/install/learning_tf:/home/zhe/code/gy_ws/install/learning_service:/home/zhe/code/gy_ws/install/learning_qos:/home/zhe/code/gy_ws/install/learning_pkg_python:/home/zhe/code/gy_ws/install/learning_parameter:/home/zhe/code/gy_ws/install/learning_node:/home/zhe/code/gy_ws/install/learning_launch:/home/zhe/code/gy_ws/install/learning_action:/home/zhe/code/gy_ws/install/learning_gazebo:/home/zhe/code/gy_ws/install/learning_cv:/opt/ros/galactic /usr/bin/cmake /home/zhe/code/soccer_b_ws/src/ros2_interfaces -DCMAKE_INSTALL_PREFIX=/home/zhe/code/soccer_b_ws/src/install/ros2_interfaces
[0.427s] -- Found ament_cmake: 1.1.6 (/opt/ros/galactic/share/ament_cmake/cmake)
[0.457s] -- Found PythonInterp: /usr/bin/python3 (found suitable version "3.8.10", minimum required is "3") 
[0.457s] -- Using PYTHON_EXECUTABLE: /usr/bin/python3
[0.511s] -- Override CMake install command with custom implementation using symlinks instead of copying resources
[0.514s] -- Found rosidl_default_generators: 1.1.1 (/opt/ros/galactic/share/rosidl_default_generators/cmake)
[0.518s] -- Using all available rosidl_typesupport_c: rosidl_typesupport_fastrtps_c;rosidl_typesupport_introspection_c
[0.520s] -- Found rosidl_adapter: 2.2.3 (/opt/ros/galactic/share/rosidl_adapter/cmake)
[0.602s] -- Using all available rosidl_typesupport_cpp: rosidl_typesupport_fastrtps_cpp;rosidl_typesupport_introspection_cpp
[0.614s] -- Found geometry_msgs: 2.2.4 (/opt/ros/galactic/share/geometry_msgs/cmake)
[0.686s] -- Found PythonInterp: /usr/bin/python3 (found version "3.8.10") 
[0.820s] -- Found ament_cmake_ros: 0.9.2 (/opt/ros/galactic/share/ament_cmake_ros/cmake)
[0.959s] -- Using all available rosidl_typesupport_c: rosidl_typesupport_fastrtps_c;rosidl_typesupport_introspection_c
[1.022s] -- Using all available rosidl_typesupport_cpp: rosidl_typesupport_fastrtps_cpp;rosidl_typesupport_introspection_cpp
[1.056s] -- Found PythonInterp: /usr/bin/python3 (found suitable version "3.8.10", minimum required is "3.5") 
[1.056s] -- Found python_cmake_module: 0.8.1 (/opt/ros/galactic/share/python_cmake_module/cmake)
[1.086s] -- Using PYTHON_EXECUTABLE: /usr/bin/python3
[1.086s] -- Using PYTHON_INCLUDE_DIRS: /usr/include/python3.8
[1.086s] -- Using PYTHON_LIBRARIES: /usr/lib/x86_64-linux-gnu/libpython3.8.so
[1.123s] -- Found ament_lint_auto: 0.10.7 (/opt/ros/galactic/share/ament_lint_auto/cmake)
[1.129s] -- Added test 'copyright' to check source files copyright and LICENSE
[1.130s] -- Added test 'lint_cmake' to check CMake code style
[1.131s] -- Added test 'xmllint' to check XML markup files
[1.133s] -- Configuring done
[1.162s] -- Generating done
[1.164s] -- Build files have been written to: /home/zhe/code/soccer_b_ws/src/build/ros2_interfaces
[1.170s] Invoked command in '/home/zhe/code/soccer_b_ws/src/build/ros2_interfaces' returned '0': CMAKE_PREFIX_PATH=${CMAKE_PREFIX_PATH}:/home/zhe/code/soccer_b_ws/src/install/vision_test:/home/zhe/code/soccer_b_ws/src/install/test_package:/home/zhe/code/soccer_b_ws/src/install/rm_control:/home/zhe/code/soccer_b_ws/src/install/motion_capture:/home/zhe/code/soccer_b_ws/install/rm_control:/home/zhe/code/soccer_b_ws/install/vision_test:/home/zhe/code/soccer_b_ws/install/test_package:/home/zhe/code/rm_ws/install/robomaster_ros:/home/zhe/code/gy_ws/install/learning_urdf:/home/zhe/code/gy_ws/install/learning_topic:/home/zhe/code/gy_ws/install/learning_tf:/home/zhe/code/gy_ws/install/learning_service:/home/zhe/code/gy_ws/install/learning_qos:/home/zhe/code/gy_ws/install/learning_pkg_python:/home/zhe/code/gy_ws/install/learning_parameter:/home/zhe/code/gy_ws/install/learning_node:/home/zhe/code/gy_ws/install/learning_launch:/home/zhe/code/gy_ws/install/learning_action:/home/zhe/code/gy_ws/install/learning_gazebo:/home/zhe/code/gy_ws/install/learning_cv:/opt/ros/galactic /usr/bin/cmake /home/zhe/code/soccer_b_ws/src/ros2_interfaces -DCMAKE_INSTALL_PREFIX=/home/zhe/code/soccer_b_ws/src/install/ros2_interfaces
[1.170s] Invoking command in '/home/zhe/code/soccer_b_ws/src/build/ros2_interfaces': CMAKE_PREFIX_PATH=${CMAKE_PREFIX_PATH}:/home/zhe/code/soccer_b_ws/src/install/vision_test:/home/zhe/code/soccer_b_ws/src/install/test_package:/home/zhe/code/soccer_b_ws/src/install/rm_control:/home/zhe/code/soccer_b_ws/src/install/motion_capture:/home/zhe/code/soccer_b_ws/install/rm_control:/home/zhe/code/soccer_b_ws/install/vision_test:/home/zhe/code/soccer_b_ws/install/test_package:/home/zhe/code/rm_ws/install/robomaster_ros:/home/zhe/code/gy_ws/install/learning_urdf:/home/zhe/code/gy_ws/install/learning_topic:/home/zhe/code/gy_ws/install/learning_tf:/home/zhe/code/gy_ws/install/learning_service:/home/zhe/code/gy_ws/install/learning_qos:/home/zhe/code/gy_ws/install/learning_pkg_python:/home/zhe/code/gy_ws/install/learning_parameter:/home/zhe/code/gy_ws/install/learning_node:/home/zhe/code/gy_ws/install/learning_launch:/home/zhe/code/gy_ws/install/learning_action:/home/zhe/code/gy_ws/install/learning_gazebo:/home/zhe/code/gy_ws/install/learning_cv:/opt/ros/galactic /usr/bin/cmake --build /home/zhe/code/soccer_b_ws/src/build/ros2_interfaces -- -j12 -l12
[1.199s] [  2%] Built target ros2_interfaces__cpp
[1.201s] [ 12%] Built target ros2_interfaces__rosidl_generator_c
[1.214s] [ 30%] Built target ros2_interfaces__rosidl_typesupport_c
[1.214s] [ 33%] Built target ros2_interfaces__rosidl_typesupport_cpp
[1.215s] [ 43%] Built target ros2_interfaces__rosidl_typesupport_introspection_c
[1.216s] [ 53%] Built target ros2_interfaces__rosidl_typesupport_fastrtps_cpp
[1.217s] [ 64%] Built target ros2_interfaces__rosidl_typesupport_introspection_cpp
[1.231s] [ 74%] Built target ros2_interfaces__rosidl_typesupport_fastrtps_c
[1.242s] [ 74%] Built target ros2_interfaces
[1.253s] [ 76%] Built target ros2_interfaces__py
[1.268s] [ 84%] Built target ros2_interfaces__python
[1.284s] [ 89%] Built target ros2_interfaces__rosidl_typesupport_introspection_c__pyext
[1.285s] [ 97%] Built target ros2_interfaces__rosidl_typesupport_fastrtps_c__pyext
[1.285s] [100%] Built target ros2_interfaces__rosidl_typesupport_c__pyext
[1.291s] Invoked command in '/home/zhe/code/soccer_b_ws/src/build/ros2_interfaces' returned '0': CMAKE_PREFIX_PATH=${CMAKE_PREFIX_PATH}:/home/zhe/code/soccer_b_ws/src/install/vision_test:/home/zhe/code/soccer_b_ws/src/install/test_package:/home/zhe/code/soccer_b_ws/src/install/rm_control:/home/zhe/code/soccer_b_ws/src/install/motion_capture:/home/zhe/code/soccer_b_ws/install/rm_control:/home/zhe/code/soccer_b_ws/install/vision_test:/home/zhe/code/soccer_b_ws/install/test_package:/home/zhe/code/rm_ws/install/robomaster_ros:/home/zhe/code/gy_ws/install/learning_urdf:/home/zhe/code/gy_ws/install/learning_topic:/home/zhe/code/gy_ws/install/learning_tf:/home/zhe/code/gy_ws/install/learning_service:/home/zhe/code/gy_ws/install/learning_qos:/home/zhe/code/gy_ws/install/learning_pkg_python:/home/zhe/code/gy_ws/install/learning_parameter:/home/zhe/code/gy_ws/install/learning_node:/home/zhe/code/gy_ws/install/learning_launch:/home/zhe/code/gy_ws/install/learning_action:/home/zhe/code/gy_ws/install/learning_gazebo:/home/zhe/code/gy_ws/install/learning_cv:/opt/ros/galactic /usr/bin/cmake --build /home/zhe/code/soccer_b_ws/src/build/ros2_interfaces -- -j12 -l12
[1.334s] Invoking command in '/home/zhe/code/soccer_b_ws/src/build/ros2_interfaces': CMAKE_PREFIX_PATH=${CMAKE_PREFIX_PATH}:/home/zhe/code/soccer_b_ws/src/install/vision_test:/home/zhe/code/soccer_b_ws/src/install/test_package:/home/zhe/code/soccer_b_ws/src/install/rm_control:/home/zhe/code/soccer_b_ws/src/install/motion_capture:/home/zhe/code/soccer_b_ws/install/rm_control:/home/zhe/code/soccer_b_ws/install/vision_test:/home/zhe/code/soccer_b_ws/install/test_package:/home/zhe/code/rm_ws/install/robomaster_ros:/home/zhe/code/gy_ws/install/learning_urdf:/home/zhe/code/gy_ws/install/learning_topic:/home/zhe/code/gy_ws/install/learning_tf:/home/zhe/code/gy_ws/install/learning_service:/home/zhe/code/gy_ws/install/learning_qos:/home/zhe/code/gy_ws/install/learning_pkg_python:/home/zhe/code/gy_ws/install/learning_parameter:/home/zhe/code/gy_ws/install/learning_node:/home/zhe/code/gy_ws/install/learning_launch:/home/zhe/code/gy_ws/install/learning_action:/home/zhe/code/gy_ws/install/learning_gazebo:/home/zhe/code/gy_ws/install/learning_cv:/opt/ros/galactic /usr/bin/cmake --install /home/zhe/code/soccer_b_ws/src/build/ros2_interfaces
[1.339s] -- Install configuration: ""
[1.340s] -- Execute custom install script
[1.340s] -- Up-to-date symlink: /home/zhe/code/soccer_b_ws/src/install/ros2_interfaces/share/ament_index/resource_index/rosidl_interfaces/ros2_interfaces
[1.340s] -- Up-to-date symlink: /home/zhe/code/soccer_b_ws/src/install/ros2_interfaces/include/ros2_interfaces/msg/detail/robot_pose__functions.h
[1.340s] -- Up-to-date symlink: /home/zhe/code/soccer_b_ws/src/install/ros2_interfaces/include/ros2_interfaces/msg/detail/robot_pose__struct.h
[1.340s] -- Up-to-date symlink: /home/zhe/code/soccer_b_ws/src/install/ros2_interfaces/include/ros2_interfaces/msg/detail/robot_pose__type_support.h
[1.341s] -- Up-to-date symlink: /home/zhe/code/soccer_b_ws/src/install/ros2_interfaces/include/ros2_interfaces/msg/detail/robot_twist2_d__functions.h
[1.341s] -- Up-to-date symlink: /home/zhe/code/soccer_b_ws/src/install/ros2_interfaces/include/ros2_interfaces/msg/detail/robot_twist2_d__struct.h
[1.341s] -- Up-to-date symlink: /home/zhe/code/soccer_b_ws/src/install/ros2_interfaces/include/ros2_interfaces/msg/detail/robot_twist2_d__type_support.h
[1.341s] -- Up-to-date symlink: /home/zhe/code/soccer_b_ws/src/install/ros2_interfaces/include/ros2_interfaces/msg/robot_pose.h
[1.341s] -- Up-to-date symlink: /home/zhe/code/soccer_b_ws/src/install/ros2_interfaces/include/ros2_interfaces/msg/robot_twist2_d.h
[1.341s] -- Up-to-date symlink: /home/zhe/code/soccer_b_ws/src/install/ros2_interfaces/include/ros2_interfaces/msg/rosidl_generator_c__visibility_control.h
[1.341s] -- Up-to-date symlink: /home/zhe/code/soccer_b_ws/src/install/ros2_interfaces/share/ros2_interfaces/environment/library_path.sh
[1.341s] -- Up-to-date symlink: /home/zhe/code/soccer_b_ws/src/install/ros2_interfaces/share/ros2_interfaces/environment/library_path.dsv
[1.341s] -- Up-to-date symlink: /home/zhe/code/soccer_b_ws/src/install/ros2_interfaces/include/ros2_interfaces/msg/detail/robot_pose__rosidl_typesupport_fastrtps_c.h
[1.342s] -- Up-to-date symlink: /home/zhe/code/soccer_b_ws/src/install/ros2_interfaces/include/ros2_interfaces/msg/detail/robot_twist2_d__rosidl_typesupport_fastrtps_c.h
[1.342s] -- Up-to-date symlink: /home/zhe/code/soccer_b_ws/src/install/ros2_interfaces/include/ros2_interfaces/msg/rosidl_typesupport_fastrtps_c__visibility_control.h
[1.342s] -- Up-to-date symlink: /home/zhe/code/soccer_b_ws/src/install/ros2_interfaces/lib/libros2_interfaces__rosidl_typesupport_fastrtps_c.so
[1.342s] -- Up-to-date symlink: /home/zhe/code/soccer_b_ws/src/install/ros2_interfaces/include/ros2_interfaces/msg/detail/robot_pose__rosidl_typesupport_fastrtps_cpp.hpp
[1.342s] -- Up-to-date symlink: /home/zhe/code/soccer_b_ws/src/install/ros2_interfaces/include/ros2_interfaces/msg/detail/robot_twist2_d__rosidl_typesupport_fastrtps_cpp.hpp
[1.342s] -- Up-to-date symlink: /home/zhe/code/soccer_b_ws/src/install/ros2_interfaces/include/ros2_interfaces/msg/rosidl_typesupport_fastrtps_cpp__visibility_control.h
[1.343s] -- Up-to-date symlink: /home/zhe/code/soccer_b_ws/src/install/ros2_interfaces/lib/libros2_interfaces__rosidl_typesupport_fastrtps_cpp.so
[1.343s] -- Up-to-date symlink: /home/zhe/code/soccer_b_ws/src/install/ros2_interfaces/include/ros2_interfaces/msg/detail/robot_pose__rosidl_typesupport_introspection_c.h
[1.343s] -- Up-to-date symlink: /home/zhe/code/soccer_b_ws/src/install/ros2_interfaces/include/ros2_interfaces/msg/detail/robot_twist2_d__rosidl_typesupport_introspection_c.h
[1.343s] -- Up-to-date symlink: /home/zhe/code/soccer_b_ws/src/install/ros2_interfaces/include/ros2_interfaces/msg/rosidl_typesupport_introspection_c__visibility_control.h
[1.343s] -- Up-to-date symlink: /home/zhe/code/soccer_b_ws/src/install/ros2_interfaces/include/ros2_interfaces/msg/detail/robot_pose__builder.hpp
[1.343s] -- Up-to-date symlink: /home/zhe/code/soccer_b_ws/src/install/ros2_interfaces/include/ros2_interfaces/msg/detail/robot_pose__struct.hpp
[1.343s] -- Up-to-date symlink: /home/zhe/code/soccer_b_ws/src/install/ros2_interfaces/include/ros2_interfaces/msg/detail/robot_pose__traits.hpp
[1.344s] -- Up-to-date symlink: /home/zhe/code/soccer_b_ws/src/install/ros2_interfaces/include/ros2_interfaces/msg/detail/robot_twist2_d__builder.hpp
[1.344s] -- Up-to-date symlink: /home/zhe/code/soccer_b_ws/src/install/ros2_interfaces/include/ros2_interfaces/msg/detail/robot_twist2_d__struct.hpp
[1.344s] -- Up-to-date symlink: /home/zhe/code/soccer_b_ws/src/install/ros2_interfaces/include/ros2_interfaces/msg/detail/robot_twist2_d__traits.hpp
[1.344s] -- Up-to-date symlink: /home/zhe/code/soccer_b_ws/src/install/ros2_interfaces/include/ros2_interfaces/msg/robot_pose.hpp
[1.344s] -- Up-to-date symlink: /home/zhe/code/soccer_b_ws/src/install/ros2_interfaces/include/ros2_interfaces/msg/robot_twist2_d.hpp
[1.344s] -- Up-to-date symlink: /home/zhe/code/soccer_b_ws/src/install/ros2_interfaces/include/ros2_interfaces/msg/detail/robot_pose__rosidl_typesupport_introspection_cpp.hpp
[1.344s] -- Up-to-date symlink: /home/zhe/code/soccer_b_ws/src/install/ros2_interfaces/include/ros2_interfaces/msg/detail/robot_twist2_d__rosidl_typesupport_introspection_cpp.hpp
[1.344s] -- Up-to-date symlink: /home/zhe/code/soccer_b_ws/src/install/ros2_interfaces/share/ros2_interfaces/environment/pythonpath.sh
[1.344s] -- Up-to-date symlink: /home/zhe/code/soccer_b_ws/src/install/ros2_interfaces/share/ros2_interfaces/environment/pythonpath.dsv
[1.345s] -- Up-to-date symlink: /home/zhe/code/soccer_b_ws/src/install/ros2_interfaces/lib/python3.8/site-packages/ros2_interfaces/__init__.py
[1.345s] -- Up-to-date symlink: /home/zhe/code/soccer_b_ws/src/install/ros2_interfaces/lib/python3.8/site-packages/ros2_interfaces/msg/__init__.py
[1.345s] -- Up-to-date symlink: /home/zhe/code/soccer_b_ws/src/install/ros2_interfaces/lib/python3.8/site-packages/ros2_interfaces/msg/_robot_pose.py
[1.345s] -- Up-to-date symlink: /home/zhe/code/soccer_b_ws/src/install/ros2_interfaces/lib/python3.8/site-packages/ros2_interfaces/msg/_robot_twist2_d.py
[1.345s] -- Up-to-date symlink: /home/zhe/code/soccer_b_ws/src/install/ros2_interfaces/lib/python3.8/site-packages/ros2_interfaces/ros2_interfaces_s__rosidl_typesupport_fastrtps_c.cpython-38-x86_64-linux-gnu.so
[1.345s] -- Up-to-date symlink: /home/zhe/code/soccer_b_ws/src/install/ros2_interfaces/lib/python3.8/site-packages/ros2_interfaces/ros2_interfaces_s__rosidl_typesupport_introspection_c.cpython-38-x86_64-linux-gnu.so
[1.346s] -- Up-to-date symlink: /home/zhe/code/soccer_b_ws/src/install/ros2_interfaces/lib/python3.8/site-packages/ros2_interfaces/ros2_interfaces_s__rosidl_typesupport_c.cpython-38-x86_64-linux-gnu.so
[1.346s] -- Up-to-date symlink: /home/zhe/code/soccer_b_ws/src/install/ros2_interfaces/lib/libros2_interfaces__python.so
[1.346s] -- Up-to-date symlink: /home/zhe/code/soccer_b_ws/src/install/ros2_interfaces/share/ros2_interfaces/msg/RobotPose.idl
[1.346s] -- Up-to-date symlink: /home/zhe/code/soccer_b_ws/src/install/ros2_interfaces/share/ros2_interfaces/msg/RobotTwist2D.idl
[1.346s] -- Up-to-date symlink: /home/zhe/code/soccer_b_ws/src/install/ros2_interfaces/share/ros2_interfaces/msg/RobotPose.msg
[1.347s] -- Up-to-date symlink: /home/zhe/code/soccer_b_ws/src/install/ros2_interfaces/share/ros2_interfaces/msg/RobotTwist2D.msg
[1.347s] -- Up-to-date symlink: /home/zhe/code/soccer_b_ws/src/install/ros2_interfaces/share/ament_index/resource_index/package_run_dependencies/ros2_interfaces
[1.347s] -- Up-to-date symlink: /home/zhe/code/soccer_b_ws/src/install/ros2_interfaces/share/ament_index/resource_index/parent_prefix_path/ros2_interfaces
[1.347s] -- Up-to-date symlink: /home/zhe/code/soccer_b_ws/src/install/ros2_interfaces/share/ros2_interfaces/environment/ament_prefix_path.sh
[1.347s] -- Up-to-date symlink: /home/zhe/code/soccer_b_ws/src/install/ros2_interfaces/share/ros2_interfaces/environment/ament_prefix_path.dsv
[1.347s] -- Up-to-date symlink: /home/zhe/code/soccer_b_ws/src/install/ros2_interfaces/share/ros2_interfaces/environment/path.sh
[1.347s] -- Up-to-date symlink: /home/zhe/code/soccer_b_ws/src/install/ros2_interfaces/share/ros2_interfaces/environment/path.dsv
[1.347s] -- Up-to-date symlink: /home/zhe/code/soccer_b_ws/src/install/ros2_interfaces/share/ros2_interfaces/local_setup.bash
[1.347s] -- Up-to-date symlink: /home/zhe/code/soccer_b_ws/src/install/ros2_interfaces/share/ros2_interfaces/local_setup.sh
[1.348s] -- Up-to-date symlink: /home/zhe/code/soccer_b_ws/src/install/ros2_interfaces/share/ros2_interfaces/local_setup.zsh
[1.348s] -- Up-to-date symlink: /home/zhe/code/soccer_b_ws/src/install/ros2_interfaces/share/ros2_interfaces/local_setup.dsv
[1.348s] -- Symlinking: /home/zhe/code/soccer_b_ws/src/install/ros2_interfaces/share/ros2_interfaces/package.dsv
[1.353s] -- Up-to-date symlink: /home/zhe/code/soccer_b_ws/src/install/ros2_interfaces/share/ament_index/resource_index/packages/ros2_interfaces
[1.353s] -- Up-to-date symlink: /home/zhe/code/soccer_b_ws/src/install/ros2_interfaces/share/ros2_interfaces/cmake/rosidl_cmake-extras.cmake
[1.353s] -- Up-to-date symlink: /home/zhe/code/soccer_b_ws/src/install/ros2_interfaces/share/ros2_interfaces/cmake/ament_cmake_export_dependencies-extras.cmake
[1.353s] -- Up-to-date symlink: /home/zhe/code/soccer_b_ws/src/install/ros2_interfaces/share/ros2_interfaces/cmake/ament_cmake_export_libraries-extras.cmake
[1.353s] -- Up-to-date symlink: /home/zhe/code/soccer_b_ws/src/install/ros2_interfaces/share/ros2_interfaces/cmake/ament_cmake_export_targets-extras.cmake
[1.354s] -- Up-to-date symlink: /home/zhe/code/soccer_b_ws/src/install/ros2_interfaces/share/ros2_interfaces/cmake/ament_cmake_export_include_directories-extras.cmake
[1.354s] -- Up-to-date symlink: /home/zhe/code/soccer_b_ws/src/install/ros2_interfaces/share/ros2_interfaces/cmake/rosidl_cmake_export_typesupport_libraries-extras.cmake
[1.354s] -- Up-to-date symlink: /home/zhe/code/soccer_b_ws/src/install/ros2_interfaces/share/ros2_interfaces/cmake/rosidl_cmake_export_typesupport_targets-extras.cmake
[1.354s] -- Up-to-date symlink: /home/zhe/code/soccer_b_ws/src/install/ros2_interfaces/share/ros2_interfaces/cmake/ros2_interfacesConfig.cmake
[1.354s] -- Up-to-date symlink: /home/zhe/code/soccer_b_ws/src/install/ros2_interfaces/share/ros2_interfaces/cmake/ros2_interfacesConfig-version.cmake
[1.354s] -- Up-to-date symlink: /home/zhe/code/soccer_b_ws/src/install/ros2_interfaces/share/ros2_interfaces/package.xml
[1.354s] -- Up-to-date: /home/zhe/code/soccer_b_ws/src/install/ros2_interfaces/lib/libros2_interfaces__rosidl_generator_c.so
[1.354s] -- Up-to-date: /home/zhe/code/soccer_b_ws/src/install/ros2_interfaces/lib/libros2_interfaces__rosidl_typesupport_introspection_c.so
[1.355s] -- Up-to-date: /home/zhe/code/soccer_b_ws/src/install/ros2_interfaces/lib/libros2_interfaces__rosidl_typesupport_c.so
[1.355s] -- Up-to-date: /home/zhe/code/soccer_b_ws/src/install/ros2_interfaces/lib/libros2_interfaces__rosidl_typesupport_introspection_cpp.so
[1.355s] -- Up-to-date: /home/zhe/code/soccer_b_ws/src/install/ros2_interfaces/lib/libros2_interfaces__rosidl_typesupport_cpp.so
[1.391s] Compiling '/home/zhe/code/soccer_b_ws/src/install/ros2_interfaces/lib/python3.8/site-packages/ros2_interfaces/__init__.py'...
[1.393s] -- Up-to-date: /home/zhe/code/soccer_b_ws/src/install/ros2_interfaces/share/ros2_interfaces/cmake/ros2_interfaces__rosidl_generator_cExport.cmake
[1.393s] -- Installing: /home/zhe/code/soccer_b_ws/src/install/ros2_interfaces/share/ros2_interfaces/cmake/ros2_interfaces__rosidl_generator_cExport-noconfig.cmake
[1.393s] -- Up-to-date: /home/zhe/code/soccer_b_ws/src/install/ros2_interfaces/share/ros2_interfaces/cmake/ros2_interfaces__rosidl_typesupport_introspection_cExport.cmake
[1.393s] -- Installing: /home/zhe/code/soccer_b_ws/src/install/ros2_interfaces/share/ros2_interfaces/cmake/ros2_interfaces__rosidl_typesupport_introspection_cExport-noconfig.cmake
[1.394s] -- Up-to-date: /home/zhe/code/soccer_b_ws/src/install/ros2_interfaces/share/ros2_interfaces/cmake/ros2_interfaces__rosidl_typesupport_cExport.cmake
[1.394s] -- Installing: /home/zhe/code/soccer_b_ws/src/install/ros2_interfaces/share/ros2_interfaces/cmake/ros2_interfaces__rosidl_typesupport_cExport-noconfig.cmake
[1.394s] -- Up-to-date: /home/zhe/code/soccer_b_ws/src/install/ros2_interfaces/share/ros2_interfaces/cmake/ros2_interfaces__rosidl_generator_cppExport.cmake
[1.394s] -- Up-to-date: /home/zhe/code/soccer_b_ws/src/install/ros2_interfaces/share/ros2_interfaces/cmake/ros2_interfaces__rosidl_typesupport_introspection_cppExport.cmake
[1.394s] -- Installing: /home/zhe/code/soccer_b_ws/src/install/ros2_interfaces/share/ros2_interfaces/cmake/ros2_interfaces__rosidl_typesupport_introspection_cppExport-noconfig.cmake
[1.394s] -- Up-to-date: /home/zhe/code/soccer_b_ws/src/install/ros2_interfaces/share/ros2_interfaces/cmake/ros2_interfaces__rosidl_typesupport_cppExport.cmake
[1.394s] -- Installing: /home/zhe/code/soccer_b_ws/src/install/ros2_interfaces/share/ros2_interfaces/cmake/ros2_interfaces__rosidl_typesupport_cppExport-noconfig.cmake
[1.396s] Invoked command in '/home/zhe/code/soccer_b_ws/src/build/ros2_interfaces' returned '0': CMAKE_PREFIX_PATH=${CMAKE_PREFIX_PATH}:/home/zhe/code/soccer_b_ws/src/install/vision_test:/home/zhe/code/soccer_b_ws/src/install/test_package:/home/zhe/code/soccer_b_ws/src/install/rm_control:/home/zhe/code/soccer_b_ws/src/install/motion_capture:/home/zhe/code/soccer_b_ws/install/rm_control:/home/zhe/code/soccer_b_ws/install/vision_test:/home/zhe/code/soccer_b_ws/install/test_package:/home/zhe/code/rm_ws/install/robomaster_ros:/home/zhe/code/gy_ws/install/learning_urdf:/home/zhe/code/gy_ws/install/learning_topic:/home/zhe/code/gy_ws/install/learning_tf:/home/zhe/code/gy_ws/install/learning_service:/home/zhe/code/gy_ws/install/learning_qos:/home/zhe/code/gy_ws/install/learning_pkg_python:/home/zhe/code/gy_ws/install/learning_parameter:/home/zhe/code/gy_ws/install/learning_node:/home/zhe/code/gy_ws/install/learning_launch:/home/zhe/code/gy_ws/install/learning_action:/home/zhe/code/gy_ws/install/learning_gazebo:/home/zhe/code/gy_ws/install/learning_cv:/opt/ros/galactic /usr/bin/cmake --install /home/zhe/code/soccer_b_ws/src/build/ros2_interfaces
