/home/zhe/code/soccer_b_ws/src/install/rm_control/lib/python3.8/site-packages/rm_control/rm_control.py
/home/zhe/code/soccer_b_ws/src/install/rm_control/lib/python3.8/site-packages/rm_control/rm.py
/home/zhe/code/soccer_b_ws/src/install/rm_control/lib/python3.8/site-packages/rm_control/RVO_neo.py
/home/zhe/code/soccer_b_ws/src/install/rm_control/lib/python3.8/site-packages/rm_control/__init__.py
/home/zhe/code/soccer_b_ws/src/install/rm_control/lib/python3.8/site-packages/rm_control/utils.py
/home/zhe/code/soccer_b_ws/src/install/rm_control/lib/python3.8/site-packages/rm_control/__pycache__/rm_control.cpython-38.pyc
/home/zhe/code/soccer_b_ws/src/install/rm_control/lib/python3.8/site-packages/rm_control/__pycache__/rm.cpython-38.pyc
/home/zhe/code/soccer_b_ws/src/install/rm_control/lib/python3.8/site-packages/rm_control/__pycache__/RVO_neo.cpython-38.pyc
/home/zhe/code/soccer_b_ws/src/install/rm_control/lib/python3.8/site-packages/rm_control/__pycache__/__init__.cpython-38.pyc
/home/zhe/code/soccer_b_ws/src/install/rm_control/lib/python3.8/site-packages/rm_control/__pycache__/utils.cpython-38.pyc
/home/zhe/code/soccer_b_ws/src/install/rm_control/share/ament_index/resource_index/packages/rm_control
/home/zhe/code/soccer_b_ws/src/install/rm_control/share/rm_control/package.xml
/home/zhe/code/soccer_b_ws/src/install/rm_control/share/rm_control/launch/ep_startup.launch.py
/home/zhe/code/soccer_b_ws/src/install/rm_control/share/rm_control/launch/ep_control.launch.py
/home/zhe/code/soccer_b_ws/src/install/rm_control/lib/python3.8/site-packages/rm_control-0.0.0-py3.8.egg-info/zip-safe
/home/zhe/code/soccer_b_ws/src/install/rm_control/lib/python3.8/site-packages/rm_control-0.0.0-py3.8.egg-info/SOURCES.txt
/home/zhe/code/soccer_b_ws/src/install/rm_control/lib/python3.8/site-packages/rm_control-0.0.0-py3.8.egg-info/top_level.txt
/home/zhe/code/soccer_b_ws/src/install/rm_control/lib/python3.8/site-packages/rm_control-0.0.0-py3.8.egg-info/PKG-INFO
/home/zhe/code/soccer_b_ws/src/install/rm_control/lib/python3.8/site-packages/rm_control-0.0.0-py3.8.egg-info/dependency_links.txt
/home/zhe/code/soccer_b_ws/src/install/rm_control/lib/python3.8/site-packages/rm_control-0.0.0-py3.8.egg-info/requires.txt
/home/zhe/code/soccer_b_ws/src/install/rm_control/lib/python3.8/site-packages/rm_control-0.0.0-py3.8.egg-info/entry_points.txt
/home/zhe/code/soccer_b_ws/src/install/rm_control/lib/rm_control/rm_control
