[1.226s] DEBUG:colcon:Command line arguments: ['/usr/bin/colcon', 'build', '--symlink-install']
[1.226s] DEBUG:colcon:Parsed command line arguments: Namespace(allow_overriding=[], ament_cmake_args=None, base_paths=['.'], build_base='build', catkin_cmake_args=None, catkin_skip_building_tests=False, cmake_args=None, cmake_clean_cache=False, cmake_clean_first=False, cmake_force_configure=False, cmake_target=None, cmake_target_skip_unavailable=False, continue_on_error=False, event_handlers=None, executor='parallel', ignore_user_meta=False, install_base='install', log_base=None, log_level=None, main=<bound method BuildVerb.main of <colcon_core.verb.build.BuildVerb object at 0x7fb0511f3730>>, merge_install=False, metas=['./colcon.meta'], packages_above=None, packages_above_and_dependencies=None, packages_above_depth=None, packages_end=None, packages_ignore=None, packages_ignore_regex=None, packages_select=None, packages_select_build_failed=False, packages_select_by_dep=None, packages_select_regex=None, packages_select_test_failures=False, packages_skip=None, packages_skip_build_finished=False, packages_skip_by_dep=None, packages_skip_regex=None, packages_skip_test_passed=False, packages_skip_up_to=None, packages_start=None, packages_up_to=None, packages_up_to_regex=None, parallel_workers=12, paths=None, symlink_install=True, test_result_base=None, verb_extension=<colcon_core.verb.build.BuildVerb object at 0x7fb0511f3730>, verb_name='build', verb_parser=<colcon_defaults.argument_parser.defaults.DefaultArgumentsDecorator object at 0x7fb0511137c0>)
[1.287s] Level 1:colcon.colcon_core.package_discovery:discover_packages(colcon_meta) check parameters
[1.288s] Level 1:colcon.colcon_core.package_discovery:discover_packages(recursive) check parameters
[1.288s] Level 1:colcon.colcon_core.package_discovery:discover_packages(ignore) check parameters
[1.288s] Level 1:colcon.colcon_core.package_discovery:discover_packages(path) check parameters
[1.288s] Level 1:colcon.colcon_core.package_discovery:discover_packages(colcon_meta) discover
[1.288s] Level 1:colcon.colcon_core.package_discovery:discover_packages(recursive) discover
[1.288s] INFO:colcon.colcon_core.package_discovery:Crawling recursively for packages in '/home/zhe/code/soccer_b_ws'
[1.288s] Level 1:colcon.colcon_core.package_identification:_identify(.) by extensions ['ignore', 'ignore_ament_install']
[1.288s] Level 1:colcon.colcon_core.package_identification:_identify(.) by extension 'ignore'
[1.288s] Level 1:colcon.colcon_core.package_identification:_identify(.) by extension 'ignore_ament_install'
[1.288s] Level 1:colcon.colcon_core.package_identification:_identify(.) by extensions ['colcon_pkg']
[1.288s] Level 1:colcon.colcon_core.package_identification:_identify(.) by extension 'colcon_pkg'
[1.288s] Level 1:colcon.colcon_core.package_identification:_identify(.) by extensions ['colcon_meta']
[1.288s] Level 1:colcon.colcon_core.package_identification:_identify(.) by extension 'colcon_meta'
[1.288s] Level 1:colcon.colcon_core.package_identification:_identify(.) by extensions ['ros']
[1.288s] Level 1:colcon.colcon_core.package_identification:_identify(.) by extension 'ros'
[1.295s] Level 1:colcon.colcon_core.package_identification:_identify(.) by extensions ['cmake', 'python']
[1.295s] Level 1:colcon.colcon_core.package_identification:_identify(.) by extension 'cmake'
[1.295s] Level 1:colcon.colcon_core.package_identification:_identify(.) by extension 'python'
[1.295s] Level 1:colcon.colcon_core.package_identification:_identify(.) by extensions ['python_setup_py']
[1.295s] Level 1:colcon.colcon_core.package_identification:_identify(.) by extension 'python_setup_py'
[1.295s] Level 1:colcon.colcon_core.package_identification:_identify(build) by extensions ['ignore', 'ignore_ament_install']
[1.295s] Level 1:colcon.colcon_core.package_identification:_identify(build) by extension 'ignore'
[1.295s] Level 1:colcon.colcon_core.package_identification:_identify(build) ignored
[1.295s] Level 1:colcon.colcon_core.package_identification:_identify(install) by extensions ['ignore', 'ignore_ament_install']
[1.295s] Level 1:colcon.colcon_core.package_identification:_identify(install) by extension 'ignore'
[1.295s] Level 1:colcon.colcon_core.package_identification:_identify(install) ignored
[1.295s] Level 1:colcon.colcon_core.package_identification:_identify(log) by extensions ['ignore', 'ignore_ament_install']
[1.295s] Level 1:colcon.colcon_core.package_identification:_identify(log) by extension 'ignore'
[1.295s] Level 1:colcon.colcon_core.package_identification:_identify(log) ignored
[1.295s] Level 1:colcon.colcon_core.package_identification:_identify(src) by extensions ['ignore', 'ignore_ament_install']
[1.295s] Level 1:colcon.colcon_core.package_identification:_identify(src) by extension 'ignore'
[1.295s] Level 1:colcon.colcon_core.package_identification:_identify(src) by extension 'ignore_ament_install'
[1.295s] Level 1:colcon.colcon_core.package_identification:_identify(src) by extensions ['colcon_pkg']
[1.295s] Level 1:colcon.colcon_core.package_identification:_identify(src) by extension 'colcon_pkg'
[1.295s] Level 1:colcon.colcon_core.package_identification:_identify(src) by extensions ['colcon_meta']
[1.295s] Level 1:colcon.colcon_core.package_identification:_identify(src) by extension 'colcon_meta'
[1.295s] Level 1:colcon.colcon_core.package_identification:_identify(src) by extensions ['ros']
[1.295s] Level 1:colcon.colcon_core.package_identification:_identify(src) by extension 'ros'
[1.295s] Level 1:colcon.colcon_core.package_identification:_identify(src) by extensions ['cmake', 'python']
[1.295s] Level 1:colcon.colcon_core.package_identification:_identify(src) by extension 'cmake'
[1.295s] Level 1:colcon.colcon_core.package_identification:_identify(src) by extension 'python'
[1.295s] Level 1:colcon.colcon_core.package_identification:_identify(src) by extensions ['python_setup_py']
[1.295s] Level 1:colcon.colcon_core.package_identification:_identify(src) by extension 'python_setup_py'
[1.295s] Level 1:colcon.colcon_core.package_identification:_identify(src/build) by extensions ['ignore', 'ignore_ament_install']
[1.296s] Level 1:colcon.colcon_core.package_identification:_identify(src/build) by extension 'ignore'
[1.296s] Level 1:colcon.colcon_core.package_identification:_identify(src/build) ignored
[1.296s] Level 1:colcon.colcon_core.package_identification:_identify(src/install) by extensions ['ignore', 'ignore_ament_install']
[1.296s] Level 1:colcon.colcon_core.package_identification:_identify(src/install) by extension 'ignore'
[1.296s] Level 1:colcon.colcon_core.package_identification:_identify(src/install) ignored
[1.296s] Level 1:colcon.colcon_core.package_identification:_identify(src/log) by extensions ['ignore', 'ignore_ament_install']
[1.296s] Level 1:colcon.colcon_core.package_identification:_identify(src/log) by extension 'ignore'
[1.296s] Level 1:colcon.colcon_core.package_identification:_identify(src/log) ignored
[1.296s] Level 1:colcon.colcon_core.package_identification:_identify(src/motion_capture) by extensions ['ignore', 'ignore_ament_install']
[1.296s] Level 1:colcon.colcon_core.package_identification:_identify(src/motion_capture) by extension 'ignore'
[1.296s] Level 1:colcon.colcon_core.package_identification:_identify(src/motion_capture) by extension 'ignore_ament_install'
[1.296s] Level 1:colcon.colcon_core.package_identification:_identify(src/motion_capture) by extensions ['colcon_pkg']
[1.296s] Level 1:colcon.colcon_core.package_identification:_identify(src/motion_capture) by extension 'colcon_pkg'
[1.296s] Level 1:colcon.colcon_core.package_identification:_identify(src/motion_capture) by extensions ['colcon_meta']
[1.296s] Level 1:colcon.colcon_core.package_identification:_identify(src/motion_capture) by extension 'colcon_meta'
[1.296s] Level 1:colcon.colcon_core.package_identification:_identify(src/motion_capture) by extensions ['ros']
[1.296s] Level 1:colcon.colcon_core.package_identification:_identify(src/motion_capture) by extension 'ros'
[1.298s] DEBUG:colcon.colcon_core.package_identification:Package 'src/motion_capture' with type 'ros.ament_python' and name 'motion_capture'
[1.298s] Level 1:colcon.colcon_core.package_identification:_identify(src/rm_control) by extensions ['ignore', 'ignore_ament_install']
[1.298s] Level 1:colcon.colcon_core.package_identification:_identify(src/rm_control) by extension 'ignore'
[1.298s] Level 1:colcon.colcon_core.package_identification:_identify(src/rm_control) by extension 'ignore_ament_install'
[1.298s] Level 1:colcon.colcon_core.package_identification:_identify(src/rm_control) by extensions ['colcon_pkg']
[1.298s] Level 1:colcon.colcon_core.package_identification:_identify(src/rm_control) by extension 'colcon_pkg'
[1.298s] Level 1:colcon.colcon_core.package_identification:_identify(src/rm_control) by extensions ['colcon_meta']
[1.298s] Level 1:colcon.colcon_core.package_identification:_identify(src/rm_control) by extension 'colcon_meta'
[1.298s] Level 1:colcon.colcon_core.package_identification:_identify(src/rm_control) by extensions ['ros']
[1.298s] Level 1:colcon.colcon_core.package_identification:_identify(src/rm_control) by extension 'ros'
[1.298s] DEBUG:colcon.colcon_core.package_identification:Package 'src/rm_control' with type 'ros.ament_python' and name 'rm_control'
[1.299s] Level 1:colcon.colcon_core.package_identification:_identify(src/ros2_interfaces) by extensions ['ignore', 'ignore_ament_install']
[1.299s] Level 1:colcon.colcon_core.package_identification:_identify(src/ros2_interfaces) by extension 'ignore'
[1.299s] Level 1:colcon.colcon_core.package_identification:_identify(src/ros2_interfaces) by extension 'ignore_ament_install'
[1.299s] Level 1:colcon.colcon_core.package_identification:_identify(src/ros2_interfaces) by extensions ['colcon_pkg']
[1.299s] Level 1:colcon.colcon_core.package_identification:_identify(src/ros2_interfaces) by extension 'colcon_pkg'
[1.299s] Level 1:colcon.colcon_core.package_identification:_identify(src/ros2_interfaces) by extensions ['colcon_meta']
[1.299s] Level 1:colcon.colcon_core.package_identification:_identify(src/ros2_interfaces) by extension 'colcon_meta'
[1.299s] Level 1:colcon.colcon_core.package_identification:_identify(src/ros2_interfaces) by extensions ['ros']
[1.299s] Level 1:colcon.colcon_core.package_identification:_identify(src/ros2_interfaces) by extension 'ros'
[1.299s] DEBUG:colcon.colcon_core.package_identification:Package 'src/ros2_interfaces' with type 'ros.ament_cmake' and name 'ros2_interfaces'
[1.299s] Level 1:colcon.colcon_core.package_identification:_identify(src/test_package) by extensions ['ignore', 'ignore_ament_install']
[1.299s] Level 1:colcon.colcon_core.package_identification:_identify(src/test_package) by extension 'ignore'
[1.299s] Level 1:colcon.colcon_core.package_identification:_identify(src/test_package) by extension 'ignore_ament_install'
[1.299s] Level 1:colcon.colcon_core.package_identification:_identify(src/test_package) by extensions ['colcon_pkg']
[1.299s] Level 1:colcon.colcon_core.package_identification:_identify(src/test_package) by extension 'colcon_pkg'
[1.299s] Level 1:colcon.colcon_core.package_identification:_identify(src/test_package) by extensions ['colcon_meta']
[1.299s] Level 1:colcon.colcon_core.package_identification:_identify(src/test_package) by extension 'colcon_meta'
[1.299s] Level 1:colcon.colcon_core.package_identification:_identify(src/test_package) by extensions ['ros']
[1.299s] Level 1:colcon.colcon_core.package_identification:_identify(src/test_package) by extension 'ros'
[1.300s] DEBUG:colcon.colcon_core.package_identification:Package 'src/test_package' with type 'ros.ament_python' and name 'test_package'
[1.300s] Level 1:colcon.colcon_core.package_identification:_identify(src/vision_test) by extensions ['ignore', 'ignore_ament_install']
[1.300s] Level 1:colcon.colcon_core.package_identification:_identify(src/vision_test) by extension 'ignore'
[1.300s] Level 1:colcon.colcon_core.package_identification:_identify(src/vision_test) by extension 'ignore_ament_install'
[1.300s] Level 1:colcon.colcon_core.package_identification:_identify(src/vision_test) by extensions ['colcon_pkg']
[1.300s] Level 1:colcon.colcon_core.package_identification:_identify(src/vision_test) by extension 'colcon_pkg'
[1.300s] Level 1:colcon.colcon_core.package_identification:_identify(src/vision_test) by extensions ['colcon_meta']
[1.300s] Level 1:colcon.colcon_core.package_identification:_identify(src/vision_test) by extension 'colcon_meta'
[1.300s] Level 1:colcon.colcon_core.package_identification:_identify(src/vision_test) by extensions ['ros']
[1.300s] Level 1:colcon.colcon_core.package_identification:_identify(src/vision_test) by extension 'ros'
[1.301s] DEBUG:colcon.colcon_core.package_identification:Package 'src/vision_test' with type 'ros.ament_python' and name 'vision_test'
[1.301s] Level 1:colcon.colcon_core.package_discovery:discover_packages(recursive) using defaults
[1.301s] Level 1:colcon.colcon_core.package_discovery:discover_packages(ignore) discover
[1.301s] Level 1:colcon.colcon_core.package_discovery:discover_packages(ignore) using defaults
[1.301s] Level 1:colcon.colcon_core.package_discovery:discover_packages(path) discover
[1.301s] Level 1:colcon.colcon_core.package_discovery:discover_packages(path) using defaults
[1.415s] Level 1:colcon.colcon_core.package_discovery:discover_packages(prefix_path) check parameters
[1.415s] Level 1:colcon.colcon_core.package_discovery:discover_packages(prefix_path) discover
[1.458s] DEBUG:colcon.colcon_installed_package_information.package_discovery:Found 5 installed packages in /home/zhe/code/soccer_b_ws/install
[1.483s] DEBUG:colcon.colcon_installed_package_information.package_discovery:Found 2 installed packages in /home/zhe/code/ffmpeg_msg/install
[1.504s] DEBUG:colcon.colcon_installed_package_information.package_discovery:Found 14 installed packages in /home/zhe/code/gy_ws/install
[1.525s] DEBUG:colcon.colcon_installed_package_information.package_discovery:Found 3 installed packages in /home/zhe/code/rm_ws/install
[1.545s] DEBUG:colcon.colcon_installed_package_information.package_discovery:Found 2 installed packages in /home/zhe/code/ffmpeg/install
[1.566s] DEBUG:colcon.colcon_installed_package_information.package_discovery:Found 1 installed packages in /home/zhe/code/tf2tut/install
[1.587s] DEBUG:colcon.colcon_installed_package_information.package_discovery:Found 312 installed packages in /opt/ros/galactic
[1.588s] Level 1:colcon.colcon_core.package_discovery:discover_packages(prefix_path) using defaults
[1.682s] Level 5:colcon.colcon_core.verb:set package 'ros2_interfaces' build argument 'cmake_args' from command line to 'None'
[1.682s] Level 5:colcon.colcon_core.verb:set package 'ros2_interfaces' build argument 'cmake_target' from command line to 'None'
[1.682s] Level 5:colcon.colcon_core.verb:set package 'ros2_interfaces' build argument 'cmake_target_skip_unavailable' from command line to 'False'
[1.682s] Level 5:colcon.colcon_core.verb:set package 'ros2_interfaces' build argument 'cmake_clean_cache' from command line to 'False'
[1.682s] Level 5:colcon.colcon_core.verb:set package 'ros2_interfaces' build argument 'cmake_clean_first' from command line to 'False'
[1.682s] Level 5:colcon.colcon_core.verb:set package 'ros2_interfaces' build argument 'cmake_force_configure' from command line to 'False'
[1.682s] Level 5:colcon.colcon_core.verb:set package 'ros2_interfaces' build argument 'ament_cmake_args' from command line to 'None'
[1.682s] Level 5:colcon.colcon_core.verb:set package 'ros2_interfaces' build argument 'catkin_cmake_args' from command line to 'None'
[1.682s] Level 5:colcon.colcon_core.verb:set package 'ros2_interfaces' build argument 'catkin_skip_building_tests' from command line to 'False'
[1.682s] DEBUG:colcon.colcon_core.verb:Building package 'ros2_interfaces' with the following arguments: {'ament_cmake_args': None, 'build_base': '/home/zhe/code/soccer_b_ws/build/ros2_interfaces', 'catkin_cmake_args': None, 'catkin_skip_building_tests': False, 'cmake_args': None, 'cmake_clean_cache': False, 'cmake_clean_first': False, 'cmake_force_configure': False, 'cmake_target': None, 'cmake_target_skip_unavailable': False, 'install_base': '/home/zhe/code/soccer_b_ws/install/ros2_interfaces', 'merge_install': False, 'path': '/home/zhe/code/soccer_b_ws/src/ros2_interfaces', 'symlink_install': True, 'test_result_base': None}
[1.707s] Level 5:colcon.colcon_core.verb:set package 'vision_test' build argument 'cmake_args' from command line to 'None'
[1.707s] Level 5:colcon.colcon_core.verb:set package 'vision_test' build argument 'cmake_target' from command line to 'None'
[1.707s] Level 5:colcon.colcon_core.verb:set package 'vision_test' build argument 'cmake_target_skip_unavailable' from command line to 'False'
[1.707s] Level 5:colcon.colcon_core.verb:set package 'vision_test' build argument 'cmake_clean_cache' from command line to 'False'
[1.707s] Level 5:colcon.colcon_core.verb:set package 'vision_test' build argument 'cmake_clean_first' from command line to 'False'
[1.707s] Level 5:colcon.colcon_core.verb:set package 'vision_test' build argument 'cmake_force_configure' from command line to 'False'
[1.707s] Level 5:colcon.colcon_core.verb:set package 'vision_test' build argument 'ament_cmake_args' from command line to 'None'
[1.707s] Level 5:colcon.colcon_core.verb:set package 'vision_test' build argument 'catkin_cmake_args' from command line to 'None'
[1.707s] Level 5:colcon.colcon_core.verb:set package 'vision_test' build argument 'catkin_skip_building_tests' from command line to 'False'
[1.707s] DEBUG:colcon.colcon_core.verb:Building package 'vision_test' with the following arguments: {'ament_cmake_args': None, 'build_base': '/home/zhe/code/soccer_b_ws/build/vision_test', 'catkin_cmake_args': None, 'catkin_skip_building_tests': False, 'cmake_args': None, 'cmake_clean_cache': False, 'cmake_clean_first': False, 'cmake_force_configure': False, 'cmake_target': None, 'cmake_target_skip_unavailable': False, 'install_base': '/home/zhe/code/soccer_b_ws/install/vision_test', 'merge_install': False, 'path': '/home/zhe/code/soccer_b_ws/src/vision_test', 'symlink_install': True, 'test_result_base': None}
[1.728s] Level 5:colcon.colcon_core.verb:set package 'motion_capture' build argument 'cmake_args' from command line to 'None'
[1.728s] Level 5:colcon.colcon_core.verb:set package 'motion_capture' build argument 'cmake_target' from command line to 'None'
[1.728s] Level 5:colcon.colcon_core.verb:set package 'motion_capture' build argument 'cmake_target_skip_unavailable' from command line to 'False'
[1.728s] Level 5:colcon.colcon_core.verb:set package 'motion_capture' build argument 'cmake_clean_cache' from command line to 'False'
[1.728s] Level 5:colcon.colcon_core.verb:set package 'motion_capture' build argument 'cmake_clean_first' from command line to 'False'
[1.728s] Level 5:colcon.colcon_core.verb:set package 'motion_capture' build argument 'cmake_force_configure' from command line to 'False'
[1.728s] Level 5:colcon.colcon_core.verb:set package 'motion_capture' build argument 'ament_cmake_args' from command line to 'None'
[1.728s] Level 5:colcon.colcon_core.verb:set package 'motion_capture' build argument 'catkin_cmake_args' from command line to 'None'
[1.728s] Level 5:colcon.colcon_core.verb:set package 'motion_capture' build argument 'catkin_skip_building_tests' from command line to 'False'
[1.728s] DEBUG:colcon.colcon_core.verb:Building package 'motion_capture' with the following arguments: {'ament_cmake_args': None, 'build_base': '/home/zhe/code/soccer_b_ws/build/motion_capture', 'catkin_cmake_args': None, 'catkin_skip_building_tests': False, 'cmake_args': None, 'cmake_clean_cache': False, 'cmake_clean_first': False, 'cmake_force_configure': False, 'cmake_target': None, 'cmake_target_skip_unavailable': False, 'install_base': '/home/zhe/code/soccer_b_ws/install/motion_capture', 'merge_install': False, 'path': '/home/zhe/code/soccer_b_ws/src/motion_capture', 'symlink_install': True, 'test_result_base': None}
[1.748s] Level 5:colcon.colcon_core.verb:set package 'rm_control' build argument 'cmake_args' from command line to 'None'
[1.748s] Level 5:colcon.colcon_core.verb:set package 'rm_control' build argument 'cmake_target' from command line to 'None'
[1.748s] Level 5:colcon.colcon_core.verb:set package 'rm_control' build argument 'cmake_target_skip_unavailable' from command line to 'False'
[1.748s] Level 5:colcon.colcon_core.verb:set package 'rm_control' build argument 'cmake_clean_cache' from command line to 'False'
[1.748s] Level 5:colcon.colcon_core.verb:set package 'rm_control' build argument 'cmake_clean_first' from command line to 'False'
[1.748s] Level 5:colcon.colcon_core.verb:set package 'rm_control' build argument 'cmake_force_configure' from command line to 'False'
[1.748s] Level 5:colcon.colcon_core.verb:set package 'rm_control' build argument 'ament_cmake_args' from command line to 'None'
[1.748s] Level 5:colcon.colcon_core.verb:set package 'rm_control' build argument 'catkin_cmake_args' from command line to 'None'
[1.748s] Level 5:colcon.colcon_core.verb:set package 'rm_control' build argument 'catkin_skip_building_tests' from command line to 'False'
[1.748s] DEBUG:colcon.colcon_core.verb:Building package 'rm_control' with the following arguments: {'ament_cmake_args': None, 'build_base': '/home/zhe/code/soccer_b_ws/build/rm_control', 'catkin_cmake_args': None, 'catkin_skip_building_tests': False, 'cmake_args': None, 'cmake_clean_cache': False, 'cmake_clean_first': False, 'cmake_force_configure': False, 'cmake_target': None, 'cmake_target_skip_unavailable': False, 'install_base': '/home/zhe/code/soccer_b_ws/install/rm_control', 'merge_install': False, 'path': '/home/zhe/code/soccer_b_ws/src/rm_control', 'symlink_install': True, 'test_result_base': None}
[1.769s] Level 5:colcon.colcon_core.verb:set package 'test_package' build argument 'cmake_args' from command line to 'None'
[1.769s] Level 5:colcon.colcon_core.verb:set package 'test_package' build argument 'cmake_target' from command line to 'None'
[1.769s] Level 5:colcon.colcon_core.verb:set package 'test_package' build argument 'cmake_target_skip_unavailable' from command line to 'False'
[1.769s] Level 5:colcon.colcon_core.verb:set package 'test_package' build argument 'cmake_clean_cache' from command line to 'False'
[1.769s] Level 5:colcon.colcon_core.verb:set package 'test_package' build argument 'cmake_clean_first' from command line to 'False'
[1.769s] Level 5:colcon.colcon_core.verb:set package 'test_package' build argument 'cmake_force_configure' from command line to 'False'
[1.769s] Level 5:colcon.colcon_core.verb:set package 'test_package' build argument 'ament_cmake_args' from command line to 'None'
[1.769s] Level 5:colcon.colcon_core.verb:set package 'test_package' build argument 'catkin_cmake_args' from command line to 'None'
[1.769s] Level 5:colcon.colcon_core.verb:set package 'test_package' build argument 'catkin_skip_building_tests' from command line to 'False'
[1.769s] DEBUG:colcon.colcon_core.verb:Building package 'test_package' with the following arguments: {'ament_cmake_args': None, 'build_base': '/home/zhe/code/soccer_b_ws/build/test_package', 'catkin_cmake_args': None, 'catkin_skip_building_tests': False, 'cmake_args': None, 'cmake_clean_cache': False, 'cmake_clean_first': False, 'cmake_force_configure': False, 'cmake_target': None, 'cmake_target_skip_unavailable': False, 'install_base': '/home/zhe/code/soccer_b_ws/install/test_package', 'merge_install': False, 'path': '/home/zhe/code/soccer_b_ws/src/test_package', 'symlink_install': True, 'test_result_base': None}
[1.789s] INFO:colcon.colcon_core.executor:Executing jobs using 'parallel' executor
[1.811s] DEBUG:colcon.colcon_parallel_executor.executor.parallel:run_until_complete
[1.811s] INFO:colcon.colcon_ros.task.ament_cmake.build:Building ROS package in '/home/zhe/code/soccer_b_ws/src/ros2_interfaces' with build type 'ament_cmake'
[1.811s] INFO:colcon.colcon_cmake.task.cmake.build:Building CMake package in '/home/zhe/code/soccer_b_ws/src/ros2_interfaces'
[1.839s] INFO:colcon.colcon_core.plugin_system:Skipping extension 'colcon_core.shell.bat': Not used on non-Windows systems
[1.839s] INFO:colcon.colcon_core.shell:Skip shell extension 'powershell' for command environment: Not usable outside of PowerShell
[1.839s] DEBUG:colcon.colcon_core.shell:Skip shell extension 'dsv' for command environment
[2.013s] INFO:colcon.colcon_ros.task.ament_python.build:Building ROS package in '/home/zhe/code/soccer_b_ws/src/vision_test' with build type 'ament_python'
[2.013s] Level 1:colcon.colcon_core.shell:create_environment_hook('vision_test', 'ament_prefix_path')
[2.035s] INFO:colcon.colcon_core.shell:Creating environment hook '/home/zhe/code/soccer_b_ws/install/vision_test/share/vision_test/hook/ament_prefix_path.ps1'
[2.035s] INFO:colcon.colcon_core.shell:Creating environment descriptor '/home/zhe/code/soccer_b_ws/install/vision_test/share/vision_test/hook/ament_prefix_path.dsv'
[2.036s] INFO:colcon.colcon_core.shell:Creating environment hook '/home/zhe/code/soccer_b_ws/install/vision_test/share/vision_test/hook/ament_prefix_path.sh'
[2.057s] INFO:colcon.colcon_core.shell:Skip shell extension 'powershell' for command environment: Not usable outside of PowerShell
[2.057s] DEBUG:colcon.colcon_core.shell:Skip shell extension 'dsv' for command environment
[2.233s] DEBUG:colcon.colcon_core.event_handler.log_command:Invoking command in '/home/zhe/code/soccer_b_ws/build/ros2_interfaces': CMAKE_PREFIX_PATH=${CMAKE_PREFIX_PATH}:/home/zhe/code/soccer_b_ws/install/vision_test:/home/zhe/code/soccer_b_ws/install/test_package:/home/zhe/code/soccer_b_ws/install/rm_control:/home/zhe/code/soccer_b_ws/install/motion_capture:/home/zhe/code/tf2tut/install/learning_tf2_py:/home/zhe/code/rm_ws/install/robomaster_ros:/home/zhe/code/gy_ws/install/learning_urdf:/home/zhe/code/gy_ws/install/learning_topic:/home/zhe/code/gy_ws/install/learning_tf:/home/zhe/code/gy_ws/install/learning_service:/home/zhe/code/gy_ws/install/learning_qos:/home/zhe/code/gy_ws/install/learning_pkg_python:/home/zhe/code/gy_ws/install/learning_parameter:/home/zhe/code/gy_ws/install/learning_node:/home/zhe/code/gy_ws/install/learning_launch:/home/zhe/code/gy_ws/install/learning_action:/home/zhe/code/gy_ws/install/learning_gazebo:/home/zhe/code/gy_ws/install/learning_cv:/opt/ros/galactic /usr/bin/cmake --build /home/zhe/code/soccer_b_ws/build/ros2_interfaces -- -j12 -l12
[2.375s] INFO:colcon.colcon_core.task.python.build:Building Python package in '/home/zhe/code/soccer_b_ws/src/vision_test'
[2.402s] INFO:colcon.colcon_core.shell:Skip shell extension 'powershell' for command environment: Not usable outside of PowerShell
[2.402s] DEBUG:colcon.colcon_core.shell:Skip shell extension 'dsv' for command environment
[2.820s] DEBUG:colcon.colcon_core.event_handler.log_command:Invoking command in '/home/zhe/code/soccer_b_ws/build/vision_test': PYTHONPATH=/home/zhe/code/soccer_b_ws/build/vision_test/prefix_override:/home/zhe/code/soccer_b_ws/install/vision_test/lib/python3.8/site-packages:${PYTHONPATH} /usr/bin/python3 setup.py develop --editable --build-directory /home/zhe/code/soccer_b_ws/build/vision_test/build --no-deps install_data
[3.101s] Level 1:colcon.colcon_core.shell:create_environment_hook('vision_test', 'pythonpath_develop')
[3.101s] DEBUG:colcon.colcon_core.event_handler.log_command:Invoked command in '/home/zhe/code/soccer_b_ws/build/vision_test' returned '0': PYTHONPATH=/home/zhe/code/soccer_b_ws/build/vision_test/prefix_override:/home/zhe/code/soccer_b_ws/install/vision_test/lib/python3.8/site-packages:${PYTHONPATH} /usr/bin/python3 setup.py develop --editable --build-directory /home/zhe/code/soccer_b_ws/build/vision_test/build --no-deps install_data
[3.142s] INFO:colcon.colcon_core.shell:Creating environment hook '/home/zhe/code/soccer_b_ws/build/vision_test/share/vision_test/hook/pythonpath_develop.ps1'
[3.142s] INFO:colcon.colcon_core.shell:Creating environment descriptor '/home/zhe/code/soccer_b_ws/build/vision_test/share/vision_test/hook/pythonpath_develop.dsv'
[3.142s] INFO:colcon.colcon_core.shell:Creating environment hook '/home/zhe/code/soccer_b_ws/build/vision_test/share/vision_test/hook/pythonpath_develop.sh'
[3.168s] Level 1:colcon.colcon_core.environment:checking '/home/zhe/code/soccer_b_ws/install/vision_test' for CMake module files
[3.168s] Level 1:colcon.colcon_core.environment:checking '/home/zhe/code/soccer_b_ws/install/vision_test' for CMake config files
[3.169s] Level 1:colcon.colcon_core.environment:checking '/home/zhe/code/soccer_b_ws/install/vision_test/lib'
[3.169s] Level 1:colcon.colcon_core.environment:checking '/home/zhe/code/soccer_b_ws/install/vision_test/bin'
[3.169s] Level 1:colcon.colcon_core.environment:checking '/home/zhe/code/soccer_b_ws/install/vision_test/lib/pkgconfig/vision_test.pc'
[3.169s] Level 1:colcon.colcon_core.environment:checking '/home/zhe/code/soccer_b_ws/install/vision_test/lib/python3.8/site-packages'
[3.169s] Level 1:colcon.colcon_core.shell:create_environment_hook('vision_test', 'pythonpath')
[3.192s] INFO:colcon.colcon_core.shell:Creating environment hook '/home/zhe/code/soccer_b_ws/install/vision_test/share/vision_test/hook/pythonpath.ps1'
[3.192s] INFO:colcon.colcon_core.shell:Creating environment descriptor '/home/zhe/code/soccer_b_ws/install/vision_test/share/vision_test/hook/pythonpath.dsv'
[3.192s] INFO:colcon.colcon_core.shell:Creating environment hook '/home/zhe/code/soccer_b_ws/install/vision_test/share/vision_test/hook/pythonpath.sh'
[3.192s] Level 1:colcon.colcon_core.environment:checking '/home/zhe/code/soccer_b_ws/install/vision_test/bin'
[3.192s] Level 1:colcon.colcon_core.environment:create_environment_scripts_only(vision_test)
[3.216s] INFO:colcon.colcon_core.shell:Creating package script '/home/zhe/code/soccer_b_ws/install/vision_test/share/vision_test/package.ps1'
[3.216s] INFO:colcon.colcon_core.shell:Creating package descriptor '/home/zhe/code/soccer_b_ws/install/vision_test/share/vision_test/package.dsv'
[3.217s] INFO:colcon.colcon_core.shell:Creating package script '/home/zhe/code/soccer_b_ws/install/vision_test/share/vision_test/package.sh'
[3.217s] INFO:colcon.colcon_core.shell:Creating package script '/home/zhe/code/soccer_b_ws/install/vision_test/share/vision_test/package.bash'
[3.218s] INFO:colcon.colcon_core.shell:Creating package script '/home/zhe/code/soccer_b_ws/install/vision_test/share/vision_test/package.zsh'
[3.218s] Level 1:colcon.colcon_core.environment:create_file_with_runtime_dependencies(/home/zhe/code/soccer_b_ws/install/vision_test/share/colcon-core/packages/vision_test)
[4.942s] DEBUG:colcon.colcon_core.event_handler.log_command:Invoked command in '/home/zhe/code/soccer_b_ws/build/ros2_interfaces' returned '0': CMAKE_PREFIX_PATH=${CMAKE_PREFIX_PATH}:/home/zhe/code/soccer_b_ws/install/vision_test:/home/zhe/code/soccer_b_ws/install/test_package:/home/zhe/code/soccer_b_ws/install/rm_control:/home/zhe/code/soccer_b_ws/install/motion_capture:/home/zhe/code/tf2tut/install/learning_tf2_py:/home/zhe/code/rm_ws/install/robomaster_ros:/home/zhe/code/gy_ws/install/learning_urdf:/home/zhe/code/gy_ws/install/learning_topic:/home/zhe/code/gy_ws/install/learning_tf:/home/zhe/code/gy_ws/install/learning_service:/home/zhe/code/gy_ws/install/learning_qos:/home/zhe/code/gy_ws/install/learning_pkg_python:/home/zhe/code/gy_ws/install/learning_parameter:/home/zhe/code/gy_ws/install/learning_node:/home/zhe/code/gy_ws/install/learning_launch:/home/zhe/code/gy_ws/install/learning_action:/home/zhe/code/gy_ws/install/learning_gazebo:/home/zhe/code/gy_ws/install/learning_cv:/opt/ros/galactic /usr/bin/cmake --build /home/zhe/code/soccer_b_ws/build/ros2_interfaces -- -j12 -l12
[4.989s] DEBUG:colcon.colcon_core.event_handler.log_command:Invoking command in '/home/zhe/code/soccer_b_ws/build/ros2_interfaces': CMAKE_PREFIX_PATH=${CMAKE_PREFIX_PATH}:/home/zhe/code/soccer_b_ws/install/vision_test:/home/zhe/code/soccer_b_ws/install/test_package:/home/zhe/code/soccer_b_ws/install/rm_control:/home/zhe/code/soccer_b_ws/install/motion_capture:/home/zhe/code/tf2tut/install/learning_tf2_py:/home/zhe/code/rm_ws/install/robomaster_ros:/home/zhe/code/gy_ws/install/learning_urdf:/home/zhe/code/gy_ws/install/learning_topic:/home/zhe/code/gy_ws/install/learning_tf:/home/zhe/code/gy_ws/install/learning_service:/home/zhe/code/gy_ws/install/learning_qos:/home/zhe/code/gy_ws/install/learning_pkg_python:/home/zhe/code/gy_ws/install/learning_parameter:/home/zhe/code/gy_ws/install/learning_node:/home/zhe/code/gy_ws/install/learning_launch:/home/zhe/code/gy_ws/install/learning_action:/home/zhe/code/gy_ws/install/learning_gazebo:/home/zhe/code/gy_ws/install/learning_cv:/opt/ros/galactic /usr/bin/cmake --install /home/zhe/code/soccer_b_ws/build/ros2_interfaces
[5.050s] Level 1:colcon.colcon_core.environment:create_environment_scripts_only(ros2_interfaces)
[5.050s] DEBUG:colcon.colcon_core.event_handler.log_command:Invoked command in '/home/zhe/code/soccer_b_ws/build/ros2_interfaces' returned '0': CMAKE_PREFIX_PATH=${CMAKE_PREFIX_PATH}:/home/zhe/code/soccer_b_ws/install/vision_test:/home/zhe/code/soccer_b_ws/install/test_package:/home/zhe/code/soccer_b_ws/install/rm_control:/home/zhe/code/soccer_b_ws/install/motion_capture:/home/zhe/code/tf2tut/install/learning_tf2_py:/home/zhe/code/rm_ws/install/robomaster_ros:/home/zhe/code/gy_ws/install/learning_urdf:/home/zhe/code/gy_ws/install/learning_topic:/home/zhe/code/gy_ws/install/learning_tf:/home/zhe/code/gy_ws/install/learning_service:/home/zhe/code/gy_ws/install/learning_qos:/home/zhe/code/gy_ws/install/learning_pkg_python:/home/zhe/code/gy_ws/install/learning_parameter:/home/zhe/code/gy_ws/install/learning_node:/home/zhe/code/gy_ws/install/learning_launch:/home/zhe/code/gy_ws/install/learning_action:/home/zhe/code/gy_ws/install/learning_gazebo:/home/zhe/code/gy_ws/install/learning_cv:/opt/ros/galactic /usr/bin/cmake --install /home/zhe/code/soccer_b_ws/build/ros2_interfaces
[5.072s] Level 1:colcon.colcon_core.environment:checking '/home/zhe/code/soccer_b_ws/install/ros2_interfaces' for CMake module files
[5.073s] Level 1:colcon.colcon_core.environment:checking '/home/zhe/code/soccer_b_ws/install/ros2_interfaces' for CMake config files
[5.073s] Level 1:colcon.colcon_core.shell:create_environment_hook('ros2_interfaces', 'cmake_prefix_path')
[5.094s] INFO:colcon.colcon_core.shell:Creating environment hook '/home/zhe/code/soccer_b_ws/install/ros2_interfaces/share/ros2_interfaces/hook/cmake_prefix_path.ps1'
[5.094s] INFO:colcon.colcon_core.shell:Creating environment descriptor '/home/zhe/code/soccer_b_ws/install/ros2_interfaces/share/ros2_interfaces/hook/cmake_prefix_path.dsv'
[5.095s] INFO:colcon.colcon_core.shell:Creating environment hook '/home/zhe/code/soccer_b_ws/install/ros2_interfaces/share/ros2_interfaces/hook/cmake_prefix_path.sh'
[5.095s] Level 1:colcon.colcon_core.environment:checking '/home/zhe/code/soccer_b_ws/install/ros2_interfaces/lib'
[5.095s] Level 1:colcon.colcon_core.shell:create_environment_hook('ros2_interfaces', 'ld_library_path_lib')
[5.117s] INFO:colcon.colcon_core.shell:Creating environment hook '/home/zhe/code/soccer_b_ws/install/ros2_interfaces/share/ros2_interfaces/hook/ld_library_path_lib.ps1'
[5.117s] INFO:colcon.colcon_core.shell:Creating environment descriptor '/home/zhe/code/soccer_b_ws/install/ros2_interfaces/share/ros2_interfaces/hook/ld_library_path_lib.dsv'
[5.117s] INFO:colcon.colcon_core.shell:Creating environment hook '/home/zhe/code/soccer_b_ws/install/ros2_interfaces/share/ros2_interfaces/hook/ld_library_path_lib.sh'
[5.117s] Level 1:colcon.colcon_core.environment:checking '/home/zhe/code/soccer_b_ws/install/ros2_interfaces/bin'
[5.117s] Level 1:colcon.colcon_core.environment:checking '/home/zhe/code/soccer_b_ws/install/ros2_interfaces/lib/pkgconfig/ros2_interfaces.pc'
[5.117s] Level 1:colcon.colcon_core.environment:checking '/home/zhe/code/soccer_b_ws/install/ros2_interfaces/lib/python3.8/site-packages'
[5.117s] Level 1:colcon.colcon_core.shell:create_environment_hook('ros2_interfaces', 'pythonpath')
[5.139s] INFO:colcon.colcon_core.shell:Creating environment hook '/home/zhe/code/soccer_b_ws/install/ros2_interfaces/share/ros2_interfaces/hook/pythonpath.ps1'
[5.139s] INFO:colcon.colcon_core.shell:Creating environment descriptor '/home/zhe/code/soccer_b_ws/install/ros2_interfaces/share/ros2_interfaces/hook/pythonpath.dsv'
[5.139s] INFO:colcon.colcon_core.shell:Creating environment hook '/home/zhe/code/soccer_b_ws/install/ros2_interfaces/share/ros2_interfaces/hook/pythonpath.sh'
[5.139s] Level 1:colcon.colcon_core.environment:checking '/home/zhe/code/soccer_b_ws/install/ros2_interfaces/bin'
[5.161s] INFO:colcon.colcon_core.shell:Creating package script '/home/zhe/code/soccer_b_ws/install/ros2_interfaces/share/ros2_interfaces/package.ps1'
[5.161s] INFO:colcon.colcon_core.shell:Creating package descriptor '/home/zhe/code/soccer_b_ws/install/ros2_interfaces/share/ros2_interfaces/package.dsv'
[5.162s] INFO:colcon.colcon_core.shell:Creating package script '/home/zhe/code/soccer_b_ws/install/ros2_interfaces/share/ros2_interfaces/package.sh'
[5.162s] INFO:colcon.colcon_core.shell:Creating package script '/home/zhe/code/soccer_b_ws/install/ros2_interfaces/share/ros2_interfaces/package.bash'
[5.162s] INFO:colcon.colcon_core.shell:Creating package script '/home/zhe/code/soccer_b_ws/install/ros2_interfaces/share/ros2_interfaces/package.zsh'
[5.162s] Level 1:colcon.colcon_core.environment:create_file_with_runtime_dependencies(/home/zhe/code/soccer_b_ws/install/ros2_interfaces/share/colcon-core/packages/ros2_interfaces)
[5.234s] Level 1:colcon.colcon_core.environment:create_environment_scripts_only(ros2_interfaces)
[5.255s] Level 1:colcon.colcon_core.environment:checking '/home/zhe/code/soccer_b_ws/install/ros2_interfaces' for CMake module files
[5.256s] Level 1:colcon.colcon_core.environment:checking '/home/zhe/code/soccer_b_ws/install/ros2_interfaces' for CMake config files
[5.256s] Level 1:colcon.colcon_core.shell:create_environment_hook('ros2_interfaces', 'cmake_prefix_path')
[5.277s] INFO:colcon.colcon_core.shell:Creating environment hook '/home/zhe/code/soccer_b_ws/install/ros2_interfaces/share/ros2_interfaces/hook/cmake_prefix_path.ps1'
[5.278s] INFO:colcon.colcon_core.shell:Creating environment descriptor '/home/zhe/code/soccer_b_ws/install/ros2_interfaces/share/ros2_interfaces/hook/cmake_prefix_path.dsv'
[5.278s] INFO:colcon.colcon_core.shell:Creating environment hook '/home/zhe/code/soccer_b_ws/install/ros2_interfaces/share/ros2_interfaces/hook/cmake_prefix_path.sh'
[5.278s] Level 1:colcon.colcon_core.environment:checking '/home/zhe/code/soccer_b_ws/install/ros2_interfaces/lib'
[5.278s] Level 1:colcon.colcon_core.shell:create_environment_hook('ros2_interfaces', 'ld_library_path_lib')
[5.299s] INFO:colcon.colcon_core.shell:Creating environment hook '/home/zhe/code/soccer_b_ws/install/ros2_interfaces/share/ros2_interfaces/hook/ld_library_path_lib.ps1'
[5.300s] INFO:colcon.colcon_core.shell:Creating environment descriptor '/home/zhe/code/soccer_b_ws/install/ros2_interfaces/share/ros2_interfaces/hook/ld_library_path_lib.dsv'
[5.300s] INFO:colcon.colcon_core.shell:Creating environment hook '/home/zhe/code/soccer_b_ws/install/ros2_interfaces/share/ros2_interfaces/hook/ld_library_path_lib.sh'
[5.300s] Level 1:colcon.colcon_core.environment:checking '/home/zhe/code/soccer_b_ws/install/ros2_interfaces/bin'
[5.300s] Level 1:colcon.colcon_core.environment:checking '/home/zhe/code/soccer_b_ws/install/ros2_interfaces/lib/pkgconfig/ros2_interfaces.pc'
[5.300s] Level 1:colcon.colcon_core.environment:checking '/home/zhe/code/soccer_b_ws/install/ros2_interfaces/lib/python3.8/site-packages'
[5.300s] Level 1:colcon.colcon_core.shell:create_environment_hook('ros2_interfaces', 'pythonpath')
[5.321s] INFO:colcon.colcon_core.shell:Creating environment hook '/home/zhe/code/soccer_b_ws/install/ros2_interfaces/share/ros2_interfaces/hook/pythonpath.ps1'
[5.322s] INFO:colcon.colcon_core.shell:Creating environment descriptor '/home/zhe/code/soccer_b_ws/install/ros2_interfaces/share/ros2_interfaces/hook/pythonpath.dsv'
[5.322s] INFO:colcon.colcon_core.shell:Creating environment hook '/home/zhe/code/soccer_b_ws/install/ros2_interfaces/share/ros2_interfaces/hook/pythonpath.sh'
[5.322s] Level 1:colcon.colcon_core.environment:checking '/home/zhe/code/soccer_b_ws/install/ros2_interfaces/bin'
[5.343s] INFO:colcon.colcon_core.shell:Creating package script '/home/zhe/code/soccer_b_ws/install/ros2_interfaces/share/ros2_interfaces/package.ps1'
[5.343s] INFO:colcon.colcon_core.shell:Creating package descriptor '/home/zhe/code/soccer_b_ws/install/ros2_interfaces/share/ros2_interfaces/package.dsv'
[5.343s] INFO:colcon.colcon_core.shell:Creating package script '/home/zhe/code/soccer_b_ws/install/ros2_interfaces/share/ros2_interfaces/package.sh'
[5.344s] INFO:colcon.colcon_core.shell:Creating package script '/home/zhe/code/soccer_b_ws/install/ros2_interfaces/share/ros2_interfaces/package.bash'
[5.344s] INFO:colcon.colcon_core.shell:Creating package script '/home/zhe/code/soccer_b_ws/install/ros2_interfaces/share/ros2_interfaces/package.zsh'
[5.344s] Level 1:colcon.colcon_core.environment:create_file_with_runtime_dependencies(/home/zhe/code/soccer_b_ws/install/ros2_interfaces/share/colcon-core/packages/ros2_interfaces)
[5.344s] INFO:colcon.colcon_ros.task.ament_python.build:Building ROS package in '/home/zhe/code/soccer_b_ws/src/motion_capture' with build type 'ament_python'
[5.345s] Level 1:colcon.colcon_core.shell:create_environment_hook('motion_capture', 'ament_prefix_path')
[5.366s] INFO:colcon.colcon_core.shell:Creating environment hook '/home/zhe/code/soccer_b_ws/install/motion_capture/share/motion_capture/hook/ament_prefix_path.ps1'
[5.366s] INFO:colcon.colcon_core.shell:Creating environment descriptor '/home/zhe/code/soccer_b_ws/install/motion_capture/share/motion_capture/hook/ament_prefix_path.dsv'
[5.366s] INFO:colcon.colcon_core.shell:Creating environment hook '/home/zhe/code/soccer_b_ws/install/motion_capture/share/motion_capture/hook/ament_prefix_path.sh'
[5.387s] INFO:colcon.colcon_core.shell:Skip shell extension 'powershell' for command environment: Not usable outside of PowerShell
[5.387s] DEBUG:colcon.colcon_core.shell:Skip shell extension 'dsv' for command environment
[5.564s] INFO:colcon.colcon_ros.task.ament_python.build:Building ROS package in '/home/zhe/code/soccer_b_ws/src/rm_control' with build type 'ament_python'
[5.565s] Level 1:colcon.colcon_core.shell:create_environment_hook('rm_control', 'ament_prefix_path')
[5.587s] INFO:colcon.colcon_core.shell:Creating environment hook '/home/zhe/code/soccer_b_ws/install/rm_control/share/rm_control/hook/ament_prefix_path.ps1'
[5.587s] INFO:colcon.colcon_core.shell:Creating environment descriptor '/home/zhe/code/soccer_b_ws/install/rm_control/share/rm_control/hook/ament_prefix_path.dsv'
[5.587s] INFO:colcon.colcon_core.shell:Creating environment hook '/home/zhe/code/soccer_b_ws/install/rm_control/share/rm_control/hook/ament_prefix_path.sh'
[5.609s] INFO:colcon.colcon_core.shell:Skip shell extension 'powershell' for command environment: Not usable outside of PowerShell
[5.609s] DEBUG:colcon.colcon_core.shell:Skip shell extension 'dsv' for command environment
[5.780s] INFO:colcon.colcon_ros.task.ament_python.build:Building ROS package in '/home/zhe/code/soccer_b_ws/src/test_package' with build type 'ament_python'
[5.780s] Level 1:colcon.colcon_core.shell:create_environment_hook('test_package', 'ament_prefix_path')
[5.803s] INFO:colcon.colcon_core.shell:Creating environment hook '/home/zhe/code/soccer_b_ws/install/test_package/share/test_package/hook/ament_prefix_path.ps1'
[5.803s] INFO:colcon.colcon_core.shell:Creating environment descriptor '/home/zhe/code/soccer_b_ws/install/test_package/share/test_package/hook/ament_prefix_path.dsv'
[5.803s] INFO:colcon.colcon_core.shell:Creating environment hook '/home/zhe/code/soccer_b_ws/install/test_package/share/test_package/hook/ament_prefix_path.sh'
[5.825s] INFO:colcon.colcon_core.shell:Skip shell extension 'powershell' for command environment: Not usable outside of PowerShell
[5.825s] DEBUG:colcon.colcon_core.shell:Skip shell extension 'dsv' for command environment
[6.139s] INFO:colcon.colcon_core.task.python.build:Building Python package in '/home/zhe/code/soccer_b_ws/src/motion_capture'
[6.161s] INFO:colcon.colcon_core.shell:Skip shell extension 'powershell' for command environment: Not usable outside of PowerShell
[6.161s] DEBUG:colcon.colcon_core.shell:Skip shell extension 'dsv' for command environment
[6.467s] INFO:colcon.colcon_core.task.python.build:Building Python package in '/home/zhe/code/soccer_b_ws/src/rm_control'
[6.488s] INFO:colcon.colcon_core.shell:Skip shell extension 'powershell' for command environment: Not usable outside of PowerShell
[6.488s] DEBUG:colcon.colcon_core.shell:Skip shell extension 'dsv' for command environment
[6.801s] INFO:colcon.colcon_core.task.python.build:Building Python package in '/home/zhe/code/soccer_b_ws/src/test_package'
[6.823s] INFO:colcon.colcon_core.shell:Skip shell extension 'powershell' for command environment: Not usable outside of PowerShell
[6.823s] DEBUG:colcon.colcon_core.shell:Skip shell extension 'dsv' for command environment
[7.235s] DEBUG:colcon.colcon_core.event_handler.log_command:Invoking command in '/home/zhe/code/soccer_b_ws/build/rm_control': PYTHONPATH=/home/zhe/code/soccer_b_ws/build/rm_control/prefix_override:/home/zhe/code/soccer_b_ws/install/rm_control/lib/python3.8/site-packages:/home/zhe/code/soccer_b_ws/install/ros2_interfaces/lib/python3.8/site-packages:/home/zhe/code/soccer_b_ws/build/vision_test:/home/zhe/code/soccer_b_ws/install/vision_test/lib/python3.8/site-packages:/home/zhe/code/soccer_b_ws/build/test_package:/home/zhe/code/soccer_b_ws/install/test_package/lib/python3.8/site-packages:/home/zhe/code/soccer_b_ws/build/rm_control:/home/zhe/code/soccer_b_ws/install/rm_control/lib/python3.8/site-packages:/home/zhe/code/soccer_b_ws/build/motion_capture:/home/zhe/code/soccer_b_ws/install/motion_capture/lib/python3.8/site-packages:/home/zhe/code/tf2tut/build/learning_tf2_py:/home/zhe/code/tf2tut/install/learning_tf2_py/lib/python3.8/site-packages:/home/zhe/code/ffmpeg_msg/install/ffmpeg_image_transport_msgs/lib/python3.8/site-packages:/home/zhe/code/ffmpeg/install/ffmpeg_image_transport_msgs/lib/python3.8/site-packages:/home/zhe/code/rm_ws/build/robomaster_ros:/home/zhe/code/rm_ws/install/robomaster_ros/lib/python3.8/site-packages:/home/zhe/code/rm_ws/install/robomaster_msgs/lib/python3.8/site-packages:/home/zhe/code/gy_ws/build/learning_urdf:/home/zhe/code/gy_ws/install/learning_urdf/lib/python3.8/site-packages:/home/zhe/code/gy_ws/build/learning_topic:/home/zhe/code/gy_ws/install/learning_topic/lib/python3.8/site-packages:/home/zhe/code/gy_ws/build/learning_tf:/home/zhe/code/gy_ws/install/learning_tf/lib/python3.8/site-packages:/home/zhe/code/gy_ws/build/learning_service:/home/zhe/code/gy_ws/install/learning_service/lib/python3.8/site-packages:/home/zhe/code/gy_ws/build/learning_qos:/home/zhe/code/gy_ws/install/learning_qos/lib/python3.8/site-packages:/home/zhe/code/gy_ws/build/learning_pkg_python:/home/zhe/code/gy_ws/install/learning_pkg_python/lib/python3.8/site-packages:/home/zhe/code/gy_ws/build/learning_parameter:/home/zhe/code/gy_ws/install/learning_parameter/lib/python3.8/site-packages:/home/zhe/code/gy_ws/build/learning_node:/home/zhe/code/gy_ws/install/learning_node/lib/python3.8/site-packages:/home/zhe/code/gy_ws/build/learning_launch:/home/zhe/code/gy_ws/install/learning_launch/lib/python3.8/site-packages:/home/zhe/code/gy_ws/build/learning_action:/home/zhe/code/gy_ws/install/learning_action/lib/python3.8/site-packages:/home/zhe/code/gy_ws/install/learning_interface/lib/python3.8/site-packages:/home/zhe/code/gy_ws/build/learning_gazebo:/home/zhe/code/gy_ws/install/learning_gazebo/lib/python3.8/site-packages:/home/zhe/code/gy_ws/build/learning_cv:/home/zhe/code/gy_ws/install/learning_cv/lib/python3.8/site-packages:/opt/ros/galactic/lib/python3.8/site-packages /usr/bin/python3 setup.py develop --editable --build-directory /home/zhe/code/soccer_b_ws/build/rm_control/build --no-deps install_data
[7.238s] DEBUG:colcon.colcon_core.event_handler.log_command:Invoking command in '/home/zhe/code/soccer_b_ws/build/motion_capture': PYTHONPATH=/home/zhe/code/soccer_b_ws/build/motion_capture/prefix_override:/home/zhe/code/soccer_b_ws/install/motion_capture/lib/python3.8/site-packages:/home/zhe/code/soccer_b_ws/install/ros2_interfaces/lib/python3.8/site-packages:/home/zhe/code/soccer_b_ws/build/vision_test:/home/zhe/code/soccer_b_ws/install/vision_test/lib/python3.8/site-packages:/home/zhe/code/soccer_b_ws/build/test_package:/home/zhe/code/soccer_b_ws/install/test_package/lib/python3.8/site-packages:/home/zhe/code/soccer_b_ws/build/rm_control:/home/zhe/code/soccer_b_ws/install/rm_control/lib/python3.8/site-packages:/home/zhe/code/soccer_b_ws/build/motion_capture:/home/zhe/code/soccer_b_ws/install/motion_capture/lib/python3.8/site-packages:/home/zhe/code/tf2tut/build/learning_tf2_py:/home/zhe/code/tf2tut/install/learning_tf2_py/lib/python3.8/site-packages:/home/zhe/code/ffmpeg_msg/install/ffmpeg_image_transport_msgs/lib/python3.8/site-packages:/home/zhe/code/ffmpeg/install/ffmpeg_image_transport_msgs/lib/python3.8/site-packages:/home/zhe/code/rm_ws/build/robomaster_ros:/home/zhe/code/rm_ws/install/robomaster_ros/lib/python3.8/site-packages:/home/zhe/code/rm_ws/install/robomaster_msgs/lib/python3.8/site-packages:/home/zhe/code/gy_ws/build/learning_urdf:/home/zhe/code/gy_ws/install/learning_urdf/lib/python3.8/site-packages:/home/zhe/code/gy_ws/build/learning_topic:/home/zhe/code/gy_ws/install/learning_topic/lib/python3.8/site-packages:/home/zhe/code/gy_ws/build/learning_tf:/home/zhe/code/gy_ws/install/learning_tf/lib/python3.8/site-packages:/home/zhe/code/gy_ws/build/learning_service:/home/zhe/code/gy_ws/install/learning_service/lib/python3.8/site-packages:/home/zhe/code/gy_ws/build/learning_qos:/home/zhe/code/gy_ws/install/learning_qos/lib/python3.8/site-packages:/home/zhe/code/gy_ws/build/learning_pkg_python:/home/zhe/code/gy_ws/install/learning_pkg_python/lib/python3.8/site-packages:/home/zhe/code/gy_ws/build/learning_parameter:/home/zhe/code/gy_ws/install/learning_parameter/lib/python3.8/site-packages:/home/zhe/code/gy_ws/build/learning_node:/home/zhe/code/gy_ws/install/learning_node/lib/python3.8/site-packages:/home/zhe/code/gy_ws/build/learning_launch:/home/zhe/code/gy_ws/install/learning_launch/lib/python3.8/site-packages:/home/zhe/code/gy_ws/build/learning_action:/home/zhe/code/gy_ws/install/learning_action/lib/python3.8/site-packages:/home/zhe/code/gy_ws/install/learning_interface/lib/python3.8/site-packages:/home/zhe/code/gy_ws/build/learning_gazebo:/home/zhe/code/gy_ws/install/learning_gazebo/lib/python3.8/site-packages:/home/zhe/code/gy_ws/build/learning_cv:/home/zhe/code/gy_ws/install/learning_cv/lib/python3.8/site-packages:/opt/ros/galactic/lib/python3.8/site-packages /usr/bin/python3 setup.py develop --editable --build-directory /home/zhe/code/soccer_b_ws/build/motion_capture/build --no-deps install_data
[7.239s] DEBUG:colcon.colcon_core.event_handler.log_command:Invoking command in '/home/zhe/code/soccer_b_ws/build/test_package': PYTHONPATH=/home/zhe/code/soccer_b_ws/build/test_package/prefix_override:/home/zhe/code/soccer_b_ws/install/test_package/lib/python3.8/site-packages:/home/zhe/code/soccer_b_ws/install/ros2_interfaces/lib/python3.8/site-packages:/home/zhe/code/soccer_b_ws/build/vision_test:/home/zhe/code/soccer_b_ws/install/vision_test/lib/python3.8/site-packages:/home/zhe/code/soccer_b_ws/build/test_package:/home/zhe/code/soccer_b_ws/install/test_package/lib/python3.8/site-packages:/home/zhe/code/soccer_b_ws/build/rm_control:/home/zhe/code/soccer_b_ws/install/rm_control/lib/python3.8/site-packages:/home/zhe/code/soccer_b_ws/build/motion_capture:/home/zhe/code/soccer_b_ws/install/motion_capture/lib/python3.8/site-packages:/home/zhe/code/tf2tut/build/learning_tf2_py:/home/zhe/code/tf2tut/install/learning_tf2_py/lib/python3.8/site-packages:/home/zhe/code/ffmpeg_msg/install/ffmpeg_image_transport_msgs/lib/python3.8/site-packages:/home/zhe/code/ffmpeg/install/ffmpeg_image_transport_msgs/lib/python3.8/site-packages:/home/zhe/code/rm_ws/build/robomaster_ros:/home/zhe/code/rm_ws/install/robomaster_ros/lib/python3.8/site-packages:/home/zhe/code/rm_ws/install/robomaster_msgs/lib/python3.8/site-packages:/home/zhe/code/gy_ws/build/learning_urdf:/home/zhe/code/gy_ws/install/learning_urdf/lib/python3.8/site-packages:/home/zhe/code/gy_ws/build/learning_topic:/home/zhe/code/gy_ws/install/learning_topic/lib/python3.8/site-packages:/home/zhe/code/gy_ws/build/learning_tf:/home/zhe/code/gy_ws/install/learning_tf/lib/python3.8/site-packages:/home/zhe/code/gy_ws/build/learning_service:/home/zhe/code/gy_ws/install/learning_service/lib/python3.8/site-packages:/home/zhe/code/gy_ws/build/learning_qos:/home/zhe/code/gy_ws/install/learning_qos/lib/python3.8/site-packages:/home/zhe/code/gy_ws/build/learning_pkg_python:/home/zhe/code/gy_ws/install/learning_pkg_python/lib/python3.8/site-packages:/home/zhe/code/gy_ws/build/learning_parameter:/home/zhe/code/gy_ws/install/learning_parameter/lib/python3.8/site-packages:/home/zhe/code/gy_ws/build/learning_node:/home/zhe/code/gy_ws/install/learning_node/lib/python3.8/site-packages:/home/zhe/code/gy_ws/build/learning_launch:/home/zhe/code/gy_ws/install/learning_launch/lib/python3.8/site-packages:/home/zhe/code/gy_ws/build/learning_action:/home/zhe/code/gy_ws/install/learning_action/lib/python3.8/site-packages:/home/zhe/code/gy_ws/install/learning_interface/lib/python3.8/site-packages:/home/zhe/code/gy_ws/build/learning_gazebo:/home/zhe/code/gy_ws/install/learning_gazebo/lib/python3.8/site-packages:/home/zhe/code/gy_ws/build/learning_cv:/home/zhe/code/gy_ws/install/learning_cv/lib/python3.8/site-packages:/opt/ros/galactic/lib/python3.8/site-packages /usr/bin/python3 setup.py develop --editable --build-directory /home/zhe/code/soccer_b_ws/build/test_package/build --no-deps install_data
[7.519s] Level 1:colcon.colcon_core.shell:create_environment_hook('rm_control', 'pythonpath_develop')
[7.519s] DEBUG:colcon.colcon_core.event_handler.log_command:Invoked command in '/home/zhe/code/soccer_b_ws/build/rm_control' returned '0': PYTHONPATH=/home/zhe/code/soccer_b_ws/build/rm_control/prefix_override:/home/zhe/code/soccer_b_ws/install/rm_control/lib/python3.8/site-packages:/home/zhe/code/soccer_b_ws/install/ros2_interfaces/lib/python3.8/site-packages:/home/zhe/code/soccer_b_ws/build/vision_test:/home/zhe/code/soccer_b_ws/install/vision_test/lib/python3.8/site-packages:/home/zhe/code/soccer_b_ws/build/test_package:/home/zhe/code/soccer_b_ws/install/test_package/lib/python3.8/site-packages:/home/zhe/code/soccer_b_ws/build/rm_control:/home/zhe/code/soccer_b_ws/install/rm_control/lib/python3.8/site-packages:/home/zhe/code/soccer_b_ws/build/motion_capture:/home/zhe/code/soccer_b_ws/install/motion_capture/lib/python3.8/site-packages:/home/zhe/code/tf2tut/build/learning_tf2_py:/home/zhe/code/tf2tut/install/learning_tf2_py/lib/python3.8/site-packages:/home/zhe/code/ffmpeg_msg/install/ffmpeg_image_transport_msgs/lib/python3.8/site-packages:/home/zhe/code/ffmpeg/install/ffmpeg_image_transport_msgs/lib/python3.8/site-packages:/home/zhe/code/rm_ws/build/robomaster_ros:/home/zhe/code/rm_ws/install/robomaster_ros/lib/python3.8/site-packages:/home/zhe/code/rm_ws/install/robomaster_msgs/lib/python3.8/site-packages:/home/zhe/code/gy_ws/build/learning_urdf:/home/zhe/code/gy_ws/install/learning_urdf/lib/python3.8/site-packages:/home/zhe/code/gy_ws/build/learning_topic:/home/zhe/code/gy_ws/install/learning_topic/lib/python3.8/site-packages:/home/zhe/code/gy_ws/build/learning_tf:/home/zhe/code/gy_ws/install/learning_tf/lib/python3.8/site-packages:/home/zhe/code/gy_ws/build/learning_service:/home/zhe/code/gy_ws/install/learning_service/lib/python3.8/site-packages:/home/zhe/code/gy_ws/build/learning_qos:/home/zhe/code/gy_ws/install/learning_qos/lib/python3.8/site-packages:/home/zhe/code/gy_ws/build/learning_pkg_python:/home/zhe/code/gy_ws/install/learning_pkg_python/lib/python3.8/site-packages:/home/zhe/code/gy_ws/build/learning_parameter:/home/zhe/code/gy_ws/install/learning_parameter/lib/python3.8/site-packages:/home/zhe/code/gy_ws/build/learning_node:/home/zhe/code/gy_ws/install/learning_node/lib/python3.8/site-packages:/home/zhe/code/gy_ws/build/learning_launch:/home/zhe/code/gy_ws/install/learning_launch/lib/python3.8/site-packages:/home/zhe/code/gy_ws/build/learning_action:/home/zhe/code/gy_ws/install/learning_action/lib/python3.8/site-packages:/home/zhe/code/gy_ws/install/learning_interface/lib/python3.8/site-packages:/home/zhe/code/gy_ws/build/learning_gazebo:/home/zhe/code/gy_ws/install/learning_gazebo/lib/python3.8/site-packages:/home/zhe/code/gy_ws/build/learning_cv:/home/zhe/code/gy_ws/install/learning_cv/lib/python3.8/site-packages:/opt/ros/galactic/lib/python3.8/site-packages /usr/bin/python3 setup.py develop --editable --build-directory /home/zhe/code/soccer_b_ws/build/rm_control/build --no-deps install_data
[7.543s] INFO:colcon.colcon_core.shell:Creating environment hook '/home/zhe/code/soccer_b_ws/build/rm_control/share/rm_control/hook/pythonpath_develop.ps1'
[7.543s] INFO:colcon.colcon_core.shell:Creating environment descriptor '/home/zhe/code/soccer_b_ws/build/rm_control/share/rm_control/hook/pythonpath_develop.dsv'
[7.543s] INFO:colcon.colcon_core.shell:Creating environment hook '/home/zhe/code/soccer_b_ws/build/rm_control/share/rm_control/hook/pythonpath_develop.sh'
[7.566s] Level 1:colcon.colcon_core.environment:checking '/home/zhe/code/soccer_b_ws/install/rm_control' for CMake module files
[7.566s] Level 1:colcon.colcon_core.environment:checking '/home/zhe/code/soccer_b_ws/install/rm_control' for CMake config files
[7.567s] Level 1:colcon.colcon_core.environment:checking '/home/zhe/code/soccer_b_ws/install/rm_control/lib'
[7.567s] Level 1:colcon.colcon_core.environment:checking '/home/zhe/code/soccer_b_ws/install/rm_control/bin'
[7.567s] Level 1:colcon.colcon_core.environment:checking '/home/zhe/code/soccer_b_ws/install/rm_control/lib/pkgconfig/rm_control.pc'
[7.567s] Level 1:colcon.colcon_core.environment:checking '/home/zhe/code/soccer_b_ws/install/rm_control/lib/python3.8/site-packages'
[7.567s] Level 1:colcon.colcon_core.shell:create_environment_hook('rm_control', 'pythonpath')
[7.589s] INFO:colcon.colcon_core.shell:Creating environment hook '/home/zhe/code/soccer_b_ws/install/rm_control/share/rm_control/hook/pythonpath.ps1'
[7.589s] INFO:colcon.colcon_core.shell:Creating environment descriptor '/home/zhe/code/soccer_b_ws/install/rm_control/share/rm_control/hook/pythonpath.dsv'
[7.589s] INFO:colcon.colcon_core.shell:Creating environment hook '/home/zhe/code/soccer_b_ws/install/rm_control/share/rm_control/hook/pythonpath.sh'
[7.589s] Level 1:colcon.colcon_core.environment:checking '/home/zhe/code/soccer_b_ws/install/rm_control/bin'
[7.589s] Level 1:colcon.colcon_core.environment:create_environment_scripts_only(rm_control)
[7.612s] INFO:colcon.colcon_core.shell:Creating package script '/home/zhe/code/soccer_b_ws/install/rm_control/share/rm_control/package.ps1'
[7.612s] INFO:colcon.colcon_core.shell:Creating package descriptor '/home/zhe/code/soccer_b_ws/install/rm_control/share/rm_control/package.dsv'
[7.612s] INFO:colcon.colcon_core.shell:Creating package script '/home/zhe/code/soccer_b_ws/install/rm_control/share/rm_control/package.sh'
[7.613s] INFO:colcon.colcon_core.shell:Creating package script '/home/zhe/code/soccer_b_ws/install/rm_control/share/rm_control/package.bash'
[7.613s] INFO:colcon.colcon_core.shell:Creating package script '/home/zhe/code/soccer_b_ws/install/rm_control/share/rm_control/package.zsh'
[7.613s] Level 1:colcon.colcon_core.environment:create_file_with_runtime_dependencies(/home/zhe/code/soccer_b_ws/install/rm_control/share/colcon-core/packages/rm_control)
[7.614s] Level 1:colcon.colcon_core.shell:create_environment_hook('motion_capture', 'pythonpath_develop')
[7.614s] DEBUG:colcon.colcon_core.event_handler.log_command:Invoked command in '/home/zhe/code/soccer_b_ws/build/motion_capture' returned '0': PYTHONPATH=/home/zhe/code/soccer_b_ws/build/motion_capture/prefix_override:/home/zhe/code/soccer_b_ws/install/motion_capture/lib/python3.8/site-packages:/home/zhe/code/soccer_b_ws/install/ros2_interfaces/lib/python3.8/site-packages:/home/zhe/code/soccer_b_ws/build/vision_test:/home/zhe/code/soccer_b_ws/install/vision_test/lib/python3.8/site-packages:/home/zhe/code/soccer_b_ws/build/test_package:/home/zhe/code/soccer_b_ws/install/test_package/lib/python3.8/site-packages:/home/zhe/code/soccer_b_ws/build/rm_control:/home/zhe/code/soccer_b_ws/install/rm_control/lib/python3.8/site-packages:/home/zhe/code/soccer_b_ws/build/motion_capture:/home/zhe/code/soccer_b_ws/install/motion_capture/lib/python3.8/site-packages:/home/zhe/code/tf2tut/build/learning_tf2_py:/home/zhe/code/tf2tut/install/learning_tf2_py/lib/python3.8/site-packages:/home/zhe/code/ffmpeg_msg/install/ffmpeg_image_transport_msgs/lib/python3.8/site-packages:/home/zhe/code/ffmpeg/install/ffmpeg_image_transport_msgs/lib/python3.8/site-packages:/home/zhe/code/rm_ws/build/robomaster_ros:/home/zhe/code/rm_ws/install/robomaster_ros/lib/python3.8/site-packages:/home/zhe/code/rm_ws/install/robomaster_msgs/lib/python3.8/site-packages:/home/zhe/code/gy_ws/build/learning_urdf:/home/zhe/code/gy_ws/install/learning_urdf/lib/python3.8/site-packages:/home/zhe/code/gy_ws/build/learning_topic:/home/zhe/code/gy_ws/install/learning_topic/lib/python3.8/site-packages:/home/zhe/code/gy_ws/build/learning_tf:/home/zhe/code/gy_ws/install/learning_tf/lib/python3.8/site-packages:/home/zhe/code/gy_ws/build/learning_service:/home/zhe/code/gy_ws/install/learning_service/lib/python3.8/site-packages:/home/zhe/code/gy_ws/build/learning_qos:/home/zhe/code/gy_ws/install/learning_qos/lib/python3.8/site-packages:/home/zhe/code/gy_ws/build/learning_pkg_python:/home/zhe/code/gy_ws/install/learning_pkg_python/lib/python3.8/site-packages:/home/zhe/code/gy_ws/build/learning_parameter:/home/zhe/code/gy_ws/install/learning_parameter/lib/python3.8/site-packages:/home/zhe/code/gy_ws/build/learning_node:/home/zhe/code/gy_ws/install/learning_node/lib/python3.8/site-packages:/home/zhe/code/gy_ws/build/learning_launch:/home/zhe/code/gy_ws/install/learning_launch/lib/python3.8/site-packages:/home/zhe/code/gy_ws/build/learning_action:/home/zhe/code/gy_ws/install/learning_action/lib/python3.8/site-packages:/home/zhe/code/gy_ws/install/learning_interface/lib/python3.8/site-packages:/home/zhe/code/gy_ws/build/learning_gazebo:/home/zhe/code/gy_ws/install/learning_gazebo/lib/python3.8/site-packages:/home/zhe/code/gy_ws/build/learning_cv:/home/zhe/code/gy_ws/install/learning_cv/lib/python3.8/site-packages:/opt/ros/galactic/lib/python3.8/site-packages /usr/bin/python3 setup.py develop --editable --build-directory /home/zhe/code/soccer_b_ws/build/motion_capture/build --no-deps install_data
[7.637s] INFO:colcon.colcon_core.shell:Creating environment hook '/home/zhe/code/soccer_b_ws/build/motion_capture/share/motion_capture/hook/pythonpath_develop.ps1'
[7.637s] INFO:colcon.colcon_core.shell:Creating environment descriptor '/home/zhe/code/soccer_b_ws/build/motion_capture/share/motion_capture/hook/pythonpath_develop.dsv'
[7.637s] INFO:colcon.colcon_core.shell:Creating environment hook '/home/zhe/code/soccer_b_ws/build/motion_capture/share/motion_capture/hook/pythonpath_develop.sh'
[7.666s] Level 1:colcon.colcon_core.environment:checking '/home/zhe/code/soccer_b_ws/install/motion_capture' for CMake module files
[7.666s] Level 1:colcon.colcon_core.environment:checking '/home/zhe/code/soccer_b_ws/install/motion_capture' for CMake config files
[7.666s] Level 1:colcon.colcon_core.environment:checking '/home/zhe/code/soccer_b_ws/install/motion_capture/lib'
[7.666s] Level 1:colcon.colcon_core.environment:checking '/home/zhe/code/soccer_b_ws/install/motion_capture/bin'
[7.666s] Level 1:colcon.colcon_core.environment:checking '/home/zhe/code/soccer_b_ws/install/motion_capture/lib/pkgconfig/motion_capture.pc'
[7.666s] Level 1:colcon.colcon_core.environment:checking '/home/zhe/code/soccer_b_ws/install/motion_capture/lib/python3.8/site-packages'
[7.666s] Level 1:colcon.colcon_core.shell:create_environment_hook('motion_capture', 'pythonpath')
[7.689s] INFO:colcon.colcon_core.shell:Creating environment hook '/home/zhe/code/soccer_b_ws/install/motion_capture/share/motion_capture/hook/pythonpath.ps1'
[7.690s] INFO:colcon.colcon_core.shell:Creating environment descriptor '/home/zhe/code/soccer_b_ws/install/motion_capture/share/motion_capture/hook/pythonpath.dsv'
[7.690s] INFO:colcon.colcon_core.shell:Creating environment hook '/home/zhe/code/soccer_b_ws/install/motion_capture/share/motion_capture/hook/pythonpath.sh'
[7.690s] Level 1:colcon.colcon_core.environment:checking '/home/zhe/code/soccer_b_ws/install/motion_capture/bin'
[7.690s] Level 1:colcon.colcon_core.environment:create_environment_scripts_only(motion_capture)
[7.712s] INFO:colcon.colcon_core.shell:Creating package script '/home/zhe/code/soccer_b_ws/install/motion_capture/share/motion_capture/package.ps1'
[7.712s] INFO:colcon.colcon_core.shell:Creating package descriptor '/home/zhe/code/soccer_b_ws/install/motion_capture/share/motion_capture/package.dsv'
[7.712s] INFO:colcon.colcon_core.shell:Creating package script '/home/zhe/code/soccer_b_ws/install/motion_capture/share/motion_capture/package.sh'
[7.713s] INFO:colcon.colcon_core.shell:Creating package script '/home/zhe/code/soccer_b_ws/install/motion_capture/share/motion_capture/package.bash'
[7.713s] INFO:colcon.colcon_core.shell:Creating package script '/home/zhe/code/soccer_b_ws/install/motion_capture/share/motion_capture/package.zsh'
[7.713s] Level 1:colcon.colcon_core.environment:create_file_with_runtime_dependencies(/home/zhe/code/soccer_b_ws/install/motion_capture/share/colcon-core/packages/motion_capture)
[7.713s] Level 1:colcon.colcon_core.shell:create_environment_hook('test_package', 'pythonpath_develop')
[7.714s] DEBUG:colcon.colcon_core.event_handler.log_command:Invoked command in '/home/zhe/code/soccer_b_ws/build/test_package' returned '0': PYTHONPATH=/home/zhe/code/soccer_b_ws/build/test_package/prefix_override:/home/zhe/code/soccer_b_ws/install/test_package/lib/python3.8/site-packages:/home/zhe/code/soccer_b_ws/install/ros2_interfaces/lib/python3.8/site-packages:/home/zhe/code/soccer_b_ws/build/vision_test:/home/zhe/code/soccer_b_ws/install/vision_test/lib/python3.8/site-packages:/home/zhe/code/soccer_b_ws/build/test_package:/home/zhe/code/soccer_b_ws/install/test_package/lib/python3.8/site-packages:/home/zhe/code/soccer_b_ws/build/rm_control:/home/zhe/code/soccer_b_ws/install/rm_control/lib/python3.8/site-packages:/home/zhe/code/soccer_b_ws/build/motion_capture:/home/zhe/code/soccer_b_ws/install/motion_capture/lib/python3.8/site-packages:/home/zhe/code/tf2tut/build/learning_tf2_py:/home/zhe/code/tf2tut/install/learning_tf2_py/lib/python3.8/site-packages:/home/zhe/code/ffmpeg_msg/install/ffmpeg_image_transport_msgs/lib/python3.8/site-packages:/home/zhe/code/ffmpeg/install/ffmpeg_image_transport_msgs/lib/python3.8/site-packages:/home/zhe/code/rm_ws/build/robomaster_ros:/home/zhe/code/rm_ws/install/robomaster_ros/lib/python3.8/site-packages:/home/zhe/code/rm_ws/install/robomaster_msgs/lib/python3.8/site-packages:/home/zhe/code/gy_ws/build/learning_urdf:/home/zhe/code/gy_ws/install/learning_urdf/lib/python3.8/site-packages:/home/zhe/code/gy_ws/build/learning_topic:/home/zhe/code/gy_ws/install/learning_topic/lib/python3.8/site-packages:/home/zhe/code/gy_ws/build/learning_tf:/home/zhe/code/gy_ws/install/learning_tf/lib/python3.8/site-packages:/home/zhe/code/gy_ws/build/learning_service:/home/zhe/code/gy_ws/install/learning_service/lib/python3.8/site-packages:/home/zhe/code/gy_ws/build/learning_qos:/home/zhe/code/gy_ws/install/learning_qos/lib/python3.8/site-packages:/home/zhe/code/gy_ws/build/learning_pkg_python:/home/zhe/code/gy_ws/install/learning_pkg_python/lib/python3.8/site-packages:/home/zhe/code/gy_ws/build/learning_parameter:/home/zhe/code/gy_ws/install/learning_parameter/lib/python3.8/site-packages:/home/zhe/code/gy_ws/build/learning_node:/home/zhe/code/gy_ws/install/learning_node/lib/python3.8/site-packages:/home/zhe/code/gy_ws/build/learning_launch:/home/zhe/code/gy_ws/install/learning_launch/lib/python3.8/site-packages:/home/zhe/code/gy_ws/build/learning_action:/home/zhe/code/gy_ws/install/learning_action/lib/python3.8/site-packages:/home/zhe/code/gy_ws/install/learning_interface/lib/python3.8/site-packages:/home/zhe/code/gy_ws/build/learning_gazebo:/home/zhe/code/gy_ws/install/learning_gazebo/lib/python3.8/site-packages:/home/zhe/code/gy_ws/build/learning_cv:/home/zhe/code/gy_ws/install/learning_cv/lib/python3.8/site-packages:/opt/ros/galactic/lib/python3.8/site-packages /usr/bin/python3 setup.py develop --editable --build-directory /home/zhe/code/soccer_b_ws/build/test_package/build --no-deps install_data
[7.736s] INFO:colcon.colcon_core.shell:Creating environment hook '/home/zhe/code/soccer_b_ws/build/test_package/share/test_package/hook/pythonpath_develop.ps1'
[7.736s] INFO:colcon.colcon_core.shell:Creating environment descriptor '/home/zhe/code/soccer_b_ws/build/test_package/share/test_package/hook/pythonpath_develop.dsv'
[7.736s] INFO:colcon.colcon_core.shell:Creating environment hook '/home/zhe/code/soccer_b_ws/build/test_package/share/test_package/hook/pythonpath_develop.sh'
[7.759s] Level 1:colcon.colcon_core.environment:checking '/home/zhe/code/soccer_b_ws/install/test_package' for CMake module files
[7.759s] Level 1:colcon.colcon_core.environment:checking '/home/zhe/code/soccer_b_ws/install/test_package' for CMake config files
[7.759s] Level 1:colcon.colcon_core.environment:checking '/home/zhe/code/soccer_b_ws/install/test_package/lib'
[7.759s] Level 1:colcon.colcon_core.environment:checking '/home/zhe/code/soccer_b_ws/install/test_package/bin'
[7.759s] Level 1:colcon.colcon_core.environment:checking '/home/zhe/code/soccer_b_ws/install/test_package/lib/pkgconfig/test_package.pc'
[7.759s] Level 1:colcon.colcon_core.environment:checking '/home/zhe/code/soccer_b_ws/install/test_package/lib/python3.8/site-packages'
[7.759s] Level 1:colcon.colcon_core.shell:create_environment_hook('test_package', 'pythonpath')
[7.781s] INFO:colcon.colcon_core.shell:Creating environment hook '/home/zhe/code/soccer_b_ws/install/test_package/share/test_package/hook/pythonpath.ps1'
[7.781s] INFO:colcon.colcon_core.shell:Creating environment descriptor '/home/zhe/code/soccer_b_ws/install/test_package/share/test_package/hook/pythonpath.dsv'
[7.781s] INFO:colcon.colcon_core.shell:Creating environment hook '/home/zhe/code/soccer_b_ws/install/test_package/share/test_package/hook/pythonpath.sh'
[7.782s] Level 1:colcon.colcon_core.environment:checking '/home/zhe/code/soccer_b_ws/install/test_package/bin'
[7.782s] Level 1:colcon.colcon_core.environment:create_environment_scripts_only(test_package)
[7.803s] INFO:colcon.colcon_core.shell:Creating package script '/home/zhe/code/soccer_b_ws/install/test_package/share/test_package/package.ps1'
[7.803s] INFO:colcon.colcon_core.shell:Creating package descriptor '/home/zhe/code/soccer_b_ws/install/test_package/share/test_package/package.dsv'
[7.803s] INFO:colcon.colcon_core.shell:Creating package script '/home/zhe/code/soccer_b_ws/install/test_package/share/test_package/package.sh'
[7.804s] INFO:colcon.colcon_core.shell:Creating package script '/home/zhe/code/soccer_b_ws/install/test_package/share/test_package/package.bash'
[7.804s] INFO:colcon.colcon_core.shell:Creating package script '/home/zhe/code/soccer_b_ws/install/test_package/share/test_package/package.zsh'
[7.804s] Level 1:colcon.colcon_core.environment:create_file_with_runtime_dependencies(/home/zhe/code/soccer_b_ws/install/test_package/share/colcon-core/packages/test_package)
[7.804s] DEBUG:colcon.colcon_parallel_executor.executor.parallel:closing loop
[7.804s] DEBUG:colcon.colcon_parallel_executor.executor.parallel:loop closed
[7.804s] DEBUG:colcon.colcon_parallel_executor.executor.parallel:run_until_complete finished with '0'
[7.804s] DEBUG:colcon.colcon_core.event_reactor:joining thread
[7.831s] INFO:colcon.colcon_core.plugin_system:Skipping extension 'colcon_notification.desktop_notification.terminal_notifier': Not used on non-Darwin systems
[7.831s] INFO:colcon.colcon_core.plugin_system:Skipping extension 'colcon_notification.desktop_notification.win32': Not used on non-Windows systems
[7.831s] INFO:colcon.colcon_notification.desktop_notification:Sending desktop notification using 'notify2'
[7.840s] DEBUG:colcon.colcon_core.event_reactor:joined thread
[7.862s] INFO:colcon.colcon_core.shell:Creating prefix script '/home/zhe/code/soccer_b_ws/install/local_setup.ps1'
[7.863s] INFO:colcon.colcon_core.shell:Creating prefix util module '/home/zhe/code/soccer_b_ws/install/_local_setup_util_ps1.py'
[7.864s] INFO:colcon.colcon_core.shell:Creating prefix chain script '/home/zhe/code/soccer_b_ws/install/setup.ps1'
[7.890s] INFO:colcon.colcon_core.shell:Creating prefix script '/home/zhe/code/soccer_b_ws/install/local_setup.sh'
[7.891s] INFO:colcon.colcon_core.shell:Creating prefix util module '/home/zhe/code/soccer_b_ws/install/_local_setup_util_sh.py'
[7.891s] INFO:colcon.colcon_core.shell:Creating prefix chain script '/home/zhe/code/soccer_b_ws/install/setup.sh'
[7.913s] INFO:colcon.colcon_core.shell:Creating prefix script '/home/zhe/code/soccer_b_ws/install/local_setup.bash'
[7.913s] INFO:colcon.colcon_core.shell:Creating prefix chain script '/home/zhe/code/soccer_b_ws/install/setup.bash'
[7.934s] INFO:colcon.colcon_core.shell:Creating prefix script '/home/zhe/code/soccer_b_ws/install/local_setup.zsh'
[7.935s] INFO:colcon.colcon_core.shell:Creating prefix chain script '/home/zhe/code/soccer_b_ws/install/setup.zsh'
