[1.181s] DEBUG:colcon:Command line arguments: ['/usr/bin/colcon', 'build']
[1.181s] DEBUG:colcon:Parsed command line arguments: Namespace(allow_overriding=[], ament_cmake_args=None, base_paths=['.'], build_base='build', catkin_cmake_args=None, catkin_skip_building_tests=False, cmake_args=None, cmake_clean_cache=False, cmake_clean_first=False, cmake_force_configure=False, cmake_target=None, cmake_target_skip_unavailable=False, continue_on_error=False, event_handlers=None, executor='parallel', ignore_user_meta=False, install_base='install', log_base=None, log_level=None, main=<bound method BuildVerb.main of <colcon_core.verb.build.BuildVerb object at 0x7f81cc648f10>>, merge_install=False, metas=['./colcon.meta'], packages_above=None, packages_above_and_dependencies=None, packages_above_depth=None, packages_end=None, packages_ignore=None, packages_ignore_regex=None, packages_select=None, packages_select_build_failed=False, packages_select_by_dep=None, packages_select_regex=None, packages_select_test_failures=False, packages_skip=None, packages_skip_build_finished=False, packages_skip_by_dep=None, packages_skip_regex=None, packages_skip_test_passed=False, packages_skip_up_to=None, packages_start=None, packages_up_to=None, packages_up_to_regex=None, parallel_workers=12, paths=None, symlink_install=False, test_result_base=None, verb_extension=<colcon_core.verb.build.BuildVerb object at 0x7f81cc648f10>, verb_name='build', verb_parser=<colcon_defaults.argument_parser.defaults.DefaultArgumentsDecorator object at 0x7f81cc4c7220>)
[1.233s] Level 1:colcon.colcon_core.package_discovery:discover_packages(colcon_meta) check parameters
[1.233s] Level 1:colcon.colcon_core.package_discovery:discover_packages(recursive) check parameters
[1.233s] Level 1:colcon.colcon_core.package_discovery:discover_packages(ignore) check parameters
[1.233s] Level 1:colcon.colcon_core.package_discovery:discover_packages(path) check parameters
[1.233s] Level 1:colcon.colcon_core.package_discovery:discover_packages(colcon_meta) discover
[1.233s] Level 1:colcon.colcon_core.package_discovery:discover_packages(recursive) discover
[1.233s] INFO:colcon.colcon_core.package_discovery:Crawling recursively for packages in '/home/zhe/code/soccer_b_ws/src'
[1.233s] Level 1:colcon.colcon_core.package_identification:_identify(.) by extensions ['ignore', 'ignore_ament_install']
[1.234s] Level 1:colcon.colcon_core.package_identification:_identify(.) by extension 'ignore'
[1.234s] Level 1:colcon.colcon_core.package_identification:_identify(.) by extension 'ignore_ament_install'
[1.234s] Level 1:colcon.colcon_core.package_identification:_identify(.) by extensions ['colcon_pkg']
[1.234s] Level 1:colcon.colcon_core.package_identification:_identify(.) by extension 'colcon_pkg'
[1.234s] Level 1:colcon.colcon_core.package_identification:_identify(.) by extensions ['colcon_meta']
[1.234s] Level 1:colcon.colcon_core.package_identification:_identify(.) by extension 'colcon_meta'
[1.234s] Level 1:colcon.colcon_core.package_identification:_identify(.) by extensions ['ros']
[1.234s] Level 1:colcon.colcon_core.package_identification:_identify(.) by extension 'ros'
[1.239s] Level 1:colcon.colcon_core.package_identification:_identify(.) by extensions ['cmake', 'python']
[1.240s] Level 1:colcon.colcon_core.package_identification:_identify(.) by extension 'cmake'
[1.240s] Level 1:colcon.colcon_core.package_identification:_identify(.) by extension 'python'
[1.240s] Level 1:colcon.colcon_core.package_identification:_identify(.) by extensions ['python_setup_py']
[1.240s] Level 1:colcon.colcon_core.package_identification:_identify(.) by extension 'python_setup_py'
[1.240s] Level 1:colcon.colcon_core.package_identification:_identify(build) by extensions ['ignore', 'ignore_ament_install']
[1.240s] Level 1:colcon.colcon_core.package_identification:_identify(build) by extension 'ignore'
[1.240s] Level 1:colcon.colcon_core.package_identification:_identify(build) ignored
[1.240s] Level 1:colcon.colcon_core.package_identification:_identify(install) by extensions ['ignore', 'ignore_ament_install']
[1.240s] Level 1:colcon.colcon_core.package_identification:_identify(install) by extension 'ignore'
[1.240s] Level 1:colcon.colcon_core.package_identification:_identify(install) ignored
[1.240s] Level 1:colcon.colcon_core.package_identification:_identify(log) by extensions ['ignore', 'ignore_ament_install']
[1.240s] Level 1:colcon.colcon_core.package_identification:_identify(log) by extension 'ignore'
[1.240s] Level 1:colcon.colcon_core.package_identification:_identify(log) ignored
[1.240s] Level 1:colcon.colcon_core.package_identification:_identify(motion_capture) by extensions ['ignore', 'ignore_ament_install']
[1.240s] Level 1:colcon.colcon_core.package_identification:_identify(motion_capture) by extension 'ignore'
[1.240s] Level 1:colcon.colcon_core.package_identification:_identify(motion_capture) by extension 'ignore_ament_install'
[1.240s] Level 1:colcon.colcon_core.package_identification:_identify(motion_capture) by extensions ['colcon_pkg']
[1.240s] Level 1:colcon.colcon_core.package_identification:_identify(motion_capture) by extension 'colcon_pkg'
[1.240s] Level 1:colcon.colcon_core.package_identification:_identify(motion_capture) by extensions ['colcon_meta']
[1.240s] Level 1:colcon.colcon_core.package_identification:_identify(motion_capture) by extension 'colcon_meta'
[1.240s] Level 1:colcon.colcon_core.package_identification:_identify(motion_capture) by extensions ['ros']
[1.240s] Level 1:colcon.colcon_core.package_identification:_identify(motion_capture) by extension 'ros'
[1.242s] DEBUG:colcon.colcon_core.package_identification:Package 'motion_capture' with type 'ros.ament_python' and name 'motion_capture'
[1.242s] Level 1:colcon.colcon_core.package_identification:_identify(rm_control) by extensions ['ignore', 'ignore_ament_install']
[1.242s] Level 1:colcon.colcon_core.package_identification:_identify(rm_control) by extension 'ignore'
[1.242s] Level 1:colcon.colcon_core.package_identification:_identify(rm_control) by extension 'ignore_ament_install'
[1.242s] Level 1:colcon.colcon_core.package_identification:_identify(rm_control) by extensions ['colcon_pkg']
[1.242s] Level 1:colcon.colcon_core.package_identification:_identify(rm_control) by extension 'colcon_pkg'
[1.242s] Level 1:colcon.colcon_core.package_identification:_identify(rm_control) by extensions ['colcon_meta']
[1.242s] Level 1:colcon.colcon_core.package_identification:_identify(rm_control) by extension 'colcon_meta'
[1.242s] Level 1:colcon.colcon_core.package_identification:_identify(rm_control) by extensions ['ros']
[1.242s] Level 1:colcon.colcon_core.package_identification:_identify(rm_control) by extension 'ros'
[1.242s] DEBUG:colcon.colcon_core.package_identification:Package 'rm_control' with type 'ros.ament_python' and name 'rm_control'
[1.242s] Level 1:colcon.colcon_core.package_identification:_identify(ros2_interfaces) by extensions ['ignore', 'ignore_ament_install']
[1.242s] Level 1:colcon.colcon_core.package_identification:_identify(ros2_interfaces) by extension 'ignore'
[1.242s] Level 1:colcon.colcon_core.package_identification:_identify(ros2_interfaces) by extension 'ignore_ament_install'
[1.242s] Level 1:colcon.colcon_core.package_identification:_identify(ros2_interfaces) by extensions ['colcon_pkg']
[1.242s] Level 1:colcon.colcon_core.package_identification:_identify(ros2_interfaces) by extension 'colcon_pkg'
[1.242s] Level 1:colcon.colcon_core.package_identification:_identify(ros2_interfaces) by extensions ['colcon_meta']
[1.242s] Level 1:colcon.colcon_core.package_identification:_identify(ros2_interfaces) by extension 'colcon_meta'
[1.242s] Level 1:colcon.colcon_core.package_identification:_identify(ros2_interfaces) by extensions ['ros']
[1.242s] Level 1:colcon.colcon_core.package_identification:_identify(ros2_interfaces) by extension 'ros'
[1.243s] DEBUG:colcon.colcon_core.package_identification:Package 'ros2_interfaces' with type 'ros.ament_cmake' and name 'ros2_interfaces'
[1.243s] Level 1:colcon.colcon_core.package_identification:_identify(test_package) by extensions ['ignore', 'ignore_ament_install']
[1.243s] Level 1:colcon.colcon_core.package_identification:_identify(test_package) by extension 'ignore'
[1.243s] Level 1:colcon.colcon_core.package_identification:_identify(test_package) by extension 'ignore_ament_install'
[1.243s] Level 1:colcon.colcon_core.package_identification:_identify(test_package) by extensions ['colcon_pkg']
[1.243s] Level 1:colcon.colcon_core.package_identification:_identify(test_package) by extension 'colcon_pkg'
[1.243s] Level 1:colcon.colcon_core.package_identification:_identify(test_package) by extensions ['colcon_meta']
[1.243s] Level 1:colcon.colcon_core.package_identification:_identify(test_package) by extension 'colcon_meta'
[1.243s] Level 1:colcon.colcon_core.package_identification:_identify(test_package) by extensions ['ros']
[1.243s] Level 1:colcon.colcon_core.package_identification:_identify(test_package) by extension 'ros'
[1.243s] DEBUG:colcon.colcon_core.package_identification:Package 'test_package' with type 'ros.ament_python' and name 'test_package'
[1.243s] Level 1:colcon.colcon_core.package_identification:_identify(vision_test) by extensions ['ignore', 'ignore_ament_install']
[1.243s] Level 1:colcon.colcon_core.package_identification:_identify(vision_test) by extension 'ignore'
[1.243s] Level 1:colcon.colcon_core.package_identification:_identify(vision_test) by extension 'ignore_ament_install'
[1.243s] Level 1:colcon.colcon_core.package_identification:_identify(vision_test) by extensions ['colcon_pkg']
[1.243s] Level 1:colcon.colcon_core.package_identification:_identify(vision_test) by extension 'colcon_pkg'
[1.243s] Level 1:colcon.colcon_core.package_identification:_identify(vision_test) by extensions ['colcon_meta']
[1.243s] Level 1:colcon.colcon_core.package_identification:_identify(vision_test) by extension 'colcon_meta'
[1.243s] Level 1:colcon.colcon_core.package_identification:_identify(vision_test) by extensions ['ros']
[1.243s] Level 1:colcon.colcon_core.package_identification:_identify(vision_test) by extension 'ros'
[1.244s] DEBUG:colcon.colcon_core.package_identification:Package 'vision_test' with type 'ros.ament_python' and name 'vision_test'
[1.244s] Level 1:colcon.colcon_core.package_discovery:discover_packages(recursive) using defaults
[1.244s] Level 1:colcon.colcon_core.package_discovery:discover_packages(ignore) discover
[1.244s] Level 1:colcon.colcon_core.package_discovery:discover_packages(ignore) using defaults
[1.244s] Level 1:colcon.colcon_core.package_discovery:discover_packages(path) discover
[1.244s] Level 1:colcon.colcon_core.package_discovery:discover_packages(path) using defaults
[1.360s] Level 1:colcon.colcon_core.package_discovery:discover_packages(prefix_path) check parameters
[1.360s] Level 1:colcon.colcon_core.package_discovery:discover_packages(prefix_path) discover
[1.402s] DEBUG:colcon.colcon_installed_package_information.package_discovery:Found 5 installed packages in /home/zhe/code/soccer_b_ws/install
[1.422s] DEBUG:colcon.colcon_installed_package_information.package_discovery:Found 2 installed packages in /home/zhe/code/ffmpeg_msg/install
[1.442s] DEBUG:colcon.colcon_installed_package_information.package_discovery:Found 14 installed packages in /home/zhe/code/gy_ws/install
[1.462s] DEBUG:colcon.colcon_installed_package_information.package_discovery:Found 3 installed packages in /home/zhe/code/rm_ws/install
[1.483s] DEBUG:colcon.colcon_installed_package_information.package_discovery:Found 2 installed packages in /home/zhe/code/ffmpeg/install
[1.503s] DEBUG:colcon.colcon_installed_package_information.package_discovery:Found 5 installed packages in /home/zhe/code/soccer_b_ws/src/install
[1.524s] DEBUG:colcon.colcon_installed_package_information.package_discovery:Found 312 installed packages in /opt/ros/galactic
[1.524s] Level 1:colcon.colcon_core.package_discovery:discover_packages(prefix_path) using defaults
[1.610s] Level 5:colcon.colcon_core.verb:set package 'ros2_interfaces' build argument 'cmake_args' from command line to 'None'
[1.610s] Level 5:colcon.colcon_core.verb:set package 'ros2_interfaces' build argument 'cmake_target' from command line to 'None'
[1.610s] Level 5:colcon.colcon_core.verb:set package 'ros2_interfaces' build argument 'cmake_target_skip_unavailable' from command line to 'False'
[1.610s] Level 5:colcon.colcon_core.verb:set package 'ros2_interfaces' build argument 'cmake_clean_cache' from command line to 'False'
[1.610s] Level 5:colcon.colcon_core.verb:set package 'ros2_interfaces' build argument 'cmake_clean_first' from command line to 'False'
[1.610s] Level 5:colcon.colcon_core.verb:set package 'ros2_interfaces' build argument 'cmake_force_configure' from command line to 'False'
[1.610s] Level 5:colcon.colcon_core.verb:set package 'ros2_interfaces' build argument 'ament_cmake_args' from command line to 'None'
[1.610s] Level 5:colcon.colcon_core.verb:set package 'ros2_interfaces' build argument 'catkin_cmake_args' from command line to 'None'
[1.610s] Level 5:colcon.colcon_core.verb:set package 'ros2_interfaces' build argument 'catkin_skip_building_tests' from command line to 'False'
[1.610s] DEBUG:colcon.colcon_core.verb:Building package 'ros2_interfaces' with the following arguments: {'ament_cmake_args': None, 'build_base': '/home/zhe/code/soccer_b_ws/src/build/ros2_interfaces', 'catkin_cmake_args': None, 'catkin_skip_building_tests': False, 'cmake_args': None, 'cmake_clean_cache': False, 'cmake_clean_first': False, 'cmake_force_configure': False, 'cmake_target': None, 'cmake_target_skip_unavailable': False, 'install_base': '/home/zhe/code/soccer_b_ws/src/install/ros2_interfaces', 'merge_install': False, 'path': '/home/zhe/code/soccer_b_ws/src/ros2_interfaces', 'symlink_install': False, 'test_result_base': None}
[1.630s] Level 5:colcon.colcon_core.verb:set package 'vision_test' build argument 'cmake_args' from command line to 'None'
[1.630s] Level 5:colcon.colcon_core.verb:set package 'vision_test' build argument 'cmake_target' from command line to 'None'
[1.630s] Level 5:colcon.colcon_core.verb:set package 'vision_test' build argument 'cmake_target_skip_unavailable' from command line to 'False'
[1.630s] Level 5:colcon.colcon_core.verb:set package 'vision_test' build argument 'cmake_clean_cache' from command line to 'False'
[1.630s] Level 5:colcon.colcon_core.verb:set package 'vision_test' build argument 'cmake_clean_first' from command line to 'False'
[1.630s] Level 5:colcon.colcon_core.verb:set package 'vision_test' build argument 'cmake_force_configure' from command line to 'False'
[1.630s] Level 5:colcon.colcon_core.verb:set package 'vision_test' build argument 'ament_cmake_args' from command line to 'None'
[1.630s] Level 5:colcon.colcon_core.verb:set package 'vision_test' build argument 'catkin_cmake_args' from command line to 'None'
[1.630s] Level 5:colcon.colcon_core.verb:set package 'vision_test' build argument 'catkin_skip_building_tests' from command line to 'False'
[1.630s] DEBUG:colcon.colcon_core.verb:Building package 'vision_test' with the following arguments: {'ament_cmake_args': None, 'build_base': '/home/zhe/code/soccer_b_ws/src/build/vision_test', 'catkin_cmake_args': None, 'catkin_skip_building_tests': False, 'cmake_args': None, 'cmake_clean_cache': False, 'cmake_clean_first': False, 'cmake_force_configure': False, 'cmake_target': None, 'cmake_target_skip_unavailable': False, 'install_base': '/home/zhe/code/soccer_b_ws/src/install/vision_test', 'merge_install': False, 'path': '/home/zhe/code/soccer_b_ws/src/vision_test', 'symlink_install': False, 'test_result_base': None}
[1.650s] Level 5:colcon.colcon_core.verb:set package 'motion_capture' build argument 'cmake_args' from command line to 'None'
[1.650s] Level 5:colcon.colcon_core.verb:set package 'motion_capture' build argument 'cmake_target' from command line to 'None'
[1.650s] Level 5:colcon.colcon_core.verb:set package 'motion_capture' build argument 'cmake_target_skip_unavailable' from command line to 'False'
[1.650s] Level 5:colcon.colcon_core.verb:set package 'motion_capture' build argument 'cmake_clean_cache' from command line to 'False'
[1.650s] Level 5:colcon.colcon_core.verb:set package 'motion_capture' build argument 'cmake_clean_first' from command line to 'False'
[1.650s] Level 5:colcon.colcon_core.verb:set package 'motion_capture' build argument 'cmake_force_configure' from command line to 'False'
[1.650s] Level 5:colcon.colcon_core.verb:set package 'motion_capture' build argument 'ament_cmake_args' from command line to 'None'
[1.650s] Level 5:colcon.colcon_core.verb:set package 'motion_capture' build argument 'catkin_cmake_args' from command line to 'None'
[1.650s] Level 5:colcon.colcon_core.verb:set package 'motion_capture' build argument 'catkin_skip_building_tests' from command line to 'False'
[1.650s] DEBUG:colcon.colcon_core.verb:Building package 'motion_capture' with the following arguments: {'ament_cmake_args': None, 'build_base': '/home/zhe/code/soccer_b_ws/src/build/motion_capture', 'catkin_cmake_args': None, 'catkin_skip_building_tests': False, 'cmake_args': None, 'cmake_clean_cache': False, 'cmake_clean_first': False, 'cmake_force_configure': False, 'cmake_target': None, 'cmake_target_skip_unavailable': False, 'install_base': '/home/zhe/code/soccer_b_ws/src/install/motion_capture', 'merge_install': False, 'path': '/home/zhe/code/soccer_b_ws/src/motion_capture', 'symlink_install': False, 'test_result_base': None}
[1.670s] Level 5:colcon.colcon_core.verb:set package 'rm_control' build argument 'cmake_args' from command line to 'None'
[1.670s] Level 5:colcon.colcon_core.verb:set package 'rm_control' build argument 'cmake_target' from command line to 'None'
[1.670s] Level 5:colcon.colcon_core.verb:set package 'rm_control' build argument 'cmake_target_skip_unavailable' from command line to 'False'
[1.670s] Level 5:colcon.colcon_core.verb:set package 'rm_control' build argument 'cmake_clean_cache' from command line to 'False'
[1.670s] Level 5:colcon.colcon_core.verb:set package 'rm_control' build argument 'cmake_clean_first' from command line to 'False'
[1.670s] Level 5:colcon.colcon_core.verb:set package 'rm_control' build argument 'cmake_force_configure' from command line to 'False'
[1.670s] Level 5:colcon.colcon_core.verb:set package 'rm_control' build argument 'ament_cmake_args' from command line to 'None'
[1.670s] Level 5:colcon.colcon_core.verb:set package 'rm_control' build argument 'catkin_cmake_args' from command line to 'None'
[1.670s] Level 5:colcon.colcon_core.verb:set package 'rm_control' build argument 'catkin_skip_building_tests' from command line to 'False'
[1.670s] DEBUG:colcon.colcon_core.verb:Building package 'rm_control' with the following arguments: {'ament_cmake_args': None, 'build_base': '/home/zhe/code/soccer_b_ws/src/build/rm_control', 'catkin_cmake_args': None, 'catkin_skip_building_tests': False, 'cmake_args': None, 'cmake_clean_cache': False, 'cmake_clean_first': False, 'cmake_force_configure': False, 'cmake_target': None, 'cmake_target_skip_unavailable': False, 'install_base': '/home/zhe/code/soccer_b_ws/src/install/rm_control', 'merge_install': False, 'path': '/home/zhe/code/soccer_b_ws/src/rm_control', 'symlink_install': False, 'test_result_base': None}
[1.690s] Level 5:colcon.colcon_core.verb:set package 'test_package' build argument 'cmake_args' from command line to 'None'
[1.690s] Level 5:colcon.colcon_core.verb:set package 'test_package' build argument 'cmake_target' from command line to 'None'
[1.690s] Level 5:colcon.colcon_core.verb:set package 'test_package' build argument 'cmake_target_skip_unavailable' from command line to 'False'
[1.690s] Level 5:colcon.colcon_core.verb:set package 'test_package' build argument 'cmake_clean_cache' from command line to 'False'
[1.690s] Level 5:colcon.colcon_core.verb:set package 'test_package' build argument 'cmake_clean_first' from command line to 'False'
[1.690s] Level 5:colcon.colcon_core.verb:set package 'test_package' build argument 'cmake_force_configure' from command line to 'False'
[1.690s] Level 5:colcon.colcon_core.verb:set package 'test_package' build argument 'ament_cmake_args' from command line to 'None'
[1.690s] Level 5:colcon.colcon_core.verb:set package 'test_package' build argument 'catkin_cmake_args' from command line to 'None'
[1.690s] Level 5:colcon.colcon_core.verb:set package 'test_package' build argument 'catkin_skip_building_tests' from command line to 'False'
[1.690s] DEBUG:colcon.colcon_core.verb:Building package 'test_package' with the following arguments: {'ament_cmake_args': None, 'build_base': '/home/zhe/code/soccer_b_ws/src/build/test_package', 'catkin_cmake_args': None, 'catkin_skip_building_tests': False, 'cmake_args': None, 'cmake_clean_cache': False, 'cmake_clean_first': False, 'cmake_force_configure': False, 'cmake_target': None, 'cmake_target_skip_unavailable': False, 'install_base': '/home/zhe/code/soccer_b_ws/src/install/test_package', 'merge_install': False, 'path': '/home/zhe/code/soccer_b_ws/src/test_package', 'symlink_install': False, 'test_result_base': None}
[1.710s] INFO:colcon.colcon_core.executor:Executing jobs using 'parallel' executor
[1.730s] DEBUG:colcon.colcon_parallel_executor.executor.parallel:run_until_complete
[1.730s] INFO:colcon.colcon_ros.task.ament_cmake.build:Building ROS package in '/home/zhe/code/soccer_b_ws/src/ros2_interfaces' with build type 'ament_cmake'
[1.730s] INFO:colcon.colcon_cmake.task.cmake.build:Building CMake package in '/home/zhe/code/soccer_b_ws/src/ros2_interfaces'
[1.752s] INFO:colcon.colcon_core.plugin_system:Skipping extension 'colcon_core.shell.bat': Not used on non-Windows systems
[1.752s] INFO:colcon.colcon_core.shell:Skip shell extension 'powershell' for command environment: Not usable outside of PowerShell
[1.752s] DEBUG:colcon.colcon_core.shell:Skip shell extension 'dsv' for command environment
[1.932s] INFO:colcon.colcon_ros.task.ament_python.build:Building ROS package in '/home/zhe/code/soccer_b_ws/src/vision_test' with build type 'ament_python'
[1.932s] Level 1:colcon.colcon_core.shell:create_environment_hook('vision_test', 'ament_prefix_path')
[1.954s] INFO:colcon.colcon_core.shell:Creating environment hook '/home/zhe/code/soccer_b_ws/src/install/vision_test/share/vision_test/hook/ament_prefix_path.ps1'
[1.954s] INFO:colcon.colcon_core.shell:Creating environment descriptor '/home/zhe/code/soccer_b_ws/src/install/vision_test/share/vision_test/hook/ament_prefix_path.dsv'
[1.954s] INFO:colcon.colcon_core.shell:Creating environment hook '/home/zhe/code/soccer_b_ws/src/install/vision_test/share/vision_test/hook/ament_prefix_path.sh'
[1.975s] INFO:colcon.colcon_core.shell:Skip shell extension 'powershell' for command environment: Not usable outside of PowerShell
[1.976s] DEBUG:colcon.colcon_core.shell:Skip shell extension 'dsv' for command environment
[2.149s] DEBUG:colcon.colcon_core.event_handler.log_command:Invoking command in '/home/zhe/code/soccer_b_ws/src/build/ros2_interfaces': CMAKE_PREFIX_PATH=${CMAKE_PREFIX_PATH}:/home/zhe/code/soccer_b_ws/src/install/vision_test:/home/zhe/code/soccer_b_ws/src/install/test_package:/home/zhe/code/soccer_b_ws/src/install/rm_control:/home/zhe/code/soccer_b_ws/src/install/motion_capture:/home/zhe/code/soccer_b_ws/install/rm_control:/home/zhe/code/soccer_b_ws/install/vision_test:/home/zhe/code/soccer_b_ws/install/test_package:/home/zhe/code/rm_ws/install/robomaster_ros:/home/zhe/code/gy_ws/install/learning_urdf:/home/zhe/code/gy_ws/install/learning_topic:/home/zhe/code/gy_ws/install/learning_tf:/home/zhe/code/gy_ws/install/learning_service:/home/zhe/code/gy_ws/install/learning_qos:/home/zhe/code/gy_ws/install/learning_pkg_python:/home/zhe/code/gy_ws/install/learning_parameter:/home/zhe/code/gy_ws/install/learning_node:/home/zhe/code/gy_ws/install/learning_launch:/home/zhe/code/gy_ws/install/learning_action:/home/zhe/code/gy_ws/install/learning_gazebo:/home/zhe/code/gy_ws/install/learning_cv:/opt/ros/galactic /usr/bin/cmake /home/zhe/code/soccer_b_ws/src/ros2_interfaces -DCMAKE_INSTALL_PREFIX=/home/zhe/code/soccer_b_ws/src/install/ros2_interfaces
[2.298s] INFO:colcon.colcon_core.task.python.build:Building Python package in '/home/zhe/code/soccer_b_ws/src/vision_test'
[2.326s] INFO:colcon.colcon_core.shell:Skip shell extension 'powershell' for command environment: Not usable outside of PowerShell
[2.327s] DEBUG:colcon.colcon_core.shell:Skip shell extension 'dsv' for command environment
[2.747s] DEBUG:colcon.colcon_core.event_handler.log_command:Invoking command in '/home/zhe/code/soccer_b_ws/src/build/vision_test': PYTHONPATH=/home/zhe/code/soccer_b_ws/src/build/vision_test/prefix_override:/home/zhe/code/soccer_b_ws/src/install/vision_test/lib/python3.8/site-packages:${PYTHONPATH} /usr/bin/python3 setup.py develop --uninstall --editable --build-directory /home/zhe/code/soccer_b_ws/src/build/vision_test/build
[2.900s] DEBUG:colcon.colcon_core.event_handler.log_command:Invoked command in '/home/zhe/code/soccer_b_ws/src/build/ros2_interfaces' returned '0': CMAKE_PREFIX_PATH=${CMAKE_PREFIX_PATH}:/home/zhe/code/soccer_b_ws/src/install/vision_test:/home/zhe/code/soccer_b_ws/src/install/test_package:/home/zhe/code/soccer_b_ws/src/install/rm_control:/home/zhe/code/soccer_b_ws/src/install/motion_capture:/home/zhe/code/soccer_b_ws/install/rm_control:/home/zhe/code/soccer_b_ws/install/vision_test:/home/zhe/code/soccer_b_ws/install/test_package:/home/zhe/code/rm_ws/install/robomaster_ros:/home/zhe/code/gy_ws/install/learning_urdf:/home/zhe/code/gy_ws/install/learning_topic:/home/zhe/code/gy_ws/install/learning_tf:/home/zhe/code/gy_ws/install/learning_service:/home/zhe/code/gy_ws/install/learning_qos:/home/zhe/code/gy_ws/install/learning_pkg_python:/home/zhe/code/gy_ws/install/learning_parameter:/home/zhe/code/gy_ws/install/learning_node:/home/zhe/code/gy_ws/install/learning_launch:/home/zhe/code/gy_ws/install/learning_action:/home/zhe/code/gy_ws/install/learning_gazebo:/home/zhe/code/gy_ws/install/learning_cv:/opt/ros/galactic /usr/bin/cmake /home/zhe/code/soccer_b_ws/src/ros2_interfaces -DCMAKE_INSTALL_PREFIX=/home/zhe/code/soccer_b_ws/src/install/ros2_interfaces
[2.901s] DEBUG:colcon.colcon_core.event_handler.log_command:Invoking command in '/home/zhe/code/soccer_b_ws/src/build/ros2_interfaces': CMAKE_PREFIX_PATH=${CMAKE_PREFIX_PATH}:/home/zhe/code/soccer_b_ws/src/install/vision_test:/home/zhe/code/soccer_b_ws/src/install/test_package:/home/zhe/code/soccer_b_ws/src/install/rm_control:/home/zhe/code/soccer_b_ws/src/install/motion_capture:/home/zhe/code/soccer_b_ws/install/rm_control:/home/zhe/code/soccer_b_ws/install/vision_test:/home/zhe/code/soccer_b_ws/install/test_package:/home/zhe/code/rm_ws/install/robomaster_ros:/home/zhe/code/gy_ws/install/learning_urdf:/home/zhe/code/gy_ws/install/learning_topic:/home/zhe/code/gy_ws/install/learning_tf:/home/zhe/code/gy_ws/install/learning_service:/home/zhe/code/gy_ws/install/learning_qos:/home/zhe/code/gy_ws/install/learning_pkg_python:/home/zhe/code/gy_ws/install/learning_parameter:/home/zhe/code/gy_ws/install/learning_node:/home/zhe/code/gy_ws/install/learning_launch:/home/zhe/code/gy_ws/install/learning_action:/home/zhe/code/gy_ws/install/learning_gazebo:/home/zhe/code/gy_ws/install/learning_cv:/opt/ros/galactic /usr/bin/cmake --build /home/zhe/code/soccer_b_ws/src/build/ros2_interfaces -- -j12 -l12
[2.999s] DEBUG:colcon.colcon_core.event_handler.log_command:Invoked command in '/home/zhe/code/soccer_b_ws/src/build/vision_test' returned '0': PYTHONPATH=/home/zhe/code/soccer_b_ws/src/build/vision_test/prefix_override:/home/zhe/code/soccer_b_ws/src/install/vision_test/lib/python3.8/site-packages:${PYTHONPATH} /usr/bin/python3 setup.py develop --uninstall --editable --build-directory /home/zhe/code/soccer_b_ws/src/build/vision_test/build
[3.001s] DEBUG:colcon.colcon_core.event_handler.log_command:Invoking command in '/home/zhe/code/soccer_b_ws/src/vision_test': PYTHONPATH=/home/zhe/code/soccer_b_ws/src/build/vision_test/prefix_override:/home/zhe/code/soccer_b_ws/src/install/vision_test/lib/python3.8/site-packages:${PYTHONPATH} /usr/bin/python3 setup.py egg_info --egg-base ../build/vision_test build --build-base /home/zhe/code/soccer_b_ws/src/build/vision_test/build install --record /home/zhe/code/soccer_b_ws/src/build/vision_test/install.log --single-version-externally-managed
[3.022s] DEBUG:colcon.colcon_core.event_handler.log_command:Invoked command in '/home/zhe/code/soccer_b_ws/src/build/ros2_interfaces' returned '0': CMAKE_PREFIX_PATH=${CMAKE_PREFIX_PATH}:/home/zhe/code/soccer_b_ws/src/install/vision_test:/home/zhe/code/soccer_b_ws/src/install/test_package:/home/zhe/code/soccer_b_ws/src/install/rm_control:/home/zhe/code/soccer_b_ws/src/install/motion_capture:/home/zhe/code/soccer_b_ws/install/rm_control:/home/zhe/code/soccer_b_ws/install/vision_test:/home/zhe/code/soccer_b_ws/install/test_package:/home/zhe/code/rm_ws/install/robomaster_ros:/home/zhe/code/gy_ws/install/learning_urdf:/home/zhe/code/gy_ws/install/learning_topic:/home/zhe/code/gy_ws/install/learning_tf:/home/zhe/code/gy_ws/install/learning_service:/home/zhe/code/gy_ws/install/learning_qos:/home/zhe/code/gy_ws/install/learning_pkg_python:/home/zhe/code/gy_ws/install/learning_parameter:/home/zhe/code/gy_ws/install/learning_node:/home/zhe/code/gy_ws/install/learning_launch:/home/zhe/code/gy_ws/install/learning_action:/home/zhe/code/gy_ws/install/learning_gazebo:/home/zhe/code/gy_ws/install/learning_cv:/opt/ros/galactic /usr/bin/cmake --build /home/zhe/code/soccer_b_ws/src/build/ros2_interfaces -- -j12 -l12
[3.065s] DEBUG:colcon.colcon_core.event_handler.log_command:Invoking command in '/home/zhe/code/soccer_b_ws/src/build/ros2_interfaces': CMAKE_PREFIX_PATH=${CMAKE_PREFIX_PATH}:/home/zhe/code/soccer_b_ws/src/install/vision_test:/home/zhe/code/soccer_b_ws/src/install/test_package:/home/zhe/code/soccer_b_ws/src/install/rm_control:/home/zhe/code/soccer_b_ws/src/install/motion_capture:/home/zhe/code/soccer_b_ws/install/rm_control:/home/zhe/code/soccer_b_ws/install/vision_test:/home/zhe/code/soccer_b_ws/install/test_package:/home/zhe/code/rm_ws/install/robomaster_ros:/home/zhe/code/gy_ws/install/learning_urdf:/home/zhe/code/gy_ws/install/learning_topic:/home/zhe/code/gy_ws/install/learning_tf:/home/zhe/code/gy_ws/install/learning_service:/home/zhe/code/gy_ws/install/learning_qos:/home/zhe/code/gy_ws/install/learning_pkg_python:/home/zhe/code/gy_ws/install/learning_parameter:/home/zhe/code/gy_ws/install/learning_node:/home/zhe/code/gy_ws/install/learning_launch:/home/zhe/code/gy_ws/install/learning_action:/home/zhe/code/gy_ws/install/learning_gazebo:/home/zhe/code/gy_ws/install/learning_cv:/opt/ros/galactic /usr/bin/cmake --install /home/zhe/code/soccer_b_ws/src/build/ros2_interfaces
[3.126s] Level 1:colcon.colcon_core.environment:create_environment_scripts_only(ros2_interfaces)
[3.126s] DEBUG:colcon.colcon_core.event_handler.log_command:Invoked command in '/home/zhe/code/soccer_b_ws/src/build/ros2_interfaces' returned '0': CMAKE_PREFIX_PATH=${CMAKE_PREFIX_PATH}:/home/zhe/code/soccer_b_ws/src/install/vision_test:/home/zhe/code/soccer_b_ws/src/install/test_package:/home/zhe/code/soccer_b_ws/src/install/rm_control:/home/zhe/code/soccer_b_ws/src/install/motion_capture:/home/zhe/code/soccer_b_ws/install/rm_control:/home/zhe/code/soccer_b_ws/install/vision_test:/home/zhe/code/soccer_b_ws/install/test_package:/home/zhe/code/rm_ws/install/robomaster_ros:/home/zhe/code/gy_ws/install/learning_urdf:/home/zhe/code/gy_ws/install/learning_topic:/home/zhe/code/gy_ws/install/learning_tf:/home/zhe/code/gy_ws/install/learning_service:/home/zhe/code/gy_ws/install/learning_qos:/home/zhe/code/gy_ws/install/learning_pkg_python:/home/zhe/code/gy_ws/install/learning_parameter:/home/zhe/code/gy_ws/install/learning_node:/home/zhe/code/gy_ws/install/learning_launch:/home/zhe/code/gy_ws/install/learning_action:/home/zhe/code/gy_ws/install/learning_gazebo:/home/zhe/code/gy_ws/install/learning_cv:/opt/ros/galactic /usr/bin/cmake --install /home/zhe/code/soccer_b_ws/src/build/ros2_interfaces
[3.156s] Level 1:colcon.colcon_core.environment:checking '/home/zhe/code/soccer_b_ws/src/install/ros2_interfaces' for CMake module files
[3.157s] Level 1:colcon.colcon_core.environment:checking '/home/zhe/code/soccer_b_ws/src/install/ros2_interfaces' for CMake config files
[3.157s] Level 1:colcon.colcon_core.shell:create_environment_hook('ros2_interfaces', 'cmake_prefix_path')
[3.181s] INFO:colcon.colcon_core.shell:Creating environment hook '/home/zhe/code/soccer_b_ws/src/install/ros2_interfaces/share/ros2_interfaces/hook/cmake_prefix_path.ps1'
[3.182s] INFO:colcon.colcon_core.shell:Creating environment descriptor '/home/zhe/code/soccer_b_ws/src/install/ros2_interfaces/share/ros2_interfaces/hook/cmake_prefix_path.dsv'
[3.182s] INFO:colcon.colcon_core.shell:Creating environment hook '/home/zhe/code/soccer_b_ws/src/install/ros2_interfaces/share/ros2_interfaces/hook/cmake_prefix_path.sh'
[3.182s] Level 1:colcon.colcon_core.environment:checking '/home/zhe/code/soccer_b_ws/src/install/ros2_interfaces/lib'
[3.182s] Level 1:colcon.colcon_core.shell:create_environment_hook('ros2_interfaces', 'ld_library_path_lib')
[3.206s] INFO:colcon.colcon_core.shell:Creating environment hook '/home/zhe/code/soccer_b_ws/src/install/ros2_interfaces/share/ros2_interfaces/hook/ld_library_path_lib.ps1'
[3.207s] INFO:colcon.colcon_core.shell:Creating environment descriptor '/home/zhe/code/soccer_b_ws/src/install/ros2_interfaces/share/ros2_interfaces/hook/ld_library_path_lib.dsv'
[3.207s] INFO:colcon.colcon_core.shell:Creating environment hook '/home/zhe/code/soccer_b_ws/src/install/ros2_interfaces/share/ros2_interfaces/hook/ld_library_path_lib.sh'
[3.207s] Level 1:colcon.colcon_core.environment:checking '/home/zhe/code/soccer_b_ws/src/install/ros2_interfaces/bin'
[3.207s] Level 1:colcon.colcon_core.environment:checking '/home/zhe/code/soccer_b_ws/src/install/ros2_interfaces/lib/pkgconfig/ros2_interfaces.pc'
[3.207s] Level 1:colcon.colcon_core.environment:checking '/home/zhe/code/soccer_b_ws/src/install/ros2_interfaces/lib/python3.8/site-packages'
[3.207s] Level 1:colcon.colcon_core.shell:create_environment_hook('ros2_interfaces', 'pythonpath')
[3.229s] INFO:colcon.colcon_core.shell:Creating environment hook '/home/zhe/code/soccer_b_ws/src/install/ros2_interfaces/share/ros2_interfaces/hook/pythonpath.ps1'
[3.230s] INFO:colcon.colcon_core.shell:Creating environment descriptor '/home/zhe/code/soccer_b_ws/src/install/ros2_interfaces/share/ros2_interfaces/hook/pythonpath.dsv'
[3.230s] INFO:colcon.colcon_core.shell:Creating environment hook '/home/zhe/code/soccer_b_ws/src/install/ros2_interfaces/share/ros2_interfaces/hook/pythonpath.sh'
[3.230s] Level 1:colcon.colcon_core.environment:checking '/home/zhe/code/soccer_b_ws/src/install/ros2_interfaces/bin'
[3.251s] INFO:colcon.colcon_core.shell:Creating package script '/home/zhe/code/soccer_b_ws/src/install/ros2_interfaces/share/ros2_interfaces/package.ps1'
[3.252s] INFO:colcon.colcon_core.shell:Creating package descriptor '/home/zhe/code/soccer_b_ws/src/install/ros2_interfaces/share/ros2_interfaces/package.dsv'
[3.252s] INFO:colcon.colcon_core.shell:Creating package script '/home/zhe/code/soccer_b_ws/src/install/ros2_interfaces/share/ros2_interfaces/package.sh'
[3.252s] INFO:colcon.colcon_core.shell:Creating package script '/home/zhe/code/soccer_b_ws/src/install/ros2_interfaces/share/ros2_interfaces/package.bash'
[3.253s] INFO:colcon.colcon_core.shell:Creating package script '/home/zhe/code/soccer_b_ws/src/install/ros2_interfaces/share/ros2_interfaces/package.zsh'
[3.253s] Level 1:colcon.colcon_core.environment:create_file_with_runtime_dependencies(/home/zhe/code/soccer_b_ws/src/install/ros2_interfaces/share/colcon-core/packages/ros2_interfaces)
[3.256s] DEBUG:colcon.colcon_core.event_handler.log_command:Invoked command in '/home/zhe/code/soccer_b_ws/src/vision_test' returned '0': PYTHONPATH=/home/zhe/code/soccer_b_ws/src/build/vision_test/prefix_override:/home/zhe/code/soccer_b_ws/src/install/vision_test/lib/python3.8/site-packages:${PYTHONPATH} /usr/bin/python3 setup.py egg_info --egg-base ../build/vision_test build --build-base /home/zhe/code/soccer_b_ws/src/build/vision_test/build install --record /home/zhe/code/soccer_b_ws/src/build/vision_test/install.log --single-version-externally-managed
[3.279s] Level 1:colcon.colcon_core.environment:checking '/home/zhe/code/soccer_b_ws/src/install/vision_test' for CMake module files
[3.279s] Level 1:colcon.colcon_core.environment:checking '/home/zhe/code/soccer_b_ws/src/install/vision_test' for CMake config files
[3.279s] Level 1:colcon.colcon_core.environment:checking '/home/zhe/code/soccer_b_ws/src/install/vision_test/lib'
[3.279s] Level 1:colcon.colcon_core.environment:checking '/home/zhe/code/soccer_b_ws/src/install/vision_test/bin'
[3.279s] Level 1:colcon.colcon_core.environment:checking '/home/zhe/code/soccer_b_ws/src/install/vision_test/lib/pkgconfig/vision_test.pc'
[3.280s] Level 1:colcon.colcon_core.environment:checking '/home/zhe/code/soccer_b_ws/src/install/vision_test/lib/python3.8/site-packages'
[3.280s] Level 1:colcon.colcon_core.shell:create_environment_hook('vision_test', 'pythonpath')
[3.302s] INFO:colcon.colcon_core.shell:Creating environment hook '/home/zhe/code/soccer_b_ws/src/install/vision_test/share/vision_test/hook/pythonpath.ps1'
[3.303s] INFO:colcon.colcon_core.shell:Creating environment descriptor '/home/zhe/code/soccer_b_ws/src/install/vision_test/share/vision_test/hook/pythonpath.dsv'
[3.303s] INFO:colcon.colcon_core.shell:Creating environment hook '/home/zhe/code/soccer_b_ws/src/install/vision_test/share/vision_test/hook/pythonpath.sh'
[3.303s] Level 1:colcon.colcon_core.environment:checking '/home/zhe/code/soccer_b_ws/src/install/vision_test/bin'
[3.303s] Level 1:colcon.colcon_core.environment:create_environment_scripts_only(vision_test)
[3.324s] INFO:colcon.colcon_core.shell:Creating package script '/home/zhe/code/soccer_b_ws/src/install/vision_test/share/vision_test/package.ps1'
[3.324s] INFO:colcon.colcon_core.shell:Creating package descriptor '/home/zhe/code/soccer_b_ws/src/install/vision_test/share/vision_test/package.dsv'
[3.324s] INFO:colcon.colcon_core.shell:Creating package script '/home/zhe/code/soccer_b_ws/src/install/vision_test/share/vision_test/package.sh'
[3.324s] INFO:colcon.colcon_core.shell:Creating package script '/home/zhe/code/soccer_b_ws/src/install/vision_test/share/vision_test/package.bash'
[3.325s] INFO:colcon.colcon_core.shell:Creating package script '/home/zhe/code/soccer_b_ws/src/install/vision_test/share/vision_test/package.zsh'
[3.325s] Level 1:colcon.colcon_core.environment:create_file_with_runtime_dependencies(/home/zhe/code/soccer_b_ws/src/install/vision_test/share/colcon-core/packages/vision_test)
[3.349s] Level 1:colcon.colcon_core.environment:create_environment_scripts_only(ros2_interfaces)
[3.372s] Level 1:colcon.colcon_core.environment:checking '/home/zhe/code/soccer_b_ws/src/install/ros2_interfaces' for CMake module files
[3.373s] Level 1:colcon.colcon_core.environment:checking '/home/zhe/code/soccer_b_ws/src/install/ros2_interfaces' for CMake config files
[3.373s] Level 1:colcon.colcon_core.shell:create_environment_hook('ros2_interfaces', 'cmake_prefix_path')
[3.394s] INFO:colcon.colcon_core.shell:Creating environment hook '/home/zhe/code/soccer_b_ws/src/install/ros2_interfaces/share/ros2_interfaces/hook/cmake_prefix_path.ps1'
[3.394s] INFO:colcon.colcon_core.shell:Creating environment descriptor '/home/zhe/code/soccer_b_ws/src/install/ros2_interfaces/share/ros2_interfaces/hook/cmake_prefix_path.dsv'
[3.394s] INFO:colcon.colcon_core.shell:Creating environment hook '/home/zhe/code/soccer_b_ws/src/install/ros2_interfaces/share/ros2_interfaces/hook/cmake_prefix_path.sh'
[3.395s] Level 1:colcon.colcon_core.environment:checking '/home/zhe/code/soccer_b_ws/src/install/ros2_interfaces/lib'
[3.395s] Level 1:colcon.colcon_core.shell:create_environment_hook('ros2_interfaces', 'ld_library_path_lib')
[3.416s] INFO:colcon.colcon_core.shell:Creating environment hook '/home/zhe/code/soccer_b_ws/src/install/ros2_interfaces/share/ros2_interfaces/hook/ld_library_path_lib.ps1'
[3.416s] INFO:colcon.colcon_core.shell:Creating environment descriptor '/home/zhe/code/soccer_b_ws/src/install/ros2_interfaces/share/ros2_interfaces/hook/ld_library_path_lib.dsv'
[3.416s] INFO:colcon.colcon_core.shell:Creating environment hook '/home/zhe/code/soccer_b_ws/src/install/ros2_interfaces/share/ros2_interfaces/hook/ld_library_path_lib.sh'
[3.416s] Level 1:colcon.colcon_core.environment:checking '/home/zhe/code/soccer_b_ws/src/install/ros2_interfaces/bin'
[3.416s] Level 1:colcon.colcon_core.environment:checking '/home/zhe/code/soccer_b_ws/src/install/ros2_interfaces/lib/pkgconfig/ros2_interfaces.pc'
[3.417s] Level 1:colcon.colcon_core.environment:checking '/home/zhe/code/soccer_b_ws/src/install/ros2_interfaces/lib/python3.8/site-packages'
[3.417s] Level 1:colcon.colcon_core.shell:create_environment_hook('ros2_interfaces', 'pythonpath')
[3.443s] INFO:colcon.colcon_core.shell:Creating environment hook '/home/zhe/code/soccer_b_ws/src/install/ros2_interfaces/share/ros2_interfaces/hook/pythonpath.ps1'
[3.444s] INFO:colcon.colcon_core.shell:Creating environment descriptor '/home/zhe/code/soccer_b_ws/src/install/ros2_interfaces/share/ros2_interfaces/hook/pythonpath.dsv'
[3.444s] INFO:colcon.colcon_core.shell:Creating environment hook '/home/zhe/code/soccer_b_ws/src/install/ros2_interfaces/share/ros2_interfaces/hook/pythonpath.sh'
[3.444s] Level 1:colcon.colcon_core.environment:checking '/home/zhe/code/soccer_b_ws/src/install/ros2_interfaces/bin'
[3.465s] INFO:colcon.colcon_core.shell:Creating package script '/home/zhe/code/soccer_b_ws/src/install/ros2_interfaces/share/ros2_interfaces/package.ps1'
[3.465s] INFO:colcon.colcon_core.shell:Creating package descriptor '/home/zhe/code/soccer_b_ws/src/install/ros2_interfaces/share/ros2_interfaces/package.dsv'
[3.465s] INFO:colcon.colcon_core.shell:Creating package script '/home/zhe/code/soccer_b_ws/src/install/ros2_interfaces/share/ros2_interfaces/package.sh'
[3.466s] INFO:colcon.colcon_core.shell:Creating package script '/home/zhe/code/soccer_b_ws/src/install/ros2_interfaces/share/ros2_interfaces/package.bash'
[3.466s] INFO:colcon.colcon_core.shell:Creating package script '/home/zhe/code/soccer_b_ws/src/install/ros2_interfaces/share/ros2_interfaces/package.zsh'
[3.466s] Level 1:colcon.colcon_core.environment:create_file_with_runtime_dependencies(/home/zhe/code/soccer_b_ws/src/install/ros2_interfaces/share/colcon-core/packages/ros2_interfaces)
[3.466s] INFO:colcon.colcon_ros.task.ament_python.build:Building ROS package in '/home/zhe/code/soccer_b_ws/src/motion_capture' with build type 'ament_python'
[3.466s] Level 1:colcon.colcon_core.shell:create_environment_hook('motion_capture', 'ament_prefix_path')
[3.488s] INFO:colcon.colcon_core.shell:Creating environment hook '/home/zhe/code/soccer_b_ws/src/install/motion_capture/share/motion_capture/hook/ament_prefix_path.ps1'
[3.489s] INFO:colcon.colcon_core.shell:Creating environment descriptor '/home/zhe/code/soccer_b_ws/src/install/motion_capture/share/motion_capture/hook/ament_prefix_path.dsv'
[3.489s] INFO:colcon.colcon_core.shell:Creating environment hook '/home/zhe/code/soccer_b_ws/src/install/motion_capture/share/motion_capture/hook/ament_prefix_path.sh'
[3.512s] INFO:colcon.colcon_core.shell:Skip shell extension 'powershell' for command environment: Not usable outside of PowerShell
[3.512s] DEBUG:colcon.colcon_core.shell:Skip shell extension 'dsv' for command environment
[3.703s] INFO:colcon.colcon_ros.task.ament_python.build:Building ROS package in '/home/zhe/code/soccer_b_ws/src/rm_control' with build type 'ament_python'
[3.704s] Level 1:colcon.colcon_core.shell:create_environment_hook('rm_control', 'ament_prefix_path')
[3.728s] INFO:colcon.colcon_core.shell:Creating environment hook '/home/zhe/code/soccer_b_ws/src/install/rm_control/share/rm_control/hook/ament_prefix_path.ps1'
[3.728s] INFO:colcon.colcon_core.shell:Creating environment descriptor '/home/zhe/code/soccer_b_ws/src/install/rm_control/share/rm_control/hook/ament_prefix_path.dsv'
[3.728s] INFO:colcon.colcon_core.shell:Creating environment hook '/home/zhe/code/soccer_b_ws/src/install/rm_control/share/rm_control/hook/ament_prefix_path.sh'
[3.752s] INFO:colcon.colcon_core.shell:Skip shell extension 'powershell' for command environment: Not usable outside of PowerShell
[3.752s] DEBUG:colcon.colcon_core.shell:Skip shell extension 'dsv' for command environment
[3.936s] INFO:colcon.colcon_ros.task.ament_python.build:Building ROS package in '/home/zhe/code/soccer_b_ws/src/test_package' with build type 'ament_python'
[3.937s] Level 1:colcon.colcon_core.shell:create_environment_hook('test_package', 'ament_prefix_path')
[3.962s] INFO:colcon.colcon_core.shell:Creating environment hook '/home/zhe/code/soccer_b_ws/src/install/test_package/share/test_package/hook/ament_prefix_path.ps1'
[3.962s] INFO:colcon.colcon_core.shell:Creating environment descriptor '/home/zhe/code/soccer_b_ws/src/install/test_package/share/test_package/hook/ament_prefix_path.dsv'
[3.962s] INFO:colcon.colcon_core.shell:Creating environment hook '/home/zhe/code/soccer_b_ws/src/install/test_package/share/test_package/hook/ament_prefix_path.sh'
[3.986s] INFO:colcon.colcon_core.shell:Skip shell extension 'powershell' for command environment: Not usable outside of PowerShell
[3.986s] DEBUG:colcon.colcon_core.shell:Skip shell extension 'dsv' for command environment
[4.342s] INFO:colcon.colcon_core.task.python.build:Building Python package in '/home/zhe/code/soccer_b_ws/src/motion_capture'
[4.382s] INFO:colcon.colcon_core.shell:Skip shell extension 'powershell' for command environment: Not usable outside of PowerShell
[4.382s] DEBUG:colcon.colcon_core.shell:Skip shell extension 'dsv' for command environment
[4.776s] INFO:colcon.colcon_core.task.python.build:Building Python package in '/home/zhe/code/soccer_b_ws/src/rm_control'
[4.799s] INFO:colcon.colcon_core.shell:Skip shell extension 'powershell' for command environment: Not usable outside of PowerShell
[4.799s] DEBUG:colcon.colcon_core.shell:Skip shell extension 'dsv' for command environment
[5.147s] INFO:colcon.colcon_core.task.python.build:Building Python package in '/home/zhe/code/soccer_b_ws/src/test_package'
[5.169s] INFO:colcon.colcon_core.shell:Skip shell extension 'powershell' for command environment: Not usable outside of PowerShell
[5.169s] DEBUG:colcon.colcon_core.shell:Skip shell extension 'dsv' for command environment
[5.589s] DEBUG:colcon.colcon_core.event_handler.log_command:Invoking command in '/home/zhe/code/soccer_b_ws/src/build/rm_control': PYTHONPATH=/home/zhe/code/soccer_b_ws/src/build/rm_control/prefix_override:/home/zhe/code/soccer_b_ws/src/install/rm_control/lib/python3.8/site-packages:/home/zhe/code/soccer_b_ws/src/install/ros2_interfaces/lib/python3.8/site-packages:/home/zhe/code/soccer_b_ws/src/build/vision_test:/home/zhe/code/soccer_b_ws/src/install/vision_test/lib/python3.8/site-packages:/home/zhe/code/soccer_b_ws/src/build/test_package:/home/zhe/code/soccer_b_ws/src/install/test_package/lib/python3.8/site-packages:/home/zhe/code/soccer_b_ws/src/build/rm_control:/home/zhe/code/soccer_b_ws/src/install/rm_control/lib/python3.8/site-packages:/home/zhe/code/soccer_b_ws/src/build/motion_capture:/home/zhe/code/soccer_b_ws/src/install/motion_capture/lib/python3.8/site-packages:/home/zhe/code/soccer_b_ws/build/rm_control:/home/zhe/code/soccer_b_ws/install/rm_control/lib/python3.8/site-packages:/home/zhe/code/soccer_b_ws/build/vision_test:/home/zhe/code/soccer_b_ws/install/vision_test/lib/python3.8/site-packages:/home/zhe/code/soccer_b_ws/build/test_package:/home/zhe/code/soccer_b_ws/install/test_package/lib/python3.8/site-packages:/home/zhe/code/soccer_b_ws/install/ros2_interfaces/lib/python3.8/site-packages:/home/zhe/code/ffmpeg_msg/install/ffmpeg_image_transport_msgs/lib/python3.8/site-packages:/home/zhe/code/ffmpeg/install/ffmpeg_image_transport_msgs/lib/python3.8/site-packages:/home/zhe/code/rm_ws/build/robomaster_ros:/home/zhe/code/rm_ws/install/robomaster_ros/lib/python3.8/site-packages:/home/zhe/code/rm_ws/install/robomaster_msgs/lib/python3.8/site-packages:/home/zhe/code/gy_ws/build/learning_urdf:/home/zhe/code/gy_ws/install/learning_urdf/lib/python3.8/site-packages:/home/zhe/code/gy_ws/build/learning_topic:/home/zhe/code/gy_ws/install/learning_topic/lib/python3.8/site-packages:/home/zhe/code/gy_ws/build/learning_tf:/home/zhe/code/gy_ws/install/learning_tf/lib/python3.8/site-packages:/home/zhe/code/gy_ws/build/learning_service:/home/zhe/code/gy_ws/install/learning_service/lib/python3.8/site-packages:/home/zhe/code/gy_ws/build/learning_qos:/home/zhe/code/gy_ws/install/learning_qos/lib/python3.8/site-packages:/home/zhe/code/gy_ws/build/learning_pkg_python:/home/zhe/code/gy_ws/install/learning_pkg_python/lib/python3.8/site-packages:/home/zhe/code/gy_ws/build/learning_parameter:/home/zhe/code/gy_ws/install/learning_parameter/lib/python3.8/site-packages:/home/zhe/code/gy_ws/build/learning_node:/home/zhe/code/gy_ws/install/learning_node/lib/python3.8/site-packages:/home/zhe/code/gy_ws/build/learning_launch:/home/zhe/code/gy_ws/install/learning_launch/lib/python3.8/site-packages:/home/zhe/code/gy_ws/build/learning_action:/home/zhe/code/gy_ws/install/learning_action/lib/python3.8/site-packages:/home/zhe/code/gy_ws/install/learning_interface/lib/python3.8/site-packages:/home/zhe/code/gy_ws/build/learning_gazebo:/home/zhe/code/gy_ws/install/learning_gazebo/lib/python3.8/site-packages:/home/zhe/code/gy_ws/build/learning_cv:/home/zhe/code/gy_ws/install/learning_cv/lib/python3.8/site-packages:/opt/ros/galactic/lib/python3.8/site-packages /usr/bin/python3 setup.py develop --uninstall --editable --build-directory /home/zhe/code/soccer_b_ws/src/build/rm_control/build
[5.592s] DEBUG:colcon.colcon_core.event_handler.log_command:Invoking command in '/home/zhe/code/soccer_b_ws/src/build/motion_capture': PYTHONPATH=/home/zhe/code/soccer_b_ws/src/build/motion_capture/prefix_override:/home/zhe/code/soccer_b_ws/src/install/motion_capture/lib/python3.8/site-packages:/home/zhe/code/soccer_b_ws/src/install/ros2_interfaces/lib/python3.8/site-packages:/home/zhe/code/soccer_b_ws/src/build/vision_test:/home/zhe/code/soccer_b_ws/src/install/vision_test/lib/python3.8/site-packages:/home/zhe/code/soccer_b_ws/src/build/test_package:/home/zhe/code/soccer_b_ws/src/install/test_package/lib/python3.8/site-packages:/home/zhe/code/soccer_b_ws/src/build/rm_control:/home/zhe/code/soccer_b_ws/src/install/rm_control/lib/python3.8/site-packages:/home/zhe/code/soccer_b_ws/src/build/motion_capture:/home/zhe/code/soccer_b_ws/src/install/motion_capture/lib/python3.8/site-packages:/home/zhe/code/soccer_b_ws/build/rm_control:/home/zhe/code/soccer_b_ws/install/rm_control/lib/python3.8/site-packages:/home/zhe/code/soccer_b_ws/build/vision_test:/home/zhe/code/soccer_b_ws/install/vision_test/lib/python3.8/site-packages:/home/zhe/code/soccer_b_ws/build/test_package:/home/zhe/code/soccer_b_ws/install/test_package/lib/python3.8/site-packages:/home/zhe/code/soccer_b_ws/install/ros2_interfaces/lib/python3.8/site-packages:/home/zhe/code/ffmpeg_msg/install/ffmpeg_image_transport_msgs/lib/python3.8/site-packages:/home/zhe/code/ffmpeg/install/ffmpeg_image_transport_msgs/lib/python3.8/site-packages:/home/zhe/code/rm_ws/build/robomaster_ros:/home/zhe/code/rm_ws/install/robomaster_ros/lib/python3.8/site-packages:/home/zhe/code/rm_ws/install/robomaster_msgs/lib/python3.8/site-packages:/home/zhe/code/gy_ws/build/learning_urdf:/home/zhe/code/gy_ws/install/learning_urdf/lib/python3.8/site-packages:/home/zhe/code/gy_ws/build/learning_topic:/home/zhe/code/gy_ws/install/learning_topic/lib/python3.8/site-packages:/home/zhe/code/gy_ws/build/learning_tf:/home/zhe/code/gy_ws/install/learning_tf/lib/python3.8/site-packages:/home/zhe/code/gy_ws/build/learning_service:/home/zhe/code/gy_ws/install/learning_service/lib/python3.8/site-packages:/home/zhe/code/gy_ws/build/learning_qos:/home/zhe/code/gy_ws/install/learning_qos/lib/python3.8/site-packages:/home/zhe/code/gy_ws/build/learning_pkg_python:/home/zhe/code/gy_ws/install/learning_pkg_python/lib/python3.8/site-packages:/home/zhe/code/gy_ws/build/learning_parameter:/home/zhe/code/gy_ws/install/learning_parameter/lib/python3.8/site-packages:/home/zhe/code/gy_ws/build/learning_node:/home/zhe/code/gy_ws/install/learning_node/lib/python3.8/site-packages:/home/zhe/code/gy_ws/build/learning_launch:/home/zhe/code/gy_ws/install/learning_launch/lib/python3.8/site-packages:/home/zhe/code/gy_ws/build/learning_action:/home/zhe/code/gy_ws/install/learning_action/lib/python3.8/site-packages:/home/zhe/code/gy_ws/install/learning_interface/lib/python3.8/site-packages:/home/zhe/code/gy_ws/build/learning_gazebo:/home/zhe/code/gy_ws/install/learning_gazebo/lib/python3.8/site-packages:/home/zhe/code/gy_ws/build/learning_cv:/home/zhe/code/gy_ws/install/learning_cv/lib/python3.8/site-packages:/opt/ros/galactic/lib/python3.8/site-packages /usr/bin/python3 setup.py develop --uninstall --editable --build-directory /home/zhe/code/soccer_b_ws/src/build/motion_capture/build
[5.594s] DEBUG:colcon.colcon_core.event_handler.log_command:Invoking command in '/home/zhe/code/soccer_b_ws/src/build/test_package': PYTHONPATH=/home/zhe/code/soccer_b_ws/src/build/test_package/prefix_override:/home/zhe/code/soccer_b_ws/src/install/test_package/lib/python3.8/site-packages:/home/zhe/code/soccer_b_ws/src/install/ros2_interfaces/lib/python3.8/site-packages:/home/zhe/code/soccer_b_ws/src/build/vision_test:/home/zhe/code/soccer_b_ws/src/install/vision_test/lib/python3.8/site-packages:/home/zhe/code/soccer_b_ws/src/build/test_package:/home/zhe/code/soccer_b_ws/src/install/test_package/lib/python3.8/site-packages:/home/zhe/code/soccer_b_ws/src/build/rm_control:/home/zhe/code/soccer_b_ws/src/install/rm_control/lib/python3.8/site-packages:/home/zhe/code/soccer_b_ws/src/build/motion_capture:/home/zhe/code/soccer_b_ws/src/install/motion_capture/lib/python3.8/site-packages:/home/zhe/code/soccer_b_ws/build/rm_control:/home/zhe/code/soccer_b_ws/install/rm_control/lib/python3.8/site-packages:/home/zhe/code/soccer_b_ws/build/vision_test:/home/zhe/code/soccer_b_ws/install/vision_test/lib/python3.8/site-packages:/home/zhe/code/soccer_b_ws/build/test_package:/home/zhe/code/soccer_b_ws/install/test_package/lib/python3.8/site-packages:/home/zhe/code/soccer_b_ws/install/ros2_interfaces/lib/python3.8/site-packages:/home/zhe/code/ffmpeg_msg/install/ffmpeg_image_transport_msgs/lib/python3.8/site-packages:/home/zhe/code/ffmpeg/install/ffmpeg_image_transport_msgs/lib/python3.8/site-packages:/home/zhe/code/rm_ws/build/robomaster_ros:/home/zhe/code/rm_ws/install/robomaster_ros/lib/python3.8/site-packages:/home/zhe/code/rm_ws/install/robomaster_msgs/lib/python3.8/site-packages:/home/zhe/code/gy_ws/build/learning_urdf:/home/zhe/code/gy_ws/install/learning_urdf/lib/python3.8/site-packages:/home/zhe/code/gy_ws/build/learning_topic:/home/zhe/code/gy_ws/install/learning_topic/lib/python3.8/site-packages:/home/zhe/code/gy_ws/build/learning_tf:/home/zhe/code/gy_ws/install/learning_tf/lib/python3.8/site-packages:/home/zhe/code/gy_ws/build/learning_service:/home/zhe/code/gy_ws/install/learning_service/lib/python3.8/site-packages:/home/zhe/code/gy_ws/build/learning_qos:/home/zhe/code/gy_ws/install/learning_qos/lib/python3.8/site-packages:/home/zhe/code/gy_ws/build/learning_pkg_python:/home/zhe/code/gy_ws/install/learning_pkg_python/lib/python3.8/site-packages:/home/zhe/code/gy_ws/build/learning_parameter:/home/zhe/code/gy_ws/install/learning_parameter/lib/python3.8/site-packages:/home/zhe/code/gy_ws/build/learning_node:/home/zhe/code/gy_ws/install/learning_node/lib/python3.8/site-packages:/home/zhe/code/gy_ws/build/learning_launch:/home/zhe/code/gy_ws/install/learning_launch/lib/python3.8/site-packages:/home/zhe/code/gy_ws/build/learning_action:/home/zhe/code/gy_ws/install/learning_action/lib/python3.8/site-packages:/home/zhe/code/gy_ws/install/learning_interface/lib/python3.8/site-packages:/home/zhe/code/gy_ws/build/learning_gazebo:/home/zhe/code/gy_ws/install/learning_gazebo/lib/python3.8/site-packages:/home/zhe/code/gy_ws/build/learning_cv:/home/zhe/code/gy_ws/install/learning_cv/lib/python3.8/site-packages:/opt/ros/galactic/lib/python3.8/site-packages /usr/bin/python3 setup.py develop --uninstall --editable --build-directory /home/zhe/code/soccer_b_ws/src/build/test_package/build
[5.834s] DEBUG:colcon.colcon_core.event_handler.log_command:Invoked command in '/home/zhe/code/soccer_b_ws/src/build/rm_control' returned '0': PYTHONPATH=/home/zhe/code/soccer_b_ws/src/build/rm_control/prefix_override:/home/zhe/code/soccer_b_ws/src/install/rm_control/lib/python3.8/site-packages:/home/zhe/code/soccer_b_ws/src/install/ros2_interfaces/lib/python3.8/site-packages:/home/zhe/code/soccer_b_ws/src/build/vision_test:/home/zhe/code/soccer_b_ws/src/install/vision_test/lib/python3.8/site-packages:/home/zhe/code/soccer_b_ws/src/build/test_package:/home/zhe/code/soccer_b_ws/src/install/test_package/lib/python3.8/site-packages:/home/zhe/code/soccer_b_ws/src/build/rm_control:/home/zhe/code/soccer_b_ws/src/install/rm_control/lib/python3.8/site-packages:/home/zhe/code/soccer_b_ws/src/build/motion_capture:/home/zhe/code/soccer_b_ws/src/install/motion_capture/lib/python3.8/site-packages:/home/zhe/code/soccer_b_ws/build/rm_control:/home/zhe/code/soccer_b_ws/install/rm_control/lib/python3.8/site-packages:/home/zhe/code/soccer_b_ws/build/vision_test:/home/zhe/code/soccer_b_ws/install/vision_test/lib/python3.8/site-packages:/home/zhe/code/soccer_b_ws/build/test_package:/home/zhe/code/soccer_b_ws/install/test_package/lib/python3.8/site-packages:/home/zhe/code/soccer_b_ws/install/ros2_interfaces/lib/python3.8/site-packages:/home/zhe/code/ffmpeg_msg/install/ffmpeg_image_transport_msgs/lib/python3.8/site-packages:/home/zhe/code/ffmpeg/install/ffmpeg_image_transport_msgs/lib/python3.8/site-packages:/home/zhe/code/rm_ws/build/robomaster_ros:/home/zhe/code/rm_ws/install/robomaster_ros/lib/python3.8/site-packages:/home/zhe/code/rm_ws/install/robomaster_msgs/lib/python3.8/site-packages:/home/zhe/code/gy_ws/build/learning_urdf:/home/zhe/code/gy_ws/install/learning_urdf/lib/python3.8/site-packages:/home/zhe/code/gy_ws/build/learning_topic:/home/zhe/code/gy_ws/install/learning_topic/lib/python3.8/site-packages:/home/zhe/code/gy_ws/build/learning_tf:/home/zhe/code/gy_ws/install/learning_tf/lib/python3.8/site-packages:/home/zhe/code/gy_ws/build/learning_service:/home/zhe/code/gy_ws/install/learning_service/lib/python3.8/site-packages:/home/zhe/code/gy_ws/build/learning_qos:/home/zhe/code/gy_ws/install/learning_qos/lib/python3.8/site-packages:/home/zhe/code/gy_ws/build/learning_pkg_python:/home/zhe/code/gy_ws/install/learning_pkg_python/lib/python3.8/site-packages:/home/zhe/code/gy_ws/build/learning_parameter:/home/zhe/code/gy_ws/install/learning_parameter/lib/python3.8/site-packages:/home/zhe/code/gy_ws/build/learning_node:/home/zhe/code/gy_ws/install/learning_node/lib/python3.8/site-packages:/home/zhe/code/gy_ws/build/learning_launch:/home/zhe/code/gy_ws/install/learning_launch/lib/python3.8/site-packages:/home/zhe/code/gy_ws/build/learning_action:/home/zhe/code/gy_ws/install/learning_action/lib/python3.8/site-packages:/home/zhe/code/gy_ws/install/learning_interface/lib/python3.8/site-packages:/home/zhe/code/gy_ws/build/learning_gazebo:/home/zhe/code/gy_ws/install/learning_gazebo/lib/python3.8/site-packages:/home/zhe/code/gy_ws/build/learning_cv:/home/zhe/code/gy_ws/install/learning_cv/lib/python3.8/site-packages:/opt/ros/galactic/lib/python3.8/site-packages /usr/bin/python3 setup.py develop --uninstall --editable --build-directory /home/zhe/code/soccer_b_ws/src/build/rm_control/build
[5.835s] DEBUG:colcon.colcon_core.event_handler.log_command:Invoking command in '/home/zhe/code/soccer_b_ws/src/rm_control': PYTHONPATH=/home/zhe/code/soccer_b_ws/src/build/rm_control/prefix_override:/home/zhe/code/soccer_b_ws/src/install/rm_control/lib/python3.8/site-packages:/home/zhe/code/soccer_b_ws/src/install/ros2_interfaces/lib/python3.8/site-packages:/home/zhe/code/soccer_b_ws/src/build/vision_test:/home/zhe/code/soccer_b_ws/src/install/vision_test/lib/python3.8/site-packages:/home/zhe/code/soccer_b_ws/src/build/test_package:/home/zhe/code/soccer_b_ws/src/install/test_package/lib/python3.8/site-packages:/home/zhe/code/soccer_b_ws/src/build/rm_control:/home/zhe/code/soccer_b_ws/src/install/rm_control/lib/python3.8/site-packages:/home/zhe/code/soccer_b_ws/src/build/motion_capture:/home/zhe/code/soccer_b_ws/src/install/motion_capture/lib/python3.8/site-packages:/home/zhe/code/soccer_b_ws/build/rm_control:/home/zhe/code/soccer_b_ws/install/rm_control/lib/python3.8/site-packages:/home/zhe/code/soccer_b_ws/build/vision_test:/home/zhe/code/soccer_b_ws/install/vision_test/lib/python3.8/site-packages:/home/zhe/code/soccer_b_ws/build/test_package:/home/zhe/code/soccer_b_ws/install/test_package/lib/python3.8/site-packages:/home/zhe/code/soccer_b_ws/install/ros2_interfaces/lib/python3.8/site-packages:/home/zhe/code/ffmpeg_msg/install/ffmpeg_image_transport_msgs/lib/python3.8/site-packages:/home/zhe/code/ffmpeg/install/ffmpeg_image_transport_msgs/lib/python3.8/site-packages:/home/zhe/code/rm_ws/build/robomaster_ros:/home/zhe/code/rm_ws/install/robomaster_ros/lib/python3.8/site-packages:/home/zhe/code/rm_ws/install/robomaster_msgs/lib/python3.8/site-packages:/home/zhe/code/gy_ws/build/learning_urdf:/home/zhe/code/gy_ws/install/learning_urdf/lib/python3.8/site-packages:/home/zhe/code/gy_ws/build/learning_topic:/home/zhe/code/gy_ws/install/learning_topic/lib/python3.8/site-packages:/home/zhe/code/gy_ws/build/learning_tf:/home/zhe/code/gy_ws/install/learning_tf/lib/python3.8/site-packages:/home/zhe/code/gy_ws/build/learning_service:/home/zhe/code/gy_ws/install/learning_service/lib/python3.8/site-packages:/home/zhe/code/gy_ws/build/learning_qos:/home/zhe/code/gy_ws/install/learning_qos/lib/python3.8/site-packages:/home/zhe/code/gy_ws/build/learning_pkg_python:/home/zhe/code/gy_ws/install/learning_pkg_python/lib/python3.8/site-packages:/home/zhe/code/gy_ws/build/learning_parameter:/home/zhe/code/gy_ws/install/learning_parameter/lib/python3.8/site-packages:/home/zhe/code/gy_ws/build/learning_node:/home/zhe/code/gy_ws/install/learning_node/lib/python3.8/site-packages:/home/zhe/code/gy_ws/build/learning_launch:/home/zhe/code/gy_ws/install/learning_launch/lib/python3.8/site-packages:/home/zhe/code/gy_ws/build/learning_action:/home/zhe/code/gy_ws/install/learning_action/lib/python3.8/site-packages:/home/zhe/code/gy_ws/install/learning_interface/lib/python3.8/site-packages:/home/zhe/code/gy_ws/build/learning_gazebo:/home/zhe/code/gy_ws/install/learning_gazebo/lib/python3.8/site-packages:/home/zhe/code/gy_ws/build/learning_cv:/home/zhe/code/gy_ws/install/learning_cv/lib/python3.8/site-packages:/opt/ros/galactic/lib/python3.8/site-packages /usr/bin/python3 setup.py egg_info --egg-base ../build/rm_control build --build-base /home/zhe/code/soccer_b_ws/src/build/rm_control/build install --record /home/zhe/code/soccer_b_ws/src/build/rm_control/install.log --single-version-externally-managed
[5.837s] DEBUG:colcon.colcon_core.event_handler.log_command:Invoked command in '/home/zhe/code/soccer_b_ws/src/build/motion_capture' returned '0': PYTHONPATH=/home/zhe/code/soccer_b_ws/src/build/motion_capture/prefix_override:/home/zhe/code/soccer_b_ws/src/install/motion_capture/lib/python3.8/site-packages:/home/zhe/code/soccer_b_ws/src/install/ros2_interfaces/lib/python3.8/site-packages:/home/zhe/code/soccer_b_ws/src/build/vision_test:/home/zhe/code/soccer_b_ws/src/install/vision_test/lib/python3.8/site-packages:/home/zhe/code/soccer_b_ws/src/build/test_package:/home/zhe/code/soccer_b_ws/src/install/test_package/lib/python3.8/site-packages:/home/zhe/code/soccer_b_ws/src/build/rm_control:/home/zhe/code/soccer_b_ws/src/install/rm_control/lib/python3.8/site-packages:/home/zhe/code/soccer_b_ws/src/build/motion_capture:/home/zhe/code/soccer_b_ws/src/install/motion_capture/lib/python3.8/site-packages:/home/zhe/code/soccer_b_ws/build/rm_control:/home/zhe/code/soccer_b_ws/install/rm_control/lib/python3.8/site-packages:/home/zhe/code/soccer_b_ws/build/vision_test:/home/zhe/code/soccer_b_ws/install/vision_test/lib/python3.8/site-packages:/home/zhe/code/soccer_b_ws/build/test_package:/home/zhe/code/soccer_b_ws/install/test_package/lib/python3.8/site-packages:/home/zhe/code/soccer_b_ws/install/ros2_interfaces/lib/python3.8/site-packages:/home/zhe/code/ffmpeg_msg/install/ffmpeg_image_transport_msgs/lib/python3.8/site-packages:/home/zhe/code/ffmpeg/install/ffmpeg_image_transport_msgs/lib/python3.8/site-packages:/home/zhe/code/rm_ws/build/robomaster_ros:/home/zhe/code/rm_ws/install/robomaster_ros/lib/python3.8/site-packages:/home/zhe/code/rm_ws/install/robomaster_msgs/lib/python3.8/site-packages:/home/zhe/code/gy_ws/build/learning_urdf:/home/zhe/code/gy_ws/install/learning_urdf/lib/python3.8/site-packages:/home/zhe/code/gy_ws/build/learning_topic:/home/zhe/code/gy_ws/install/learning_topic/lib/python3.8/site-packages:/home/zhe/code/gy_ws/build/learning_tf:/home/zhe/code/gy_ws/install/learning_tf/lib/python3.8/site-packages:/home/zhe/code/gy_ws/build/learning_service:/home/zhe/code/gy_ws/install/learning_service/lib/python3.8/site-packages:/home/zhe/code/gy_ws/build/learning_qos:/home/zhe/code/gy_ws/install/learning_qos/lib/python3.8/site-packages:/home/zhe/code/gy_ws/build/learning_pkg_python:/home/zhe/code/gy_ws/install/learning_pkg_python/lib/python3.8/site-packages:/home/zhe/code/gy_ws/build/learning_parameter:/home/zhe/code/gy_ws/install/learning_parameter/lib/python3.8/site-packages:/home/zhe/code/gy_ws/build/learning_node:/home/zhe/code/gy_ws/install/learning_node/lib/python3.8/site-packages:/home/zhe/code/gy_ws/build/learning_launch:/home/zhe/code/gy_ws/install/learning_launch/lib/python3.8/site-packages:/home/zhe/code/gy_ws/build/learning_action:/home/zhe/code/gy_ws/install/learning_action/lib/python3.8/site-packages:/home/zhe/code/gy_ws/install/learning_interface/lib/python3.8/site-packages:/home/zhe/code/gy_ws/build/learning_gazebo:/home/zhe/code/gy_ws/install/learning_gazebo/lib/python3.8/site-packages:/home/zhe/code/gy_ws/build/learning_cv:/home/zhe/code/gy_ws/install/learning_cv/lib/python3.8/site-packages:/opt/ros/galactic/lib/python3.8/site-packages /usr/bin/python3 setup.py develop --uninstall --editable --build-directory /home/zhe/code/soccer_b_ws/src/build/motion_capture/build
[5.838s] DEBUG:colcon.colcon_core.event_handler.log_command:Invoking command in '/home/zhe/code/soccer_b_ws/src/motion_capture': PYTHONPATH=/home/zhe/code/soccer_b_ws/src/build/motion_capture/prefix_override:/home/zhe/code/soccer_b_ws/src/install/motion_capture/lib/python3.8/site-packages:/home/zhe/code/soccer_b_ws/src/install/ros2_interfaces/lib/python3.8/site-packages:/home/zhe/code/soccer_b_ws/src/build/vision_test:/home/zhe/code/soccer_b_ws/src/install/vision_test/lib/python3.8/site-packages:/home/zhe/code/soccer_b_ws/src/build/test_package:/home/zhe/code/soccer_b_ws/src/install/test_package/lib/python3.8/site-packages:/home/zhe/code/soccer_b_ws/src/build/rm_control:/home/zhe/code/soccer_b_ws/src/install/rm_control/lib/python3.8/site-packages:/home/zhe/code/soccer_b_ws/src/build/motion_capture:/home/zhe/code/soccer_b_ws/src/install/motion_capture/lib/python3.8/site-packages:/home/zhe/code/soccer_b_ws/build/rm_control:/home/zhe/code/soccer_b_ws/install/rm_control/lib/python3.8/site-packages:/home/zhe/code/soccer_b_ws/build/vision_test:/home/zhe/code/soccer_b_ws/install/vision_test/lib/python3.8/site-packages:/home/zhe/code/soccer_b_ws/build/test_package:/home/zhe/code/soccer_b_ws/install/test_package/lib/python3.8/site-packages:/home/zhe/code/soccer_b_ws/install/ros2_interfaces/lib/python3.8/site-packages:/home/zhe/code/ffmpeg_msg/install/ffmpeg_image_transport_msgs/lib/python3.8/site-packages:/home/zhe/code/ffmpeg/install/ffmpeg_image_transport_msgs/lib/python3.8/site-packages:/home/zhe/code/rm_ws/build/robomaster_ros:/home/zhe/code/rm_ws/install/robomaster_ros/lib/python3.8/site-packages:/home/zhe/code/rm_ws/install/robomaster_msgs/lib/python3.8/site-packages:/home/zhe/code/gy_ws/build/learning_urdf:/home/zhe/code/gy_ws/install/learning_urdf/lib/python3.8/site-packages:/home/zhe/code/gy_ws/build/learning_topic:/home/zhe/code/gy_ws/install/learning_topic/lib/python3.8/site-packages:/home/zhe/code/gy_ws/build/learning_tf:/home/zhe/code/gy_ws/install/learning_tf/lib/python3.8/site-packages:/home/zhe/code/gy_ws/build/learning_service:/home/zhe/code/gy_ws/install/learning_service/lib/python3.8/site-packages:/home/zhe/code/gy_ws/build/learning_qos:/home/zhe/code/gy_ws/install/learning_qos/lib/python3.8/site-packages:/home/zhe/code/gy_ws/build/learning_pkg_python:/home/zhe/code/gy_ws/install/learning_pkg_python/lib/python3.8/site-packages:/home/zhe/code/gy_ws/build/learning_parameter:/home/zhe/code/gy_ws/install/learning_parameter/lib/python3.8/site-packages:/home/zhe/code/gy_ws/build/learning_node:/home/zhe/code/gy_ws/install/learning_node/lib/python3.8/site-packages:/home/zhe/code/gy_ws/build/learning_launch:/home/zhe/code/gy_ws/install/learning_launch/lib/python3.8/site-packages:/home/zhe/code/gy_ws/build/learning_action:/home/zhe/code/gy_ws/install/learning_action/lib/python3.8/site-packages:/home/zhe/code/gy_ws/install/learning_interface/lib/python3.8/site-packages:/home/zhe/code/gy_ws/build/learning_gazebo:/home/zhe/code/gy_ws/install/learning_gazebo/lib/python3.8/site-packages:/home/zhe/code/gy_ws/build/learning_cv:/home/zhe/code/gy_ws/install/learning_cv/lib/python3.8/site-packages:/opt/ros/galactic/lib/python3.8/site-packages /usr/bin/python3 setup.py egg_info --egg-base ../build/motion_capture build --build-base /home/zhe/code/soccer_b_ws/src/build/motion_capture/build install --record /home/zhe/code/soccer_b_ws/src/build/motion_capture/install.log --single-version-externally-managed
[5.839s] DEBUG:colcon.colcon_core.event_handler.log_command:Invoked command in '/home/zhe/code/soccer_b_ws/src/build/test_package' returned '0': PYTHONPATH=/home/zhe/code/soccer_b_ws/src/build/test_package/prefix_override:/home/zhe/code/soccer_b_ws/src/install/test_package/lib/python3.8/site-packages:/home/zhe/code/soccer_b_ws/src/install/ros2_interfaces/lib/python3.8/site-packages:/home/zhe/code/soccer_b_ws/src/build/vision_test:/home/zhe/code/soccer_b_ws/src/install/vision_test/lib/python3.8/site-packages:/home/zhe/code/soccer_b_ws/src/build/test_package:/home/zhe/code/soccer_b_ws/src/install/test_package/lib/python3.8/site-packages:/home/zhe/code/soccer_b_ws/src/build/rm_control:/home/zhe/code/soccer_b_ws/src/install/rm_control/lib/python3.8/site-packages:/home/zhe/code/soccer_b_ws/src/build/motion_capture:/home/zhe/code/soccer_b_ws/src/install/motion_capture/lib/python3.8/site-packages:/home/zhe/code/soccer_b_ws/build/rm_control:/home/zhe/code/soccer_b_ws/install/rm_control/lib/python3.8/site-packages:/home/zhe/code/soccer_b_ws/build/vision_test:/home/zhe/code/soccer_b_ws/install/vision_test/lib/python3.8/site-packages:/home/zhe/code/soccer_b_ws/build/test_package:/home/zhe/code/soccer_b_ws/install/test_package/lib/python3.8/site-packages:/home/zhe/code/soccer_b_ws/install/ros2_interfaces/lib/python3.8/site-packages:/home/zhe/code/ffmpeg_msg/install/ffmpeg_image_transport_msgs/lib/python3.8/site-packages:/home/zhe/code/ffmpeg/install/ffmpeg_image_transport_msgs/lib/python3.8/site-packages:/home/zhe/code/rm_ws/build/robomaster_ros:/home/zhe/code/rm_ws/install/robomaster_ros/lib/python3.8/site-packages:/home/zhe/code/rm_ws/install/robomaster_msgs/lib/python3.8/site-packages:/home/zhe/code/gy_ws/build/learning_urdf:/home/zhe/code/gy_ws/install/learning_urdf/lib/python3.8/site-packages:/home/zhe/code/gy_ws/build/learning_topic:/home/zhe/code/gy_ws/install/learning_topic/lib/python3.8/site-packages:/home/zhe/code/gy_ws/build/learning_tf:/home/zhe/code/gy_ws/install/learning_tf/lib/python3.8/site-packages:/home/zhe/code/gy_ws/build/learning_service:/home/zhe/code/gy_ws/install/learning_service/lib/python3.8/site-packages:/home/zhe/code/gy_ws/build/learning_qos:/home/zhe/code/gy_ws/install/learning_qos/lib/python3.8/site-packages:/home/zhe/code/gy_ws/build/learning_pkg_python:/home/zhe/code/gy_ws/install/learning_pkg_python/lib/python3.8/site-packages:/home/zhe/code/gy_ws/build/learning_parameter:/home/zhe/code/gy_ws/install/learning_parameter/lib/python3.8/site-packages:/home/zhe/code/gy_ws/build/learning_node:/home/zhe/code/gy_ws/install/learning_node/lib/python3.8/site-packages:/home/zhe/code/gy_ws/build/learning_launch:/home/zhe/code/gy_ws/install/learning_launch/lib/python3.8/site-packages:/home/zhe/code/gy_ws/build/learning_action:/home/zhe/code/gy_ws/install/learning_action/lib/python3.8/site-packages:/home/zhe/code/gy_ws/install/learning_interface/lib/python3.8/site-packages:/home/zhe/code/gy_ws/build/learning_gazebo:/home/zhe/code/gy_ws/install/learning_gazebo/lib/python3.8/site-packages:/home/zhe/code/gy_ws/build/learning_cv:/home/zhe/code/gy_ws/install/learning_cv/lib/python3.8/site-packages:/opt/ros/galactic/lib/python3.8/site-packages /usr/bin/python3 setup.py develop --uninstall --editable --build-directory /home/zhe/code/soccer_b_ws/src/build/test_package/build
[5.840s] DEBUG:colcon.colcon_core.event_handler.log_command:Invoking command in '/home/zhe/code/soccer_b_ws/src/test_package': PYTHONPATH=/home/zhe/code/soccer_b_ws/src/build/test_package/prefix_override:/home/zhe/code/soccer_b_ws/src/install/test_package/lib/python3.8/site-packages:/home/zhe/code/soccer_b_ws/src/install/ros2_interfaces/lib/python3.8/site-packages:/home/zhe/code/soccer_b_ws/src/build/vision_test:/home/zhe/code/soccer_b_ws/src/install/vision_test/lib/python3.8/site-packages:/home/zhe/code/soccer_b_ws/src/build/test_package:/home/zhe/code/soccer_b_ws/src/install/test_package/lib/python3.8/site-packages:/home/zhe/code/soccer_b_ws/src/build/rm_control:/home/zhe/code/soccer_b_ws/src/install/rm_control/lib/python3.8/site-packages:/home/zhe/code/soccer_b_ws/src/build/motion_capture:/home/zhe/code/soccer_b_ws/src/install/motion_capture/lib/python3.8/site-packages:/home/zhe/code/soccer_b_ws/build/rm_control:/home/zhe/code/soccer_b_ws/install/rm_control/lib/python3.8/site-packages:/home/zhe/code/soccer_b_ws/build/vision_test:/home/zhe/code/soccer_b_ws/install/vision_test/lib/python3.8/site-packages:/home/zhe/code/soccer_b_ws/build/test_package:/home/zhe/code/soccer_b_ws/install/test_package/lib/python3.8/site-packages:/home/zhe/code/soccer_b_ws/install/ros2_interfaces/lib/python3.8/site-packages:/home/zhe/code/ffmpeg_msg/install/ffmpeg_image_transport_msgs/lib/python3.8/site-packages:/home/zhe/code/ffmpeg/install/ffmpeg_image_transport_msgs/lib/python3.8/site-packages:/home/zhe/code/rm_ws/build/robomaster_ros:/home/zhe/code/rm_ws/install/robomaster_ros/lib/python3.8/site-packages:/home/zhe/code/rm_ws/install/robomaster_msgs/lib/python3.8/site-packages:/home/zhe/code/gy_ws/build/learning_urdf:/home/zhe/code/gy_ws/install/learning_urdf/lib/python3.8/site-packages:/home/zhe/code/gy_ws/build/learning_topic:/home/zhe/code/gy_ws/install/learning_topic/lib/python3.8/site-packages:/home/zhe/code/gy_ws/build/learning_tf:/home/zhe/code/gy_ws/install/learning_tf/lib/python3.8/site-packages:/home/zhe/code/gy_ws/build/learning_service:/home/zhe/code/gy_ws/install/learning_service/lib/python3.8/site-packages:/home/zhe/code/gy_ws/build/learning_qos:/home/zhe/code/gy_ws/install/learning_qos/lib/python3.8/site-packages:/home/zhe/code/gy_ws/build/learning_pkg_python:/home/zhe/code/gy_ws/install/learning_pkg_python/lib/python3.8/site-packages:/home/zhe/code/gy_ws/build/learning_parameter:/home/zhe/code/gy_ws/install/learning_parameter/lib/python3.8/site-packages:/home/zhe/code/gy_ws/build/learning_node:/home/zhe/code/gy_ws/install/learning_node/lib/python3.8/site-packages:/home/zhe/code/gy_ws/build/learning_launch:/home/zhe/code/gy_ws/install/learning_launch/lib/python3.8/site-packages:/home/zhe/code/gy_ws/build/learning_action:/home/zhe/code/gy_ws/install/learning_action/lib/python3.8/site-packages:/home/zhe/code/gy_ws/install/learning_interface/lib/python3.8/site-packages:/home/zhe/code/gy_ws/build/learning_gazebo:/home/zhe/code/gy_ws/install/learning_gazebo/lib/python3.8/site-packages:/home/zhe/code/gy_ws/build/learning_cv:/home/zhe/code/gy_ws/install/learning_cv/lib/python3.8/site-packages:/opt/ros/galactic/lib/python3.8/site-packages /usr/bin/python3 setup.py egg_info --egg-base ../build/test_package build --build-base /home/zhe/code/soccer_b_ws/src/build/test_package/build install --record /home/zhe/code/soccer_b_ws/src/build/test_package/install.log --single-version-externally-managed
[6.030s] DEBUG:colcon.colcon_core.event_handler.log_command:Invoked command in '/home/zhe/code/soccer_b_ws/src/rm_control' returned '0': PYTHONPATH=/home/zhe/code/soccer_b_ws/src/build/rm_control/prefix_override:/home/zhe/code/soccer_b_ws/src/install/rm_control/lib/python3.8/site-packages:/home/zhe/code/soccer_b_ws/src/install/ros2_interfaces/lib/python3.8/site-packages:/home/zhe/code/soccer_b_ws/src/build/vision_test:/home/zhe/code/soccer_b_ws/src/install/vision_test/lib/python3.8/site-packages:/home/zhe/code/soccer_b_ws/src/build/test_package:/home/zhe/code/soccer_b_ws/src/install/test_package/lib/python3.8/site-packages:/home/zhe/code/soccer_b_ws/src/build/rm_control:/home/zhe/code/soccer_b_ws/src/install/rm_control/lib/python3.8/site-packages:/home/zhe/code/soccer_b_ws/src/build/motion_capture:/home/zhe/code/soccer_b_ws/src/install/motion_capture/lib/python3.8/site-packages:/home/zhe/code/soccer_b_ws/build/rm_control:/home/zhe/code/soccer_b_ws/install/rm_control/lib/python3.8/site-packages:/home/zhe/code/soccer_b_ws/build/vision_test:/home/zhe/code/soccer_b_ws/install/vision_test/lib/python3.8/site-packages:/home/zhe/code/soccer_b_ws/build/test_package:/home/zhe/code/soccer_b_ws/install/test_package/lib/python3.8/site-packages:/home/zhe/code/soccer_b_ws/install/ros2_interfaces/lib/python3.8/site-packages:/home/zhe/code/ffmpeg_msg/install/ffmpeg_image_transport_msgs/lib/python3.8/site-packages:/home/zhe/code/ffmpeg/install/ffmpeg_image_transport_msgs/lib/python3.8/site-packages:/home/zhe/code/rm_ws/build/robomaster_ros:/home/zhe/code/rm_ws/install/robomaster_ros/lib/python3.8/site-packages:/home/zhe/code/rm_ws/install/robomaster_msgs/lib/python3.8/site-packages:/home/zhe/code/gy_ws/build/learning_urdf:/home/zhe/code/gy_ws/install/learning_urdf/lib/python3.8/site-packages:/home/zhe/code/gy_ws/build/learning_topic:/home/zhe/code/gy_ws/install/learning_topic/lib/python3.8/site-packages:/home/zhe/code/gy_ws/build/learning_tf:/home/zhe/code/gy_ws/install/learning_tf/lib/python3.8/site-packages:/home/zhe/code/gy_ws/build/learning_service:/home/zhe/code/gy_ws/install/learning_service/lib/python3.8/site-packages:/home/zhe/code/gy_ws/build/learning_qos:/home/zhe/code/gy_ws/install/learning_qos/lib/python3.8/site-packages:/home/zhe/code/gy_ws/build/learning_pkg_python:/home/zhe/code/gy_ws/install/learning_pkg_python/lib/python3.8/site-packages:/home/zhe/code/gy_ws/build/learning_parameter:/home/zhe/code/gy_ws/install/learning_parameter/lib/python3.8/site-packages:/home/zhe/code/gy_ws/build/learning_node:/home/zhe/code/gy_ws/install/learning_node/lib/python3.8/site-packages:/home/zhe/code/gy_ws/build/learning_launch:/home/zhe/code/gy_ws/install/learning_launch/lib/python3.8/site-packages:/home/zhe/code/gy_ws/build/learning_action:/home/zhe/code/gy_ws/install/learning_action/lib/python3.8/site-packages:/home/zhe/code/gy_ws/install/learning_interface/lib/python3.8/site-packages:/home/zhe/code/gy_ws/build/learning_gazebo:/home/zhe/code/gy_ws/install/learning_gazebo/lib/python3.8/site-packages:/home/zhe/code/gy_ws/build/learning_cv:/home/zhe/code/gy_ws/install/learning_cv/lib/python3.8/site-packages:/opt/ros/galactic/lib/python3.8/site-packages /usr/bin/python3 setup.py egg_info --egg-base ../build/rm_control build --build-base /home/zhe/code/soccer_b_ws/src/build/rm_control/build install --record /home/zhe/code/soccer_b_ws/src/build/rm_control/install.log --single-version-externally-managed
[6.053s] Level 1:colcon.colcon_core.environment:checking '/home/zhe/code/soccer_b_ws/src/install/rm_control' for CMake module files
[6.053s] Level 1:colcon.colcon_core.environment:checking '/home/zhe/code/soccer_b_ws/src/install/rm_control' for CMake config files
[6.053s] Level 1:colcon.colcon_core.environment:checking '/home/zhe/code/soccer_b_ws/src/install/rm_control/lib'
[6.053s] Level 1:colcon.colcon_core.environment:checking '/home/zhe/code/soccer_b_ws/src/install/rm_control/bin'
[6.053s] Level 1:colcon.colcon_core.environment:checking '/home/zhe/code/soccer_b_ws/src/install/rm_control/lib/pkgconfig/rm_control.pc'
[6.053s] Level 1:colcon.colcon_core.environment:checking '/home/zhe/code/soccer_b_ws/src/install/rm_control/lib/python3.8/site-packages'
[6.053s] Level 1:colcon.colcon_core.shell:create_environment_hook('rm_control', 'pythonpath')
[6.075s] INFO:colcon.colcon_core.shell:Creating environment hook '/home/zhe/code/soccer_b_ws/src/install/rm_control/share/rm_control/hook/pythonpath.ps1'
[6.075s] INFO:colcon.colcon_core.shell:Creating environment descriptor '/home/zhe/code/soccer_b_ws/src/install/rm_control/share/rm_control/hook/pythonpath.dsv'
[6.075s] INFO:colcon.colcon_core.shell:Creating environment hook '/home/zhe/code/soccer_b_ws/src/install/rm_control/share/rm_control/hook/pythonpath.sh'
[6.075s] Level 1:colcon.colcon_core.environment:checking '/home/zhe/code/soccer_b_ws/src/install/rm_control/bin'
[6.075s] Level 1:colcon.colcon_core.environment:create_environment_scripts_only(rm_control)
[6.097s] INFO:colcon.colcon_core.shell:Creating package script '/home/zhe/code/soccer_b_ws/src/install/rm_control/share/rm_control/package.ps1'
[6.097s] INFO:colcon.colcon_core.shell:Creating package descriptor '/home/zhe/code/soccer_b_ws/src/install/rm_control/share/rm_control/package.dsv'
[6.097s] INFO:colcon.colcon_core.shell:Creating package script '/home/zhe/code/soccer_b_ws/src/install/rm_control/share/rm_control/package.sh'
[6.097s] INFO:colcon.colcon_core.shell:Creating package script '/home/zhe/code/soccer_b_ws/src/install/rm_control/share/rm_control/package.bash'
[6.097s] INFO:colcon.colcon_core.shell:Creating package script '/home/zhe/code/soccer_b_ws/src/install/rm_control/share/rm_control/package.zsh'
[6.097s] Level 1:colcon.colcon_core.environment:create_file_with_runtime_dependencies(/home/zhe/code/soccer_b_ws/src/install/rm_control/share/colcon-core/packages/rm_control)
[6.098s] DEBUG:colcon.colcon_core.event_handler.log_command:Invoked command in '/home/zhe/code/soccer_b_ws/src/motion_capture' returned '0': PYTHONPATH=/home/zhe/code/soccer_b_ws/src/build/motion_capture/prefix_override:/home/zhe/code/soccer_b_ws/src/install/motion_capture/lib/python3.8/site-packages:/home/zhe/code/soccer_b_ws/src/install/ros2_interfaces/lib/python3.8/site-packages:/home/zhe/code/soccer_b_ws/src/build/vision_test:/home/zhe/code/soccer_b_ws/src/install/vision_test/lib/python3.8/site-packages:/home/zhe/code/soccer_b_ws/src/build/test_package:/home/zhe/code/soccer_b_ws/src/install/test_package/lib/python3.8/site-packages:/home/zhe/code/soccer_b_ws/src/build/rm_control:/home/zhe/code/soccer_b_ws/src/install/rm_control/lib/python3.8/site-packages:/home/zhe/code/soccer_b_ws/src/build/motion_capture:/home/zhe/code/soccer_b_ws/src/install/motion_capture/lib/python3.8/site-packages:/home/zhe/code/soccer_b_ws/build/rm_control:/home/zhe/code/soccer_b_ws/install/rm_control/lib/python3.8/site-packages:/home/zhe/code/soccer_b_ws/build/vision_test:/home/zhe/code/soccer_b_ws/install/vision_test/lib/python3.8/site-packages:/home/zhe/code/soccer_b_ws/build/test_package:/home/zhe/code/soccer_b_ws/install/test_package/lib/python3.8/site-packages:/home/zhe/code/soccer_b_ws/install/ros2_interfaces/lib/python3.8/site-packages:/home/zhe/code/ffmpeg_msg/install/ffmpeg_image_transport_msgs/lib/python3.8/site-packages:/home/zhe/code/ffmpeg/install/ffmpeg_image_transport_msgs/lib/python3.8/site-packages:/home/zhe/code/rm_ws/build/robomaster_ros:/home/zhe/code/rm_ws/install/robomaster_ros/lib/python3.8/site-packages:/home/zhe/code/rm_ws/install/robomaster_msgs/lib/python3.8/site-packages:/home/zhe/code/gy_ws/build/learning_urdf:/home/zhe/code/gy_ws/install/learning_urdf/lib/python3.8/site-packages:/home/zhe/code/gy_ws/build/learning_topic:/home/zhe/code/gy_ws/install/learning_topic/lib/python3.8/site-packages:/home/zhe/code/gy_ws/build/learning_tf:/home/zhe/code/gy_ws/install/learning_tf/lib/python3.8/site-packages:/home/zhe/code/gy_ws/build/learning_service:/home/zhe/code/gy_ws/install/learning_service/lib/python3.8/site-packages:/home/zhe/code/gy_ws/build/learning_qos:/home/zhe/code/gy_ws/install/learning_qos/lib/python3.8/site-packages:/home/zhe/code/gy_ws/build/learning_pkg_python:/home/zhe/code/gy_ws/install/learning_pkg_python/lib/python3.8/site-packages:/home/zhe/code/gy_ws/build/learning_parameter:/home/zhe/code/gy_ws/install/learning_parameter/lib/python3.8/site-packages:/home/zhe/code/gy_ws/build/learning_node:/home/zhe/code/gy_ws/install/learning_node/lib/python3.8/site-packages:/home/zhe/code/gy_ws/build/learning_launch:/home/zhe/code/gy_ws/install/learning_launch/lib/python3.8/site-packages:/home/zhe/code/gy_ws/build/learning_action:/home/zhe/code/gy_ws/install/learning_action/lib/python3.8/site-packages:/home/zhe/code/gy_ws/install/learning_interface/lib/python3.8/site-packages:/home/zhe/code/gy_ws/build/learning_gazebo:/home/zhe/code/gy_ws/install/learning_gazebo/lib/python3.8/site-packages:/home/zhe/code/gy_ws/build/learning_cv:/home/zhe/code/gy_ws/install/learning_cv/lib/python3.8/site-packages:/opt/ros/galactic/lib/python3.8/site-packages /usr/bin/python3 setup.py egg_info --egg-base ../build/motion_capture build --build-base /home/zhe/code/soccer_b_ws/src/build/motion_capture/build install --record /home/zhe/code/soccer_b_ws/src/build/motion_capture/install.log --single-version-externally-managed
[6.118s] Level 1:colcon.colcon_core.environment:checking '/home/zhe/code/soccer_b_ws/src/install/motion_capture' for CMake module files
[6.119s] Level 1:colcon.colcon_core.environment:checking '/home/zhe/code/soccer_b_ws/src/install/motion_capture' for CMake config files
[6.119s] Level 1:colcon.colcon_core.environment:checking '/home/zhe/code/soccer_b_ws/src/install/motion_capture/lib'
[6.119s] Level 1:colcon.colcon_core.environment:checking '/home/zhe/code/soccer_b_ws/src/install/motion_capture/bin'
[6.119s] Level 1:colcon.colcon_core.environment:checking '/home/zhe/code/soccer_b_ws/src/install/motion_capture/lib/pkgconfig/motion_capture.pc'
[6.119s] Level 1:colcon.colcon_core.environment:checking '/home/zhe/code/soccer_b_ws/src/install/motion_capture/lib/python3.8/site-packages'
[6.119s] Level 1:colcon.colcon_core.shell:create_environment_hook('motion_capture', 'pythonpath')
[6.140s] INFO:colcon.colcon_core.shell:Creating environment hook '/home/zhe/code/soccer_b_ws/src/install/motion_capture/share/motion_capture/hook/pythonpath.ps1'
[6.140s] INFO:colcon.colcon_core.shell:Creating environment descriptor '/home/zhe/code/soccer_b_ws/src/install/motion_capture/share/motion_capture/hook/pythonpath.dsv'
[6.140s] INFO:colcon.colcon_core.shell:Creating environment hook '/home/zhe/code/soccer_b_ws/src/install/motion_capture/share/motion_capture/hook/pythonpath.sh'
[6.140s] Level 1:colcon.colcon_core.environment:checking '/home/zhe/code/soccer_b_ws/src/install/motion_capture/bin'
[6.140s] Level 1:colcon.colcon_core.environment:create_environment_scripts_only(motion_capture)
[6.161s] INFO:colcon.colcon_core.shell:Creating package script '/home/zhe/code/soccer_b_ws/src/install/motion_capture/share/motion_capture/package.ps1'
[6.161s] INFO:colcon.colcon_core.shell:Creating package descriptor '/home/zhe/code/soccer_b_ws/src/install/motion_capture/share/motion_capture/package.dsv'
[6.161s] INFO:colcon.colcon_core.shell:Creating package script '/home/zhe/code/soccer_b_ws/src/install/motion_capture/share/motion_capture/package.sh'
[6.161s] INFO:colcon.colcon_core.shell:Creating package script '/home/zhe/code/soccer_b_ws/src/install/motion_capture/share/motion_capture/package.bash'
[6.161s] INFO:colcon.colcon_core.shell:Creating package script '/home/zhe/code/soccer_b_ws/src/install/motion_capture/share/motion_capture/package.zsh'
[6.161s] Level 1:colcon.colcon_core.environment:create_file_with_runtime_dependencies(/home/zhe/code/soccer_b_ws/src/install/motion_capture/share/colcon-core/packages/motion_capture)
[6.163s] DEBUG:colcon.colcon_core.event_handler.log_command:Invoked command in '/home/zhe/code/soccer_b_ws/src/test_package' returned '0': PYTHONPATH=/home/zhe/code/soccer_b_ws/src/build/test_package/prefix_override:/home/zhe/code/soccer_b_ws/src/install/test_package/lib/python3.8/site-packages:/home/zhe/code/soccer_b_ws/src/install/ros2_interfaces/lib/python3.8/site-packages:/home/zhe/code/soccer_b_ws/src/build/vision_test:/home/zhe/code/soccer_b_ws/src/install/vision_test/lib/python3.8/site-packages:/home/zhe/code/soccer_b_ws/src/build/test_package:/home/zhe/code/soccer_b_ws/src/install/test_package/lib/python3.8/site-packages:/home/zhe/code/soccer_b_ws/src/build/rm_control:/home/zhe/code/soccer_b_ws/src/install/rm_control/lib/python3.8/site-packages:/home/zhe/code/soccer_b_ws/src/build/motion_capture:/home/zhe/code/soccer_b_ws/src/install/motion_capture/lib/python3.8/site-packages:/home/zhe/code/soccer_b_ws/build/rm_control:/home/zhe/code/soccer_b_ws/install/rm_control/lib/python3.8/site-packages:/home/zhe/code/soccer_b_ws/build/vision_test:/home/zhe/code/soccer_b_ws/install/vision_test/lib/python3.8/site-packages:/home/zhe/code/soccer_b_ws/build/test_package:/home/zhe/code/soccer_b_ws/install/test_package/lib/python3.8/site-packages:/home/zhe/code/soccer_b_ws/install/ros2_interfaces/lib/python3.8/site-packages:/home/zhe/code/ffmpeg_msg/install/ffmpeg_image_transport_msgs/lib/python3.8/site-packages:/home/zhe/code/ffmpeg/install/ffmpeg_image_transport_msgs/lib/python3.8/site-packages:/home/zhe/code/rm_ws/build/robomaster_ros:/home/zhe/code/rm_ws/install/robomaster_ros/lib/python3.8/site-packages:/home/zhe/code/rm_ws/install/robomaster_msgs/lib/python3.8/site-packages:/home/zhe/code/gy_ws/build/learning_urdf:/home/zhe/code/gy_ws/install/learning_urdf/lib/python3.8/site-packages:/home/zhe/code/gy_ws/build/learning_topic:/home/zhe/code/gy_ws/install/learning_topic/lib/python3.8/site-packages:/home/zhe/code/gy_ws/build/learning_tf:/home/zhe/code/gy_ws/install/learning_tf/lib/python3.8/site-packages:/home/zhe/code/gy_ws/build/learning_service:/home/zhe/code/gy_ws/install/learning_service/lib/python3.8/site-packages:/home/zhe/code/gy_ws/build/learning_qos:/home/zhe/code/gy_ws/install/learning_qos/lib/python3.8/site-packages:/home/zhe/code/gy_ws/build/learning_pkg_python:/home/zhe/code/gy_ws/install/learning_pkg_python/lib/python3.8/site-packages:/home/zhe/code/gy_ws/build/learning_parameter:/home/zhe/code/gy_ws/install/learning_parameter/lib/python3.8/site-packages:/home/zhe/code/gy_ws/build/learning_node:/home/zhe/code/gy_ws/install/learning_node/lib/python3.8/site-packages:/home/zhe/code/gy_ws/build/learning_launch:/home/zhe/code/gy_ws/install/learning_launch/lib/python3.8/site-packages:/home/zhe/code/gy_ws/build/learning_action:/home/zhe/code/gy_ws/install/learning_action/lib/python3.8/site-packages:/home/zhe/code/gy_ws/install/learning_interface/lib/python3.8/site-packages:/home/zhe/code/gy_ws/build/learning_gazebo:/home/zhe/code/gy_ws/install/learning_gazebo/lib/python3.8/site-packages:/home/zhe/code/gy_ws/build/learning_cv:/home/zhe/code/gy_ws/install/learning_cv/lib/python3.8/site-packages:/opt/ros/galactic/lib/python3.8/site-packages /usr/bin/python3 setup.py egg_info --egg-base ../build/test_package build --build-base /home/zhe/code/soccer_b_ws/src/build/test_package/build install --record /home/zhe/code/soccer_b_ws/src/build/test_package/install.log --single-version-externally-managed
[6.184s] Level 1:colcon.colcon_core.environment:checking '/home/zhe/code/soccer_b_ws/src/install/test_package' for CMake module files
[6.184s] Level 1:colcon.colcon_core.environment:checking '/home/zhe/code/soccer_b_ws/src/install/test_package' for CMake config files
[6.184s] Level 1:colcon.colcon_core.environment:checking '/home/zhe/code/soccer_b_ws/src/install/test_package/lib'
[6.184s] Level 1:colcon.colcon_core.environment:checking '/home/zhe/code/soccer_b_ws/src/install/test_package/bin'
[6.184s] Level 1:colcon.colcon_core.environment:checking '/home/zhe/code/soccer_b_ws/src/install/test_package/lib/pkgconfig/test_package.pc'
[6.185s] Level 1:colcon.colcon_core.environment:checking '/home/zhe/code/soccer_b_ws/src/install/test_package/lib/python3.8/site-packages'
[6.185s] Level 1:colcon.colcon_core.shell:create_environment_hook('test_package', 'pythonpath')
[6.206s] INFO:colcon.colcon_core.shell:Creating environment hook '/home/zhe/code/soccer_b_ws/src/install/test_package/share/test_package/hook/pythonpath.ps1'
[6.206s] INFO:colcon.colcon_core.shell:Creating environment descriptor '/home/zhe/code/soccer_b_ws/src/install/test_package/share/test_package/hook/pythonpath.dsv'
[6.206s] INFO:colcon.colcon_core.shell:Creating environment hook '/home/zhe/code/soccer_b_ws/src/install/test_package/share/test_package/hook/pythonpath.sh'
[6.206s] Level 1:colcon.colcon_core.environment:checking '/home/zhe/code/soccer_b_ws/src/install/test_package/bin'
[6.206s] Level 1:colcon.colcon_core.environment:create_environment_scripts_only(test_package)
[6.227s] INFO:colcon.colcon_core.shell:Creating package script '/home/zhe/code/soccer_b_ws/src/install/test_package/share/test_package/package.ps1'
[6.227s] INFO:colcon.colcon_core.shell:Creating package descriptor '/home/zhe/code/soccer_b_ws/src/install/test_package/share/test_package/package.dsv'
[6.227s] INFO:colcon.colcon_core.shell:Creating package script '/home/zhe/code/soccer_b_ws/src/install/test_package/share/test_package/package.sh'
[6.228s] INFO:colcon.colcon_core.shell:Creating package script '/home/zhe/code/soccer_b_ws/src/install/test_package/share/test_package/package.bash'
[6.228s] INFO:colcon.colcon_core.shell:Creating package script '/home/zhe/code/soccer_b_ws/src/install/test_package/share/test_package/package.zsh'
[6.228s] Level 1:colcon.colcon_core.environment:create_file_with_runtime_dependencies(/home/zhe/code/soccer_b_ws/src/install/test_package/share/colcon-core/packages/test_package)
[6.228s] DEBUG:colcon.colcon_parallel_executor.executor.parallel:closing loop
[6.228s] DEBUG:colcon.colcon_parallel_executor.executor.parallel:loop closed
[6.228s] DEBUG:colcon.colcon_parallel_executor.executor.parallel:run_until_complete finished with '0'
[6.228s] DEBUG:colcon.colcon_core.event_reactor:joining thread
[6.255s] INFO:colcon.colcon_core.plugin_system:Skipping extension 'colcon_notification.desktop_notification.terminal_notifier': Not used on non-Darwin systems
[6.255s] INFO:colcon.colcon_core.plugin_system:Skipping extension 'colcon_notification.desktop_notification.win32': Not used on non-Windows systems
[6.255s] INFO:colcon.colcon_notification.desktop_notification:Sending desktop notification using 'notify2'
[6.263s] DEBUG:colcon.colcon_core.event_reactor:joined thread
[6.286s] INFO:colcon.colcon_core.shell:Creating prefix script '/home/zhe/code/soccer_b_ws/src/install/local_setup.ps1'
[6.287s] INFO:colcon.colcon_core.shell:Creating prefix util module '/home/zhe/code/soccer_b_ws/src/install/_local_setup_util_ps1.py'
[6.288s] INFO:colcon.colcon_core.shell:Creating prefix chain script '/home/zhe/code/soccer_b_ws/src/install/setup.ps1'
[6.312s] INFO:colcon.colcon_core.shell:Creating prefix script '/home/zhe/code/soccer_b_ws/src/install/local_setup.sh'
[6.312s] INFO:colcon.colcon_core.shell:Creating prefix util module '/home/zhe/code/soccer_b_ws/src/install/_local_setup_util_sh.py'
[6.313s] INFO:colcon.colcon_core.shell:Creating prefix chain script '/home/zhe/code/soccer_b_ws/src/install/setup.sh'
[6.336s] INFO:colcon.colcon_core.shell:Creating prefix script '/home/zhe/code/soccer_b_ws/src/install/local_setup.bash'
[6.336s] INFO:colcon.colcon_core.shell:Creating prefix chain script '/home/zhe/code/soccer_b_ws/src/install/setup.bash'
[6.359s] INFO:colcon.colcon_core.shell:Creating prefix script '/home/zhe/code/soccer_b_ws/src/install/local_setup.zsh'
[6.359s] INFO:colcon.colcon_core.shell:Creating prefix chain script '/home/zhe/code/soccer_b_ws/src/install/setup.zsh'
