running develop
Removing /home/zhe/code/soccer_b_ws/src/install/motion_capture/lib/python3.8/site-packages/motion-capture.egg-link (link to .)
running egg_info
writing ../build/motion_capture/motion_capture.egg-info/PKG-INFO
writing dependency_links to ../build/motion_capture/motion_capture.egg-info/dependency_links.txt
writing entry points to ../build/motion_capture/motion_capture.egg-info/entry_points.txt
writing requirements to ../build/motion_capture/motion_capture.egg-info/requires.txt
writing top-level names to ../build/motion_capture/motion_capture.egg-info/top_level.txt
reading manifest file '../build/motion_capture/motion_capture.egg-info/SOURCES.txt'
writing manifest file '../build/motion_capture/motion_capture.egg-info/SOURCES.txt'
running build
running build_py
running install
running install_lib
creating /home/zhe/code/soccer_b_ws/src/install/motion_capture/lib/python3.8/site-packages/motion_capture
copying /home/zhe/code/soccer_b_ws/src/build/motion_capture/build/lib/motion_capture/motion_capture.py -> /home/zhe/code/soccer_b_ws/src/install/motion_capture/lib/python3.8/site-packages/motion_capture
copying /home/zhe/code/soccer_b_ws/src/build/motion_capture/build/lib/motion_capture/__init__.py -> /home/zhe/code/soccer_b_ws/src/install/motion_capture/lib/python3.8/site-packages/motion_capture
byte-compiling /home/zhe/code/soccer_b_ws/src/install/motion_capture/lib/python3.8/site-packages/motion_capture/motion_capture.py to motion_capture.cpython-38.pyc
byte-compiling /home/zhe/code/soccer_b_ws/src/install/motion_capture/lib/python3.8/site-packages/motion_capture/__init__.py to __init__.cpython-38.pyc
running install_data
running install_egg_info
Copying ../build/motion_capture/motion_capture.egg-info to /home/zhe/code/soccer_b_ws/src/install/motion_capture/lib/python3.8/site-packages/motion_capture-0.0.0-py3.8.egg-info
running install_scripts
Installing motion_capture script to /home/zhe/code/soccer_b_ws/src/install/motion_capture/lib/motion_capture
writing list of installed files to '/home/zhe/code/soccer_b_ws/src/build/motion_capture/install.log'
