[1.226s] DEBUG:colcon:Command line arguments: ['/usr/bin/colcon', 'build', '--symlink-install']
[1.226s] DEBUG:colcon:Parsed command line arguments: Namespace(allow_overriding=[], ament_cmake_args=None, base_paths=['.'], build_base='build', catkin_cmake_args=None, catkin_skip_building_tests=False, cmake_args=None, cmake_clean_cache=False, cmake_clean_first=False, cmake_force_configure=False, cmake_target=None, cmake_target_skip_unavailable=False, continue_on_error=False, event_handlers=None, executor='parallel', ignore_user_meta=False, install_base='install', log_base=None, log_level=None, main=<bound method BuildVerb.main of <colcon_core.verb.build.BuildVerb object at 0x7f8d93173af0>>, merge_install=False, metas=['./colcon.meta'], packages_above=None, packages_above_and_dependencies=None, packages_above_depth=None, packages_end=None, packages_ignore=None, packages_ignore_regex=None, packages_select=None, packages_select_build_failed=False, packages_select_by_dep=None, packages_select_regex=None, packages_select_test_failures=False, packages_skip=None, packages_skip_build_finished=False, packages_skip_by_dep=None, packages_skip_regex=None, packages_skip_test_passed=False, packages_skip_up_to=None, packages_start=None, packages_up_to=None, packages_up_to_regex=None, parallel_workers=12, paths=None, symlink_install=True, test_result_base=None, verb_extension=<colcon_core.verb.build.BuildVerb object at 0x7f8d93173af0>, verb_name='build', verb_parser=<colcon_defaults.argument_parser.defaults.DefaultArgumentsDecorator object at 0x7f8d93169e50>)
[1.282s] Level 1:colcon.colcon_core.package_discovery:discover_packages(colcon_meta) check parameters
[1.282s] Level 1:colcon.colcon_core.package_discovery:discover_packages(recursive) check parameters
[1.283s] Level 1:colcon.colcon_core.package_discovery:discover_packages(ignore) check parameters
[1.283s] Level 1:colcon.colcon_core.package_discovery:discover_packages(path) check parameters
[1.283s] Level 1:colcon.colcon_core.package_discovery:discover_packages(colcon_meta) discover
[1.283s] Level 1:colcon.colcon_core.package_discovery:discover_packages(recursive) discover
[1.283s] INFO:colcon.colcon_core.package_discovery:Crawling recursively for packages in '/home/zhe/code/soccer_b_ws'
[1.283s] Level 1:colcon.colcon_core.package_identification:_identify(.) by extensions ['ignore', 'ignore_ament_install']
[1.283s] Level 1:colcon.colcon_core.package_identification:_identify(.) by extension 'ignore'
[1.283s] Level 1:colcon.colcon_core.package_identification:_identify(.) by extension 'ignore_ament_install'
[1.283s] Level 1:colcon.colcon_core.package_identification:_identify(.) by extensions ['colcon_pkg']
[1.283s] Level 1:colcon.colcon_core.package_identification:_identify(.) by extension 'colcon_pkg'
[1.283s] Level 1:colcon.colcon_core.package_identification:_identify(.) by extensions ['colcon_meta']
[1.283s] Level 1:colcon.colcon_core.package_identification:_identify(.) by extension 'colcon_meta'
[1.283s] Level 1:colcon.colcon_core.package_identification:_identify(.) by extensions ['ros']
[1.283s] Level 1:colcon.colcon_core.package_identification:_identify(.) by extension 'ros'
[1.289s] Level 1:colcon.colcon_core.package_identification:_identify(.) by extensions ['cmake', 'python']
[1.289s] Level 1:colcon.colcon_core.package_identification:_identify(.) by extension 'cmake'
[1.289s] Level 1:colcon.colcon_core.package_identification:_identify(.) by extension 'python'
[1.289s] Level 1:colcon.colcon_core.package_identification:_identify(.) by extensions ['python_setup_py']
[1.289s] Level 1:colcon.colcon_core.package_identification:_identify(.) by extension 'python_setup_py'
[1.289s] Level 1:colcon.colcon_core.package_identification:_identify(build) by extensions ['ignore', 'ignore_ament_install']
[1.289s] Level 1:colcon.colcon_core.package_identification:_identify(build) by extension 'ignore'
[1.289s] Level 1:colcon.colcon_core.package_identification:_identify(build) ignored
[1.289s] Level 1:colcon.colcon_core.package_identification:_identify(install) by extensions ['ignore', 'ignore_ament_install']
[1.289s] Level 1:colcon.colcon_core.package_identification:_identify(install) by extension 'ignore'
[1.289s] Level 1:colcon.colcon_core.package_identification:_identify(install) ignored
[1.289s] Level 1:colcon.colcon_core.package_identification:_identify(log) by extensions ['ignore', 'ignore_ament_install']
[1.289s] Level 1:colcon.colcon_core.package_identification:_identify(log) by extension 'ignore'
[1.289s] Level 1:colcon.colcon_core.package_identification:_identify(log) ignored
[1.290s] Level 1:colcon.colcon_core.package_identification:_identify(src) by extensions ['ignore', 'ignore_ament_install']
[1.290s] Level 1:colcon.colcon_core.package_identification:_identify(src) by extension 'ignore'
[1.290s] Level 1:colcon.colcon_core.package_identification:_identify(src) by extension 'ignore_ament_install'
[1.290s] Level 1:colcon.colcon_core.package_identification:_identify(src) by extensions ['colcon_pkg']
[1.290s] Level 1:colcon.colcon_core.package_identification:_identify(src) by extension 'colcon_pkg'
[1.290s] Level 1:colcon.colcon_core.package_identification:_identify(src) by extensions ['colcon_meta']
[1.290s] Level 1:colcon.colcon_core.package_identification:_identify(src) by extension 'colcon_meta'
[1.290s] Level 1:colcon.colcon_core.package_identification:_identify(src) by extensions ['ros']
[1.290s] Level 1:colcon.colcon_core.package_identification:_identify(src) by extension 'ros'
[1.290s] Level 1:colcon.colcon_core.package_identification:_identify(src) by extensions ['cmake', 'python']
[1.290s] Level 1:colcon.colcon_core.package_identification:_identify(src) by extension 'cmake'
[1.290s] Level 1:colcon.colcon_core.package_identification:_identify(src) by extension 'python'
[1.290s] Level 1:colcon.colcon_core.package_identification:_identify(src) by extensions ['python_setup_py']
[1.290s] Level 1:colcon.colcon_core.package_identification:_identify(src) by extension 'python_setup_py'
[1.290s] Level 1:colcon.colcon_core.package_identification:_identify(src/build) by extensions ['ignore', 'ignore_ament_install']
[1.290s] Level 1:colcon.colcon_core.package_identification:_identify(src/build) by extension 'ignore'
[1.290s] Level 1:colcon.colcon_core.package_identification:_identify(src/build) ignored
[1.290s] Level 1:colcon.colcon_core.package_identification:_identify(src/install) by extensions ['ignore', 'ignore_ament_install']
[1.290s] Level 1:colcon.colcon_core.package_identification:_identify(src/install) by extension 'ignore'
[1.290s] Level 1:colcon.colcon_core.package_identification:_identify(src/install) ignored
[1.290s] Level 1:colcon.colcon_core.package_identification:_identify(src/log) by extensions ['ignore', 'ignore_ament_install']
[1.290s] Level 1:colcon.colcon_core.package_identification:_identify(src/log) by extension 'ignore'
[1.290s] Level 1:colcon.colcon_core.package_identification:_identify(src/log) ignored
[1.290s] Level 1:colcon.colcon_core.package_identification:_identify(src/motion_capture) by extensions ['ignore', 'ignore_ament_install']
[1.290s] Level 1:colcon.colcon_core.package_identification:_identify(src/motion_capture) by extension 'ignore'
[1.291s] Level 1:colcon.colcon_core.package_identification:_identify(src/motion_capture) by extension 'ignore_ament_install'
[1.291s] Level 1:colcon.colcon_core.package_identification:_identify(src/motion_capture) by extensions ['colcon_pkg']
[1.291s] Level 1:colcon.colcon_core.package_identification:_identify(src/motion_capture) by extension 'colcon_pkg'
[1.291s] Level 1:colcon.colcon_core.package_identification:_identify(src/motion_capture) by extensions ['colcon_meta']
[1.291s] Level 1:colcon.colcon_core.package_identification:_identify(src/motion_capture) by extension 'colcon_meta'
[1.291s] Level 1:colcon.colcon_core.package_identification:_identify(src/motion_capture) by extensions ['ros']
[1.291s] Level 1:colcon.colcon_core.package_identification:_identify(src/motion_capture) by extension 'ros'
[1.292s] DEBUG:colcon.colcon_core.package_identification:Package 'src/motion_capture' with type 'ros.ament_python' and name 'motion_capture'
[1.292s] Level 1:colcon.colcon_core.package_identification:_identify(src/rm_control) by extensions ['ignore', 'ignore_ament_install']
[1.292s] Level 1:colcon.colcon_core.package_identification:_identify(src/rm_control) by extension 'ignore'
[1.292s] Level 1:colcon.colcon_core.package_identification:_identify(src/rm_control) by extension 'ignore_ament_install'
[1.292s] Level 1:colcon.colcon_core.package_identification:_identify(src/rm_control) by extensions ['colcon_pkg']
[1.292s] Level 1:colcon.colcon_core.package_identification:_identify(src/rm_control) by extension 'colcon_pkg'
[1.292s] Level 1:colcon.colcon_core.package_identification:_identify(src/rm_control) by extensions ['colcon_meta']
[1.292s] Level 1:colcon.colcon_core.package_identification:_identify(src/rm_control) by extension 'colcon_meta'
[1.292s] Level 1:colcon.colcon_core.package_identification:_identify(src/rm_control) by extensions ['ros']
[1.292s] Level 1:colcon.colcon_core.package_identification:_identify(src/rm_control) by extension 'ros'
[1.293s] DEBUG:colcon.colcon_core.package_identification:Package 'src/rm_control' with type 'ros.ament_python' and name 'rm_control'
[1.293s] Level 1:colcon.colcon_core.package_identification:_identify(src/ros2_interfaces) by extensions ['ignore', 'ignore_ament_install']
[1.293s] Level 1:colcon.colcon_core.package_identification:_identify(src/ros2_interfaces) by extension 'ignore'
[1.293s] Level 1:colcon.colcon_core.package_identification:_identify(src/ros2_interfaces) by extension 'ignore_ament_install'
[1.293s] Level 1:colcon.colcon_core.package_identification:_identify(src/ros2_interfaces) by extensions ['colcon_pkg']
[1.293s] Level 1:colcon.colcon_core.package_identification:_identify(src/ros2_interfaces) by extension 'colcon_pkg'
[1.293s] Level 1:colcon.colcon_core.package_identification:_identify(src/ros2_interfaces) by extensions ['colcon_meta']
[1.293s] Level 1:colcon.colcon_core.package_identification:_identify(src/ros2_interfaces) by extension 'colcon_meta'
[1.293s] Level 1:colcon.colcon_core.package_identification:_identify(src/ros2_interfaces) by extensions ['ros']
[1.293s] Level 1:colcon.colcon_core.package_identification:_identify(src/ros2_interfaces) by extension 'ros'
[1.293s] DEBUG:colcon.colcon_core.package_identification:Package 'src/ros2_interfaces' with type 'ros.ament_cmake' and name 'ros2_interfaces'
[1.294s] Level 1:colcon.colcon_core.package_identification:_identify(src/test_package) by extensions ['ignore', 'ignore_ament_install']
[1.294s] Level 1:colcon.colcon_core.package_identification:_identify(src/test_package) by extension 'ignore'
[1.294s] Level 1:colcon.colcon_core.package_identification:_identify(src/test_package) by extension 'ignore_ament_install'
[1.294s] Level 1:colcon.colcon_core.package_identification:_identify(src/test_package) by extensions ['colcon_pkg']
[1.294s] Level 1:colcon.colcon_core.package_identification:_identify(src/test_package) by extension 'colcon_pkg'
[1.294s] Level 1:colcon.colcon_core.package_identification:_identify(src/test_package) by extensions ['colcon_meta']
[1.294s] Level 1:colcon.colcon_core.package_identification:_identify(src/test_package) by extension 'colcon_meta'
[1.294s] Level 1:colcon.colcon_core.package_identification:_identify(src/test_package) by extensions ['ros']
[1.294s] Level 1:colcon.colcon_core.package_identification:_identify(src/test_package) by extension 'ros'
[1.294s] DEBUG:colcon.colcon_core.package_identification:Package 'src/test_package' with type 'ros.ament_python' and name 'test_package'
[1.294s] Level 1:colcon.colcon_core.package_identification:_identify(src/vision_test) by extensions ['ignore', 'ignore_ament_install']
[1.294s] Level 1:colcon.colcon_core.package_identification:_identify(src/vision_test) by extension 'ignore'
[1.294s] Level 1:colcon.colcon_core.package_identification:_identify(src/vision_test) by extension 'ignore_ament_install'
[1.294s] Level 1:colcon.colcon_core.package_identification:_identify(src/vision_test) by extensions ['colcon_pkg']
[1.294s] Level 1:colcon.colcon_core.package_identification:_identify(src/vision_test) by extension 'colcon_pkg'
[1.294s] Level 1:colcon.colcon_core.package_identification:_identify(src/vision_test) by extensions ['colcon_meta']
[1.294s] Level 1:colcon.colcon_core.package_identification:_identify(src/vision_test) by extension 'colcon_meta'
[1.294s] Level 1:colcon.colcon_core.package_identification:_identify(src/vision_test) by extensions ['ros']
[1.294s] Level 1:colcon.colcon_core.package_identification:_identify(src/vision_test) by extension 'ros'
[1.295s] DEBUG:colcon.colcon_core.package_identification:Package 'src/vision_test' with type 'ros.ament_python' and name 'vision_test'
[1.295s] Level 1:colcon.colcon_core.package_discovery:discover_packages(recursive) using defaults
[1.295s] Level 1:colcon.colcon_core.package_discovery:discover_packages(ignore) discover
[1.295s] Level 1:colcon.colcon_core.package_discovery:discover_packages(ignore) using defaults
[1.295s] Level 1:colcon.colcon_core.package_discovery:discover_packages(path) discover
[1.295s] Level 1:colcon.colcon_core.package_discovery:discover_packages(path) using defaults
[1.414s] Level 1:colcon.colcon_core.package_discovery:discover_packages(prefix_path) check parameters
[1.414s] Level 1:colcon.colcon_core.package_discovery:discover_packages(prefix_path) discover
[1.458s] DEBUG:colcon.colcon_installed_package_information.package_discovery:Found 5 installed packages in /home/zhe/code/soccer_b_ws/install
[1.483s] DEBUG:colcon.colcon_installed_package_information.package_discovery:Found 2 installed packages in /home/zhe/code/ffmpeg_msg/install
[1.504s] DEBUG:colcon.colcon_installed_package_information.package_discovery:Found 14 installed packages in /home/zhe/code/gy_ws/install
[1.525s] DEBUG:colcon.colcon_installed_package_information.package_discovery:Found 3 installed packages in /home/zhe/code/rm_ws/install
[1.545s] DEBUG:colcon.colcon_installed_package_information.package_discovery:Found 2 installed packages in /home/zhe/code/ffmpeg/install
[1.566s] DEBUG:colcon.colcon_installed_package_information.package_discovery:Found 1 installed packages in /home/zhe/code/tf2tut/install
[1.587s] DEBUG:colcon.colcon_installed_package_information.package_discovery:Found 312 installed packages in /opt/ros/galactic
[1.588s] Level 1:colcon.colcon_core.package_discovery:discover_packages(prefix_path) using defaults
[1.670s] Level 5:colcon.colcon_core.verb:set package 'ros2_interfaces' build argument 'cmake_args' from command line to 'None'
[1.670s] Level 5:colcon.colcon_core.verb:set package 'ros2_interfaces' build argument 'cmake_target' from command line to 'None'
[1.670s] Level 5:colcon.colcon_core.verb:set package 'ros2_interfaces' build argument 'cmake_target_skip_unavailable' from command line to 'False'
[1.670s] Level 5:colcon.colcon_core.verb:set package 'ros2_interfaces' build argument 'cmake_clean_cache' from command line to 'False'
[1.670s] Level 5:colcon.colcon_core.verb:set package 'ros2_interfaces' build argument 'cmake_clean_first' from command line to 'False'
[1.670s] Level 5:colcon.colcon_core.verb:set package 'ros2_interfaces' build argument 'cmake_force_configure' from command line to 'False'
[1.670s] Level 5:colcon.colcon_core.verb:set package 'ros2_interfaces' build argument 'ament_cmake_args' from command line to 'None'
[1.670s] Level 5:colcon.colcon_core.verb:set package 'ros2_interfaces' build argument 'catkin_cmake_args' from command line to 'None'
[1.670s] Level 5:colcon.colcon_core.verb:set package 'ros2_interfaces' build argument 'catkin_skip_building_tests' from command line to 'False'
[1.670s] DEBUG:colcon.colcon_core.verb:Building package 'ros2_interfaces' with the following arguments: {'ament_cmake_args': None, 'build_base': '/home/zhe/code/soccer_b_ws/build/ros2_interfaces', 'catkin_cmake_args': None, 'catkin_skip_building_tests': False, 'cmake_args': None, 'cmake_clean_cache': False, 'cmake_clean_first': False, 'cmake_force_configure': False, 'cmake_target': None, 'cmake_target_skip_unavailable': False, 'install_base': '/home/zhe/code/soccer_b_ws/install/ros2_interfaces', 'merge_install': False, 'path': '/home/zhe/code/soccer_b_ws/src/ros2_interfaces', 'symlink_install': True, 'test_result_base': None}
[1.695s] Level 5:colcon.colcon_core.verb:set package 'vision_test' build argument 'cmake_args' from command line to 'None'
[1.695s] Level 5:colcon.colcon_core.verb:set package 'vision_test' build argument 'cmake_target' from command line to 'None'
[1.695s] Level 5:colcon.colcon_core.verb:set package 'vision_test' build argument 'cmake_target_skip_unavailable' from command line to 'False'
[1.695s] Level 5:colcon.colcon_core.verb:set package 'vision_test' build argument 'cmake_clean_cache' from command line to 'False'
[1.695s] Level 5:colcon.colcon_core.verb:set package 'vision_test' build argument 'cmake_clean_first' from command line to 'False'
[1.695s] Level 5:colcon.colcon_core.verb:set package 'vision_test' build argument 'cmake_force_configure' from command line to 'False'
[1.695s] Level 5:colcon.colcon_core.verb:set package 'vision_test' build argument 'ament_cmake_args' from command line to 'None'
[1.695s] Level 5:colcon.colcon_core.verb:set package 'vision_test' build argument 'catkin_cmake_args' from command line to 'None'
[1.695s] Level 5:colcon.colcon_core.verb:set package 'vision_test' build argument 'catkin_skip_building_tests' from command line to 'False'
[1.695s] DEBUG:colcon.colcon_core.verb:Building package 'vision_test' with the following arguments: {'ament_cmake_args': None, 'build_base': '/home/zhe/code/soccer_b_ws/build/vision_test', 'catkin_cmake_args': None, 'catkin_skip_building_tests': False, 'cmake_args': None, 'cmake_clean_cache': False, 'cmake_clean_first': False, 'cmake_force_configure': False, 'cmake_target': None, 'cmake_target_skip_unavailable': False, 'install_base': '/home/zhe/code/soccer_b_ws/install/vision_test', 'merge_install': False, 'path': '/home/zhe/code/soccer_b_ws/src/vision_test', 'symlink_install': True, 'test_result_base': None}
[1.716s] Level 5:colcon.colcon_core.verb:set package 'motion_capture' build argument 'cmake_args' from command line to 'None'
[1.716s] Level 5:colcon.colcon_core.verb:set package 'motion_capture' build argument 'cmake_target' from command line to 'None'
[1.716s] Level 5:colcon.colcon_core.verb:set package 'motion_capture' build argument 'cmake_target_skip_unavailable' from command line to 'False'
[1.716s] Level 5:colcon.colcon_core.verb:set package 'motion_capture' build argument 'cmake_clean_cache' from command line to 'False'
[1.716s] Level 5:colcon.colcon_core.verb:set package 'motion_capture' build argument 'cmake_clean_first' from command line to 'False'
[1.716s] Level 5:colcon.colcon_core.verb:set package 'motion_capture' build argument 'cmake_force_configure' from command line to 'False'
[1.716s] Level 5:colcon.colcon_core.verb:set package 'motion_capture' build argument 'ament_cmake_args' from command line to 'None'
[1.716s] Level 5:colcon.colcon_core.verb:set package 'motion_capture' build argument 'catkin_cmake_args' from command line to 'None'
[1.716s] Level 5:colcon.colcon_core.verb:set package 'motion_capture' build argument 'catkin_skip_building_tests' from command line to 'False'
[1.716s] DEBUG:colcon.colcon_core.verb:Building package 'motion_capture' with the following arguments: {'ament_cmake_args': None, 'build_base': '/home/zhe/code/soccer_b_ws/build/motion_capture', 'catkin_cmake_args': None, 'catkin_skip_building_tests': False, 'cmake_args': None, 'cmake_clean_cache': False, 'cmake_clean_first': False, 'cmake_force_configure': False, 'cmake_target': None, 'cmake_target_skip_unavailable': False, 'install_base': '/home/zhe/code/soccer_b_ws/install/motion_capture', 'merge_install': False, 'path': '/home/zhe/code/soccer_b_ws/src/motion_capture', 'symlink_install': True, 'test_result_base': None}
[1.737s] Level 5:colcon.colcon_core.verb:set package 'rm_control' build argument 'cmake_args' from command line to 'None'
[1.737s] Level 5:colcon.colcon_core.verb:set package 'rm_control' build argument 'cmake_target' from command line to 'None'
[1.737s] Level 5:colcon.colcon_core.verb:set package 'rm_control' build argument 'cmake_target_skip_unavailable' from command line to 'False'
[1.737s] Level 5:colcon.colcon_core.verb:set package 'rm_control' build argument 'cmake_clean_cache' from command line to 'False'
[1.737s] Level 5:colcon.colcon_core.verb:set package 'rm_control' build argument 'cmake_clean_first' from command line to 'False'
[1.737s] Level 5:colcon.colcon_core.verb:set package 'rm_control' build argument 'cmake_force_configure' from command line to 'False'
[1.737s] Level 5:colcon.colcon_core.verb:set package 'rm_control' build argument 'ament_cmake_args' from command line to 'None'
[1.737s] Level 5:colcon.colcon_core.verb:set package 'rm_control' build argument 'catkin_cmake_args' from command line to 'None'
[1.737s] Level 5:colcon.colcon_core.verb:set package 'rm_control' build argument 'catkin_skip_building_tests' from command line to 'False'
[1.737s] DEBUG:colcon.colcon_core.verb:Building package 'rm_control' with the following arguments: {'ament_cmake_args': None, 'build_base': '/home/zhe/code/soccer_b_ws/build/rm_control', 'catkin_cmake_args': None, 'catkin_skip_building_tests': False, 'cmake_args': None, 'cmake_clean_cache': False, 'cmake_clean_first': False, 'cmake_force_configure': False, 'cmake_target': None, 'cmake_target_skip_unavailable': False, 'install_base': '/home/zhe/code/soccer_b_ws/install/rm_control', 'merge_install': False, 'path': '/home/zhe/code/soccer_b_ws/src/rm_control', 'symlink_install': True, 'test_result_base': None}
[1.757s] Level 5:colcon.colcon_core.verb:set package 'test_package' build argument 'cmake_args' from command line to 'None'
[1.757s] Level 5:colcon.colcon_core.verb:set package 'test_package' build argument 'cmake_target' from command line to 'None'
[1.757s] Level 5:colcon.colcon_core.verb:set package 'test_package' build argument 'cmake_target_skip_unavailable' from command line to 'False'
[1.757s] Level 5:colcon.colcon_core.verb:set package 'test_package' build argument 'cmake_clean_cache' from command line to 'False'
[1.757s] Level 5:colcon.colcon_core.verb:set package 'test_package' build argument 'cmake_clean_first' from command line to 'False'
[1.757s] Level 5:colcon.colcon_core.verb:set package 'test_package' build argument 'cmake_force_configure' from command line to 'False'
[1.757s] Level 5:colcon.colcon_core.verb:set package 'test_package' build argument 'ament_cmake_args' from command line to 'None'
[1.757s] Level 5:colcon.colcon_core.verb:set package 'test_package' build argument 'catkin_cmake_args' from command line to 'None'
[1.757s] Level 5:colcon.colcon_core.verb:set package 'test_package' build argument 'catkin_skip_building_tests' from command line to 'False'
[1.757s] DEBUG:colcon.colcon_core.verb:Building package 'test_package' with the following arguments: {'ament_cmake_args': None, 'build_base': '/home/zhe/code/soccer_b_ws/build/test_package', 'catkin_cmake_args': None, 'catkin_skip_building_tests': False, 'cmake_args': None, 'cmake_clean_cache': False, 'cmake_clean_first': False, 'cmake_force_configure': False, 'cmake_target': None, 'cmake_target_skip_unavailable': False, 'install_base': '/home/zhe/code/soccer_b_ws/install/test_package', 'merge_install': False, 'path': '/home/zhe/code/soccer_b_ws/src/test_package', 'symlink_install': True, 'test_result_base': None}
[1.778s] INFO:colcon.colcon_core.executor:Executing jobs using 'parallel' executor
[1.798s] DEBUG:colcon.colcon_parallel_executor.executor.parallel:run_until_complete
[1.798s] INFO:colcon.colcon_ros.task.ament_cmake.build:Building ROS package in '/home/zhe/code/soccer_b_ws/src/ros2_interfaces' with build type 'ament_cmake'
[1.799s] INFO:colcon.colcon_cmake.task.cmake.build:Building CMake package in '/home/zhe/code/soccer_b_ws/src/ros2_interfaces'
[1.829s] INFO:colcon.colcon_core.plugin_system:Skipping extension 'colcon_core.shell.bat': Not used on non-Windows systems
[1.829s] INFO:colcon.colcon_core.shell:Skip shell extension 'powershell' for command environment: Not usable outside of PowerShell
[1.829s] DEBUG:colcon.colcon_core.shell:Skip shell extension 'dsv' for command environment
[2.008s] INFO:colcon.colcon_ros.task.ament_python.build:Building ROS package in '/home/zhe/code/soccer_b_ws/src/vision_test' with build type 'ament_python'
[2.008s] Level 1:colcon.colcon_core.shell:create_environment_hook('vision_test', 'ament_prefix_path')
[2.031s] INFO:colcon.colcon_core.shell:Creating environment hook '/home/zhe/code/soccer_b_ws/install/vision_test/share/vision_test/hook/ament_prefix_path.ps1'
[2.031s] INFO:colcon.colcon_core.shell:Creating environment descriptor '/home/zhe/code/soccer_b_ws/install/vision_test/share/vision_test/hook/ament_prefix_path.dsv'
[2.031s] INFO:colcon.colcon_core.shell:Creating environment hook '/home/zhe/code/soccer_b_ws/install/vision_test/share/vision_test/hook/ament_prefix_path.sh'
[2.053s] INFO:colcon.colcon_core.shell:Skip shell extension 'powershell' for command environment: Not usable outside of PowerShell
[2.053s] DEBUG:colcon.colcon_core.shell:Skip shell extension 'dsv' for command environment
[2.228s] DEBUG:colcon.colcon_core.event_handler.log_command:Invoking command in '/home/zhe/code/soccer_b_ws/build/ros2_interfaces': CMAKE_PREFIX_PATH=${CMAKE_PREFIX_PATH}:/home/zhe/code/soccer_b_ws/install/vision_test:/home/zhe/code/soccer_b_ws/install/test_package:/home/zhe/code/soccer_b_ws/install/rm_control:/home/zhe/code/soccer_b_ws/install/motion_capture:/home/zhe/code/tf2tut/install/learning_tf2_py:/home/zhe/code/rm_ws/install/robomaster_ros:/home/zhe/code/gy_ws/install/learning_urdf:/home/zhe/code/gy_ws/install/learning_topic:/home/zhe/code/gy_ws/install/learning_tf:/home/zhe/code/gy_ws/install/learning_service:/home/zhe/code/gy_ws/install/learning_qos:/home/zhe/code/gy_ws/install/learning_pkg_python:/home/zhe/code/gy_ws/install/learning_parameter:/home/zhe/code/gy_ws/install/learning_node:/home/zhe/code/gy_ws/install/learning_launch:/home/zhe/code/gy_ws/install/learning_action:/home/zhe/code/gy_ws/install/learning_gazebo:/home/zhe/code/gy_ws/install/learning_cv:/opt/ros/galactic /usr/bin/cmake --build /home/zhe/code/soccer_b_ws/build/ros2_interfaces -- -j12 -l12
[2.395s] INFO:colcon.colcon_core.task.python.build:Building Python package in '/home/zhe/code/soccer_b_ws/src/vision_test'
[2.423s] INFO:colcon.colcon_core.shell:Skip shell extension 'powershell' for command environment: Not usable outside of PowerShell
[2.423s] DEBUG:colcon.colcon_core.shell:Skip shell extension 'dsv' for command environment
[2.598s] DEBUG:colcon.colcon_core.event_handler.log_command:Invoked command in '/home/zhe/code/soccer_b_ws/build/ros2_interfaces' returned '0': CMAKE_PREFIX_PATH=${CMAKE_PREFIX_PATH}:/home/zhe/code/soccer_b_ws/install/vision_test:/home/zhe/code/soccer_b_ws/install/test_package:/home/zhe/code/soccer_b_ws/install/rm_control:/home/zhe/code/soccer_b_ws/install/motion_capture:/home/zhe/code/tf2tut/install/learning_tf2_py:/home/zhe/code/rm_ws/install/robomaster_ros:/home/zhe/code/gy_ws/install/learning_urdf:/home/zhe/code/gy_ws/install/learning_topic:/home/zhe/code/gy_ws/install/learning_tf:/home/zhe/code/gy_ws/install/learning_service:/home/zhe/code/gy_ws/install/learning_qos:/home/zhe/code/gy_ws/install/learning_pkg_python:/home/zhe/code/gy_ws/install/learning_parameter:/home/zhe/code/gy_ws/install/learning_node:/home/zhe/code/gy_ws/install/learning_launch:/home/zhe/code/gy_ws/install/learning_action:/home/zhe/code/gy_ws/install/learning_gazebo:/home/zhe/code/gy_ws/install/learning_cv:/opt/ros/galactic /usr/bin/cmake --build /home/zhe/code/soccer_b_ws/build/ros2_interfaces -- -j12 -l12
[2.645s] DEBUG:colcon.colcon_core.event_handler.log_command:Invoking command in '/home/zhe/code/soccer_b_ws/build/ros2_interfaces': CMAKE_PREFIX_PATH=${CMAKE_PREFIX_PATH}:/home/zhe/code/soccer_b_ws/install/vision_test:/home/zhe/code/soccer_b_ws/install/test_package:/home/zhe/code/soccer_b_ws/install/rm_control:/home/zhe/code/soccer_b_ws/install/motion_capture:/home/zhe/code/tf2tut/install/learning_tf2_py:/home/zhe/code/rm_ws/install/robomaster_ros:/home/zhe/code/gy_ws/install/learning_urdf:/home/zhe/code/gy_ws/install/learning_topic:/home/zhe/code/gy_ws/install/learning_tf:/home/zhe/code/gy_ws/install/learning_service:/home/zhe/code/gy_ws/install/learning_qos:/home/zhe/code/gy_ws/install/learning_pkg_python:/home/zhe/code/gy_ws/install/learning_parameter:/home/zhe/code/gy_ws/install/learning_node:/home/zhe/code/gy_ws/install/learning_launch:/home/zhe/code/gy_ws/install/learning_action:/home/zhe/code/gy_ws/install/learning_gazebo:/home/zhe/code/gy_ws/install/learning_cv:/opt/ros/galactic /usr/bin/cmake --install /home/zhe/code/soccer_b_ws/build/ros2_interfaces
[2.703s] Level 1:colcon.colcon_core.environment:create_environment_scripts_only(ros2_interfaces)
[2.704s] DEBUG:colcon.colcon_core.event_handler.log_command:Invoked command in '/home/zhe/code/soccer_b_ws/build/ros2_interfaces' returned '0': CMAKE_PREFIX_PATH=${CMAKE_PREFIX_PATH}:/home/zhe/code/soccer_b_ws/install/vision_test:/home/zhe/code/soccer_b_ws/install/test_package:/home/zhe/code/soccer_b_ws/install/rm_control:/home/zhe/code/soccer_b_ws/install/motion_capture:/home/zhe/code/tf2tut/install/learning_tf2_py:/home/zhe/code/rm_ws/install/robomaster_ros:/home/zhe/code/gy_ws/install/learning_urdf:/home/zhe/code/gy_ws/install/learning_topic:/home/zhe/code/gy_ws/install/learning_tf:/home/zhe/code/gy_ws/install/learning_service:/home/zhe/code/gy_ws/install/learning_qos:/home/zhe/code/gy_ws/install/learning_pkg_python:/home/zhe/code/gy_ws/install/learning_parameter:/home/zhe/code/gy_ws/install/learning_node:/home/zhe/code/gy_ws/install/learning_launch:/home/zhe/code/gy_ws/install/learning_action:/home/zhe/code/gy_ws/install/learning_gazebo:/home/zhe/code/gy_ws/install/learning_cv:/opt/ros/galactic /usr/bin/cmake --install /home/zhe/code/soccer_b_ws/build/ros2_interfaces
[2.728s] Level 1:colcon.colcon_core.environment:checking '/home/zhe/code/soccer_b_ws/install/ros2_interfaces' for CMake module files
[2.728s] Level 1:colcon.colcon_core.environment:checking '/home/zhe/code/soccer_b_ws/install/ros2_interfaces' for CMake config files
[2.728s] Level 1:colcon.colcon_core.shell:create_environment_hook('ros2_interfaces', 'cmake_prefix_path')
[2.751s] INFO:colcon.colcon_core.shell:Creating environment hook '/home/zhe/code/soccer_b_ws/install/ros2_interfaces/share/ros2_interfaces/hook/cmake_prefix_path.ps1'
[2.752s] INFO:colcon.colcon_core.shell:Creating environment descriptor '/home/zhe/code/soccer_b_ws/install/ros2_interfaces/share/ros2_interfaces/hook/cmake_prefix_path.dsv'
[2.752s] INFO:colcon.colcon_core.shell:Creating environment hook '/home/zhe/code/soccer_b_ws/install/ros2_interfaces/share/ros2_interfaces/hook/cmake_prefix_path.sh'
[2.752s] Level 1:colcon.colcon_core.environment:checking '/home/zhe/code/soccer_b_ws/install/ros2_interfaces/lib'
[2.752s] Level 1:colcon.colcon_core.shell:create_environment_hook('ros2_interfaces', 'ld_library_path_lib')
[2.774s] INFO:colcon.colcon_core.shell:Creating environment hook '/home/zhe/code/soccer_b_ws/install/ros2_interfaces/share/ros2_interfaces/hook/ld_library_path_lib.ps1'
[2.775s] INFO:colcon.colcon_core.shell:Creating environment descriptor '/home/zhe/code/soccer_b_ws/install/ros2_interfaces/share/ros2_interfaces/hook/ld_library_path_lib.dsv'
[2.775s] INFO:colcon.colcon_core.shell:Creating environment hook '/home/zhe/code/soccer_b_ws/install/ros2_interfaces/share/ros2_interfaces/hook/ld_library_path_lib.sh'
[2.775s] Level 1:colcon.colcon_core.environment:checking '/home/zhe/code/soccer_b_ws/install/ros2_interfaces/bin'
[2.775s] Level 1:colcon.colcon_core.environment:checking '/home/zhe/code/soccer_b_ws/install/ros2_interfaces/lib/pkgconfig/ros2_interfaces.pc'
[2.775s] Level 1:colcon.colcon_core.environment:checking '/home/zhe/code/soccer_b_ws/install/ros2_interfaces/lib/python3.8/site-packages'
[2.775s] Level 1:colcon.colcon_core.shell:create_environment_hook('ros2_interfaces', 'pythonpath')
[2.797s] INFO:colcon.colcon_core.shell:Creating environment hook '/home/zhe/code/soccer_b_ws/install/ros2_interfaces/share/ros2_interfaces/hook/pythonpath.ps1'
[2.797s] INFO:colcon.colcon_core.shell:Creating environment descriptor '/home/zhe/code/soccer_b_ws/install/ros2_interfaces/share/ros2_interfaces/hook/pythonpath.dsv'
[2.797s] INFO:colcon.colcon_core.shell:Creating environment hook '/home/zhe/code/soccer_b_ws/install/ros2_interfaces/share/ros2_interfaces/hook/pythonpath.sh'
[2.798s] Level 1:colcon.colcon_core.environment:checking '/home/zhe/code/soccer_b_ws/install/ros2_interfaces/bin'
[2.821s] INFO:colcon.colcon_core.shell:Creating package script '/home/zhe/code/soccer_b_ws/install/ros2_interfaces/share/ros2_interfaces/package.ps1'
[2.821s] INFO:colcon.colcon_core.shell:Creating package descriptor '/home/zhe/code/soccer_b_ws/install/ros2_interfaces/share/ros2_interfaces/package.dsv'
[2.822s] INFO:colcon.colcon_core.shell:Creating package script '/home/zhe/code/soccer_b_ws/install/ros2_interfaces/share/ros2_interfaces/package.sh'
[2.822s] INFO:colcon.colcon_core.shell:Creating package script '/home/zhe/code/soccer_b_ws/install/ros2_interfaces/share/ros2_interfaces/package.bash'
[2.822s] INFO:colcon.colcon_core.shell:Creating package script '/home/zhe/code/soccer_b_ws/install/ros2_interfaces/share/ros2_interfaces/package.zsh'
[2.823s] Level 1:colcon.colcon_core.environment:create_file_with_runtime_dependencies(/home/zhe/code/soccer_b_ws/install/ros2_interfaces/share/colcon-core/packages/ros2_interfaces)
[2.833s] DEBUG:colcon.colcon_core.event_handler.log_command:Invoking command in '/home/zhe/code/soccer_b_ws/build/vision_test': PYTHONPATH=/home/zhe/code/soccer_b_ws/build/vision_test/prefix_override:/home/zhe/code/soccer_b_ws/install/vision_test/lib/python3.8/site-packages:${PYTHONPATH} /usr/bin/python3 setup.py develop --editable --build-directory /home/zhe/code/soccer_b_ws/build/vision_test/build --no-deps install_data
[2.890s] Level 1:colcon.colcon_core.environment:create_environment_scripts_only(ros2_interfaces)
[2.913s] Level 1:colcon.colcon_core.environment:checking '/home/zhe/code/soccer_b_ws/install/ros2_interfaces' for CMake module files
[2.914s] Level 1:colcon.colcon_core.environment:checking '/home/zhe/code/soccer_b_ws/install/ros2_interfaces' for CMake config files
[2.914s] Level 1:colcon.colcon_core.shell:create_environment_hook('ros2_interfaces', 'cmake_prefix_path')
[2.937s] INFO:colcon.colcon_core.shell:Creating environment hook '/home/zhe/code/soccer_b_ws/install/ros2_interfaces/share/ros2_interfaces/hook/cmake_prefix_path.ps1'
[2.937s] INFO:colcon.colcon_core.shell:Creating environment descriptor '/home/zhe/code/soccer_b_ws/install/ros2_interfaces/share/ros2_interfaces/hook/cmake_prefix_path.dsv'
[2.937s] INFO:colcon.colcon_core.shell:Creating environment hook '/home/zhe/code/soccer_b_ws/install/ros2_interfaces/share/ros2_interfaces/hook/cmake_prefix_path.sh'
[2.937s] Level 1:colcon.colcon_core.environment:checking '/home/zhe/code/soccer_b_ws/install/ros2_interfaces/lib'
[2.937s] Level 1:colcon.colcon_core.shell:create_environment_hook('ros2_interfaces', 'ld_library_path_lib')
[2.960s] INFO:colcon.colcon_core.shell:Creating environment hook '/home/zhe/code/soccer_b_ws/install/ros2_interfaces/share/ros2_interfaces/hook/ld_library_path_lib.ps1'
[2.960s] INFO:colcon.colcon_core.shell:Creating environment descriptor '/home/zhe/code/soccer_b_ws/install/ros2_interfaces/share/ros2_interfaces/hook/ld_library_path_lib.dsv'
[2.960s] INFO:colcon.colcon_core.shell:Creating environment hook '/home/zhe/code/soccer_b_ws/install/ros2_interfaces/share/ros2_interfaces/hook/ld_library_path_lib.sh'
[2.961s] Level 1:colcon.colcon_core.environment:checking '/home/zhe/code/soccer_b_ws/install/ros2_interfaces/bin'
[2.961s] Level 1:colcon.colcon_core.environment:checking '/home/zhe/code/soccer_b_ws/install/ros2_interfaces/lib/pkgconfig/ros2_interfaces.pc'
[2.961s] Level 1:colcon.colcon_core.environment:checking '/home/zhe/code/soccer_b_ws/install/ros2_interfaces/lib/python3.8/site-packages'
[2.961s] Level 1:colcon.colcon_core.shell:create_environment_hook('ros2_interfaces', 'pythonpath')
[2.985s] INFO:colcon.colcon_core.shell:Creating environment hook '/home/zhe/code/soccer_b_ws/install/ros2_interfaces/share/ros2_interfaces/hook/pythonpath.ps1'
[2.985s] INFO:colcon.colcon_core.shell:Creating environment descriptor '/home/zhe/code/soccer_b_ws/install/ros2_interfaces/share/ros2_interfaces/hook/pythonpath.dsv'
[2.985s] INFO:colcon.colcon_core.shell:Creating environment hook '/home/zhe/code/soccer_b_ws/install/ros2_interfaces/share/ros2_interfaces/hook/pythonpath.sh'
[2.986s] Level 1:colcon.colcon_core.environment:checking '/home/zhe/code/soccer_b_ws/install/ros2_interfaces/bin'
[3.009s] INFO:colcon.colcon_core.shell:Creating package script '/home/zhe/code/soccer_b_ws/install/ros2_interfaces/share/ros2_interfaces/package.ps1'
[3.009s] INFO:colcon.colcon_core.shell:Creating package descriptor '/home/zhe/code/soccer_b_ws/install/ros2_interfaces/share/ros2_interfaces/package.dsv'
[3.010s] INFO:colcon.colcon_core.shell:Creating package script '/home/zhe/code/soccer_b_ws/install/ros2_interfaces/share/ros2_interfaces/package.sh'
[3.010s] INFO:colcon.colcon_core.shell:Creating package script '/home/zhe/code/soccer_b_ws/install/ros2_interfaces/share/ros2_interfaces/package.bash'
[3.010s] INFO:colcon.colcon_core.shell:Creating package script '/home/zhe/code/soccer_b_ws/install/ros2_interfaces/share/ros2_interfaces/package.zsh'
[3.010s] Level 1:colcon.colcon_core.environment:create_file_with_runtime_dependencies(/home/zhe/code/soccer_b_ws/install/ros2_interfaces/share/colcon-core/packages/ros2_interfaces)
[3.010s] INFO:colcon.colcon_ros.task.ament_python.build:Building ROS package in '/home/zhe/code/soccer_b_ws/src/motion_capture' with build type 'ament_python'
[3.011s] Level 1:colcon.colcon_core.shell:create_environment_hook('motion_capture', 'ament_prefix_path')
[3.035s] INFO:colcon.colcon_core.shell:Creating environment hook '/home/zhe/code/soccer_b_ws/install/motion_capture/share/motion_capture/hook/ament_prefix_path.ps1'
[3.036s] INFO:colcon.colcon_core.shell:Creating environment descriptor '/home/zhe/code/soccer_b_ws/install/motion_capture/share/motion_capture/hook/ament_prefix_path.dsv'
[3.036s] INFO:colcon.colcon_core.shell:Creating environment hook '/home/zhe/code/soccer_b_ws/install/motion_capture/share/motion_capture/hook/ament_prefix_path.sh'
[3.059s] INFO:colcon.colcon_core.shell:Skip shell extension 'powershell' for command environment: Not usable outside of PowerShell
[3.059s] DEBUG:colcon.colcon_core.shell:Skip shell extension 'dsv' for command environment
[3.254s] INFO:colcon.colcon_ros.task.ament_python.build:Building ROS package in '/home/zhe/code/soccer_b_ws/src/rm_control' with build type 'ament_python'
[3.255s] Level 1:colcon.colcon_core.shell:create_environment_hook('rm_control', 'ament_prefix_path')
[3.277s] INFO:colcon.colcon_core.shell:Creating environment hook '/home/zhe/code/soccer_b_ws/install/rm_control/share/rm_control/hook/ament_prefix_path.ps1'
[3.278s] INFO:colcon.colcon_core.shell:Creating environment descriptor '/home/zhe/code/soccer_b_ws/install/rm_control/share/rm_control/hook/ament_prefix_path.dsv'
[3.278s] INFO:colcon.colcon_core.shell:Creating environment hook '/home/zhe/code/soccer_b_ws/install/rm_control/share/rm_control/hook/ament_prefix_path.sh'
[3.300s] INFO:colcon.colcon_core.shell:Skip shell extension 'powershell' for command environment: Not usable outside of PowerShell
[3.300s] DEBUG:colcon.colcon_core.shell:Skip shell extension 'dsv' for command environment
[3.480s] INFO:colcon.colcon_ros.task.ament_python.build:Building ROS package in '/home/zhe/code/soccer_b_ws/src/test_package' with build type 'ament_python'
[3.480s] Level 1:colcon.colcon_core.shell:create_environment_hook('test_package', 'ament_prefix_path')
[3.502s] INFO:colcon.colcon_core.shell:Creating environment hook '/home/zhe/code/soccer_b_ws/install/test_package/share/test_package/hook/ament_prefix_path.ps1'
[3.502s] INFO:colcon.colcon_core.shell:Creating environment descriptor '/home/zhe/code/soccer_b_ws/install/test_package/share/test_package/hook/ament_prefix_path.dsv'
[3.502s] INFO:colcon.colcon_core.shell:Creating environment hook '/home/zhe/code/soccer_b_ws/install/test_package/share/test_package/hook/ament_prefix_path.sh'
[3.526s] INFO:colcon.colcon_core.shell:Skip shell extension 'powershell' for command environment: Not usable outside of PowerShell
[3.526s] DEBUG:colcon.colcon_core.shell:Skip shell extension 'dsv' for command environment
[3.843s] INFO:colcon.colcon_core.task.python.build:Building Python package in '/home/zhe/code/soccer_b_ws/src/motion_capture'
[3.866s] INFO:colcon.colcon_core.shell:Skip shell extension 'powershell' for command environment: Not usable outside of PowerShell
[3.866s] DEBUG:colcon.colcon_core.shell:Skip shell extension 'dsv' for command environment
[4.183s] INFO:colcon.colcon_core.task.python.build:Building Python package in '/home/zhe/code/soccer_b_ws/src/rm_control'
[4.205s] INFO:colcon.colcon_core.shell:Skip shell extension 'powershell' for command environment: Not usable outside of PowerShell
[4.205s] DEBUG:colcon.colcon_core.shell:Skip shell extension 'dsv' for command environment
[4.380s] Level 1:colcon.colcon_core.shell:create_environment_hook('vision_test', 'pythonpath_develop')
[4.380s] DEBUG:colcon.colcon_core.event_handler.log_command:Invoked command in '/home/zhe/code/soccer_b_ws/build/vision_test' returned '0': PYTHONPATH=/home/zhe/code/soccer_b_ws/build/vision_test/prefix_override:/home/zhe/code/soccer_b_ws/install/vision_test/lib/python3.8/site-packages:${PYTHONPATH} /usr/bin/python3 setup.py develop --editable --build-directory /home/zhe/code/soccer_b_ws/build/vision_test/build --no-deps install_data
[4.402s] INFO:colcon.colcon_core.shell:Creating environment hook '/home/zhe/code/soccer_b_ws/build/vision_test/share/vision_test/hook/pythonpath_develop.ps1'
[4.403s] INFO:colcon.colcon_core.shell:Creating environment descriptor '/home/zhe/code/soccer_b_ws/build/vision_test/share/vision_test/hook/pythonpath_develop.dsv'
[4.403s] INFO:colcon.colcon_core.shell:Creating environment hook '/home/zhe/code/soccer_b_ws/build/vision_test/share/vision_test/hook/pythonpath_develop.sh'
[4.425s] Level 1:colcon.colcon_core.environment:checking '/home/zhe/code/soccer_b_ws/install/vision_test' for CMake module files
[4.425s] Level 1:colcon.colcon_core.environment:checking '/home/zhe/code/soccer_b_ws/install/vision_test' for CMake config files
[4.426s] Level 1:colcon.colcon_core.environment:checking '/home/zhe/code/soccer_b_ws/install/vision_test/lib'
[4.426s] Level 1:colcon.colcon_core.environment:checking '/home/zhe/code/soccer_b_ws/install/vision_test/bin'
[4.426s] Level 1:colcon.colcon_core.environment:checking '/home/zhe/code/soccer_b_ws/install/vision_test/lib/pkgconfig/vision_test.pc'
[4.426s] Level 1:colcon.colcon_core.environment:checking '/home/zhe/code/soccer_b_ws/install/vision_test/lib/python3.8/site-packages'
[4.426s] Level 1:colcon.colcon_core.shell:create_environment_hook('vision_test', 'pythonpath')
[4.448s] INFO:colcon.colcon_core.shell:Creating environment hook '/home/zhe/code/soccer_b_ws/install/vision_test/share/vision_test/hook/pythonpath.ps1'
[4.448s] INFO:colcon.colcon_core.shell:Creating environment descriptor '/home/zhe/code/soccer_b_ws/install/vision_test/share/vision_test/hook/pythonpath.dsv'
[4.449s] INFO:colcon.colcon_core.shell:Creating environment hook '/home/zhe/code/soccer_b_ws/install/vision_test/share/vision_test/hook/pythonpath.sh'
[4.449s] Level 1:colcon.colcon_core.environment:checking '/home/zhe/code/soccer_b_ws/install/vision_test/bin'
[4.449s] Level 1:colcon.colcon_core.environment:create_environment_scripts_only(vision_test)
[4.471s] INFO:colcon.colcon_core.shell:Creating package script '/home/zhe/code/soccer_b_ws/install/vision_test/share/vision_test/package.ps1'
[4.471s] INFO:colcon.colcon_core.shell:Creating package descriptor '/home/zhe/code/soccer_b_ws/install/vision_test/share/vision_test/package.dsv'
[4.472s] INFO:colcon.colcon_core.shell:Creating package script '/home/zhe/code/soccer_b_ws/install/vision_test/share/vision_test/package.sh'
[4.472s] INFO:colcon.colcon_core.shell:Creating package script '/home/zhe/code/soccer_b_ws/install/vision_test/share/vision_test/package.bash'
[4.472s] INFO:colcon.colcon_core.shell:Creating package script '/home/zhe/code/soccer_b_ws/install/vision_test/share/vision_test/package.zsh'
[4.472s] Level 1:colcon.colcon_core.environment:create_file_with_runtime_dependencies(/home/zhe/code/soccer_b_ws/install/vision_test/share/colcon-core/packages/vision_test)
[4.612s] INFO:colcon.colcon_core.task.python.build:Building Python package in '/home/zhe/code/soccer_b_ws/src/test_package'
[4.634s] INFO:colcon.colcon_core.shell:Skip shell extension 'powershell' for command environment: Not usable outside of PowerShell
[4.634s] DEBUG:colcon.colcon_core.shell:Skip shell extension 'dsv' for command environment
[5.061s] DEBUG:colcon.colcon_core.event_handler.log_command:Invoking command in '/home/zhe/code/soccer_b_ws/build/motion_capture': PYTHONPATH=/home/zhe/code/soccer_b_ws/build/motion_capture/prefix_override:/home/zhe/code/soccer_b_ws/install/motion_capture/lib/python3.8/site-packages:/home/zhe/code/soccer_b_ws/install/ros2_interfaces/lib/python3.8/site-packages:/home/zhe/code/soccer_b_ws/build/vision_test:/home/zhe/code/soccer_b_ws/install/vision_test/lib/python3.8/site-packages:/home/zhe/code/soccer_b_ws/build/test_package:/home/zhe/code/soccer_b_ws/install/test_package/lib/python3.8/site-packages:/home/zhe/code/soccer_b_ws/build/rm_control:/home/zhe/code/soccer_b_ws/install/rm_control/lib/python3.8/site-packages:/home/zhe/code/soccer_b_ws/build/motion_capture:/home/zhe/code/soccer_b_ws/install/motion_capture/lib/python3.8/site-packages:/home/zhe/code/tf2tut/build/learning_tf2_py:/home/zhe/code/tf2tut/install/learning_tf2_py/lib/python3.8/site-packages:/home/zhe/code/ffmpeg_msg/install/ffmpeg_image_transport_msgs/lib/python3.8/site-packages:/home/zhe/code/ffmpeg/install/ffmpeg_image_transport_msgs/lib/python3.8/site-packages:/home/zhe/code/rm_ws/build/robomaster_ros:/home/zhe/code/rm_ws/install/robomaster_ros/lib/python3.8/site-packages:/home/zhe/code/rm_ws/install/robomaster_msgs/lib/python3.8/site-packages:/home/zhe/code/gy_ws/build/learning_urdf:/home/zhe/code/gy_ws/install/learning_urdf/lib/python3.8/site-packages:/home/zhe/code/gy_ws/build/learning_topic:/home/zhe/code/gy_ws/install/learning_topic/lib/python3.8/site-packages:/home/zhe/code/gy_ws/build/learning_tf:/home/zhe/code/gy_ws/install/learning_tf/lib/python3.8/site-packages:/home/zhe/code/gy_ws/build/learning_service:/home/zhe/code/gy_ws/install/learning_service/lib/python3.8/site-packages:/home/zhe/code/gy_ws/build/learning_qos:/home/zhe/code/gy_ws/install/learning_qos/lib/python3.8/site-packages:/home/zhe/code/gy_ws/build/learning_pkg_python:/home/zhe/code/gy_ws/install/learning_pkg_python/lib/python3.8/site-packages:/home/zhe/code/gy_ws/build/learning_parameter:/home/zhe/code/gy_ws/install/learning_parameter/lib/python3.8/site-packages:/home/zhe/code/gy_ws/build/learning_node:/home/zhe/code/gy_ws/install/learning_node/lib/python3.8/site-packages:/home/zhe/code/gy_ws/build/learning_launch:/home/zhe/code/gy_ws/install/learning_launch/lib/python3.8/site-packages:/home/zhe/code/gy_ws/build/learning_action:/home/zhe/code/gy_ws/install/learning_action/lib/python3.8/site-packages:/home/zhe/code/gy_ws/install/learning_interface/lib/python3.8/site-packages:/home/zhe/code/gy_ws/build/learning_gazebo:/home/zhe/code/gy_ws/install/learning_gazebo/lib/python3.8/site-packages:/home/zhe/code/gy_ws/build/learning_cv:/home/zhe/code/gy_ws/install/learning_cv/lib/python3.8/site-packages:/opt/ros/galactic/lib/python3.8/site-packages /usr/bin/python3 setup.py develop --editable --build-directory /home/zhe/code/soccer_b_ws/build/motion_capture/build --no-deps install_data
[5.064s] DEBUG:colcon.colcon_core.event_handler.log_command:Invoking command in '/home/zhe/code/soccer_b_ws/build/test_package': PYTHONPATH=/home/zhe/code/soccer_b_ws/build/test_package/prefix_override:/home/zhe/code/soccer_b_ws/install/test_package/lib/python3.8/site-packages:/home/zhe/code/soccer_b_ws/install/ros2_interfaces/lib/python3.8/site-packages:/home/zhe/code/soccer_b_ws/build/vision_test:/home/zhe/code/soccer_b_ws/install/vision_test/lib/python3.8/site-packages:/home/zhe/code/soccer_b_ws/build/test_package:/home/zhe/code/soccer_b_ws/install/test_package/lib/python3.8/site-packages:/home/zhe/code/soccer_b_ws/build/rm_control:/home/zhe/code/soccer_b_ws/install/rm_control/lib/python3.8/site-packages:/home/zhe/code/soccer_b_ws/build/motion_capture:/home/zhe/code/soccer_b_ws/install/motion_capture/lib/python3.8/site-packages:/home/zhe/code/tf2tut/build/learning_tf2_py:/home/zhe/code/tf2tut/install/learning_tf2_py/lib/python3.8/site-packages:/home/zhe/code/ffmpeg_msg/install/ffmpeg_image_transport_msgs/lib/python3.8/site-packages:/home/zhe/code/ffmpeg/install/ffmpeg_image_transport_msgs/lib/python3.8/site-packages:/home/zhe/code/rm_ws/build/robomaster_ros:/home/zhe/code/rm_ws/install/robomaster_ros/lib/python3.8/site-packages:/home/zhe/code/rm_ws/install/robomaster_msgs/lib/python3.8/site-packages:/home/zhe/code/gy_ws/build/learning_urdf:/home/zhe/code/gy_ws/install/learning_urdf/lib/python3.8/site-packages:/home/zhe/code/gy_ws/build/learning_topic:/home/zhe/code/gy_ws/install/learning_topic/lib/python3.8/site-packages:/home/zhe/code/gy_ws/build/learning_tf:/home/zhe/code/gy_ws/install/learning_tf/lib/python3.8/site-packages:/home/zhe/code/gy_ws/build/learning_service:/home/zhe/code/gy_ws/install/learning_service/lib/python3.8/site-packages:/home/zhe/code/gy_ws/build/learning_qos:/home/zhe/code/gy_ws/install/learning_qos/lib/python3.8/site-packages:/home/zhe/code/gy_ws/build/learning_pkg_python:/home/zhe/code/gy_ws/install/learning_pkg_python/lib/python3.8/site-packages:/home/zhe/code/gy_ws/build/learning_parameter:/home/zhe/code/gy_ws/install/learning_parameter/lib/python3.8/site-packages:/home/zhe/code/gy_ws/build/learning_node:/home/zhe/code/gy_ws/install/learning_node/lib/python3.8/site-packages:/home/zhe/code/gy_ws/build/learning_launch:/home/zhe/code/gy_ws/install/learning_launch/lib/python3.8/site-packages:/home/zhe/code/gy_ws/build/learning_action:/home/zhe/code/gy_ws/install/learning_action/lib/python3.8/site-packages:/home/zhe/code/gy_ws/install/learning_interface/lib/python3.8/site-packages:/home/zhe/code/gy_ws/build/learning_gazebo:/home/zhe/code/gy_ws/install/learning_gazebo/lib/python3.8/site-packages:/home/zhe/code/gy_ws/build/learning_cv:/home/zhe/code/gy_ws/install/learning_cv/lib/python3.8/site-packages:/opt/ros/galactic/lib/python3.8/site-packages /usr/bin/python3 setup.py develop --editable --build-directory /home/zhe/code/soccer_b_ws/build/test_package/build --no-deps install_data
[5.069s] DEBUG:colcon.colcon_core.event_handler.log_command:Invoking command in '/home/zhe/code/soccer_b_ws/build/rm_control': PYTHONPATH=/home/zhe/code/soccer_b_ws/build/rm_control/prefix_override:/home/zhe/code/soccer_b_ws/install/rm_control/lib/python3.8/site-packages:/home/zhe/code/soccer_b_ws/install/ros2_interfaces/lib/python3.8/site-packages:/home/zhe/code/soccer_b_ws/build/vision_test:/home/zhe/code/soccer_b_ws/install/vision_test/lib/python3.8/site-packages:/home/zhe/code/soccer_b_ws/build/test_package:/home/zhe/code/soccer_b_ws/install/test_package/lib/python3.8/site-packages:/home/zhe/code/soccer_b_ws/build/rm_control:/home/zhe/code/soccer_b_ws/install/rm_control/lib/python3.8/site-packages:/home/zhe/code/soccer_b_ws/build/motion_capture:/home/zhe/code/soccer_b_ws/install/motion_capture/lib/python3.8/site-packages:/home/zhe/code/tf2tut/build/learning_tf2_py:/home/zhe/code/tf2tut/install/learning_tf2_py/lib/python3.8/site-packages:/home/zhe/code/ffmpeg_msg/install/ffmpeg_image_transport_msgs/lib/python3.8/site-packages:/home/zhe/code/ffmpeg/install/ffmpeg_image_transport_msgs/lib/python3.8/site-packages:/home/zhe/code/rm_ws/build/robomaster_ros:/home/zhe/code/rm_ws/install/robomaster_ros/lib/python3.8/site-packages:/home/zhe/code/rm_ws/install/robomaster_msgs/lib/python3.8/site-packages:/home/zhe/code/gy_ws/build/learning_urdf:/home/zhe/code/gy_ws/install/learning_urdf/lib/python3.8/site-packages:/home/zhe/code/gy_ws/build/learning_topic:/home/zhe/code/gy_ws/install/learning_topic/lib/python3.8/site-packages:/home/zhe/code/gy_ws/build/learning_tf:/home/zhe/code/gy_ws/install/learning_tf/lib/python3.8/site-packages:/home/zhe/code/gy_ws/build/learning_service:/home/zhe/code/gy_ws/install/learning_service/lib/python3.8/site-packages:/home/zhe/code/gy_ws/build/learning_qos:/home/zhe/code/gy_ws/install/learning_qos/lib/python3.8/site-packages:/home/zhe/code/gy_ws/build/learning_pkg_python:/home/zhe/code/gy_ws/install/learning_pkg_python/lib/python3.8/site-packages:/home/zhe/code/gy_ws/build/learning_parameter:/home/zhe/code/gy_ws/install/learning_parameter/lib/python3.8/site-packages:/home/zhe/code/gy_ws/build/learning_node:/home/zhe/code/gy_ws/install/learning_node/lib/python3.8/site-packages:/home/zhe/code/gy_ws/build/learning_launch:/home/zhe/code/gy_ws/install/learning_launch/lib/python3.8/site-packages:/home/zhe/code/gy_ws/build/learning_action:/home/zhe/code/gy_ws/install/learning_action/lib/python3.8/site-packages:/home/zhe/code/gy_ws/install/learning_interface/lib/python3.8/site-packages:/home/zhe/code/gy_ws/build/learning_gazebo:/home/zhe/code/gy_ws/install/learning_gazebo/lib/python3.8/site-packages:/home/zhe/code/gy_ws/build/learning_cv:/home/zhe/code/gy_ws/install/learning_cv/lib/python3.8/site-packages:/opt/ros/galactic/lib/python3.8/site-packages /usr/bin/python3 setup.py develop --editable --build-directory /home/zhe/code/soccer_b_ws/build/rm_control/build --no-deps install_data
[5.351s] Level 1:colcon.colcon_core.shell:create_environment_hook('test_package', 'pythonpath_develop')
[5.352s] DEBUG:colcon.colcon_core.event_handler.log_command:Invoked command in '/home/zhe/code/soccer_b_ws/build/test_package' returned '0': PYTHONPATH=/home/zhe/code/soccer_b_ws/build/test_package/prefix_override:/home/zhe/code/soccer_b_ws/install/test_package/lib/python3.8/site-packages:/home/zhe/code/soccer_b_ws/install/ros2_interfaces/lib/python3.8/site-packages:/home/zhe/code/soccer_b_ws/build/vision_test:/home/zhe/code/soccer_b_ws/install/vision_test/lib/python3.8/site-packages:/home/zhe/code/soccer_b_ws/build/test_package:/home/zhe/code/soccer_b_ws/install/test_package/lib/python3.8/site-packages:/home/zhe/code/soccer_b_ws/build/rm_control:/home/zhe/code/soccer_b_ws/install/rm_control/lib/python3.8/site-packages:/home/zhe/code/soccer_b_ws/build/motion_capture:/home/zhe/code/soccer_b_ws/install/motion_capture/lib/python3.8/site-packages:/home/zhe/code/tf2tut/build/learning_tf2_py:/home/zhe/code/tf2tut/install/learning_tf2_py/lib/python3.8/site-packages:/home/zhe/code/ffmpeg_msg/install/ffmpeg_image_transport_msgs/lib/python3.8/site-packages:/home/zhe/code/ffmpeg/install/ffmpeg_image_transport_msgs/lib/python3.8/site-packages:/home/zhe/code/rm_ws/build/robomaster_ros:/home/zhe/code/rm_ws/install/robomaster_ros/lib/python3.8/site-packages:/home/zhe/code/rm_ws/install/robomaster_msgs/lib/python3.8/site-packages:/home/zhe/code/gy_ws/build/learning_urdf:/home/zhe/code/gy_ws/install/learning_urdf/lib/python3.8/site-packages:/home/zhe/code/gy_ws/build/learning_topic:/home/zhe/code/gy_ws/install/learning_topic/lib/python3.8/site-packages:/home/zhe/code/gy_ws/build/learning_tf:/home/zhe/code/gy_ws/install/learning_tf/lib/python3.8/site-packages:/home/zhe/code/gy_ws/build/learning_service:/home/zhe/code/gy_ws/install/learning_service/lib/python3.8/site-packages:/home/zhe/code/gy_ws/build/learning_qos:/home/zhe/code/gy_ws/install/learning_qos/lib/python3.8/site-packages:/home/zhe/code/gy_ws/build/learning_pkg_python:/home/zhe/code/gy_ws/install/learning_pkg_python/lib/python3.8/site-packages:/home/zhe/code/gy_ws/build/learning_parameter:/home/zhe/code/gy_ws/install/learning_parameter/lib/python3.8/site-packages:/home/zhe/code/gy_ws/build/learning_node:/home/zhe/code/gy_ws/install/learning_node/lib/python3.8/site-packages:/home/zhe/code/gy_ws/build/learning_launch:/home/zhe/code/gy_ws/install/learning_launch/lib/python3.8/site-packages:/home/zhe/code/gy_ws/build/learning_action:/home/zhe/code/gy_ws/install/learning_action/lib/python3.8/site-packages:/home/zhe/code/gy_ws/install/learning_interface/lib/python3.8/site-packages:/home/zhe/code/gy_ws/build/learning_gazebo:/home/zhe/code/gy_ws/install/learning_gazebo/lib/python3.8/site-packages:/home/zhe/code/gy_ws/build/learning_cv:/home/zhe/code/gy_ws/install/learning_cv/lib/python3.8/site-packages:/opt/ros/galactic/lib/python3.8/site-packages /usr/bin/python3 setup.py develop --editable --build-directory /home/zhe/code/soccer_b_ws/build/test_package/build --no-deps install_data
[5.376s] INFO:colcon.colcon_core.shell:Creating environment hook '/home/zhe/code/soccer_b_ws/build/test_package/share/test_package/hook/pythonpath_develop.ps1'
[5.376s] INFO:colcon.colcon_core.shell:Creating environment descriptor '/home/zhe/code/soccer_b_ws/build/test_package/share/test_package/hook/pythonpath_develop.dsv'
[5.376s] INFO:colcon.colcon_core.shell:Creating environment hook '/home/zhe/code/soccer_b_ws/build/test_package/share/test_package/hook/pythonpath_develop.sh'
[5.398s] Level 1:colcon.colcon_core.environment:checking '/home/zhe/code/soccer_b_ws/install/test_package' for CMake module files
[5.398s] Level 1:colcon.colcon_core.environment:checking '/home/zhe/code/soccer_b_ws/install/test_package' for CMake config files
[5.399s] Level 1:colcon.colcon_core.environment:checking '/home/zhe/code/soccer_b_ws/install/test_package/lib'
[5.399s] Level 1:colcon.colcon_core.environment:checking '/home/zhe/code/soccer_b_ws/install/test_package/bin'
[5.399s] Level 1:colcon.colcon_core.environment:checking '/home/zhe/code/soccer_b_ws/install/test_package/lib/pkgconfig/test_package.pc'
[5.399s] Level 1:colcon.colcon_core.environment:checking '/home/zhe/code/soccer_b_ws/install/test_package/lib/python3.8/site-packages'
[5.399s] Level 1:colcon.colcon_core.shell:create_environment_hook('test_package', 'pythonpath')
[5.421s] INFO:colcon.colcon_core.shell:Creating environment hook '/home/zhe/code/soccer_b_ws/install/test_package/share/test_package/hook/pythonpath.ps1'
[5.421s] INFO:colcon.colcon_core.shell:Creating environment descriptor '/home/zhe/code/soccer_b_ws/install/test_package/share/test_package/hook/pythonpath.dsv'
[5.421s] INFO:colcon.colcon_core.shell:Creating environment hook '/home/zhe/code/soccer_b_ws/install/test_package/share/test_package/hook/pythonpath.sh'
[5.421s] Level 1:colcon.colcon_core.environment:checking '/home/zhe/code/soccer_b_ws/install/test_package/bin'
[5.421s] Level 1:colcon.colcon_core.environment:create_environment_scripts_only(test_package)
[5.444s] INFO:colcon.colcon_core.shell:Creating package script '/home/zhe/code/soccer_b_ws/install/test_package/share/test_package/package.ps1'
[5.444s] INFO:colcon.colcon_core.shell:Creating package descriptor '/home/zhe/code/soccer_b_ws/install/test_package/share/test_package/package.dsv'
[5.444s] INFO:colcon.colcon_core.shell:Creating package script '/home/zhe/code/soccer_b_ws/install/test_package/share/test_package/package.sh'
[5.444s] INFO:colcon.colcon_core.shell:Creating package script '/home/zhe/code/soccer_b_ws/install/test_package/share/test_package/package.bash'
[5.444s] INFO:colcon.colcon_core.shell:Creating package script '/home/zhe/code/soccer_b_ws/install/test_package/share/test_package/package.zsh'
[5.445s] Level 1:colcon.colcon_core.environment:create_file_with_runtime_dependencies(/home/zhe/code/soccer_b_ws/install/test_package/share/colcon-core/packages/test_package)
[5.445s] Level 1:colcon.colcon_core.shell:create_environment_hook('rm_control', 'pythonpath_develop')
[5.446s] DEBUG:colcon.colcon_core.event_handler.log_command:Invoked command in '/home/zhe/code/soccer_b_ws/build/rm_control' returned '0': PYTHONPATH=/home/zhe/code/soccer_b_ws/build/rm_control/prefix_override:/home/zhe/code/soccer_b_ws/install/rm_control/lib/python3.8/site-packages:/home/zhe/code/soccer_b_ws/install/ros2_interfaces/lib/python3.8/site-packages:/home/zhe/code/soccer_b_ws/build/vision_test:/home/zhe/code/soccer_b_ws/install/vision_test/lib/python3.8/site-packages:/home/zhe/code/soccer_b_ws/build/test_package:/home/zhe/code/soccer_b_ws/install/test_package/lib/python3.8/site-packages:/home/zhe/code/soccer_b_ws/build/rm_control:/home/zhe/code/soccer_b_ws/install/rm_control/lib/python3.8/site-packages:/home/zhe/code/soccer_b_ws/build/motion_capture:/home/zhe/code/soccer_b_ws/install/motion_capture/lib/python3.8/site-packages:/home/zhe/code/tf2tut/build/learning_tf2_py:/home/zhe/code/tf2tut/install/learning_tf2_py/lib/python3.8/site-packages:/home/zhe/code/ffmpeg_msg/install/ffmpeg_image_transport_msgs/lib/python3.8/site-packages:/home/zhe/code/ffmpeg/install/ffmpeg_image_transport_msgs/lib/python3.8/site-packages:/home/zhe/code/rm_ws/build/robomaster_ros:/home/zhe/code/rm_ws/install/robomaster_ros/lib/python3.8/site-packages:/home/zhe/code/rm_ws/install/robomaster_msgs/lib/python3.8/site-packages:/home/zhe/code/gy_ws/build/learning_urdf:/home/zhe/code/gy_ws/install/learning_urdf/lib/python3.8/site-packages:/home/zhe/code/gy_ws/build/learning_topic:/home/zhe/code/gy_ws/install/learning_topic/lib/python3.8/site-packages:/home/zhe/code/gy_ws/build/learning_tf:/home/zhe/code/gy_ws/install/learning_tf/lib/python3.8/site-packages:/home/zhe/code/gy_ws/build/learning_service:/home/zhe/code/gy_ws/install/learning_service/lib/python3.8/site-packages:/home/zhe/code/gy_ws/build/learning_qos:/home/zhe/code/gy_ws/install/learning_qos/lib/python3.8/site-packages:/home/zhe/code/gy_ws/build/learning_pkg_python:/home/zhe/code/gy_ws/install/learning_pkg_python/lib/python3.8/site-packages:/home/zhe/code/gy_ws/build/learning_parameter:/home/zhe/code/gy_ws/install/learning_parameter/lib/python3.8/site-packages:/home/zhe/code/gy_ws/build/learning_node:/home/zhe/code/gy_ws/install/learning_node/lib/python3.8/site-packages:/home/zhe/code/gy_ws/build/learning_launch:/home/zhe/code/gy_ws/install/learning_launch/lib/python3.8/site-packages:/home/zhe/code/gy_ws/build/learning_action:/home/zhe/code/gy_ws/install/learning_action/lib/python3.8/site-packages:/home/zhe/code/gy_ws/install/learning_interface/lib/python3.8/site-packages:/home/zhe/code/gy_ws/build/learning_gazebo:/home/zhe/code/gy_ws/install/learning_gazebo/lib/python3.8/site-packages:/home/zhe/code/gy_ws/build/learning_cv:/home/zhe/code/gy_ws/install/learning_cv/lib/python3.8/site-packages:/opt/ros/galactic/lib/python3.8/site-packages /usr/bin/python3 setup.py develop --editable --build-directory /home/zhe/code/soccer_b_ws/build/rm_control/build --no-deps install_data
[5.469s] INFO:colcon.colcon_core.shell:Creating environment hook '/home/zhe/code/soccer_b_ws/build/rm_control/share/rm_control/hook/pythonpath_develop.ps1'
[5.470s] INFO:colcon.colcon_core.shell:Creating environment descriptor '/home/zhe/code/soccer_b_ws/build/rm_control/share/rm_control/hook/pythonpath_develop.dsv'
[5.470s] INFO:colcon.colcon_core.shell:Creating environment hook '/home/zhe/code/soccer_b_ws/build/rm_control/share/rm_control/hook/pythonpath_develop.sh'
[5.492s] Level 1:colcon.colcon_core.environment:checking '/home/zhe/code/soccer_b_ws/install/rm_control' for CMake module files
[5.492s] Level 1:colcon.colcon_core.environment:checking '/home/zhe/code/soccer_b_ws/install/rm_control' for CMake config files
[5.492s] Level 1:colcon.colcon_core.environment:checking '/home/zhe/code/soccer_b_ws/install/rm_control/lib'
[5.492s] Level 1:colcon.colcon_core.environment:checking '/home/zhe/code/soccer_b_ws/install/rm_control/bin'
[5.492s] Level 1:colcon.colcon_core.environment:checking '/home/zhe/code/soccer_b_ws/install/rm_control/lib/pkgconfig/rm_control.pc'
[5.492s] Level 1:colcon.colcon_core.environment:checking '/home/zhe/code/soccer_b_ws/install/rm_control/lib/python3.8/site-packages'
[5.492s] Level 1:colcon.colcon_core.shell:create_environment_hook('rm_control', 'pythonpath')
[5.516s] INFO:colcon.colcon_core.shell:Creating environment hook '/home/zhe/code/soccer_b_ws/install/rm_control/share/rm_control/hook/pythonpath.ps1'
[5.516s] INFO:colcon.colcon_core.shell:Creating environment descriptor '/home/zhe/code/soccer_b_ws/install/rm_control/share/rm_control/hook/pythonpath.dsv'
[5.516s] INFO:colcon.colcon_core.shell:Creating environment hook '/home/zhe/code/soccer_b_ws/install/rm_control/share/rm_control/hook/pythonpath.sh'
[5.516s] Level 1:colcon.colcon_core.environment:checking '/home/zhe/code/soccer_b_ws/install/rm_control/bin'
[5.516s] Level 1:colcon.colcon_core.environment:create_environment_scripts_only(rm_control)
[5.540s] INFO:colcon.colcon_core.shell:Creating package script '/home/zhe/code/soccer_b_ws/install/rm_control/share/rm_control/package.ps1'
[5.540s] INFO:colcon.colcon_core.shell:Creating package descriptor '/home/zhe/code/soccer_b_ws/install/rm_control/share/rm_control/package.dsv'
[5.540s] INFO:colcon.colcon_core.shell:Creating package script '/home/zhe/code/soccer_b_ws/install/rm_control/share/rm_control/package.sh'
[5.541s] INFO:colcon.colcon_core.shell:Creating package script '/home/zhe/code/soccer_b_ws/install/rm_control/share/rm_control/package.bash'
[5.541s] INFO:colcon.colcon_core.shell:Creating package script '/home/zhe/code/soccer_b_ws/install/rm_control/share/rm_control/package.zsh'
[5.541s] Level 1:colcon.colcon_core.environment:create_file_with_runtime_dependencies(/home/zhe/code/soccer_b_ws/install/rm_control/share/colcon-core/packages/rm_control)
[5.541s] Level 1:colcon.colcon_core.shell:create_environment_hook('motion_capture', 'pythonpath_develop')
[5.542s] DEBUG:colcon.colcon_core.event_handler.log_command:Invoked command in '/home/zhe/code/soccer_b_ws/build/motion_capture' returned '0': PYTHONPATH=/home/zhe/code/soccer_b_ws/build/motion_capture/prefix_override:/home/zhe/code/soccer_b_ws/install/motion_capture/lib/python3.8/site-packages:/home/zhe/code/soccer_b_ws/install/ros2_interfaces/lib/python3.8/site-packages:/home/zhe/code/soccer_b_ws/build/vision_test:/home/zhe/code/soccer_b_ws/install/vision_test/lib/python3.8/site-packages:/home/zhe/code/soccer_b_ws/build/test_package:/home/zhe/code/soccer_b_ws/install/test_package/lib/python3.8/site-packages:/home/zhe/code/soccer_b_ws/build/rm_control:/home/zhe/code/soccer_b_ws/install/rm_control/lib/python3.8/site-packages:/home/zhe/code/soccer_b_ws/build/motion_capture:/home/zhe/code/soccer_b_ws/install/motion_capture/lib/python3.8/site-packages:/home/zhe/code/tf2tut/build/learning_tf2_py:/home/zhe/code/tf2tut/install/learning_tf2_py/lib/python3.8/site-packages:/home/zhe/code/ffmpeg_msg/install/ffmpeg_image_transport_msgs/lib/python3.8/site-packages:/home/zhe/code/ffmpeg/install/ffmpeg_image_transport_msgs/lib/python3.8/site-packages:/home/zhe/code/rm_ws/build/robomaster_ros:/home/zhe/code/rm_ws/install/robomaster_ros/lib/python3.8/site-packages:/home/zhe/code/rm_ws/install/robomaster_msgs/lib/python3.8/site-packages:/home/zhe/code/gy_ws/build/learning_urdf:/home/zhe/code/gy_ws/install/learning_urdf/lib/python3.8/site-packages:/home/zhe/code/gy_ws/build/learning_topic:/home/zhe/code/gy_ws/install/learning_topic/lib/python3.8/site-packages:/home/zhe/code/gy_ws/build/learning_tf:/home/zhe/code/gy_ws/install/learning_tf/lib/python3.8/site-packages:/home/zhe/code/gy_ws/build/learning_service:/home/zhe/code/gy_ws/install/learning_service/lib/python3.8/site-packages:/home/zhe/code/gy_ws/build/learning_qos:/home/zhe/code/gy_ws/install/learning_qos/lib/python3.8/site-packages:/home/zhe/code/gy_ws/build/learning_pkg_python:/home/zhe/code/gy_ws/install/learning_pkg_python/lib/python3.8/site-packages:/home/zhe/code/gy_ws/build/learning_parameter:/home/zhe/code/gy_ws/install/learning_parameter/lib/python3.8/site-packages:/home/zhe/code/gy_ws/build/learning_node:/home/zhe/code/gy_ws/install/learning_node/lib/python3.8/site-packages:/home/zhe/code/gy_ws/build/learning_launch:/home/zhe/code/gy_ws/install/learning_launch/lib/python3.8/site-packages:/home/zhe/code/gy_ws/build/learning_action:/home/zhe/code/gy_ws/install/learning_action/lib/python3.8/site-packages:/home/zhe/code/gy_ws/install/learning_interface/lib/python3.8/site-packages:/home/zhe/code/gy_ws/build/learning_gazebo:/home/zhe/code/gy_ws/install/learning_gazebo/lib/python3.8/site-packages:/home/zhe/code/gy_ws/build/learning_cv:/home/zhe/code/gy_ws/install/learning_cv/lib/python3.8/site-packages:/opt/ros/galactic/lib/python3.8/site-packages /usr/bin/python3 setup.py develop --editable --build-directory /home/zhe/code/soccer_b_ws/build/motion_capture/build --no-deps install_data
[5.565s] INFO:colcon.colcon_core.shell:Creating environment hook '/home/zhe/code/soccer_b_ws/build/motion_capture/share/motion_capture/hook/pythonpath_develop.ps1'
[5.566s] INFO:colcon.colcon_core.shell:Creating environment descriptor '/home/zhe/code/soccer_b_ws/build/motion_capture/share/motion_capture/hook/pythonpath_develop.dsv'
[5.566s] INFO:colcon.colcon_core.shell:Creating environment hook '/home/zhe/code/soccer_b_ws/build/motion_capture/share/motion_capture/hook/pythonpath_develop.sh'
[5.588s] Level 1:colcon.colcon_core.environment:checking '/home/zhe/code/soccer_b_ws/install/motion_capture' for CMake module files
[5.589s] Level 1:colcon.colcon_core.environment:checking '/home/zhe/code/soccer_b_ws/install/motion_capture' for CMake config files
[5.589s] Level 1:colcon.colcon_core.environment:checking '/home/zhe/code/soccer_b_ws/install/motion_capture/lib'
[5.589s] Level 1:colcon.colcon_core.environment:checking '/home/zhe/code/soccer_b_ws/install/motion_capture/bin'
[5.589s] Level 1:colcon.colcon_core.environment:checking '/home/zhe/code/soccer_b_ws/install/motion_capture/lib/pkgconfig/motion_capture.pc'
[5.589s] Level 1:colcon.colcon_core.environment:checking '/home/zhe/code/soccer_b_ws/install/motion_capture/lib/python3.8/site-packages'
[5.589s] Level 1:colcon.colcon_core.shell:create_environment_hook('motion_capture', 'pythonpath')
[5.611s] INFO:colcon.colcon_core.shell:Creating environment hook '/home/zhe/code/soccer_b_ws/install/motion_capture/share/motion_capture/hook/pythonpath.ps1'
[5.612s] INFO:colcon.colcon_core.shell:Creating environment descriptor '/home/zhe/code/soccer_b_ws/install/motion_capture/share/motion_capture/hook/pythonpath.dsv'
[5.612s] INFO:colcon.colcon_core.shell:Creating environment hook '/home/zhe/code/soccer_b_ws/install/motion_capture/share/motion_capture/hook/pythonpath.sh'
[5.612s] Level 1:colcon.colcon_core.environment:checking '/home/zhe/code/soccer_b_ws/install/motion_capture/bin'
[5.612s] Level 1:colcon.colcon_core.environment:create_environment_scripts_only(motion_capture)
[5.635s] INFO:colcon.colcon_core.shell:Creating package script '/home/zhe/code/soccer_b_ws/install/motion_capture/share/motion_capture/package.ps1'
[5.635s] INFO:colcon.colcon_core.shell:Creating package descriptor '/home/zhe/code/soccer_b_ws/install/motion_capture/share/motion_capture/package.dsv'
[5.635s] INFO:colcon.colcon_core.shell:Creating package script '/home/zhe/code/soccer_b_ws/install/motion_capture/share/motion_capture/package.sh'
[5.636s] INFO:colcon.colcon_core.shell:Creating package script '/home/zhe/code/soccer_b_ws/install/motion_capture/share/motion_capture/package.bash'
[5.636s] INFO:colcon.colcon_core.shell:Creating package script '/home/zhe/code/soccer_b_ws/install/motion_capture/share/motion_capture/package.zsh'
[5.636s] Level 1:colcon.colcon_core.environment:create_file_with_runtime_dependencies(/home/zhe/code/soccer_b_ws/install/motion_capture/share/colcon-core/packages/motion_capture)
[5.636s] DEBUG:colcon.colcon_parallel_executor.executor.parallel:closing loop
[5.636s] DEBUG:colcon.colcon_parallel_executor.executor.parallel:loop closed
[5.636s] DEBUG:colcon.colcon_parallel_executor.executor.parallel:run_until_complete finished with '0'
[5.636s] DEBUG:colcon.colcon_core.event_reactor:joining thread
[5.663s] INFO:colcon.colcon_core.plugin_system:Skipping extension 'colcon_notification.desktop_notification.terminal_notifier': Not used on non-Darwin systems
[5.663s] INFO:colcon.colcon_core.plugin_system:Skipping extension 'colcon_notification.desktop_notification.win32': Not used on non-Windows systems
[5.663s] INFO:colcon.colcon_notification.desktop_notification:Sending desktop notification using 'notify2'
[5.671s] DEBUG:colcon.colcon_core.event_reactor:joined thread
[5.702s] INFO:colcon.colcon_core.shell:Creating prefix script '/home/zhe/code/soccer_b_ws/install/local_setup.ps1'
[5.702s] INFO:colcon.colcon_core.shell:Creating prefix util module '/home/zhe/code/soccer_b_ws/install/_local_setup_util_ps1.py'
[5.703s] INFO:colcon.colcon_core.shell:Creating prefix chain script '/home/zhe/code/soccer_b_ws/install/setup.ps1'
[5.726s] INFO:colcon.colcon_core.shell:Creating prefix script '/home/zhe/code/soccer_b_ws/install/local_setup.sh'
[5.727s] INFO:colcon.colcon_core.shell:Creating prefix util module '/home/zhe/code/soccer_b_ws/install/_local_setup_util_sh.py'
[5.727s] INFO:colcon.colcon_core.shell:Creating prefix chain script '/home/zhe/code/soccer_b_ws/install/setup.sh'
[5.750s] INFO:colcon.colcon_core.shell:Creating prefix script '/home/zhe/code/soccer_b_ws/install/local_setup.bash'
[5.750s] INFO:colcon.colcon_core.shell:Creating prefix chain script '/home/zhe/code/soccer_b_ws/install/setup.bash'
[5.774s] INFO:colcon.colcon_core.shell:Creating prefix script '/home/zhe/code/soccer_b_ws/install/local_setup.zsh'
[5.775s] INFO:colcon.colcon_core.shell:Creating prefix chain script '/home/zhe/code/soccer_b_ws/install/setup.zsh'
